{"D:\\TanKhanh\\Lecture\\2025-2026\\Second Semester\\Software Engineering\\IUROADMAP\\services\\admin-service\\src\\common\\decorators\\public.decorator.ts": {"path":"D:\\TanKhanh\\Lecture\\2025-2026\\Second Semester\\Software Engineering\\IUROADMAP\\services\\admin-service\\src\\common\\decorators\\public.decorator.ts","statementMap":{"0":{"start":{"line":1,"column":0},"end":{"line":1,"column":45}},"1":{"start":{"line":9,"column":13},"end":{"line":9,"column":40}},"2":{"start":{"line":10,"column":22},"end":{"line":10,"column":60}},"3":{"start":{"line":10,"column":28},"end":{"line":10,"column":60}},"4":{"start":{"line":10,"column":13},"end":{"line":10,"column":22}},"5":{"start":{"line":11,"column":21},"end":{"line":11,"column":72}},"6":{"start":{"line":11,"column":45},"end":{"line":11,"column":72}},"7":{"start":{"line":11,"column":13},"end":{"line":11,"column":21}}},"fnMap":{"0":{"name":"(anonymous_0)","decl":{"start":{"line":10,"column":22},"end":{"line":10,"column":25}},"loc":{"start":{"line":10,"column":28},"end":{"line":10,"column":60}}},"1":{"name":"(anonymous_1)","decl":{"start":{"line":11,"column":21},"end":{"line":11,"column":22}},"loc":{"start":{"line":11,"column":45},"end":{"line":11,"column":72}}}},"branchMap":{},"s":{"0":1,"1":1,"2":1,"3":2,"4":1,"5":1,"6":0,"7":1},"f":{"0":2,"1":0},"b":{}}
,"D:\\TanKhanh\\Lecture\\2025-2026\\Second Semester\\Software Engineering\\IUROADMAP\\services\\admin-service\\src\\common\\guards\\auth.guard.ts": {"path":"D:\\TanKhanh\\Lecture\\2025-2026\\Second Semester\\Software Engineering\\IUROADMAP\\services\\admin-service\\src\\common\\guards\\auth.guard.ts","statementMap":{"0":{"start":{"line":1,"column":0},"end":{"line":1,"column":null}},"1":{"start":{"line":7,"column":0},"end":{"line":7,"column":41}},"2":{"start":{"line":8,"column":0},"end":{"line":8,"column":36}},"3":{"start":{"line":10,"column":0},"end":{"line":10,"column":63}},"4":{"start":{"line":13,"column":7},"end":{"line":56,"column":null}},"5":{"start":{"line":14,"column":22},"end":{"line":14,"column":33}},"6":{"start":{"line":19,"column":21},"end":{"line":22,"column":6}},"7":{"start":{"line":24,"column":4},"end":{"line":27,"column":null}},"8":{"start":{"line":25,"column":6},"end":{"line":25,"column":67}},"9":{"start":{"line":26,"column":6},"end":{"line":26,"column":18}},"10":{"start":{"line":30,"column":20},"end":{"line":30,"column":64}},"11":{"start":{"line":31,"column":18},"end":{"line":31,"column":54}},"12":{"start":{"line":33,"column":4},"end":{"line":35,"column":null}},"13":{"start":{"line":34,"column":6},"end":{"line":34,"column":70}},"14":{"start":{"line":37,"column":4},"end":{"line":47,"column":null}},"15":{"start":{"line":38,"column":21},"end":{"line":38,"column":43}},"16":{"start":{"line":39,"column":6},"end":{"line":39,"column":64}},"17":{"start":{"line":39,"column":19},"end":{"line":39,"column":64}},"18":{"start":{"line":41,"column":22},"end":{"line":41,"column":47}},"19":{"start":{"line":44,"column":6},"end":{"line":44,"column":32}},"20":{"start":{"line":46,"column":6},"end":{"line":46,"column":66}},"21":{"start":{"line":49,"column":4},"end":{"line":49,"column":16}},"22":{"start":{"line":53,"column":26},"end":{"line":53,"column":73}},"23":{"start":{"line":54,"column":4},"end":{"line":54,"column":49}},"24":{"start":{"line":13,"column":13},"end":{"line":56,"column":null}},"25":{"start":{"line":13,"column":13},"end":{"line":13,"column":22}}},"fnMap":{"0":{"name":"(anonymous_2)","decl":{"start":{"line":14,"column":2},"end":{"line":14,"column":22}},"loc":{"start":{"line":14,"column":42},"end":{"line":14,"column":46}}},"1":{"name":"(anonymous_3)","decl":{"start":{"line":16,"column":2},"end":{"line":16,"column":7}},"loc":{"start":{"line":16,"column":45},"end":{"line":50,"column":3}}},"2":{"name":"(anonymous_4)","decl":{"start":{"line":52,"column":10},"end":{"line":52,"column":32}},"loc":{"start":{"line":52,"column":49},"end":{"line":55,"column":3}}}},"branchMap":{"0":{"loc":{"start":{"line":24,"column":4},"end":{"line":27,"column":null}},"type":"if","locations":[{"start":{"line":24,"column":4},"end":{"line":27,"column":null}}]},"1":{"loc":{"start":{"line":33,"column":4},"end":{"line":35,"column":null}},"type":"if","locations":[{"start":{"line":33,"column":4},"end":{"line":35,"column":null}}]},"2":{"loc":{"start":{"line":39,"column":6},"end":{"line":39,"column":64}},"type":"if","locations":[{"start":{"line":39,"column":6},"end":{"line":39,"column":64}}]},"3":{"loc":{"start":{"line":53,"column":26},"end":{"line":53,"column":73}},"type":"binary-expr","locations":[{"start":{"line":53,"column":26},"end":{"line":53,"column":67}},{"start":{"line":53,"column":71},"end":{"line":53,"column":73}}]},"4":{"loc":{"start":{"line":54,"column":11},"end":{"line":54,"column":48}},"type":"cond-expr","locations":[{"start":{"line":54,"column":31},"end":{"line":54,"column":36}},{"start":{"line":54,"column":39},"end":{"line":54,"column":48}}]}},"s":{"0":1,"1":1,"2":1,"3":1,"4":1,"5":0,"6":0,"7":0,"8":0,"9":0,"10":0,"11":0,"12":0,"13":0,"14":0,"15":0,"16":0,"17":0,"18":0,"19":0,"20":0,"21":0,"22":0,"23":0,"24":1,"25":1},"f":{"0":0,"1":0,"2":0},"b":{"0":[0],"1":[0],"2":[0],"3":[0,0],"4":[0,0]}}
,"D:\\TanKhanh\\Lecture\\2025-2026\\Second Semester\\Software Engineering\\IUROADMAP\\services\\admin-service\\src\\common\\guards\\roles.guard.ts": {"path":"D:\\TanKhanh\\Lecture\\2025-2026\\Second Semester\\Software Engineering\\IUROADMAP\\services\\admin-service\\src\\common\\guards\\roles.guard.ts","statementMap":{"0":{"start":{"line":1,"column":0},"end":{"line":1,"column":75}},"1":{"start":{"line":2,"column":0},"end":{"line":2,"column":41}},"2":{"start":{"line":3,"column":0},"end":{"line":3,"column":63}},"3":{"start":{"line":6,"column":7},"end":{"line":48,"column":null}},"4":{"start":{"line":7,"column":22},"end":{"line":7,"column":33}},"5":{"start":{"line":13,"column":21},"end":{"line":16,"column":6}},"6":{"start":{"line":18,"column":4},"end":{"line":21,"column":null}},"7":{"start":{"line":19,"column":6},"end":{"line":19,"column":67}},"8":{"start":{"line":20,"column":6},"end":{"line":20,"column":18}},"9":{"start":{"line":24,"column":26},"end":{"line":24,"column":85}},"10":{"start":{"line":27,"column":4},"end":{"line":29,"column":null}},"11":{"start":{"line":28,"column":6},"end":{"line":28,"column":18}},"12":{"start":{"line":32,"column":16},"end":{"line":32,"column":51}},"13":{"start":{"line":33,"column":17},"end":{"line":33,"column":25}},"14":{"start":{"line":36,"column":4},"end":{"line":39,"column":null}},"15":{"start":{"line":37,"column":6},"end":{"line":37,"column":68}},"16":{"start":{"line":38,"column":6},"end":{"line":38,"column":19}},"17":{"start":{"line":42,"column":4},"end":{"line":44,"column":null}},"18":{"start":{"line":43,"column":6},"end":{"line":43,"column":62}},"19":{"start":{"line":43,"column":35},"end":{"line":43,"column":60}},"20":{"start":{"line":46,"column":4},"end":{"line":46,"column":45}},"21":{"start":{"line":6,"column":13},"end":{"line":48,"column":null}},"22":{"start":{"line":6,"column":13},"end":{"line":6,"column":23}}},"fnMap":{"0":{"name":"(anonymous_2)","decl":{"start":{"line":7,"column":2},"end":{"line":7,"column":22}},"loc":{"start":{"line":7,"column":42},"end":{"line":7,"column":46}}},"1":{"name":"(anonymous_3)","decl":{"start":{"line":9,"column":2},"end":{"line":9,"column":13}},"loc":{"start":{"line":9,"column":39},"end":{"line":47,"column":3}}},"2":{"name":"(anonymous_4)","decl":{"start":{"line":43,"column":28},"end":{"line":43,"column":29}},"loc":{"start":{"line":43,"column":35},"end":{"line":43,"column":60}}}},"branchMap":{"0":{"loc":{"start":{"line":18,"column":4},"end":{"line":21,"column":null}},"type":"if","locations":[{"start":{"line":18,"column":4},"end":{"line":21,"column":null}}]},"1":{"loc":{"start":{"line":27,"column":4},"end":{"line":29,"column":null}},"type":"if","locations":[{"start":{"line":27,"column":4},"end":{"line":29,"column":null}}]},"2":{"loc":{"start":{"line":27,"column":8},"end":{"line":27,"column":52}},"type":"binary-expr","locations":[{"start":{"line":27,"column":8},"end":{"line":27,"column":22}},{"start":{"line":27,"column":26},"end":{"line":27,"column":52}}]},"3":{"loc":{"start":{"line":36,"column":4},"end":{"line":39,"column":null}},"type":"if","locations":[{"start":{"line":36,"column":4},"end":{"line":39,"column":null}}]},"4":{"loc":{"start":{"line":36,"column":8},"end":{"line":36,"column":27}},"type":"binary-expr","locations":[{"start":{"line":36,"column":8},"end":{"line":36,"column":13}},{"start":{"line":36,"column":17},"end":{"line":36,"column":27}}]},"5":{"loc":{"start":{"line":42,"column":4},"end":{"line":44,"column":null}},"type":"if","locations":[{"start":{"line":42,"column":4},"end":{"line":44,"column":null}}]}},"s":{"0":1,"1":1,"2":1,"3":1,"4":0,"5":0,"6":0,"7":0,"8":0,"9":0,"10":0,"11":0,"12":0,"13":0,"14":0,"15":0,"16":0,"17":0,"18":0,"19":0,"20":0,"21":1,"22":1},"f":{"0":0,"1":0,"2":0},"b":{"0":[0],"1":[0],"2":[0,0],"3":[0],"4":[0,0],"5":[0]}}
,"D:\\TanKhanh\\Lecture\\2025-2026\\Second Semester\\Software Engineering\\IUROADMAP\\services\\admin-service\\src\\modules\\course\\course.controller.ts": {"path":"D:\\TanKhanh\\Lecture\\2025-2026\\Second Semester\\Software Engineering\\IUROADMAP\\services\\admin-service\\src\\modules\\course\\course.controller.ts","statementMap":{"0":{"start":{"line":1,"column":0},"end":{"line":1,"column":130}},"1":{"start":{"line":2,"column":0},"end":{"line":2,"column":49}},"2":{"start":{"line":3,"column":0},"end":{"line":3,"column":58}},"3":{"start":{"line":4,"column":0},"end":{"line":4,"column":58}},"4":{"start":{"line":8,"column":7},"end":{"line":38,"column":null}},"5":{"start":{"line":9,"column":31},"end":{"line":9,"column":46}},"6":{"start":{"line":14,"column":4},"end":{"line":14,"column":54}},"7":{"start":{"line":19,"column":4},"end":{"line":19,"column":40}},"8":{"start":{"line":24,"column":4},"end":{"line":24,"column":44}},"9":{"start":{"line":29,"column":4},"end":{"line":29,"column":58}},"10":{"start":{"line":34,"column":4},"end":{"line":34,"column":41}},"11":{"start":{"line":11,"column":2},"end":{"line":15,"column":null}},"12":{"start":{"line":17,"column":2},"end":{"line":20,"column":null}},"13":{"start":{"line":22,"column":2},"end":{"line":25,"column":null}},"14":{"start":{"line":27,"column":2},"end":{"line":30,"column":null}},"15":{"start":{"line":32,"column":2},"end":{"line":35,"column":null}},"16":{"start":{"line":8,"column":13},"end":{"line":38,"column":null}},"17":{"start":{"line":8,"column":13},"end":{"line":8,"column":29}}},"fnMap":{"0":{"name":"(anonymous_4)","decl":{"start":{"line":9,"column":2},"end":{"line":9,"column":31}},"loc":{"start":{"line":9,"column":59},"end":{"line":9,"column":63}}},"1":{"name":"(anonymous_5)","decl":{"start":{"line":13,"column":2},"end":{"line":13,"column":8}},"loc":{"start":{"line":13,"column":49},"end":{"line":15,"column":3}}},"2":{"name":"(anonymous_6)","decl":{"start":{"line":18,"column":2},"end":{"line":18,"column":9}},"loc":{"start":{"line":18,"column":9},"end":{"line":20,"column":3}}},"3":{"name":"(anonymous_7)","decl":{"start":{"line":23,"column":2},"end":{"line":23,"column":9}},"loc":{"start":{"line":23,"column":37},"end":{"line":25,"column":3}}},"4":{"name":"(anonymous_8)","decl":{"start":{"line":28,"column":2},"end":{"line":28,"column":8}},"loc":{"start":{"line":28,"column":88},"end":{"line":30,"column":3}}},"5":{"name":"(anonymous_9)","decl":{"start":{"line":33,"column":2},"end":{"line":33,"column":8}},"loc":{"start":{"line":33,"column":46},"end":{"line":35,"column":3}}}},"branchMap":{},"s":{"0":1,"1":1,"2":1,"3":1,"4":1,"5":49,"6":18,"7":6,"8":7,"9":11,"10":5,"11":1,"12":1,"13":1,"14":1,"15":1,"16":1,"17":1},"f":{"0":49,"1":18,"2":6,"3":7,"4":11,"5":5},"b":{}}
,"D:\\TanKhanh\\Lecture\\2025-2026\\Second Semester\\Software Engineering\\IUROADMAP\\services\\admin-service\\src\\modules\\course\\course.repository.ts": {"path":"D:\\TanKhanh\\Lecture\\2025-2026\\Second Semester\\Software Engineering\\IUROADMAP\\services\\admin-service\\src\\modules\\course\\course.repository.ts","statementMap":{"0":{"start":{"line":1,"column":0},"end":{"line":1,"column":44}},"1":{"start":{"line":2,"column":0},"end":{"line":2,"column":60}},"2":{"start":{"line":3,"column":0},"end":{"line":3,"column":60}},"3":{"start":{"line":6,"column":7},"end":{"line":76,"column":null}},"4":{"start":{"line":7,"column":31},"end":{"line":7,"column":39}},"5":{"start":{"line":10,"column":4},"end":{"line":12,"column":7}},"6":{"start":{"line":16,"column":4},"end":{"line":19,"column":7}},"7":{"start":{"line":23,"column":4},"end":{"line":29,"column":7}},"8":{"start":{"line":33,"column":4},"end":{"line":36,"column":7}},"9":{"start":{"line":40,"column":4},"end":{"line":43,"column":7}},"10":{"start":{"line":47,"column":4},"end":{"line":49,"column":7}},"11":{"start":{"line":54,"column":4},"end":{"line":63,"column":null}},"12":{"start":{"line":55,"column":6},"end":{"line":62,"column":9}},"13":{"start":{"line":64,"column":4},"end":{"line":73,"column":null}},"14":{"start":{"line":65,"column":6},"end":{"line":72,"column":9}},"15":{"start":{"line":74,"column":4},"end":{"line":74,"column":14}},"16":{"start":{"line":6,"column":13},"end":{"line":76,"column":null}},"17":{"start":{"line":6,"column":13},"end":{"line":6,"column":29}}},"fnMap":{"0":{"name":"(anonymous_2)","decl":{"start":{"line":7,"column":2},"end":{"line":7,"column":31}},"loc":{"start":{"line":7,"column":52},"end":{"line":7,"column":56}}},"1":{"name":"(anonymous_3)","decl":{"start":{"line":9,"column":2},"end":{"line":9,"column":7}},"loc":{"start":{"line":9,"column":45},"end":{"line":13,"column":3}}},"2":{"name":"(anonymous_4)","decl":{"start":{"line":15,"column":2},"end":{"line":15,"column":7}},"loc":{"start":{"line":15,"column":15},"end":{"line":20,"column":3}}},"3":{"name":"(anonymous_5)","decl":{"start":{"line":22,"column":2},"end":{"line":22,"column":7}},"loc":{"start":{"line":22,"column":34},"end":{"line":30,"column":3}}},"4":{"name":"(anonymous_6)","decl":{"start":{"line":32,"column":2},"end":{"line":32,"column":7}},"loc":{"start":{"line":32,"column":30},"end":{"line":37,"column":3}}},"5":{"name":"(anonymous_7)","decl":{"start":{"line":39,"column":2},"end":{"line":39,"column":7}},"loc":{"start":{"line":39,"column":57},"end":{"line":44,"column":3}}},"6":{"name":"(anonymous_8)","decl":{"start":{"line":46,"column":2},"end":{"line":46,"column":7}},"loc":{"start":{"line":46,"column":25},"end":{"line":50,"column":3}}},"7":{"name":"(anonymous_9)","decl":{"start":{"line":53,"column":2},"end":{"line":53,"column":7}},"loc":{"start":{"line":53,"column":75},"end":{"line":75,"column":3}}}},"branchMap":{"0":{"loc":{"start":{"line":54,"column":4},"end":{"line":63,"column":null}},"type":"if","locations":[{"start":{"line":54,"column":4},"end":{"line":63,"column":null}}]},"1":{"loc":{"start":{"line":64,"column":4},"end":{"line":73,"column":null}},"type":"if","locations":[{"start":{"line":64,"column":4},"end":{"line":73,"column":null}}]}},"s":{"0":1,"1":1,"2":1,"3":1,"4":0,"5":0,"6":0,"7":0,"8":0,"9":0,"10":0,"11":0,"12":0,"13":0,"14":0,"15":0,"16":1,"17":1},"f":{"0":0,"1":0,"2":0,"3":0,"4":0,"5":0,"6":0,"7":0},"b":{"0":[0],"1":[0]}}
,"D:\\TanKhanh\\Lecture\\2025-2026\\Second Semester\\Software Engineering\\IUROADMAP\\services\\admin-service\\src\\modules\\course\\course.service.ts": {"path":"D:\\TanKhanh\\Lecture\\2025-2026\\Second Semester\\Software Engineering\\IUROADMAP\\services\\admin-service\\src\\modules\\course\\course.service.ts","statementMap":{"0":{"start":{"line":1,"column":0},"end":{"line":1,"column":103}},"1":{"start":{"line":2,"column":0},"end":{"line":2,"column":55}},"2":{"start":{"line":5,"column":0},"end":{"line":5,"column":69}},"3":{"start":{"line":8,"column":7},"end":{"line":171,"column":null}},"4":{"start":{"line":10,"column":21},"end":{"line":10,"column":33}},"5":{"start":{"line":11,"column":21},"end":{"line":11,"column":40}},"6":{"start":{"line":15,"column":4},"end":{"line":20,"column":21}},"7":{"start":{"line":30,"column":17},"end":{"line":30,"column":78}},"8":{"start":{"line":33,"column":21},"end":{"line":33,"column":62}},"9":{"start":{"line":34,"column":4},"end":{"line":36,"column":null}},"10":{"start":{"line":35,"column":6},"end":{"line":35,"column":79}},"11":{"start":{"line":39,"column":4},"end":{"line":47,"column":null}},"12":{"start":{"line":40,"column":6},"end":{"line":46,"column":null}},"13":{"start":{"line":42,"column":8},"end":{"line":42,"column":67}},"14":{"start":{"line":45,"column":8},"end":{"line":45,"column":95}},"15":{"start":{"line":50,"column":25},"end":{"line":50,"column":34}},"16":{"start":{"line":51,"column":4},"end":{"line":73,"column":null}},"17":{"start":{"line":53,"column":6},"end":{"line":63,"column":null}},"18":{"start":{"line":54,"column":8},"end":{"line":58,"column":null}},"19":{"start":{"line":55,"column":10},"end":{"line":55,"column":48}},"20":{"start":{"line":57,"column":10},"end":{"line":57,"column":76}},"21":{"start":{"line":59,"column":13},"end":{"line":63,"column":null}},"22":{"start":{"line":60,"column":8},"end":{"line":60,"column":34}},"23":{"start":{"line":62,"column":8},"end":{"line":62,"column":86}},"24":{"start":{"line":66,"column":6},"end":{"line":68,"column":null}},"25":{"start":{"line":67,"column":8},"end":{"line":67,"column":88}},"26":{"start":{"line":69,"column":6},"end":{"line":71,"column":null}},"27":{"start":{"line":70,"column":8},"end":{"line":70,"column":88}},"28":{"start":{"line":76,"column":29},"end":{"line":84,"column":6}},"29":{"start":{"line":86,"column":4},"end":{"line":86,"column":47}},"30":{"start":{"line":90,"column":4},"end":{"line":90,"column":37}},"31":{"start":{"line":94,"column":19},"end":{"line":94,"column":60}},"32":{"start":{"line":95,"column":4},"end":{"line":97,"column":null}},"33":{"start":{"line":96,"column":6},"end":{"line":96,"column":74}},"34":{"start":{"line":98,"column":4},"end":{"line":98,"column":18}},"35":{"start":{"line":102,"column":21},"end":{"line":102,"column":58}},"36":{"start":{"line":103,"column":4},"end":{"line":105,"column":null}},"37":{"start":{"line":104,"column":6},"end":{"line":104,"column":68}},"38":{"start":{"line":108,"column":4},"end":{"line":114,"column":null}},"39":{"start":{"line":109,"column":7},"end":{"line":113,"column":null}},"40":{"start":{"line":110,"column":9},"end":{"line":110,"column":68}},"41":{"start":{"line":112,"column":9},"end":{"line":112,"column":96}},"42":{"start":{"line":117,"column":25},"end":{"line":117,"column":34}},"43":{"start":{"line":118,"column":4},"end":{"line":137,"column":null}},"44":{"start":{"line":119,"column":6},"end":{"line":129,"column":null}},"45":{"start":{"line":120,"column":8},"end":{"line":124,"column":null}},"46":{"start":{"line":121,"column":10},"end":{"line":121,"column":48}},"47":{"start":{"line":123,"column":10},"end":{"line":123,"column":76}},"48":{"start":{"line":125,"column":13},"end":{"line":129,"column":null}},"49":{"start":{"line":126,"column":8},"end":{"line":126,"column":34}},"50":{"start":{"line":128,"column":8},"end":{"line":128,"column":86}},"51":{"start":{"line":131,"column":6},"end":{"line":133,"column":null}},"52":{"start":{"line":132,"column":8},"end":{"line":132,"column":88}},"53":{"start":{"line":134,"column":6},"end":{"line":136,"column":null}},"54":{"start":{"line":135,"column":8},"end":{"line":135,"column":88}},"55":{"start":{"line":139,"column":29},"end":{"line":143,"column":6}},"56":{"start":{"line":146,"column":4},"end":{"line":146,"column":26}},"57":{"start":{"line":148,"column":4},"end":{"line":148,"column":51}},"58":{"start":{"line":152,"column":21},"end":{"line":152,"column":58}},"59":{"start":{"line":153,"column":4},"end":{"line":155,"column":null}},"60":{"start":{"line":154,"column":6},"end":{"line":154,"column":68}},"61":{"start":{"line":156,"column":4},"end":{"line":156,"column":38}},"62":{"start":{"line":164,"column":23},"end":{"line":164,"column":75}},"63":{"start":{"line":165,"column":4},"end":{"line":167,"column":null}},"64":{"start":{"line":166,"column":6},"end":{"line":166,"column":88}},"65":{"start":{"line":169,"column":4},"end":{"line":169,"column":81}},"66":{"start":{"line":8,"column":13},"end":{"line":171,"column":null}},"67":{"start":{"line":8,"column":13},"end":{"line":8,"column":26}}},"fnMap":{"0":{"name":"(anonymous_2)","decl":{"start":{"line":9,"column":2},"end":{"line":9,"column":null}},"loc":{"start":{"line":11,"column":57},"end":{"line":12,"column":6}}},"1":{"name":"(anonymous_3)","decl":{"start":{"line":14,"column":10},"end":{"line":14,"column":18}},"loc":{"start":{"line":14,"column":32},"end":{"line":21,"column":3}}},"2":{"name":"(anonymous_4)","decl":{"start":{"line":28,"column":2},"end":{"line":28,"column":7}},"loc":{"start":{"line":28,"column":35},"end":{"line":87,"column":3}}},"3":{"name":"(anonymous_5)","decl":{"start":{"line":89,"column":2},"end":{"line":89,"column":7}},"loc":{"start":{"line":89,"column":15},"end":{"line":91,"column":3}}},"4":{"name":"(anonymous_6)","decl":{"start":{"line":93,"column":2},"end":{"line":93,"column":7}},"loc":{"start":{"line":93,"column":28},"end":{"line":99,"column":3}}},"5":{"name":"(anonymous_7)","decl":{"start":{"line":101,"column":2},"end":{"line":101,"column":7}},"loc":{"start":{"line":101,"column":47},"end":{"line":149,"column":3}}},"6":{"name":"(anonymous_8)","decl":{"start":{"line":151,"column":2},"end":{"line":151,"column":7}},"loc":{"start":{"line":151,"column":25},"end":{"line":157,"column":3}}},"7":{"name":"(anonymous_9)","decl":{"start":{"line":162,"column":2},"end":{"line":162,"column":7}},"loc":{"start":{"line":162,"column":56},"end":{"line":170,"column":3}}}},"branchMap":{"0":{"loc":{"start":{"line":30,"column":17},"end":{"line":30,"column":78}},"type":"cond-expr","locations":[{"start":{"line":30,"column":28},"end":{"line":30,"column":51}},{"start":{"line":30,"column":54},"end":{"line":30,"column":78}}]},"1":{"loc":{"start":{"line":34,"column":4},"end":{"line":36,"column":null}},"type":"if","locations":[{"start":{"line":34,"column":4},"end":{"line":36,"column":null}}]},"2":{"loc":{"start":{"line":39,"column":4},"end":{"line":47,"column":null}},"type":"if","locations":[{"start":{"line":39,"column":4},"end":{"line":47,"column":null}}]},"3":{"loc":{"start":{"line":51,"column":4},"end":{"line":73,"column":null}},"type":"if","locations":[{"start":{"line":51,"column":4},"end":{"line":73,"column":null}}]},"4":{"loc":{"start":{"line":51,"column":8},"end":{"line":51,"column":61}},"type":"binary-expr","locations":[{"start":{"line":51,"column":8},"end":{"line":51,"column":35}},{"start":{"line":51,"column":39},"end":{"line":51,"column":61}}]},"5":{"loc":{"start":{"line":53,"column":6},"end":{"line":63,"column":null}},"type":"if","locations":[{"start":{"line":53,"column":6},"end":{"line":63,"column":null}},{"start":{"line":59,"column":13},"end":{"line":63,"column":null}}]},"6":{"loc":{"start":{"line":59,"column":13},"end":{"line":63,"column":null}},"type":"if","locations":[{"start":{"line":59,"column":13},"end":{"line":63,"column":null}},{"start":{"line":61,"column":13},"end":{"line":63,"column":null}}]},"7":{"loc":{"start":{"line":66,"column":6},"end":{"line":68,"column":null}},"type":"if","locations":[{"start":{"line":66,"column":6},"end":{"line":68,"column":null}}]},"8":{"loc":{"start":{"line":66,"column":10},"end":{"line":66,"column":74}},"type":"binary-expr","locations":[{"start":{"line":66,"column":10},"end":{"line":66,"column":39}},{"start":{"line":66,"column":43},"end":{"line":66,"column":74}}]},"9":{"loc":{"start":{"line":69,"column":6},"end":{"line":71,"column":null}},"type":"if","locations":[{"start":{"line":69,"column":6},"end":{"line":71,"column":null}}]},"10":{"loc":{"start":{"line":69,"column":10},"end":{"line":69,"column":74}},"type":"binary-expr","locations":[{"start":{"line":69,"column":10},"end":{"line":69,"column":39}},{"start":{"line":69,"column":43},"end":{"line":69,"column":74}}]},"11":{"loc":{"start":{"line":79,"column":19},"end":{"line":79,"column":47}},"type":"binary-expr","locations":[{"start":{"line":79,"column":19},"end":{"line":79,"column":34}},{"start":{"line":79,"column":38},"end":{"line":79,"column":47}}]},"12":{"loc":{"start":{"line":80,"column":12},"end":{"line":80,"column":29}},"type":"binary-expr","locations":[{"start":{"line":80,"column":12},"end":{"line":80,"column":20}},{"start":{"line":80,"column":24},"end":{"line":80,"column":29}}]},"13":{"loc":{"start":{"line":81,"column":17},"end":{"line":81,"column":39}},"type":"binary-expr","locations":[{"start":{"line":81,"column":17},"end":{"line":81,"column":26}},{"start":{"line":81,"column":30},"end":{"line":81,"column":39}}]},"14":{"loc":{"start":{"line":83,"column":18},"end":{"line":83,"column":86}},"type":"cond-expr","locations":[{"start":{"line":83,"column":37},"end":{"line":83,"column":74}},{"start":{"line":83,"column":77},"end":{"line":83,"column":86}}]},"15":{"loc":{"start":{"line":95,"column":4},"end":{"line":97,"column":null}},"type":"if","locations":[{"start":{"line":95,"column":4},"end":{"line":97,"column":null}}]},"16":{"loc":{"start":{"line":103,"column":4},"end":{"line":105,"column":null}},"type":"if","locations":[{"start":{"line":103,"column":4},"end":{"line":105,"column":null}}]},"17":{"loc":{"start":{"line":108,"column":4},"end":{"line":114,"column":null}},"type":"if","locations":[{"start":{"line":108,"column":4},"end":{"line":114,"column":null}}]},"18":{"loc":{"start":{"line":118,"column":4},"end":{"line":137,"column":null}},"type":"if","locations":[{"start":{"line":118,"column":4},"end":{"line":137,"column":null}}]},"19":{"loc":{"start":{"line":119,"column":6},"end":{"line":129,"column":null}},"type":"if","locations":[{"start":{"line":119,"column":6},"end":{"line":129,"column":null}},{"start":{"line":125,"column":13},"end":{"line":129,"column":null}}]},"20":{"loc":{"start":{"line":125,"column":13},"end":{"line":129,"column":null}},"type":"if","locations":[{"start":{"line":125,"column":13},"end":{"line":129,"column":null}},{"start":{"line":127,"column":13},"end":{"line":129,"column":null}}]},"21":{"loc":{"start":{"line":131,"column":6},"end":{"line":133,"column":null}},"type":"if","locations":[{"start":{"line":131,"column":6},"end":{"line":133,"column":null}}]},"22":{"loc":{"start":{"line":131,"column":10},"end":{"line":131,"column":74}},"type":"binary-expr","locations":[{"start":{"line":131,"column":10},"end":{"line":131,"column":39}},{"start":{"line":131,"column":43},"end":{"line":131,"column":74}}]},"23":{"loc":{"start":{"line":134,"column":6},"end":{"line":136,"column":null}},"type":"if","locations":[{"start":{"line":134,"column":6},"end":{"line":136,"column":null}}]},"24":{"loc":{"start":{"line":134,"column":10},"end":{"line":134,"column":74}},"type":"binary-expr","locations":[{"start":{"line":134,"column":10},"end":{"line":134,"column":39}},{"start":{"line":134,"column":43},"end":{"line":134,"column":74}}]},"25":{"loc":{"start":{"line":141,"column":17},"end":{"line":141,"column":68}},"type":"cond-expr","locations":[{"start":{"line":141,"column":47},"end":{"line":141,"column":56}},{"start":{"line":141,"column":59},"end":{"line":141,"column":68}}]},"26":{"loc":{"start":{"line":142,"column":18},"end":{"line":142,"column":86}},"type":"cond-expr","locations":[{"start":{"line":142,"column":37},"end":{"line":142,"column":74}},{"start":{"line":142,"column":77},"end":{"line":142,"column":86}}]},"27":{"loc":{"start":{"line":153,"column":4},"end":{"line":155,"column":null}},"type":"if","locations":[{"start":{"line":153,"column":4},"end":{"line":155,"column":null}}]},"28":{"loc":{"start":{"line":165,"column":4},"end":{"line":167,"column":null}},"type":"if","locations":[{"start":{"line":165,"column":4},"end":{"line":167,"column":null}}]}},"s":{"0":1,"1":1,"2":1,"3":1,"4":0,"5":0,"6":0,"7":0,"8":0,"9":0,"10":0,"11":0,"12":0,"13":0,"14":0,"15":0,"16":0,"17":0,"18":0,"19":0,"20":0,"21":0,"22":0,"23":0,"24":0,"25":0,"26":0,"27":0,"28":0,"29":0,"30":0,"31":0,"32":0,"33":0,"34":0,"35":0,"36":0,"37":0,"38":0,"39":0,"40":0,"41":0,"42":0,"43":0,"44":0,"45":0,"46":0,"47":0,"48":0,"49":0,"50":0,"51":0,"52":0,"53":0,"54":0,"55":0,"56":0,"57":0,"58":0,"59":0,"60":0,"61":0,"62":0,"63":0,"64":0,"65":0,"66":1,"67":1},"f":{"0":0,"1":0,"2":0,"3":0,"4":0,"5":0,"6":0,"7":0},"b":{"0":[0,0],"1":[0],"2":[0],"3":[0],"4":[0,0],"5":[0,0],"6":[0,0],"7":[0],"8":[0,0],"9":[0],"10":[0,0],"11":[0,0],"12":[0,0],"13":[0,0],"14":[0,0],"15":[0],"16":[0],"17":[0],"18":[0],"19":[0,0],"20":[0,0],"21":[0],"22":[0,0],"23":[0],"24":[0,0],"25":[0,0],"26":[0,0],"27":[0],"28":[0]}}
,"D:\\TanKhanh\\Lecture\\2025-2026\\Second Semester\\Software Engineering\\IUROADMAP\\services\\admin-service\\src\\modules\\course\\dto\\course-type.enum.ts": {"path":"D:\\TanKhanh\\Lecture\\2025-2026\\Second Semester\\Software Engineering\\IUROADMAP\\services\\admin-service\\src\\modules\\course\\dto\\course-type.enum.ts","statementMap":{"0":{"start":{"line":1,"column":0},"end":{"line":1,"column":null}},"1":{"start":{"line":2,"column":2},"end":{"line":2,"column":null}},"2":{"start":{"line":3,"column":2},"end":{"line":3,"column":null}}},"fnMap":{"0":{"name":"(anonymous_0)","decl":{"start":{"line":1,"column":0},"end":{"line":1,"column":12}},"loc":{"start":{"line":1,"column":22},"end":{"line":4,"column":1}}}},"branchMap":{"0":{"loc":{"start":{"line":1,"column":12},"end":{"line":1,"column":null}},"type":"binary-expr","locations":[{"start":{"line":1,"column":12},"end":{"line":1,"column":22}},{"start":{"line":1,"column":12},"end":{"line":1,"column":null}}]}},"s":{"0":1,"1":1,"2":1},"f":{"0":1},"b":{"0":[1,1]}}
,"D:\\TanKhanh\\Lecture\\2025-2026\\Second Semester\\Software Engineering\\IUROADMAP\\services\\admin-service\\src\\modules\\course\\dto\\create-course.dto.ts": {"path":"D:\\TanKhanh\\Lecture\\2025-2026\\Second Semester\\Software Engineering\\IUROADMAP\\services\\admin-service\\src\\modules\\course\\dto\\create-course.dto.ts","statementMap":{"0":{"start":{"line":1,"column":0},"end":{"line":1,"column":90}},"1":{"start":{"line":2,"column":0},"end":{"line":2,"column":44}},"2":{"start":{"line":5,"column":2},"end":{"line":7,"column":null}},"3":{"start":{"line":9,"column":2},"end":{"line":11,"column":null}},"4":{"start":{"line":13,"column":2},"end":{"line":15,"column":null}},"5":{"start":{"line":18,"column":2},"end":{"line":20,"column":null}},"6":{"start":{"line":22,"column":2},"end":{"line":24,"column":null}},"7":{"start":{"line":26,"column":2},"end":{"line":28,"column":null}},"8":{"start":{"line":4,"column":0},"end":{"line":4,"column":13}}},"fnMap":{},"branchMap":{},"s":{"0":1,"1":1,"2":1,"3":1,"4":1,"5":1,"6":1,"7":1,"8":1},"f":{},"b":{}}
,"D:\\TanKhanh\\Lecture\\2025-2026\\Second Semester\\Software Engineering\\IUROADMAP\\services\\admin-service\\src\\modules\\course\\dto\\update-course.dto.ts": {"path":"D:\\TanKhanh\\Lecture\\2025-2026\\Second Semester\\Software Engineering\\IUROADMAP\\services\\admin-service\\src\\modules\\course\\dto\\update-course.dto.ts","statementMap":{"0":{"start":{"line":1,"column":0},"end":{"line":1,"column":51}},"1":{"start":{"line":2,"column":0},"end":{"line":2,"column":54}},"2":{"start":{"line":4,"column":0},"end":{"line":4,"column":13}}},"fnMap":{},"branchMap":{},"s":{"0":1,"1":1,"2":1},"f":{},"b":{}}
,"D:\\TanKhanh\\Lecture\\2025-2026\\Second Semester\\Software Engineering\\IUROADMAP\\services\\admin-service\\src\\modules\\department\\department.controller.ts": {"path":"D:\\TanKhanh\\Lecture\\2025-2026\\Second Semester\\Software Engineering\\IUROADMAP\\services\\admin-service\\src\\modules\\department\\department.controller.ts","statementMap":{"0":{"start":{"line":1,"column":0},"end":{"line":1,"column":97}},"1":{"start":{"line":2,"column":0},"end":{"line":2,"column":57}},"2":{"start":{"line":3,"column":0},"end":{"line":3,"column":66}},"3":{"start":{"line":4,"column":0},"end":{"line":4,"column":66}},"4":{"start":{"line":7,"column":7},"end":{"line":34,"column":null}},"5":{"start":{"line":8,"column":31},"end":{"line":8,"column":50}},"6":{"start":{"line":12,"column":4},"end":{"line":12,"column":62}},"7":{"start":{"line":17,"column":4},"end":{"line":17,"column":44}},"8":{"start":{"line":22,"column":4},"end":{"line":22,"column":48}},"9":{"start":{"line":27,"column":4},"end":{"line":27,"column":66}},"10":{"start":{"line":32,"column":4},"end":{"line":32,"column":45}},"11":{"start":{"line":10,"column":2},"end":{"line":13,"column":null}},"12":{"start":{"line":15,"column":2},"end":{"line":18,"column":null}},"13":{"start":{"line":20,"column":2},"end":{"line":23,"column":null}},"14":{"start":{"line":25,"column":2},"end":{"line":28,"column":null}},"15":{"start":{"line":30,"column":2},"end":{"line":33,"column":null}},"16":{"start":{"line":7,"column":13},"end":{"line":34,"column":null}},"17":{"start":{"line":7,"column":13},"end":{"line":7,"column":33}}},"fnMap":{"0":{"name":"(anonymous_4)","decl":{"start":{"line":8,"column":2},"end":{"line":8,"column":31}},"loc":{"start":{"line":8,"column":67},"end":{"line":8,"column":71}}},"1":{"name":"(anonymous_5)","decl":{"start":{"line":11,"column":2},"end":{"line":11,"column":8}},"loc":{"start":{"line":11,"column":57},"end":{"line":13,"column":3}}},"2":{"name":"(anonymous_6)","decl":{"start":{"line":16,"column":2},"end":{"line":16,"column":9}},"loc":{"start":{"line":16,"column":9},"end":{"line":18,"column":3}}},"3":{"name":"(anonymous_7)","decl":{"start":{"line":21,"column":2},"end":{"line":21,"column":9}},"loc":{"start":{"line":21,"column":37},"end":{"line":23,"column":3}}},"4":{"name":"(anonymous_8)","decl":{"start":{"line":26,"column":2},"end":{"line":26,"column":8}},"loc":{"start":{"line":26,"column":96},"end":{"line":28,"column":3}}},"5":{"name":"(anonymous_9)","decl":{"start":{"line":31,"column":2},"end":{"line":31,"column":8}},"loc":{"start":{"line":31,"column":46},"end":{"line":33,"column":3}}}},"branchMap":{},"s":{"0":1,"1":1,"2":1,"3":1,"4":1,"5":18,"6":3,"7":3,"8":3,"9":3,"10":3,"11":1,"12":1,"13":1,"14":1,"15":1,"16":1,"17":1},"f":{"0":18,"1":3,"2":3,"3":3,"4":3,"5":3},"b":{}}
,"D:\\TanKhanh\\Lecture\\2025-2026\\Second Semester\\Software Engineering\\IUROADMAP\\services\\admin-service\\src\\modules\\department\\department.repository.ts": {"path":"D:\\TanKhanh\\Lecture\\2025-2026\\Second Semester\\Software Engineering\\IUROADMAP\\services\\admin-service\\src\\modules\\department\\department.repository.ts","statementMap":{"0":{"start":{"line":1,"column":0},"end":{"line":1,"column":44}},"1":{"start":{"line":2,"column":0},"end":{"line":2,"column":60}},"2":{"start":{"line":6,"column":7},"end":{"line":47,"column":null}},"3":{"start":{"line":7,"column":31},"end":{"line":7,"column":39}},"4":{"start":{"line":10,"column":4},"end":{"line":12,"column":7}},"5":{"start":{"line":16,"column":4},"end":{"line":19,"column":7}},"6":{"start":{"line":23,"column":4},"end":{"line":26,"column":7}},"7":{"start":{"line":30,"column":4},"end":{"line":32,"column":7}},"8":{"start":{"line":36,"column":4},"end":{"line":39,"column":7}},"9":{"start":{"line":43,"column":4},"end":{"line":45,"column":7}},"10":{"start":{"line":6,"column":13},"end":{"line":47,"column":null}},"11":{"start":{"line":6,"column":13},"end":{"line":6,"column":33}}},"fnMap":{"0":{"name":"(anonymous_2)","decl":{"start":{"line":7,"column":2},"end":{"line":7,"column":31}},"loc":{"start":{"line":7,"column":52},"end":{"line":7,"column":56}}},"1":{"name":"(anonymous_3)","decl":{"start":{"line":9,"column":2},"end":{"line":9,"column":7}},"loc":{"start":{"line":9,"column":49},"end":{"line":13,"column":3}}},"2":{"name":"(anonymous_4)","decl":{"start":{"line":15,"column":2},"end":{"line":15,"column":7}},"loc":{"start":{"line":15,"column":15},"end":{"line":20,"column":3}}},"3":{"name":"(anonymous_5)","decl":{"start":{"line":22,"column":2},"end":{"line":22,"column":7}},"loc":{"start":{"line":22,"column":34},"end":{"line":27,"column":3}}},"4":{"name":"(anonymous_6)","decl":{"start":{"line":29,"column":2},"end":{"line":29,"column":7}},"loc":{"start":{"line":29,"column":30},"end":{"line":33,"column":3}}},"5":{"name":"(anonymous_7)","decl":{"start":{"line":35,"column":2},"end":{"line":35,"column":7}},"loc":{"start":{"line":35,"column":61},"end":{"line":40,"column":3}}},"6":{"name":"(anonymous_8)","decl":{"start":{"line":42,"column":2},"end":{"line":42,"column":7}},"loc":{"start":{"line":42,"column":25},"end":{"line":46,"column":3}}}},"branchMap":{},"s":{"0":2,"1":2,"2":2,"3":0,"4":0,"5":0,"6":0,"7":0,"8":0,"9":0,"10":2,"11":2},"f":{"0":0,"1":0,"2":0,"3":0,"4":0,"5":0,"6":0},"b":{}}
,"D:\\TanKhanh\\Lecture\\2025-2026\\Second Semester\\Software Engineering\\IUROADMAP\\services\\admin-service\\src\\modules\\department\\department.service.ts": {"path":"D:\\TanKhanh\\Lecture\\2025-2026\\Second Semester\\Software Engineering\\IUROADMAP\\services\\admin-service\\src\\modules\\department\\department.service.ts","statementMap":{"0":{"start":{"line":1,"column":0},"end":{"line":1,"column":82}},"1":{"start":{"line":2,"column":0},"end":{"line":2,"column":63}},"2":{"start":{"line":7,"column":7},"end":{"line":52,"column":null}},"3":{"start":{"line":10,"column":31},"end":{"line":10,"column":43}},"4":{"start":{"line":14,"column":21},"end":{"line":14,"column":82}},"5":{"start":{"line":15,"column":4},"end":{"line":17,"column":null}},"6":{"start":{"line":16,"column":6},"end":{"line":16,"column":103}},"7":{"start":{"line":19,"column":4},"end":{"line":19,"column":55}},"8":{"start":{"line":23,"column":4},"end":{"line":23,"column":37}},"9":{"start":{"line":27,"column":23},"end":{"line":27,"column":64}},"10":{"start":{"line":28,"column":4},"end":{"line":30,"column":null}},"11":{"start":{"line":29,"column":6},"end":{"line":29,"column":78}},"12":{"start":{"line":31,"column":4},"end":{"line":31,"column":22}},"13":{"start":{"line":36,"column":21},"end":{"line":36,"column":58}},"14":{"start":{"line":37,"column":4},"end":{"line":39,"column":null}},"15":{"start":{"line":38,"column":6},"end":{"line":38,"column":72}},"16":{"start":{"line":40,"column":4},"end":{"line":40,"column":59}},"17":{"start":{"line":44,"column":4},"end":{"line":44,"column":38}},"18":{"start":{"line":48,"column":4},"end":{"line":48,"column":53}},"19":{"start":{"line":7,"column":13},"end":{"line":52,"column":null}},"20":{"start":{"line":7,"column":13},"end":{"line":7,"column":30}}},"fnMap":{"0":{"name":"(anonymous_2)","decl":{"start":{"line":10,"column":2},"end":{"line":10,"column":31}},"loc":{"start":{"line":10,"column":63},"end":{"line":10,"column":67}}},"1":{"name":"(anonymous_3)","decl":{"start":{"line":12,"column":2},"end":{"line":12,"column":7}},"loc":{"start":{"line":12,"column":55},"end":{"line":20,"column":3}}},"2":{"name":"(anonymous_4)","decl":{"start":{"line":22,"column":2},"end":{"line":22,"column":7}},"loc":{"start":{"line":22,"column":15},"end":{"line":24,"column":3}}},"3":{"name":"(anonymous_5)","decl":{"start":{"line":26,"column":2},"end":{"line":26,"column":7}},"loc":{"start":{"line":26,"column":28},"end":{"line":32,"column":3}}},"4":{"name":"(anonymous_6)","decl":{"start":{"line":34,"column":2},"end":{"line":34,"column":7}},"loc":{"start":{"line":34,"column":67},"end":{"line":41,"column":3}}},"5":{"name":"(anonymous_7)","decl":{"start":{"line":43,"column":2},"end":{"line":43,"column":7}},"loc":{"start":{"line":43,"column":25},"end":{"line":45,"column":3}}},"6":{"name":"(anonymous_8)","decl":{"start":{"line":47,"column":2},"end":{"line":47,"column":7}},"loc":{"start":{"line":47,"column":40},"end":{"line":49,"column":3}}}},"branchMap":{"0":{"loc":{"start":{"line":15,"column":4},"end":{"line":17,"column":null}},"type":"if","locations":[{"start":{"line":15,"column":4},"end":{"line":17,"column":null}}]},"1":{"loc":{"start":{"line":28,"column":4},"end":{"line":30,"column":null}},"type":"if","locations":[{"start":{"line":28,"column":4},"end":{"line":30,"column":null}}]},"2":{"loc":{"start":{"line":37,"column":4},"end":{"line":39,"column":null}},"type":"if","locations":[{"start":{"line":37,"column":4},"end":{"line":39,"column":null}}]}},"s":{"0":2,"1":2,"2":2,"3":0,"4":0,"5":0,"6":0,"7":0,"8":0,"9":0,"10":0,"11":0,"12":0,"13":0,"14":0,"15":0,"16":0,"17":0,"18":0,"19":2,"20":2},"f":{"0":0,"1":0,"2":0,"3":0,"4":0,"5":0,"6":0},"b":{"0":[0],"1":[0],"2":[0]}}
,"D:\\TanKhanh\\Lecture\\2025-2026\\Second Semester\\Software Engineering\\IUROADMAP\\services\\admin-service\\src\\modules\\department\\dto\\create-department.dto.ts": {"path":"D:\\TanKhanh\\Lecture\\2025-2026\\Second Semester\\Software Engineering\\IUROADMAP\\services\\admin-service\\src\\modules\\department\\dto\\create-department.dto.ts","statementMap":{"0":{"start":{"line":1,"column":0},"end":{"line":1,"column":67}},"1":{"start":{"line":4,"column":2},"end":{"line":6,"column":null}},"2":{"start":{"line":8,"column":2},"end":{"line":11,"column":null}},"3":{"start":{"line":13,"column":2},"end":{"line":15,"column":null}},"4":{"start":{"line":17,"column":2},"end":{"line":18,"column":null}},"5":{"start":{"line":3,"column":0},"end":{"line":3,"column":13}}},"fnMap":{},"branchMap":{},"s":{"0":1,"1":1,"2":1,"3":1,"4":1,"5":1},"f":{},"b":{}}
,"D:\\TanKhanh\\Lecture\\2025-2026\\Second Semester\\Software Engineering\\IUROADMAP\\services\\admin-service\\src\\modules\\department\\dto\\update-department.dto.ts": {"path":"D:\\TanKhanh\\Lecture\\2025-2026\\Second Semester\\Software Engineering\\IUROADMAP\\services\\admin-service\\src\\modules\\department\\dto\\update-department.dto.ts","statementMap":{"0":{"start":{"line":1,"column":0},"end":{"line":1,"column":51}},"1":{"start":{"line":2,"column":0},"end":{"line":2,"column":62}},"2":{"start":{"line":4,"column":0},"end":{"line":4,"column":13}}},"fnMap":{},"branchMap":{},"s":{"0":1,"1":1,"2":1},"f":{},"b":{}}
,"D:\\TanKhanh\\Lecture\\2025-2026\\Second Semester\\Software Engineering\\IUROADMAP\\services\\admin-service\\src\\modules\\roadmap\\roadmap.controller.ts": {"path":"D:\\TanKhanh\\Lecture\\2025-2026\\Second Semester\\Software Engineering\\IUROADMAP\\services\\admin-service\\src\\modules\\roadmap\\roadmap.controller.ts","statementMap":{"0":{"start":{"line":1,"column":0},"end":{"line":1,"column":null}},"1":{"start":{"line":15,"column":0},"end":{"line":15,"column":51}},"2":{"start":{"line":16,"column":0},"end":{"line":16,"column":60}},"3":{"start":{"line":17,"column":0},"end":{"line":17,"column":60}},"4":{"start":{"line":18,"column":0},"end":{"line":18,"column":59}},"5":{"start":{"line":19,"column":0},"end":{"line":19,"column":61}},"6":{"start":{"line":20,"column":0},"end":{"line":20,"column":74}},"7":{"start":{"line":24,"column":7},"end":{"line":63,"column":null}},"8":{"start":{"line":25,"column":31},"end":{"line":25,"column":48}},"9":{"start":{"line":30,"column":4},"end":{"line":30,"column":44}},"10":{"start":{"line":35,"column":4},"end":{"line":35,"column":42}},"11":{"start":{"line":42,"column":4},"end":{"line":42,"column":52}},"12":{"start":{"line":48,"column":20},"end":{"line":48,"column":70}},"13":{"start":{"line":49,"column":4},"end":{"line":49,"column":48}},"14":{"start":{"line":49,"column":18},"end":{"line":49,"column":48}},"15":{"start":{"line":50,"column":4},"end":{"line":50,"column":19}},"16":{"start":{"line":55,"column":4},"end":{"line":55,"column":48}},"17":{"start":{"line":60,"column":4},"end":{"line":60,"column":43}},"18":{"start":{"line":27,"column":2},"end":{"line":31,"column":null}},"19":{"start":{"line":33,"column":2},"end":{"line":36,"column":null}},"20":{"start":{"line":38,"column":2},"end":{"line":43,"column":null}},"21":{"start":{"line":47,"column":8},"end":{"line":51,"column":null}},"22":{"start":{"line":53,"column":2},"end":{"line":56,"column":null}},"23":{"start":{"line":58,"column":2},"end":{"line":61,"column":null}},"24":{"start":{"line":24,"column":13},"end":{"line":63,"column":null}},"25":{"start":{"line":24,"column":13},"end":{"line":24,"column":30}}},"fnMap":{"0":{"name":"(anonymous_4)","decl":{"start":{"line":25,"column":2},"end":{"line":25,"column":31}},"loc":{"start":{"line":25,"column":62},"end":{"line":25,"column":66}}},"1":{"name":"(anonymous_5)","decl":{"start":{"line":29,"column":2},"end":{"line":29,"column":8}},"loc":{"start":{"line":29,"column":38},"end":{"line":31,"column":3}}},"2":{"name":"(anonymous_6)","decl":{"start":{"line":34,"column":2},"end":{"line":34,"column":9}},"loc":{"start":{"line":34,"column":9},"end":{"line":36,"column":3}}},"3":{"name":"(anonymous_7)","decl":{"start":{"line":41,"column":2},"end":{"line":41,"column":9}},"loc":{"start":{"line":41,"column":37},"end":{"line":43,"column":3}}},"4":{"name":"(anonymous_8)","decl":{"start":{"line":47,"column":2},"end":{"line":47,"column":7}},"loc":{"start":{"line":47,"column":47},"end":{"line":51,"column":3}}},"5":{"name":"(anonymous_9)","decl":{"start":{"line":54,"column":2},"end":{"line":54,"column":8}},"loc":{"start":{"line":54,"column":77},"end":{"line":56,"column":3}}},"6":{"name":"(anonymous_10)","decl":{"start":{"line":59,"column":2},"end":{"line":59,"column":8}},"loc":{"start":{"line":59,"column":46},"end":{"line":61,"column":3}}}},"branchMap":{"0":{"loc":{"start":{"line":49,"column":4},"end":{"line":49,"column":48}},"type":"if","locations":[{"start":{"line":49,"column":4},"end":{"line":49,"column":48}}]}},"s":{"0":1,"1":1,"2":1,"3":1,"4":1,"5":1,"6":1,"7":1,"8":30,"9":3,"10":4,"11":4,"12":5,"13":5,"14":1,"15":4,"16":4,"17":4,"18":1,"19":1,"20":1,"21":1,"22":1,"23":1,"24":1,"25":1},"f":{"0":30,"1":3,"2":4,"3":4,"4":5,"5":4,"6":4},"b":{"0":[1]}}
,"D:\\TanKhanh\\Lecture\\2025-2026\\Second Semester\\Software Engineering\\IUROADMAP\\services\\admin-service\\src\\modules\\roadmap\\roadmap.repository.ts": {"path":"D:\\TanKhanh\\Lecture\\2025-2026\\Second Semester\\Software Engineering\\IUROADMAP\\services\\admin-service\\src\\modules\\roadmap\\roadmap.repository.ts","statementMap":{"0":{"start":{"line":1,"column":0},"end":{"line":1,"column":44}},"1":{"start":{"line":2,"column":0},"end":{"line":2,"column":60}},"2":{"start":{"line":10,"column":7},"end":{"line":166,"column":null}},"3":{"start":{"line":11,"column":31},"end":{"line":11,"column":39}},"4":{"start":{"line":14,"column":4},"end":{"line":58,"column":7}},"5":{"start":{"line":15,"column":22},"end":{"line":23,"column":8}},"6":{"start":{"line":26,"column":20},"end":{"line":26,"column":68}},"7":{"start":{"line":27,"column":6},"end":{"line":44,"column":null}},"8":{"start":{"line":28,"column":27},"end":{"line":41,"column":10}},"9":{"start":{"line":29,"column":28},"end":{"line":39,"column":12}},"10":{"start":{"line":40,"column":10},"end":{"line":40,"column":22}},"11":{"start":{"line":43,"column":8},"end":{"line":43,"column":61}},"12":{"start":{"line":47,"column":20},"end":{"line":47,"column":68}},"13":{"start":{"line":48,"column":6},"end":{"line":55,"column":null}},"14":{"start":{"line":49,"column":27},"end":{"line":53,"column":11}},"15":{"start":{"line":49,"column":72},"end":{"line":53,"column":10}},"16":{"start":{"line":54,"column":8},"end":{"line":54,"column":61}},"17":{"start":{"line":57,"column":6},"end":{"line":57,"column":21}},"18":{"start":{"line":62,"column":4},"end":{"line":65,"column":7}},"19":{"start":{"line":69,"column":4},"end":{"line":76,"column":7}},"20":{"start":{"line":80,"column":4},"end":{"line":83,"column":7}},"21":{"start":{"line":87,"column":4},"end":{"line":89,"column":7}},"22":{"start":{"line":94,"column":20},"end":{"line":106,"column":6}},"23":{"start":{"line":108,"column":4},"end":{"line":108,"column":30}},"24":{"start":{"line":108,"column":18},"end":{"line":108,"column":30}},"25":{"start":{"line":111,"column":4},"end":{"line":117,"column":6}},"26":{"start":{"line":121,"column":4},"end":{"line":124,"column":7}},"27":{"start":{"line":133,"column":4},"end":{"line":160,"column":7}},"28":{"start":{"line":135,"column":6},"end":{"line":135,"column":64}},"29":{"start":{"line":136,"column":6},"end":{"line":136,"column":64}},"30":{"start":{"line":138,"column":6},"end":{"line":150,"column":null}},"31":{"start":{"line":139,"column":26},"end":{"line":148,"column":11}},"32":{"start":{"line":139,"column":44},"end":{"line":148,"column":10}},"33":{"start":{"line":149,"column":8},"end":{"line":149,"column":61}},"34":{"start":{"line":152,"column":6},"end":{"line":159,"column":null}},"35":{"start":{"line":153,"column":26},"end":{"line":157,"column":11}},"36":{"start":{"line":153,"column":44},"end":{"line":157,"column":10}},"37":{"start":{"line":158,"column":8},"end":{"line":158,"column":61}},"38":{"start":{"line":164,"column":4},"end":{"line":164,"column":57}},"39":{"start":{"line":10,"column":13},"end":{"line":166,"column":null}},"40":{"start":{"line":10,"column":13},"end":{"line":10,"column":30}}},"fnMap":{"0":{"name":"(anonymous_2)","decl":{"start":{"line":11,"column":2},"end":{"line":11,"column":31}},"loc":{"start":{"line":11,"column":52},"end":{"line":11,"column":56}}},"1":{"name":"(anonymous_3)","decl":{"start":{"line":13,"column":2},"end":{"line":13,"column":7}},"loc":{"start":{"line":13,"column":53},"end":{"line":59,"column":3}}},"2":{"name":"(anonymous_4)","decl":{"start":{"line":14,"column":36},"end":{"line":14,"column":41}},"loc":{"start":{"line":14,"column":49},"end":{"line":58,"column":5}}},"3":{"name":"(anonymous_5)","decl":{"start":{"line":28,"column":64},"end":{"line":28,"column":65}},"loc":{"start":{"line":28,"column":70},"end":{"line":41,"column":9}}},"4":{"name":"(anonymous_6)","decl":{"start":{"line":49,"column":64},"end":{"line":49,"column":65}},"loc":{"start":{"line":49,"column":72},"end":{"line":53,"column":10}}},"5":{"name":"(anonymous_7)","decl":{"start":{"line":61,"column":2},"end":{"line":61,"column":7}},"loc":{"start":{"line":61,"column":15},"end":{"line":66,"column":3}}},"6":{"name":"(anonymous_8)","decl":{"start":{"line":68,"column":2},"end":{"line":68,"column":7}},"loc":{"start":{"line":68,"column":48},"end":{"line":77,"column":3}}},"7":{"name":"(anonymous_9)","decl":{"start":{"line":79,"column":2},"end":{"line":79,"column":7}},"loc":{"start":{"line":79,"column":30},"end":{"line":84,"column":3}}},"8":{"name":"(anonymous_10)","decl":{"start":{"line":86,"column":2},"end":{"line":86,"column":7}},"loc":{"start":{"line":86,"column":34},"end":{"line":90,"column":3}}},"9":{"name":"(anonymous_11)","decl":{"start":{"line":93,"column":2},"end":{"line":93,"column":7}},"loc":{"start":{"line":93,"column":38},"end":{"line":118,"column":3}}},"10":{"name":"(anonymous_12)","decl":{"start":{"line":120,"column":2},"end":{"line":120,"column":7}},"loc":{"start":{"line":120,"column":114},"end":{"line":125,"column":3}}},"11":{"name":"(anonymous_13)","decl":{"start":{"line":132,"column":2},"end":{"line":132,"column":7}},"loc":{"start":{"line":132,"column":110},"end":{"line":161,"column":3}}},"12":{"name":"(anonymous_14)","decl":{"start":{"line":133,"column":36},"end":{"line":133,"column":41}},"loc":{"start":{"line":133,"column":49},"end":{"line":160,"column":5}}},"13":{"name":"(anonymous_15)","decl":{"start":{"line":139,"column":36},"end":{"line":139,"column":37}},"loc":{"start":{"line":139,"column":44},"end":{"line":148,"column":10}}},"14":{"name":"(anonymous_16)","decl":{"start":{"line":153,"column":36},"end":{"line":153,"column":37}},"loc":{"start":{"line":153,"column":44},"end":{"line":157,"column":10}}},"15":{"name":"(anonymous_17)","decl":{"start":{"line":163,"column":2},"end":{"line":163,"column":7}},"loc":{"start":{"line":163,"column":25},"end":{"line":165,"column":3}}}},"branchMap":{"0":{"loc":{"start":{"line":19,"column":23},"end":{"line":19,"column":51}},"type":"binary-expr","locations":[{"start":{"line":19,"column":23},"end":{"line":19,"column":38}},{"start":{"line":19,"column":42},"end":{"line":19,"column":51}}]},"1":{"loc":{"start":{"line":20,"column":20},"end":{"line":20,"column":45}},"type":"binary-expr","locations":[{"start":{"line":20,"column":20},"end":{"line":20,"column":32}},{"start":{"line":20,"column":36},"end":{"line":20,"column":45}}]},"2":{"loc":{"start":{"line":21,"column":21},"end":{"line":21,"column":47}},"type":"binary-expr","locations":[{"start":{"line":21,"column":21},"end":{"line":21,"column":34}},{"start":{"line":21,"column":38},"end":{"line":21,"column":47}}]},"3":{"loc":{"start":{"line":26,"column":20},"end":{"line":26,"column":68}},"type":"binary-expr","locations":[{"start":{"line":26,"column":20},"end":{"line":26,"column":29}},{"start":{"line":26,"column":34},"end":{"line":26,"column":54}},{"start":{"line":26,"column":58},"end":{"line":26,"column":67}}]},"4":{"loc":{"start":{"line":27,"column":6},"end":{"line":44,"column":null}},"type":"if","locations":[{"start":{"line":27,"column":6},"end":{"line":44,"column":null}}]},"5":{"loc":{"start":{"line":27,"column":10},"end":{"line":27,"column":35}},"type":"binary-expr","locations":[{"start":{"line":27,"column":10},"end":{"line":27,"column":15}},{"start":{"line":27,"column":19},"end":{"line":27,"column":35}}]},"6":{"loc":{"start":{"line":34,"column":21},"end":{"line":34,"column":43}},"type":"binary-expr","locations":[{"start":{"line":34,"column":21},"end":{"line":34,"column":30}},{"start":{"line":34,"column":34},"end":{"line":34,"column":43}}]},"7":{"loc":{"start":{"line":35,"column":23},"end":{"line":35,"column":47}},"type":"binary-expr","locations":[{"start":{"line":35,"column":23},"end":{"line":35,"column":34}},{"start":{"line":35,"column":38},"end":{"line":35,"column":47}}]},"8":{"loc":{"start":{"line":36,"column":24},"end":{"line":36,"column":79}},"type":"cond-expr","locations":[{"start":{"line":36,"column":60},"end":{"line":36,"column":72}},{"start":{"line":36,"column":75},"end":{"line":36,"column":79}}]},"9":{"loc":{"start":{"line":37,"column":22},"end":{"line":37,"column":45}},"type":"binary-expr","locations":[{"start":{"line":37,"column":22},"end":{"line":37,"column":32}},{"start":{"line":37,"column":36},"end":{"line":37,"column":45}}]},"10":{"loc":{"start":{"line":38,"column":20},"end":{"line":38,"column":41}},"type":"binary-expr","locations":[{"start":{"line":38,"column":20},"end":{"line":38,"column":28}},{"start":{"line":38,"column":32},"end":{"line":38,"column":41}}]},"11":{"loc":{"start":{"line":47,"column":20},"end":{"line":47,"column":68}},"type":"binary-expr","locations":[{"start":{"line":47,"column":20},"end":{"line":47,"column":29}},{"start":{"line":47,"column":34},"end":{"line":47,"column":54}},{"start":{"line":47,"column":58},"end":{"line":47,"column":67}}]},"12":{"loc":{"start":{"line":48,"column":6},"end":{"line":55,"column":null}},"type":"if","locations":[{"start":{"line":48,"column":6},"end":{"line":55,"column":null}}]},"13":{"loc":{"start":{"line":48,"column":10},"end":{"line":48,"column":35}},"type":"binary-expr","locations":[{"start":{"line":48,"column":10},"end":{"line":48,"column":15}},{"start":{"line":48,"column":19},"end":{"line":48,"column":35}}]},"14":{"loc":{"start":{"line":108,"column":4},"end":{"line":108,"column":30}},"type":"if","locations":[{"start":{"line":108,"column":4},"end":{"line":108,"column":30}}]},"15":{"loc":{"start":{"line":138,"column":6},"end":{"line":150,"column":null}},"type":"if","locations":[{"start":{"line":138,"column":6},"end":{"line":150,"column":null}}]},"16":{"loc":{"start":{"line":138,"column":10},"end":{"line":138,"column":35}},"type":"binary-expr","locations":[{"start":{"line":138,"column":10},"end":{"line":138,"column":15}},{"start":{"line":138,"column":19},"end":{"line":138,"column":35}}]},"17":{"loc":{"start":{"line":143,"column":19},"end":{"line":143,"column":41}},"type":"binary-expr","locations":[{"start":{"line":143,"column":19},"end":{"line":143,"column":28}},{"start":{"line":143,"column":32},"end":{"line":143,"column":41}}]},"18":{"loc":{"start":{"line":144,"column":21},"end":{"line":144,"column":45}},"type":"binary-expr","locations":[{"start":{"line":144,"column":21},"end":{"line":144,"column":32}},{"start":{"line":144,"column":36},"end":{"line":144,"column":45}}]},"19":{"loc":{"start":{"line":145,"column":22},"end":{"line":145,"column":77}},"type":"cond-expr","locations":[{"start":{"line":145,"column":58},"end":{"line":145,"column":70}},{"start":{"line":145,"column":73},"end":{"line":145,"column":77}}]},"20":{"loc":{"start":{"line":146,"column":20},"end":{"line":146,"column":43}},"type":"binary-expr","locations":[{"start":{"line":146,"column":20},"end":{"line":146,"column":30}},{"start":{"line":146,"column":34},"end":{"line":146,"column":43}}]},"21":{"loc":{"start":{"line":147,"column":18},"end":{"line":147,"column":39}},"type":"binary-expr","locations":[{"start":{"line":147,"column":18},"end":{"line":147,"column":26}},{"start":{"line":147,"column":30},"end":{"line":147,"column":39}}]},"22":{"loc":{"start":{"line":152,"column":6},"end":{"line":159,"column":null}},"type":"if","locations":[{"start":{"line":152,"column":6},"end":{"line":159,"column":null}}]},"23":{"loc":{"start":{"line":152,"column":10},"end":{"line":152,"column":35}},"type":"binary-expr","locations":[{"start":{"line":152,"column":10},"end":{"line":152,"column":15}},{"start":{"line":152,"column":19},"end":{"line":152,"column":35}}]}},"s":{"0":1,"1":1,"2":1,"3":0,"4":0,"5":0,"6":0,"7":0,"8":0,"9":0,"10":0,"11":0,"12":0,"13":0,"14":0,"15":0,"16":0,"17":0,"18":0,"19":0,"20":0,"21":0,"22":0,"23":0,"24":0,"25":0,"26":0,"27":0,"28":0,"29":0,"30":0,"31":0,"32":0,"33":0,"34":0,"35":0,"36":0,"37":0,"38":0,"39":1,"40":1},"f":{"0":0,"1":0,"2":0,"3":0,"4":0,"5":0,"6":0,"7":0,"8":0,"9":0,"10":0,"11":0,"12":0,"13":0,"14":0,"15":0},"b":{"0":[0,0],"1":[0,0],"2":[0,0],"3":[0,0,0],"4":[0],"5":[0,0],"6":[0,0],"7":[0,0],"8":[0,0],"9":[0,0],"10":[0,0],"11":[0,0,0],"12":[0],"13":[0,0],"14":[0],"15":[0],"16":[0,0],"17":[0,0],"18":[0,0],"19":[0,0],"20":[0,0],"21":[0,0],"22":[0],"23":[0,0]}}
,"D:\\TanKhanh\\Lecture\\2025-2026\\Second Semester\\Software Engineering\\IUROADMAP\\services\\admin-service\\src\\modules\\roadmap\\roadmap.service.ts": {"path":"D:\\TanKhanh\\Lecture\\2025-2026\\Second Semester\\Software Engineering\\IUROADMAP\\services\\admin-service\\src\\modules\\roadmap\\roadmap.service.ts","statementMap":{"0":{"start":{"line":1,"column":0},"end":{"line":1,"column":103}},"1":{"start":{"line":2,"column":0},"end":{"line":2,"column":57}},"2":{"start":{"line":7,"column":7},"end":{"line":125,"column":null}},"3":{"start":{"line":8,"column":31},"end":{"line":8,"column":37}},"4":{"start":{"line":11,"column":4},"end":{"line":16,"column":21}},"5":{"start":{"line":23,"column":17},"end":{"line":23,"column":78}},"6":{"start":{"line":26,"column":19},"end":{"line":26,"column":54}},"7":{"start":{"line":27,"column":4},"end":{"line":29,"column":null}},"8":{"start":{"line":28,"column":6},"end":{"line":28,"column":80}},"9":{"start":{"line":32,"column":16},"end":{"line":32,"column":25}},"10":{"start":{"line":33,"column":16},"end":{"line":33,"column":25}},"11":{"start":{"line":34,"column":4},"end":{"line":34,"column":68}},"12":{"start":{"line":34,"column":40},"end":{"line":34,"column":68}},"13":{"start":{"line":35,"column":4},"end":{"line":35,"column":68}},"14":{"start":{"line":35,"column":40},"end":{"line":35,"column":68}},"15":{"start":{"line":37,"column":4},"end":{"line":39,"column":null}},"16":{"start":{"line":38,"column":6},"end":{"line":38,"column":62}},"17":{"start":{"line":40,"column":4},"end":{"line":42,"column":null}},"18":{"start":{"line":41,"column":6},"end":{"line":41,"column":62}},"19":{"start":{"line":45,"column":40},"end":{"line":51,"column":6}},"20":{"start":{"line":53,"column":4},"end":{"line":53,"column":56}},"21":{"start":{"line":57,"column":4},"end":{"line":57,"column":31}},"22":{"start":{"line":61,"column":20},"end":{"line":61,"column":69}},"23":{"start":{"line":62,"column":4},"end":{"line":62,"column":87}},"24":{"start":{"line":62,"column":18},"end":{"line":62,"column":87}},"25":{"start":{"line":63,"column":4},"end":{"line":63,"column":19}},"26":{"start":{"line":68,"column":21},"end":{"line":68,"column":52}},"27":{"start":{"line":69,"column":4},"end":{"line":69,"column":82}},"28":{"start":{"line":69,"column":19},"end":{"line":69,"column":82}},"29":{"start":{"line":72,"column":22},"end":{"line":72,"column":24}},"30":{"start":{"line":73,"column":4},"end":{"line":73,"column":56}},"31":{"start":{"line":73,"column":33},"end":{"line":73,"column":56}},"32":{"start":{"line":74,"column":4},"end":{"line":74,"column":74}},"33":{"start":{"line":74,"column":39},"end":{"line":74,"column":74}},"34":{"start":{"line":75,"column":4},"end":{"line":75,"column":65}},"35":{"start":{"line":75,"column":36},"end":{"line":75,"column":65}},"36":{"start":{"line":78,"column":4},"end":{"line":85,"column":null}},"37":{"start":{"line":79,"column":16},"end":{"line":79,"column":39}},"38":{"start":{"line":80,"column":6},"end":{"line":84,"column":null}},"39":{"start":{"line":81,"column":26},"end":{"line":81,"column":58}},"40":{"start":{"line":82,"column":8},"end":{"line":82,"column":74}},"41":{"start":{"line":82,"column":23},"end":{"line":82,"column":74}},"42":{"start":{"line":83,"column":8},"end":{"line":83,"column":22}},"43":{"start":{"line":88,"column":18},"end":{"line":88,"column":51}},"44":{"start":{"line":89,"column":18},"end":{"line":89,"column":51}},"45":{"start":{"line":92,"column":4},"end":{"line":101,"column":null}},"46":{"start":{"line":93,"column":6},"end":{"line":93,"column":98}},"47":{"start":{"line":93,"column":42},"end":{"line":93,"column":98}},"48":{"start":{"line":94,"column":6},"end":{"line":94,"column":98}},"49":{"start":{"line":94,"column":42},"end":{"line":94,"column":98}},"50":{"start":{"line":97,"column":6},"end":{"line":100,"column":8}},"51":{"start":{"line":104,"column":4},"end":{"line":104,"column":42}},"52":{"start":{"line":107,"column":4},"end":{"line":109,"column":null}},"53":{"start":{"line":108,"column":6},"end":{"line":108,"column":61}},"54":{"start":{"line":113,"column":4},"end":{"line":113,"column":37}},"55":{"start":{"line":117,"column":4},"end":{"line":117,"column":51}},"56":{"start":{"line":121,"column":21},"end":{"line":121,"column":52}},"57":{"start":{"line":122,"column":4},"end":{"line":122,"column":82}},"58":{"start":{"line":122,"column":19},"end":{"line":122,"column":82}},"59":{"start":{"line":123,"column":4},"end":{"line":123,"column":32}},"60":{"start":{"line":7,"column":13},"end":{"line":125,"column":null}},"61":{"start":{"line":7,"column":13},"end":{"line":7,"column":27}}},"fnMap":{"0":{"name":"(anonymous_2)","decl":{"start":{"line":8,"column":2},"end":{"line":8,"column":31}},"loc":{"start":{"line":8,"column":54},"end":{"line":8,"column":58}}},"1":{"name":"(anonymous_3)","decl":{"start":{"line":10,"column":10},"end":{"line":10,"column":18}},"loc":{"start":{"line":10,"column":32},"end":{"line":17,"column":3}}},"2":{"name":"(anonymous_4)","decl":{"start":{"line":22,"column":2},"end":{"line":22,"column":7}},"loc":{"start":{"line":22,"column":36},"end":{"line":54,"column":3}}},"3":{"name":"(anonymous_5)","decl":{"start":{"line":56,"column":2},"end":{"line":56,"column":7}},"loc":{"start":{"line":56,"column":15},"end":{"line":58,"column":3}}},"4":{"name":"(anonymous_6)","decl":{"start":{"line":60,"column":2},"end":{"line":60,"column":7}},"loc":{"start":{"line":60,"column":34},"end":{"line":64,"column":3}}},"5":{"name":"(anonymous_7)","decl":{"start":{"line":66,"column":2},"end":{"line":66,"column":7}},"loc":{"start":{"line":66,"column":48},"end":{"line":114,"column":3}}},"6":{"name":"(anonymous_8)","decl":{"start":{"line":116,"column":2},"end":{"line":116,"column":7}},"loc":{"start":{"line":116,"column":38},"end":{"line":118,"column":3}}},"7":{"name":"(anonymous_9)","decl":{"start":{"line":120,"column":2},"end":{"line":120,"column":7}},"loc":{"start":{"line":120,"column":25},"end":{"line":124,"column":3}}}},"branchMap":{"0":{"loc":{"start":{"line":23,"column":17},"end":{"line":23,"column":78}},"type":"cond-expr","locations":[{"start":{"line":23,"column":28},"end":{"line":23,"column":51}},{"start":{"line":23,"column":54},"end":{"line":23,"column":78}}]},"1":{"loc":{"start":{"line":27,"column":4},"end":{"line":29,"column":null}},"type":"if","locations":[{"start":{"line":27,"column":4},"end":{"line":29,"column":null}}]},"2":{"loc":{"start":{"line":34,"column":4},"end":{"line":34,"column":68}},"type":"if","locations":[{"start":{"line":34,"column":4},"end":{"line":34,"column":68}}]},"3":{"loc":{"start":{"line":34,"column":8},"end":{"line":34,"column":38}},"type":"binary-expr","locations":[{"start":{"line":34,"column":8},"end":{"line":34,"column":14}},{"start":{"line":34,"column":18},"end":{"line":34,"column":38}}]},"4":{"loc":{"start":{"line":35,"column":4},"end":{"line":35,"column":68}},"type":"if","locations":[{"start":{"line":35,"column":4},"end":{"line":35,"column":68}}]},"5":{"loc":{"start":{"line":35,"column":8},"end":{"line":35,"column":38}},"type":"binary-expr","locations":[{"start":{"line":35,"column":8},"end":{"line":35,"column":14}},{"start":{"line":35,"column":18},"end":{"line":35,"column":38}}]},"6":{"loc":{"start":{"line":37,"column":4},"end":{"line":39,"column":null}},"type":"if","locations":[{"start":{"line":37,"column":4},"end":{"line":39,"column":null}}]},"7":{"loc":{"start":{"line":37,"column":8},"end":{"line":37,"column":38}},"type":"binary-expr","locations":[{"start":{"line":37,"column":8},"end":{"line":37,"column":13}},{"start":{"line":37,"column":17},"end":{"line":37,"column":38}}]},"8":{"loc":{"start":{"line":40,"column":4},"end":{"line":42,"column":null}},"type":"if","locations":[{"start":{"line":40,"column":4},"end":{"line":42,"column":null}}]},"9":{"loc":{"start":{"line":40,"column":8},"end":{"line":40,"column":38}},"type":"binary-expr","locations":[{"start":{"line":40,"column":8},"end":{"line":40,"column":13}},{"start":{"line":40,"column":17},"end":{"line":40,"column":38}}]},"10":{"loc":{"start":{"line":50,"column":17},"end":{"line":50,"column":81}},"type":"binary-expr","locations":[{"start":{"line":50,"column":17},"end":{"line":50,"column":30}},{"start":{"line":50,"column":35},"end":{"line":50,"column":80}}]},"11":{"loc":{"start":{"line":50,"column":35},"end":{"line":50,"column":80}},"type":"cond-expr","locations":[{"start":{"line":50,"column":52},"end":{"line":50,"column":68}},{"start":{"line":50,"column":71},"end":{"line":50,"column":80}}]},"12":{"loc":{"start":{"line":50,"column":35},"end":{"line":50,"column":49}},"type":"binary-expr","locations":[{"start":{"line":50,"column":35},"end":{"line":50,"column":40}},{"start":{"line":50,"column":44},"end":{"line":50,"column":49}}]},"13":{"loc":{"start":{"line":62,"column":4},"end":{"line":62,"column":87}},"type":"if","locations":[{"start":{"line":62,"column":4},"end":{"line":62,"column":87}}]},"14":{"loc":{"start":{"line":69,"column":4},"end":{"line":69,"column":82}},"type":"if","locations":[{"start":{"line":69,"column":4},"end":{"line":69,"column":82}}]},"15":{"loc":{"start":{"line":73,"column":4},"end":{"line":73,"column":56}},"type":"if","locations":[{"start":{"line":73,"column":4},"end":{"line":73,"column":56}}]},"16":{"loc":{"start":{"line":74,"column":4},"end":{"line":74,"column":74}},"type":"if","locations":[{"start":{"line":74,"column":4},"end":{"line":74,"column":74}}]},"17":{"loc":{"start":{"line":75,"column":4},"end":{"line":75,"column":65}},"type":"if","locations":[{"start":{"line":75,"column":4},"end":{"line":75,"column":65}}]},"18":{"loc":{"start":{"line":78,"column":4},"end":{"line":85,"column":null}},"type":"if","locations":[{"start":{"line":78,"column":4},"end":{"line":85,"column":null}}]},"19":{"loc":{"start":{"line":80,"column":6},"end":{"line":84,"column":null}},"type":"if","locations":[{"start":{"line":80,"column":6},"end":{"line":84,"column":null}}]},"20":{"loc":{"start":{"line":82,"column":8},"end":{"line":82,"column":74}},"type":"if","locations":[{"start":{"line":82,"column":8},"end":{"line":82,"column":74}}]},"21":{"loc":{"start":{"line":88,"column":18},"end":{"line":88,"column":51}},"type":"binary-expr","locations":[{"start":{"line":88,"column":18},"end":{"line":88,"column":27}},{"start":{"line":88,"column":31},"end":{"line":88,"column":51}}]},"22":{"loc":{"start":{"line":89,"column":18},"end":{"line":89,"column":51}},"type":"binary-expr","locations":[{"start":{"line":89,"column":18},"end":{"line":89,"column":27}},{"start":{"line":89,"column":31},"end":{"line":89,"column":51}}]},"23":{"loc":{"start":{"line":92,"column":4},"end":{"line":101,"column":null}},"type":"if","locations":[{"start":{"line":92,"column":4},"end":{"line":101,"column":null}}]},"24":{"loc":{"start":{"line":92,"column":8},"end":{"line":92,"column":22}},"type":"binary-expr","locations":[{"start":{"line":92,"column":8},"end":{"line":92,"column":13}},{"start":{"line":92,"column":17},"end":{"line":92,"column":22}}]},"25":{"loc":{"start":{"line":93,"column":6},"end":{"line":93,"column":98}},"type":"if","locations":[{"start":{"line":93,"column":6},"end":{"line":93,"column":98}}]},"26":{"loc":{"start":{"line":93,"column":10},"end":{"line":93,"column":40}},"type":"binary-expr","locations":[{"start":{"line":93,"column":10},"end":{"line":93,"column":15}},{"start":{"line":93,"column":19},"end":{"line":93,"column":40}}]},"27":{"loc":{"start":{"line":94,"column":6},"end":{"line":94,"column":98}},"type":"if","locations":[{"start":{"line":94,"column":6},"end":{"line":94,"column":98}}]},"28":{"loc":{"start":{"line":94,"column":10},"end":{"line":94,"column":40}},"type":"binary-expr","locations":[{"start":{"line":94,"column":10},"end":{"line":94,"column":15}},{"start":{"line":94,"column":19},"end":{"line":94,"column":40}}]},"29":{"loc":{"start":{"line":98,"column":15},"end":{"line":98,"column":59}},"type":"binary-expr","locations":[{"start":{"line":98,"column":15},"end":{"line":98,"column":20}},{"start":{"line":98,"column":24},"end":{"line":98,"column":53}},{"start":{"line":98,"column":57},"end":{"line":98,"column":59}}]},"30":{"loc":{"start":{"line":99,"column":15},"end":{"line":99,"column":59}},"type":"binary-expr","locations":[{"start":{"line":99,"column":15},"end":{"line":99,"column":20}},{"start":{"line":99,"column":24},"end":{"line":99,"column":53}},{"start":{"line":99,"column":57},"end":{"line":99,"column":59}}]},"31":{"loc":{"start":{"line":107,"column":4},"end":{"line":109,"column":null}},"type":"if","locations":[{"start":{"line":107,"column":4},"end":{"line":109,"column":null}}]},"32":{"loc":{"start":{"line":107,"column":8},"end":{"line":107,"column":22}},"type":"binary-expr","locations":[{"start":{"line":107,"column":8},"end":{"line":107,"column":13}},{"start":{"line":107,"column":17},"end":{"line":107,"column":22}}]},"33":{"loc":{"start":{"line":122,"column":4},"end":{"line":122,"column":82}},"type":"if","locations":[{"start":{"line":122,"column":4},"end":{"line":122,"column":82}}]}},"s":{"0":1,"1":1,"2":1,"3":0,"4":0,"5":0,"6":0,"7":0,"8":0,"9":0,"10":0,"11":0,"12":0,"13":0,"14":0,"15":0,"16":0,"17":0,"18":0,"19":0,"20":0,"21":0,"22":0,"23":0,"24":0,"25":0,"26":0,"27":0,"28":0,"29":0,"30":0,"31":0,"32":0,"33":0,"34":0,"35":0,"36":0,"37":0,"38":0,"39":0,"40":0,"41":0,"42":0,"43":0,"44":0,"45":0,"46":0,"47":0,"48":0,"49":0,"50":0,"51":0,"52":0,"53":0,"54":0,"55":0,"56":0,"57":0,"58":0,"59":0,"60":1,"61":1},"f":{"0":0,"1":0,"2":0,"3":0,"4":0,"5":0,"6":0,"7":0},"b":{"0":[0,0],"1":[0],"2":[0],"3":[0,0],"4":[0],"5":[0,0],"6":[0],"7":[0,0],"8":[0],"9":[0,0],"10":[0,0],"11":[0,0],"12":[0,0],"13":[0],"14":[0],"15":[0],"16":[0],"17":[0],"18":[0],"19":[0],"20":[0],"21":[0,0],"22":[0,0],"23":[0],"24":[0,0],"25":[0],"26":[0,0],"27":[0],"28":[0,0],"29":[0,0,0],"30":[0,0,0],"31":[0],"32":[0,0],"33":[0]}}
,"D:\\TanKhanh\\Lecture\\2025-2026\\Second Semester\\Software Engineering\\IUROADMAP\\services\\admin-service\\src\\modules\\roadmap\\dto\\create-roadmap.dto.ts": {"path":"D:\\TanKhanh\\Lecture\\2025-2026\\Second Semester\\Software Engineering\\IUROADMAP\\services\\admin-service\\src\\modules\\roadmap\\dto\\create-roadmap.dto.ts","statementMap":{"0":{"start":{"line":1,"column":0},"end":{"line":1,"column":null}},"1":{"start":{"line":10,"column":0},"end":{"line":10,"column":41}},"2":{"start":{"line":31,"column":2},"end":{"line":31,"column":30}},"3":{"start":{"line":13,"column":2},"end":{"line":15,"column":null}},"4":{"start":{"line":17,"column":2},"end":{"line":19,"column":null}},"5":{"start":{"line":21,"column":2},"end":{"line":23,"column":null}},"6":{"start":{"line":25,"column":2},"end":{"line":27,"column":null}},"7":{"start":{"line":29,"column":2},"end":{"line":31,"column":null}},"8":{"start":{"line":33,"column":2},"end":{"line":34,"column":null}},"9":{"start":{"line":36,"column":2},"end":{"line":37,"column":null}},"10":{"start":{"line":12,"column":0},"end":{"line":12,"column":13}},"11":{"start":{"line":41,"column":2},"end":{"line":43,"column":null}},"12":{"start":{"line":45,"column":2},"end":{"line":47,"column":null}},"13":{"start":{"line":49,"column":2},"end":{"line":50,"column":null}},"14":{"start":{"line":40,"column":0},"end":{"line":40,"column":13}},"15":{"start":{"line":59,"column":2},"end":{"line":61,"column":null}},"16":{"start":{"line":63,"column":2},"end":{"line":65,"column":null}},"17":{"start":{"line":67,"column":2},"end":{"line":69,"column":null}},"18":{"start":{"line":71,"column":2},"end":{"line":73,"column":null}},"19":{"start":{"line":75,"column":2},"end":{"line":76,"column":null}},"20":{"start":{"line":78,"column":2},"end":{"line":82,"column":null}},"21":{"start":{"line":81,"column":14},"end":{"line":81,"column":34}},"22":{"start":{"line":84,"column":2},"end":{"line":88,"column":null}},"23":{"start":{"line":87,"column":14},"end":{"line":87,"column":34}},"24":{"start":{"line":58,"column":0},"end":{"line":58,"column":13}}},"fnMap":{"0":{"name":"(anonymous_2)","decl":{"start":{"line":12,"column":0},"end":{"line":12,"column":13}},"loc":{"start":{"line":12,"column":0},"end":{"line":38,"column":1}}},"1":{"name":"(anonymous_3)","decl":{"start":{"line":81,"column":8},"end":{"line":81,"column":11}},"loc":{"start":{"line":81,"column":14},"end":{"line":81,"column":34}}},"2":{"name":"(anonymous_4)","decl":{"start":{"line":87,"column":8},"end":{"line":87,"column":11}},"loc":{"start":{"line":87,"column":14},"end":{"line":87,"column":34}}}},"branchMap":{},"s":{"0":1,"1":1,"2":0,"3":1,"4":1,"5":1,"6":1,"7":1,"8":1,"9":1,"10":1,"11":1,"12":1,"13":1,"14":1,"15":1,"16":1,"17":1,"18":1,"19":1,"20":1,"21":0,"22":1,"23":0,"24":1},"f":{"0":0,"1":0,"2":0},"b":{}}
,"D:\\TanKhanh\\Lecture\\2025-2026\\Second Semester\\Software Engineering\\IUROADMAP\\services\\admin-service\\src\\modules\\roadmap\\dto\\update-roadmap.dto.ts": {"path":"D:\\TanKhanh\\Lecture\\2025-2026\\Second Semester\\Software Engineering\\IUROADMAP\\services\\admin-service\\src\\modules\\roadmap\\dto\\update-roadmap.dto.ts","statementMap":{"0":{"start":{"line":1,"column":0},"end":{"line":1,"column":51}},"1":{"start":{"line":2,"column":0},"end":{"line":2,"column":56}},"2":{"start":{"line":4,"column":0},"end":{"line":4,"column":13}}},"fnMap":{},"branchMap":{},"s":{"0":1,"1":1,"2":1},"f":{},"b":{}}
,"D:\\TanKhanh\\Lecture\\2025-2026\\Second Semester\\Software Engineering\\IUROADMAP\\services\\admin-service\\src\\prisma\\prisma.service.ts": {"path":"D:\\TanKhanh\\Lecture\\2025-2026\\Second Semester\\Software Engineering\\IUROADMAP\\services\\admin-service\\src\\prisma\\prisma.service.ts","statementMap":{"0":{"start":{"line":1,"column":0},"end":{"line":1,"column":83}},"1":{"start":{"line":2,"column":0},"end":{"line":2,"column":46}},"2":{"start":{"line":5,"column":26},"end":{"line":29,"column":null}},"3":{"start":{"line":9,"column":4},"end":{"line":12,"column":7}},"4":{"start":{"line":6,"column":19},"end":{"line":6,"column":59}},"5":{"start":{"line":16,"column":4},"end":{"line":22,"column":null}},"6":{"start":{"line":17,"column":6},"end":{"line":17,"column":28}},"7":{"start":{"line":18,"column":6},"end":{"line":18,"column":56}},"8":{"start":{"line":20,"column":6},"end":{"line":20,"column":63}},"9":{"start":{"line":21,"column":6},"end":{"line":21,"column":18}},"10":{"start":{"line":26,"column":4},"end":{"line":26,"column":29}},"11":{"start":{"line":27,"column":4},"end":{"line":27,"column":60}},"12":{"start":{"line":5,"column":13},"end":{"line":29,"column":null}},"13":{"start":{"line":5,"column":13},"end":{"line":5,"column":26}}},"fnMap":{"0":{"name":"(anonymous_2)","decl":{"start":{"line":8,"column":2},"end":{"line":8,"column":null}},"loc":{"start":{"line":8,"column":2},"end":{"line":13,"column":3}}},"1":{"name":"(anonymous_3)","decl":{"start":{"line":15,"column":2},"end":{"line":15,"column":7}},"loc":{"start":{"line":15,"column":20},"end":{"line":23,"column":3}}},"2":{"name":"(anonymous_4)","decl":{"start":{"line":25,"column":2},"end":{"line":25,"column":7}},"loc":{"start":{"line":25,"column":23},"end":{"line":28,"column":3}}}},"branchMap":{},"s":{"0":3,"1":3,"2":3,"3":0,"4":0,"5":0,"6":0,"7":0,"8":0,"9":0,"10":0,"11":0,"12":3,"13":3},"f":{"0":0,"1":0,"2":0},"b":{}}
}
