TN:
SF:src\common\decorators\public.decorator.ts
FN:10,(anonymous_0)
FN:11,(anonymous_1)
FNF:2
FNH:1
FNDA:2,(anonymous_0)
FNDA:0,(anonymous_1)
DA:1,1
DA:9,1
DA:10,2
DA:11,1
LF:4
LH:4
BRF:0
BRH:0
end_of_record
TN:
SF:src\common\guards\auth.guard.ts
FN:14,(anonymous_2)
FN:16,(anonymous_3)
FN:52,(anonymous_4)
FNF:3
FNH:0
FNDA:0,(anonymous_2)
FNDA:0,(anonymous_3)
FNDA:0,(anonymous_4)
DA:1,1
DA:7,1
DA:8,1
DA:10,1
DA:13,1
DA:14,0
DA:19,0
DA:24,0
DA:25,0
DA:26,0
DA:30,0
DA:31,0
DA:33,0
DA:34,0
DA:37,0
DA:38,0
DA:39,0
DA:41,0
DA:44,0
DA:46,0
DA:49,0
DA:53,0
DA:54,0
LF:23
LH:5
BRDA:24,0,0,0
BRDA:33,1,0,0
BRDA:39,2,0,0
BRDA:53,3,0,0
BRDA:53,3,1,0
BRDA:54,4,0,0
BRDA:54,4,1,0
BRF:7
BRH:0
end_of_record
TN:
SF:src\common\guards\roles.guard.ts
FN:7,(anonymous_2)
FN:9,(anonymous_3)
FN:43,(anonymous_4)
FNF:3
FNH:0
FNDA:0,(anonymous_2)
FNDA:0,(anonymous_3)
FNDA:0,(anonymous_4)
DA:1,1
DA:2,1
DA:3,1
DA:6,1
DA:7,0
DA:13,0
DA:18,0
DA:19,0
DA:20,0
DA:24,0
DA:27,0
DA:28,0
DA:32,0
DA:33,0
DA:36,0
DA:37,0
DA:38,0
DA:42,0
DA:43,0
DA:46,0
LF:20
LH:4
BRDA:18,0,0,0
BRDA:27,1,0,0
BRDA:27,2,0,0
BRDA:27,2,1,0
BRDA:36,3,0,0
BRDA:36,4,0,0
BRDA:36,4,1,0
BRDA:42,5,0,0
BRF:8
BRH:0
end_of_record
TN:
SF:src\generated\prisma-client\index.js
FNF:0
FNH:0
DA:2,1
DA:25,1
DA:28,1
DA:30,1
DA:36,1
DA:41,1
DA:42,1
DA:43,1
DA:44,1
DA:45,1
DA:46,1
DA:47,1
DA:52,1
DA:53,1
DA:54,1
DA:55,1
DA:56,1
DA:61,1
DA:62,1
DA:67,1
DA:68,1
DA:69,1
DA:71,1
DA:78,1
DA:84,1
DA:91,1
DA:100,1
DA:113,1
DA:124,1
DA:138,1
DA:146,1
DA:151,1
DA:156,1
DA:161,1
DA:166,1
DA:171,1
DA:176,1
DA:186,1
DA:229,1
DA:231,1
DA:232,1
DA:233,0
DA:234,0
DA:237,1
DA:238,1
DA:244,1
DA:246,1
DA:252,1
DA:253,1
DA:254,1
DA:256,1
DA:257,1
DA:259,1
DA:260,1
DA:261,1
DA:262,1
LF:56
LH:54
BRDA:232,0,0,0
BRDA:232,0,1,1
BRDA:247,1,0,1
BRDA:247,1,1,1
BRDA:248,2,0,1
BRDA:248,2,1,1
BRF:6
BRH:5
end_of_record
TN:
SF:src\generated\prisma-client\runtime\library.js
FN:1,(anonymous_0)
FN:1,(anonymous_1)
FN:1,(anonymous_2)
FN:1,(anonymous_3)
FN:1,(anonymous_4)
FN:1,(anonymous_5)
FN:1,(anonymous_6)
FN:1,(anonymous_7)
FN:1,(anonymous_8)
FN:1,hu
FN:1,bu
FN:1,xu
FN:1,xr
FN:1,(anonymous_13)
FN:1,wu
FN:1,(anonymous_15)
FN:1,t
FN:1,r
FN:1,g
FN:1,(anonymous_19)
FN:1,(anonymous_20)
FN:1,(anonymous_21)
FN:1,n
FN:1,i
FN:1,o
FN:1,(anonymous_25)
FN:1,s
FN:1,a
FN:1,l
FN:1,u
FN:1,(anonymous_30)
FN:1,(anonymous_31)
FN:1,(anonymous_32)
FN:1,Eu
FN:1,Tu
FN:1,(anonymous_35)
FN:1,(anonymous_36)
FN:1,Pu
FN:1,Mu
FN:1,vu
FN:1,(anonymous_40)
FN:1,(anonymous_41)
FN:1,(anonymous_42)
FN:1,(anonymous_43)
FN:1,jn
FN:1,qn
FN:1,(anonymous_46)
FN:1,Fu
FN:1,(anonymous_48)
FN:1,(anonymous_49)
FN:1,(anonymous_50)
FN:1,(anonymous_51)
FN:1,(anonymous_52)
FN:1,Ou
FN:1,Ru
FN:3,Du
FN:3,$u
FN:4,ku
FN:4,Iu
FN:4,Nu
FN:4,(anonymous_60)
FN:5,(anonymous_61)
FN:5,(anonymous_62)
FN:5,(anonymous_63)
FN:5,(anonymous_64)
FN:5,(anonymous_65)
FN:5,Uu
FN:7,Qn
FN:7,Ju
FN:7,Gu
FN:7,(anonymous_70)
FN:7,(anonymous_71)
FN:7,(anonymous_72)
FN:7,(anonymous_73)
FN:7,(anonymous_74)
FN:7,(anonymous_75)
FN:7,(anonymous_76)
FN:7,(anonymous_77)
FN:7,(anonymous_78)
FN:7,(anonymous_79)
FN:7,(anonymous_80)
FN:7,(anonymous_81)
FN:7,(anonymous_82)
FN:7,(anonymous_83)
FN:7,(anonymous_84)
FN:7,(anonymous_85)
FN:7,(anonymous_86)
FN:7,(anonymous_87)
FN:7,(anonymous_88)
FN:7,Uo
FN:7,(anonymous_90)
FN:7,ei
FN:7,(anonymous_92)
FN:7,(anonymous_93)
FN:7,(anonymous_94)
FN:7,(anonymous_95)
FN:7,(anonymous_96)
FN:7,(anonymous_97)
FN:7,(anonymous_98)
FN:7,(anonymous_99)
FN:7,(anonymous_100)
FN:7,(anonymous_101)
FN:7,(anonymous_102)
FN:7,(anonymous_103)
FN:7,(anonymous_104)
FN:7,(anonymous_105)
FN:7,(anonymous_106)
FN:7,(anonymous_107)
FN:7,e
FN:7,(anonymous_109)
FN:7,(anonymous_110)
FN:7,(anonymous_111)
FN:7,(anonymous_112)
FN:7,o
FN:7,s
FN:7,a
FN:7,(anonymous_116)
FN:7,l
FN:7,(anonymous_118)
FN:7,u
FN:7,c
FN:7,(anonymous_121)
FN:7,p
FN:7,(anonymous_123)
FN:7,d
FN:7,(anonymous_125)
FN:7,(anonymous_126)
FN:7,(anonymous_127)
FN:7,(anonymous_128)
FN:7,(anonymous_129)
FN:7,(anonymous_130)
FN:7,(anonymous_131)
FN:7,(anonymous_132)
FN:7,(anonymous_133)
FN:7,(anonymous_134)
FN:7,(anonymous_135)
FN:7,(anonymous_136)
FN:7,(anonymous_137)
FN:7,(anonymous_138)
FN:7,(anonymous_139)
FN:7,(anonymous_140)
FN:7,(anonymous_141)
FN:7,(anonymous_142)
FN:7,(anonymous_143)
FN:7,(anonymous_144)
FN:7,(anonymous_145)
FN:7,(anonymous_146)
FN:7,(anonymous_147)
FN:7,(anonymous_148)
FN:7,(anonymous_149)
FN:7,(anonymous_150)
FN:7,(anonymous_151)
FN:7,(anonymous_152)
FN:7,(anonymous_153)
FN:7,(anonymous_154)
FN:7,(anonymous_155)
FN:7,(anonymous_156)
FN:7,(anonymous_157)
FN:7,(anonymous_158)
FN:7,(anonymous_159)
FN:7,(anonymous_160)
FN:7,(anonymous_161)
FN:7,(anonymous_162)
FN:7,(anonymous_163)
FN:7,(anonymous_164)
FN:7,(anonymous_165)
FN:7,(anonymous_166)
FN:7,(anonymous_167)
FN:7,(anonymous_168)
FN:7,(anonymous_169)
FN:7,(anonymous_170)
FN:7,ao
FN:7,(anonymous_172)
FN:7,lo
FN:7,(anonymous_174)
FN:7,uo
FN:7,(anonymous_176)
FN:7,(anonymous_177)
FN:7,(anonymous_178)
FN:7,(anonymous_179)
FN:7,j
FN:7,(anonymous_181)
FN:7,Lu
FN:7,(anonymous_183)
FN:7,Fo
FN:7,(anonymous_185)
FN:7,(anonymous_186)
FN:8,So
FN:8,$o
FN:8,(anonymous_189)
FN:8,(anonymous_190)
FN:8,kt
FN:9,Wu
FN:11,(anonymous_193)
FN:15,(anonymous_194)
FN:17,ko
FN:17,Io
FN:17,Hu
FN:17,Gn
FN:17,zu
FN:17,It
FN:17,Hn
FN:17,(anonymous_202)
FN:17,(anonymous_203)
FN:17,e
FN:17,(anonymous_205)
FN:17,(anonymous_206)
FN:17,(anonymous_207)
FN:17,(anonymous_208)
FN:17,(anonymous_209)
FN:17,(anonymous_210)
FN:17,tt
FN:17,(anonymous_212)
FN:17,(anonymous_213)
FN:17,(anonymous_214)
FN:17,(anonymous_215)
FN:17,(anonymous_216)
FN:17,(anonymous_217)
FN:17,(anonymous_218)
FN:17,(anonymous_219)
FN:17,(anonymous_220)
FN:17,pt
FN:17,(anonymous_222)
FN:17,e
FN:17,(anonymous_224)
FN:17,(anonymous_225)
FN:17,(anonymous_226)
FN:17,(anonymous_227)
FN:17,(anonymous_228)
FN:17,(anonymous_229)
FN:17,(anonymous_230)
FN:17,(anonymous_231)
FN:17,(anonymous_232)
FN:17,(anonymous_233)
FN:17,(anonymous_234)
FN:17,Yn
FN:17,Zn
FN:17,Lt
FN:17,(anonymous_238)
FN:17,jt
FN:17,ts
FN:17,ac
FN:17,(anonymous_242)
FN:17,(anonymous_243)
FN:17,(anonymous_244)
FN:17,(anonymous_245)
FN:17,(anonymous_246)
FN:17,(anonymous_247)
FN:17,(anonymous_248)
FN:17,(anonymous_249)
FN:17,(anonymous_250)
FN:17,(anonymous_251)
FN:17,(anonymous_252)
FN:17,(anonymous_253)
FN:18,lc
FN:18,uc
FN:18,Yo
FN:18,rs
FN:18,(anonymous_258)
FN:18,cc
FN:18,(anonymous_260)
FN:18,(anonymous_261)
FN:18,(anonymous_262)
FN:18,(anonymous_263)
FN:18,pc
FN:18,Zo
FN:18,dc
FN:18,(anonymous_267)
FN:18,ft
FN:18,mc
FN:18,ni
FN:18,ns
FN:18,fc
FN:18,(anonymous_273)
FN:18,(anonymous_274)
FN:20,gc
FN:20,Dr
FN:20,(anonymous_277)
FN:20,yc
FN:20,is
FN:20,ss
FN:20,ai
FN:20,li
FN:20,(anonymous_283)
FN:20,(anonymous_284)
FN:20,(anonymous_285)
FN:20,(anonymous_286)
FN:20,(anonymous_287)
FN:20,(anonymous_288)
FN:20,(anonymous_289)
FN:20,(anonymous_290)
FN:20,(anonymous_291)
FN:20,(anonymous_292)
FN:20,(anonymous_293)
FN:20,(anonymous_294)
FN:20,(anonymous_295)
FN:23,(anonymous_296)
FN:23,(anonymous_297)
FN:23,ci
FN:23,(anonymous_299)
FN:23,(anonymous_300)
FN:25,wc
FN:25,(anonymous_302)
FN:25,(anonymous_303)
FN:25,Ec
FN:25,(anonymous_305)
FN:25,(anonymous_306)
FN:26,Tc
FN:26,(anonymous_308)
FN:26,(anonymous_309)
FN:26,(anonymous_310)
FN:26,(anonymous_311)
FN:26,(anonymous_312)
FN:26,(anonymous_313)
FN:26,(anonymous_314)
FN:26,(anonymous_315)
FN:26,(anonymous_316)
FN:26,(anonymous_317)
FN:26,Pc
FN:26,pi
FN:26,Mc
FN:26,vc
FN:26,Ac
FN:26,Me
FN:26,kr
FN:26,(anonymous_325)
FN:26,(anonymous_326)
FN:26,di
FN:26,mi
FN:26,(anonymous_329)
FN:26,(anonymous_330)
FN:26,gt
FN:26,gi
FN:26,ge
FN:26,(anonymous_334)
FN:26,(anonymous_335)
FN:26,(anonymous_336)
FN:26,(anonymous_337)
FN:26,(anonymous_338)
FN:26,(anonymous_339)
FN:26,(anonymous_340)
FN:26,(anonymous_341)
FN:26,(anonymous_342)
FN:26,(anonymous_343)
FN:26,(anonymous_344)
FN:26,(anonymous_345)
FN:26,Jt
FN:26,(anonymous_347)
FN:26,ys
FN:26,yi
FN:26,hs
FN:26,(anonymous_351)
FN:26,(anonymous_352)
FN:26,Sc
FN:26,hi
FN:26,(anonymous_355)
FN:26,bs
FN:26,(anonymous_357)
FN:26,(anonymous_358)
FN:26,(anonymous_359)
FN:26,(anonymous_360)
FN:26,(anonymous_361)
FN:26,(anonymous_362)
FN:26,(anonymous_363)
FN:26,(anonymous_364)
FN:26,(anonymous_365)
FN:26,(anonymous_366)
FN:26,(anonymous_367)
FN:26,(anonymous_368)
FN:26,(anonymous_369)
FN:26,(anonymous_370)
FN:26,(anonymous_371)
FN:26,(anonymous_372)
FN:26,(anonymous_373)
FN:26,(anonymous_374)
FN:26,(anonymous_375)
FN:26,(anonymous_376)
FN:26,(anonymous_377)
FN:26,(anonymous_378)
FN:26,(anonymous_379)
FN:26,(anonymous_380)
FN:26,(anonymous_381)
FN:26,(anonymous_382)
FN:26,(anonymous_383)
FN:26,(anonymous_384)
FN:26,(anonymous_385)
FN:26,(anonymous_386)
FN:26,(anonymous_387)
FN:26,(anonymous_388)
FN:26,(anonymous_389)
FN:26,(anonymous_390)
FN:26,(anonymous_391)
FN:26,(anonymous_392)
FN:26,(anonymous_393)
FN:26,(anonymous_394)
FN:26,(anonymous_395)
FN:26,(anonymous_396)
FN:26,(anonymous_397)
FN:26,(anonymous_398)
FN:26,(anonymous_399)
FN:26,(anonymous_400)
FN:26,(anonymous_401)
FN:26,(anonymous_402)
FN:26,(anonymous_403)
FN:26,(anonymous_404)
FN:26,(anonymous_405)
FN:26,(anonymous_406)
FN:26,(anonymous_407)
FN:26,(anonymous_408)
FN:26,(anonymous_409)
FN:26,(anonymous_410)
FN:26,(anonymous_411)
FN:26,(anonymous_412)
FN:26,(anonymous_413)
FN:26,(anonymous_414)
FN:26,X
FN:26,ye
FN:26,Gt
FN:26,Nr
FN:26,Ic
FN:26,(anonymous_420)
FN:26,e
FN:26,t
FN:26,r
FN:26,(anonymous_424)
FN:26,T
FN:26,De
FN:26,Br
FN:26,jr
FN:26,ve
FN:26,Cs
FN:26,Qe
FN:26,Fs
FN:26,xs
FN:26,Ss
FN:26,Ei
FN:26,Ue
FN:26,Os
FN:26,Ti
FN:26,Nc
FN:26,_c
FN:26,bt
FN:26,Vr
FN:26,Rs
FN:26,Pi
FN:26,ws
FN:26,Lc
FN:26,jc
FN:26,qc
FN:26,Bc
FN:26,Vc
FN:26,Kc
FN:26,Qc
FN:26,Uc
FN:26,Jc
FN:26,Gc
FN:26,Wc
FN:26,Hc
FN:26,zc
FN:26,Yc
FN:26,Zc
FN:26,Ds
FN:26,i
FN:26,Xc
FN:26,ep
FN:26,tp
FN:26,rp
FN:26,Es
FN:26,np
FN:26,ip
FN:26,op
FN:26,sp
FN:26,ap
FN:26,lp
FN:26,up
FN:26,cp
FN:26,pp
FN:26,dp
FN:26,mp
FN:26,fp
FN:26,gp
FN:26,yp
FN:26,hp
FN:26,bp
FN:26,xp
FN:26,wp
FN:26,Ep
FN:26,Tp
FN:26,(anonymous_488)
FN:26,(anonymous_489)
FN:26,xt
FN:26,(anonymous_491)
FN:26,(anonymous_492)
FN:26,(anonymous_493)
FN:26,(anonymous_494)
FN:26,vi
FN:26,de
FN:26,$e
FN:26,ke
FN:26,(anonymous_499)
FN:26,Tt
FN:26,Xt
FN:26,Pt
FN:26,(anonymous_503)
FN:26,Ap
FN:26,Ur
FN:26,(anonymous_506)
FN:26,(anonymous_507)
FN:26,Mt
FN:28,(anonymous_509)
FN:28,(anonymous_510)
FN:31,Cp
FN:31,Zt
FN:31,er
FN:31,Ci
FN:31,(anonymous_515)
FN:31,(anonymous_516)
FN:31,(anonymous_517)
FN:31,(anonymous_518)
FN:31,Ns
FN:31,vt
FN:31,_s
FN:31,Fp
FN:31,(anonymous_523)
FN:31,(anonymous_524)
FN:31,(anonymous_525)
FN:31,(anonymous_526)
FN:31,(anonymous_527)
FN:31,(anonymous_528)
FN:31,(anonymous_529)
FN:31,(anonymous_530)
FN:31,(anonymous_531)
FN:31,(anonymous_532)
FN:31,(anonymous_533)
FN:31,(anonymous_534)
FN:31,(anonymous_535)
FN:31,(anonymous_536)
FN:31,(anonymous_537)
FN:31,(anonymous_538)
FN:31,(anonymous_539)
FN:31,(anonymous_540)
FN:31,(anonymous_541)
FN:31,(anonymous_542)
FN:31,(anonymous_543)
FN:31,(anonymous_544)
FN:31,(anonymous_545)
FN:31,(anonymous_546)
FN:31,(anonymous_547)
FN:31,(anonymous_548)
FN:31,(anonymous_549)
FN:31,(anonymous_550)
FN:31,(anonymous_551)
FN:31,(anonymous_552)
FN:31,(anonymous_553)
FN:31,Ls
FN:31,Fi
FN:31,Si
FN:31,Vs
FN:31,Sp
FN:31,(anonymous_559)
FN:31,(anonymous_560)
FN:31,(anonymous_561)
FN:31,(anonymous_562)
FN:31,Ks
FN:31,tr
FN:31,(anonymous_565)
FN:31,(anonymous_566)
FN:31,Ce
FN:31,(anonymous_568)
FN:31,(anonymous_569)
FN:31,(anonymous_570)
FN:31,(anonymous_571)
FN:31,(anonymous_572)
FN:31,(anonymous_573)
FN:31,nt
FN:31,(anonymous_575)
FN:31,(anonymous_576)
FN:31,(anonymous_577)
FN:31,(anonymous_578)
FN:31,zr
FN:31,(anonymous_580)
FN:31,(anonymous_581)
FN:31,(anonymous_582)
FN:31,(anonymous_583)
FN:31,Ne
FN:31,(anonymous_585)
FN:31,(anonymous_586)
FN:31,(anonymous_587)
FN:31,(anonymous_588)
FN:31,(anonymous_589)
FN:31,(anonymous_590)
FN:31,(anonymous_591)
FN:31,Op
FN:31,Us
FN:31,(anonymous_594)
FN:31,rr
FN:31,(anonymous_596)
FN:31,(anonymous_597)
FN:31,(anonymous_598)
FN:31,Gs
FN:31,Zr
FN:33,Rp
FN:33,He
FN:33,ze
FN:34,(anonymous_604)
FN:35,Ws
FN:40,Xr
FN:41,Hs
FN:48,zs
FN:48,(anonymous_609)
FN:53,Ys
FN:60,(anonymous_611)
FN:60,(anonymous_612)
FN:60,Xs
FN:60,(anonymous_614)
FN:60,(anonymous_615)
FN:60,Ip
FN:60,ea
FN:60,ta
FN:60,Np
FN:60,ra
FN:60,(anonymous_621)
FN:60,na
FN:61,(anonymous_623)
FN:62,oa
FN:62,sa
FN:106,aa
FN:106,_p
FN:106,Lp
FN:106,(anonymous_629)
FN:106,(anonymous_630)
FN:106,(anonymous_631)
FN:106,(anonymous_632)
FN:106,(anonymous_633)
FN:106,(anonymous_634)
FN:106,(anonymous_635)
FN:106,(anonymous_636)
FN:106,(anonymous_637)
FN:106,(anonymous_638)
FN:106,(anonymous_639)
FN:106,Bp
FN:106,Vp
FN:106,(anonymous_642)
FN:107,(anonymous_643)
FN:107,(anonymous_644)
FN:107,(anonymous_645)
FN:107,(anonymous_646)
FN:107,(anonymous_647)
FN:107,(anonymous_648)
FN:108,(anonymous_649)
FN:108,(anonymous_650)
FN:108,(anonymous_651)
FN:108,(anonymous_652)
FN:108,(anonymous_653)
FN:108,(anonymous_654)
FN:108,(anonymous_655)
FN:108,(anonymous_656)
FN:108,(anonymous_657)
FN:108,(anonymous_658)
FN:108,(anonymous_659)
FN:108,(anonymous_660)
FN:108,(anonymous_661)
FN:108,(anonymous_662)
FN:108,(anonymous_663)
FN:108,(anonymous_664)
FN:108,(anonymous_665)
FN:108,(anonymous_666)
FN:108,(anonymous_667)
FN:109,(anonymous_668)
FN:109,(anonymous_669)
FN:109,(anonymous_670)
FN:109,(anonymous_671)
FN:109,da
FN:110,(anonymous_673)
FN:110,Up
FN:110,Gp
FN:110,zp
FN:110,Zp
FN:110,ed
FN:110,(anonymous_679)
FN:110,(anonymous_680)
FN:110,(anonymous_681)
FN:110,(anonymous_682)
FN:110,Ye
FN:110,At
FN:110,(anonymous_685)
FN:110,rd
FN:110,rn
FN:110,(anonymous_688)
FN:110,fa
FN:110,nd
FN:110,id
FN:110,(anonymous_692)
FN:110,(anonymous_693)
FN:110,ga
FN:110,od
FN:110,sd
FN:110,(anonymous_697)
FN:110,(anonymous_698)
FN:110,ya
FN:110,ha
FN:110,(anonymous_701)
FN:110,(anonymous_702)
FN:110,(anonymous_703)
FN:110,ba
FN:110,(anonymous_705)
FN:110,(anonymous_706)
FN:110,(anonymous_707)
FN:110,(anonymous_708)
FN:110,(anonymous_709)
FN:110,(anonymous_710)
FN:110,(anonymous_711)
FN:110,(anonymous_712)
FN:110,ad
FN:110,ld
FN:110,Li
FN:110,(anonymous_716)
FN:110,(anonymous_717)
FN:110,(anonymous_718)
FN:110,ud
FN:110,(anonymous_720)
FN:110,(anonymous_721)
FN:110,Te
FN:110,(anonymous_723)
FN:110,Ea
FN:110,cd
FN:110,(anonymous_726)
FN:110,(anonymous_727)
FN:110,(anonymous_728)
FN:110,(anonymous_729)
FN:110,wa
FN:110,(anonymous_731)
FN:110,(anonymous_732)
FN:110,pd
FN:110,(anonymous_734)
FN:110,on
FN:110,(anonymous_736)
FN:110,(anonymous_737)
FN:110,(anonymous_738)
FN:110,(anonymous_739)
FN:110,(anonymous_740)
FN:110,(anonymous_741)
FN:110,(anonymous_742)
FN:110,e
FN:110,(anonymous_744)
FN:110,(anonymous_745)
FN:110,(anonymous_746)
FN:110,(anonymous_747)
FN:110,e
FN:110,(anonymous_749)
FN:110,(anonymous_750)
FN:110,(anonymous_751)
FN:110,(anonymous_752)
FN:110,(anonymous_753)
FN:110,Fe
FN:110,(anonymous_755)
FN:110,(anonymous_756)
FN:110,fd
FN:110,Pa
FN:110,gd
FN:110,(anonymous_760)
FN:110,va
FN:110,(anonymous_762)
FN:110,(anonymous_763)
FN:110,(anonymous_764)
FN:110,(anonymous_765)
FN:110,(anonymous_766)
FN:110,(anonymous_767)
FN:110,(anonymous_768)
FN:110,(anonymous_769)
FN:110,(anonymous_770)
FN:110,(anonymous_771)
FN:110,(anonymous_772)
FN:112,(anonymous_773)
FN:113,(anonymous_774)
FN:114,(anonymous_775)
FN:114,(anonymous_776)
FN:114,(anonymous_777)
FN:114,(anonymous_778)
FN:114,(anonymous_779)
FN:114,(anonymous_780)
FN:114,(anonymous_781)
FN:114,bd
FN:114,(anonymous_783)
FN:114,(anonymous_784)
FN:114,(anonymous_785)
FN:114,xd
FN:114,wd
FN:114,Ed
FN:115,Td
FN:115,_e
FN:115,Sa
FN:115,Oa
FN:115,Ra
FN:115,(anonymous_794)
FN:115,Fa
FN:115,(anonymous_796)
FN:115,Da
FN:115,$a
FN:115,ka
FN:115,(anonymous_800)
FN:115,i
FN:117,(anonymous_802)
FN:118,(anonymous_803)
FN:118,(anonymous_804)
FN:118,(anonymous_805)
FN:118,(anonymous_806)
FN:119,an
FN:119,(anonymous_808)
FN:119,(anonymous_809)
FN:119,(anonymous_810)
FN:119,(anonymous_811)
FN:120,(anonymous_812)
FN:123,Fd
FN:123,qa
FN:123,Sd
FN:124,(anonymous_816)
FN:124,Od
FN:125,(anonymous_818)
FN:125,(anonymous_819)
FN:126,(anonymous_820)
FN:126,(anonymous_821)
FN:128,(anonymous_822)
FN:136,(anonymous_823)
FN:137,(anonymous_824)
FN:137,(anonymous_825)
FN:138,(anonymous_826)
FN:139,(anonymous_827)
FN:139,(anonymous_828)
FN:139,(anonymous_829)
FN:142,(anonymous_830)
FN:142,(anonymous_831)
FN:142,(anonymous_832)
FN:142,(anonymous_833)
FN:142,(anonymous_834)
FN:142,(anonymous_835)
FN:142,(anonymous_836)
FN:142,(anonymous_837)
FN:142,(anonymous_838)
FN:142,(anonymous_839)
FN:142,(anonymous_840)
FN:142,(anonymous_841)
FN:144,(anonymous_842)
FN:144,(anonymous_843)
FN:146,(anonymous_844)
FN:148,(anonymous_845)
FN:148,(anonymous_846)
FN:148,(anonymous_847)
FN:148,(anonymous_848)
FN:149,(anonymous_849)
FN:149,(anonymous_850)
FN:149,(anonymous_851)
FN:149,(anonymous_852)
FN:149,(anonymous_853)
FN:154,(anonymous_854)
FN:154,(anonymous_855)
FN:154,(anonymous_856)
FN:154,(anonymous_857)
FN:154,(anonymous_858)
FN:154,(anonymous_859)
FN:154,(anonymous_860)
FN:154,(anonymous_861)
FN:154,(anonymous_862)
FN:154,(anonymous_863)
FN:155,(anonymous_864)
FN:155,(anonymous_865)
FN:155,Vi
FN:155,(anonymous_867)
FN:155,(anonymous_868)
FN:155,(anonymous_869)
FN:155,(anonymous_870)
FN:155,(anonymous_871)
FN:155,(anonymous_872)
FN:155,(anonymous_873)
FN:157,(anonymous_874)
FN:158,(anonymous_875)
FN:162,(anonymous_876)
FN:162,(anonymous_877)
FN:162,(anonymous_878)
FN:162,(anonymous_879)
FN:162,(anonymous_880)
FN:162,(anonymous_881)
FN:162,cn
FN:162,Va
FN:162,Ka
FN:162,(anonymous_885)
FN:162,(anonymous_886)
FN:162,(anonymous_887)
FN:162,(anonymous_888)
FN:162,(anonymous_889)
FN:162,(anonymous_890)
FN:162,(anonymous_891)
FN:162,(anonymous_892)
FN:162,(anonymous_893)
FN:162,Rd
FN:162,Dd
FN:162,Ji
FN:162,Qa
FN:162,(anonymous_898)
FN:162,$d
FN:162,(anonymous_900)
FN:162,(anonymous_901)
FN:162,kd
FN:162,Id
FN:162,(anonymous_904)
FN:162,(anonymous_905)
FN:162,(anonymous_906)
FN:162,Ua
FN:162,Nd
FN:162,(anonymous_909)
FN:162,_d
FN:162,(anonymous_911)
FN:162,(anonymous_912)
FN:162,(anonymous_913)
FN:162,(anonymous_914)
FN:162,Ld
FN:162,jd
FN:162,(anonymous_917)
FN:162,Ct
FN:162,Ba
FN:162,un
FN:162,(anonymous_921)
FN:162,(anonymous_922)
FN:162,(anonymous_923)
FN:162,(anonymous_924)
FN:162,(anonymous_925)
FN:162,(anonymous_926)
FN:162,(anonymous_927)
FN:162,(anonymous_928)
FN:162,(anonymous_929)
FN:162,pn
FN:162,Gi
FN:162,(anonymous_932)
FN:162,(anonymous_933)
FN:162,(anonymous_934)
FN:162,(anonymous_935)
FN:162,(anonymous_936)
FN:162,qd
FN:162,(anonymous_938)
FN:162,(anonymous_939)
FN:162,Ki
FN:162,(anonymous_941)
FN:162,Wi
FN:162,Bd
FN:162,(anonymous_944)
FN:162,(anonymous_945)
FN:162,Hi
FN:162,Ga
FN:162,Wa
FN:162,Qd
FN:162,(anonymous_950)
FN:162,(anonymous_951)
FN:162,zi
FN:162,Gd
FN:162,(anonymous_954)
FN:162,Wd
FN:162,(anonymous_956)
FN:162,(anonymous_957)
FN:162,(anonymous_958)
FN:162,(anonymous_959)
FN:162,(anonymous_960)
FN:162,(anonymous_961)
FN:162,Hd
FN:162,zd
FN:162,(anonymous_964)
FN:162,Ha
FN:162,(anonymous_966)
FN:162,cr
FN:162,(anonymous_968)
FN:162,Yd
FN:162,(anonymous_970)
FN:162,(anonymous_971)
FN:162,(anonymous_972)
FN:162,mn
FN:162,za
FN:162,Ya
FN:162,Zd
FN:162,pr
FN:162,Xa
FN:162,(anonymous_979)
FN:162,(anonymous_980)
FN:162,el
FN:162,tl
FN:162,(anonymous_983)
FN:162,rl
FN:162,(anonymous_985)
FN:162,(anonymous_986)
FN:162,(anonymous_987)
FN:162,nl
FN:162,(anonymous_989)
FN:162,(anonymous_990)
FN:162,(anonymous_991)
FN:162,(anonymous_992)
FN:162,(anonymous_993)
FN:162,(anonymous_994)
FN:162,(anonymous_995)
FN:162,(anonymous_996)
FN:162,(anonymous_997)
FN:162,(anonymous_998)
FN:162,(anonymous_999)
FN:162,(anonymous_1000)
FN:162,(anonymous_1001)
FN:162,(anonymous_1002)
FN:162,(anonymous_1003)
FN:162,(anonymous_1004)
FN:162,(anonymous_1005)
FN:162,(anonymous_1006)
FN:162,(anonymous_1007)
FN:162,(anonymous_1008)
FN:162,(anonymous_1009)
FN:162,(anonymous_1010)
FN:162,sl
FN:164,(anonymous_1012)
FN:164,(anonymous_1013)
FN:164,(anonymous_1014)
FN:164,(anonymous_1015)
FN:164,(anonymous_1016)
FN:164,(anonymous_1017)
FN:164,(anonymous_1018)
FN:164,(anonymous_1019)
FN:164,(anonymous_1020)
FN:164,(anonymous_1021)
FN:164,(anonymous_1022)
FN:164,(anonymous_1023)
FN:164,(anonymous_1024)
FN:164,(anonymous_1025)
FN:164,yn
FN:164,em
FN:164,tm
FN:164,(anonymous_1029)
FN:164,(anonymous_1030)
FN:164,(anonymous_1031)
FN:164,(anonymous_1032)
FN:164,(anonymous_1033)
FN:164,(anonymous_1034)
FN:164,(anonymous_1035)
FN:164,(anonymous_1036)
FN:164,(anonymous_1037)
FN:164,(anonymous_1038)
FN:164,(anonymous_1039)
FN:165,(anonymous_1040)
FN:165,(anonymous_1041)
FN:165,ul
FN:165,(anonymous_1043)
FN:165,cl
FN:165,(anonymous_1045)
FN:165,rm
FN:165,nm
FN:165,(anonymous_1048)
FN:165,al
FN:165,ll
FN:165,(anonymous_1051)
FN:165,(anonymous_1052)
FN:165,(anonymous_1053)
FN:165,(anonymous_1054)
FN:165,(anonymous_1055)
FN:165,(anonymous_1056)
FN:165,(anonymous_1057)
FN:165,(anonymous_1058)
FN:165,(anonymous_1059)
FN:165,(anonymous_1060)
FN:165,(anonymous_1061)
FN:165,(anonymous_1062)
FN:165,(anonymous_1063)
FN:165,(anonymous_1064)
FN:165,(anonymous_1065)
FN:165,(anonymous_1066)
FN:165,(anonymous_1067)
FN:165,(anonymous_1068)
FN:165,(anonymous_1069)
FN:165,(anonymous_1070)
FN:165,(anonymous_1071)
FN:165,(anonymous_1072)
FN:165,(anonymous_1073)
FN:165,(anonymous_1074)
FN:165,(anonymous_1075)
FN:165,(anonymous_1076)
FN:165,(anonymous_1077)
FN:165,(anonymous_1078)
FN:165,(anonymous_1079)
FN:165,(anonymous_1080)
FN:165,(anonymous_1081)
FN:165,(anonymous_1082)
FN:165,(anonymous_1083)
FN:165,(anonymous_1084)
FN:165,(anonymous_1085)
FN:165,(anonymous_1086)
FN:165,(anonymous_1087)
FN:165,(anonymous_1088)
FN:165,(anonymous_1089)
FN:165,(anonymous_1090)
FN:165,(anonymous_1091)
FN:165,(anonymous_1092)
FN:165,(anonymous_1093)
FN:165,(anonymous_1094)
FN:165,bn
FN:165,om
FN:165,(anonymous_1097)
FN:165,sm
FN:165,(anonymous_1099)
FN:166,am
FN:166,(anonymous_1101)
FN:166,lm
FN:166,(anonymous_1103)
FN:166,um
FN:166,(anonymous_1105)
FN:166,(anonymous_1106)
FN:166,cm
FN:166,(anonymous_1108)
FN:166,(anonymous_1109)
FN:166,fl
FN:166,pm
FN:166,(anonymous_1112)
FN:166,gl
FN:166,dm
FN:166,(anonymous_1115)
FN:166,(anonymous_1116)
FN:166,mm
FN:166,(anonymous_1118)
FN:166,(anonymous_1119)
FN:166,fm
FN:166,(anonymous_1121)
FN:166,gm
FN:166,(anonymous_1123)
FN:166,(anonymous_1124)
FN:166,ym
FN:166,(anonymous_1126)
FN:166,(anonymous_1127)
FN:166,yl
FN:166,hm
FN:166,hl
FN:166,En
FN:166,dr
FN:166,Tn
FN:166,xm
FN:166,(anonymous_1135)
FN:166,(anonymous_1136)
FN:166,(anonymous_1137)
FN:166,(anonymous_1138)
FN:166,(anonymous_1139)
FN:166,(anonymous_1140)
FN:166,(anonymous_1141)
FN:166,(anonymous_1142)
FN:166,(anonymous_1143)
FN:166,(anonymous_1144)
FN:166,(anonymous_1145)
FN:166,(anonymous_1146)
FN:166,(anonymous_1147)
FN:166,(anonymous_1148)
FN:166,(anonymous_1149)
FN:166,(anonymous_1150)
FN:166,(anonymous_1151)
FN:166,(anonymous_1152)
FN:167,xl
FN:167,wl
FN:167,El
FN:167,wm
FN:167,vn
FN:167,Tl
FN:167,eo
FN:167,Tm
FN:167,Pm
FN:167,Mm
FN:167,vm
FN:167,Pl
FN:167,Ml
FN:167,Am
FN:167,Cm
FN:167,(anonymous_1168)
FN:167,(anonymous_1169)
FN:167,(anonymous_1170)
FN:167,(anonymous_1171)
FN:167,(anonymous_1172)
FN:167,(anonymous_1173)
FN:167,(anonymous_1174)
FN:167,(anonymous_1175)
FN:167,(anonymous_1176)
FN:167,(anonymous_1177)
FN:167,(anonymous_1178)
FN:167,(anonymous_1179)
FN:167,(anonymous_1180)
FN:167,(anonymous_1181)
FN:167,(anonymous_1182)
FN:167,(anonymous_1183)
FN:167,(anonymous_1184)
FN:167,(anonymous_1185)
FN:167,(anonymous_1186)
FN:167,(anonymous_1187)
FN:167,(anonymous_1188)
FN:167,(anonymous_1189)
FN:167,(anonymous_1190)
FN:167,(anonymous_1191)
FN:167,to
FN:167,(anonymous_1193)
FN:167,(anonymous_1194)
FN:167,(anonymous_1195)
FN:167,(anonymous_1196)
FN:167,fr
FN:167,Cl
FN:167,(anonymous_1199)
FN:167,Sm
FN:167,Om
FN:167,Sl
FN:167,Fl
FN:167,ro
FN:174,(anonymous_1205)
FN:174,(anonymous_1206)
FN:174,(anonymous_1207)
FN:174,(anonymous_1208)
FN:174,(anonymous_1209)
FN:174,(anonymous_1210)
FN:174,io
FN:174,(anonymous_1212)
FN:174,(anonymous_1213)
FN:174,(anonymous_1214)
FN:174,(anonymous_1215)
FN:174,(anonymous_1216)
FN:174,(anonymous_1217)
FN:174,$l
FN:174,(anonymous_1219)
FN:174,(anonymous_1220)
FN:174,(anonymous_1221)
FN:174,(anonymous_1222)
FN:174,(anonymous_1223)
FN:174,(anonymous_1224)
FN:174,(anonymous_1225)
FN:174,(anonymous_1226)
FN:174,(anonymous_1227)
FN:174,(anonymous_1228)
FN:174,(anonymous_1229)
FN:174,Il
FN:174,Nl
FN:174,(anonymous_1232)
FN:174,(anonymous_1233)
FN:174,(anonymous_1234)
FN:174,_l
FN:174,(anonymous_1236)
FN:174,ql
FN:174,(anonymous_1238)
FN:174,(anonymous_1239)
FN:174,(anonymous_1240)
FN:174,(anonymous_1241)
FN:174,(anonymous_1242)
FN:174,(anonymous_1243)
FN:174,(anonymous_1244)
FN:174,(anonymous_1245)
FN:174,(anonymous_1246)
FN:174,Fn
FN:174,Bl
FN:174,(anonymous_1249)
FN:174,$m
FN:174,(anonymous_1251)
FN:174,km
FN:174,(anonymous_1253)
FN:174,Sn
FN:174,Vl
FN:174,(anonymous_1256)
FN:174,(anonymous_1257)
FN:174,(anonymous_1258)
FN:174,(anonymous_1259)
FN:174,(anonymous_1260)
FN:174,(anonymous_1261)
FN:174,(anonymous_1262)
FN:174,(anonymous_1263)
FN:174,(anonymous_1264)
FN:174,(anonymous_1265)
FN:174,(anonymous_1266)
FN:174,(anonymous_1267)
FN:174,(anonymous_1268)
FN:174,(anonymous_1269)
FN:174,(anonymous_1270)
FN:174,(anonymous_1271)
FN:174,(anonymous_1272)
FN:174,(anonymous_1273)
FN:174,(anonymous_1274)
FN:174,(anonymous_1275)
FN:174,(anonymous_1276)
FN:174,(anonymous_1277)
FN:174,(anonymous_1278)
FN:174,(anonymous_1279)
FN:174,(anonymous_1280)
FN:174,(anonymous_1281)
FN:174,(anonymous_1282)
FN:174,(anonymous_1283)
FN:174,(anonymous_1284)
FN:174,(anonymous_1285)
FN:174,Nm
FN:174,Ql
FN:174,_m
FN:174,Lm
FN:174,Ul
FN:174,Jl
FN:174,(anonymous_1292)
FN:174,Gl
FN:174,(anonymous_1294)
FN:177,(anonymous_1295)
FN:177,(anonymous_1296)
FN:177,t
FN:177,(anonymous_1298)
FN:177,(anonymous_1299)
FN:177,(anonymous_1300)
FN:177,Zl
FN:177,Ot
FN:177,qm
FN:177,(anonymous_1304)
FN:177,(anonymous_1305)
FN:177,Xl
FN:177,(anonymous_1307)
FN:177,(anonymous_1308)
FN:177,(anonymous_1309)
FN:177,(anonymous_1310)
FN:177,(anonymous_1311)
FN:177,(anonymous_1312)
FN:177,(anonymous_1313)
FN:177,(anonymous_1314)
FN:177,iu
FN:177,(anonymous_1316)
FN:177,(anonymous_1317)
FN:177,(anonymous_1318)
FN:177,(anonymous_1319)
FN:177,(anonymous_1320)
FN:177,(anonymous_1321)
FN:177,(anonymous_1322)
FN:177,(anonymous_1323)
FN:177,(anonymous_1324)
FN:177,(anonymous_1325)
FN:177,(anonymous_1326)
FN:177,(anonymous_1327)
FN:177,(anonymous_1328)
FN:177,(anonymous_1329)
FN:177,(anonymous_1330)
FN:177,(anonymous_1331)
FN:177,(anonymous_1332)
FN:177,(anonymous_1333)
FN:177,(anonymous_1334)
FN:177,(anonymous_1335)
FN:177,(anonymous_1336)
FN:177,(anonymous_1337)
FN:177,(anonymous_1338)
FN:177,(anonymous_1339)
FN:177,(anonymous_1340)
FN:177,(anonymous_1341)
FN:177,(anonymous_1342)
FN:177,(anonymous_1343)
FN:177,(anonymous_1344)
FN:177,(anonymous_1345)
FN:177,(anonymous_1346)
FN:177,(anonymous_1347)
FN:177,(anonymous_1348)
FN:177,(anonymous_1349)
FN:177,(anonymous_1350)
FN:177,(anonymous_1351)
FN:177,(anonymous_1352)
FN:177,(anonymous_1353)
FN:177,(anonymous_1354)
FN:177,(anonymous_1355)
FN:177,(anonymous_1356)
FN:177,(anonymous_1357)
FN:177,(anonymous_1358)
FN:177,(anonymous_1359)
FN:177,(anonymous_1360)
FN:177,(anonymous_1361)
FN:177,(anonymous_1362)
FN:177,(anonymous_1363)
FN:177,(anonymous_1364)
FN:178,(anonymous_1365)
FN:178,(anonymous_1366)
FN:178,Um
FN:178,eu
FN:178,Jm
FN:178,ou
FN:178,(anonymous_1371)
FN:178,(anonymous_1372)
FN:178,au
FNF:1374
FNH:132
FNDA:26,(anonymous_0)
FNDA:37,(anonymous_1)
FNDA:5,(anonymous_2)
FNDA:38,(anonymous_3)
FNDA:21,(anonymous_4)
FNDA:37,(anonymous_5)
FNDA:1,(anonymous_6)
FNDA:1,(anonymous_7)
FNDA:0,(anonymous_8)
FNDA:0,hu
FNDA:0,bu
FNDA:0,xu
FNDA:0,xr
FNDA:1,(anonymous_13)
FNDA:1,wu
FNDA:9,(anonymous_15)
FNDA:11,t
FNDA:11,r
FNDA:1,g
FNDA:0,(anonymous_19)
FNDA:12,(anonymous_20)
FNDA:0,(anonymous_21)
FNDA:0,n
FNDA:1,i
FNDA:0,o
FNDA:0,(anonymous_25)
FNDA:0,s
FNDA:0,a
FNDA:0,l
FNDA:0,u
FNDA:0,(anonymous_30)
FNDA:0,(anonymous_31)
FNDA:0,(anonymous_32)
FNDA:0,Eu
FNDA:0,Tu
FNDA:0,(anonymous_35)
FNDA:0,(anonymous_36)
FNDA:0,Pu
FNDA:0,Mu
FNDA:0,vu
FNDA:0,(anonymous_40)
FNDA:1,(anonymous_41)
FNDA:36,(anonymous_42)
FNDA:1,(anonymous_43)
FNDA:4,jn
FNDA:4,qn
FNDA:0,(anonymous_46)
FNDA:2,Fu
FNDA:1,(anonymous_48)
FNDA:0,(anonymous_49)
FNDA:97,(anonymous_50)
FNDA:0,(anonymous_51)
FNDA:0,(anonymous_52)
FNDA:11,Ou
FNDA:0,Ru
FNDA:0,Du
FNDA:0,$u
FNDA:1,ku
FNDA:1,Iu
FNDA:11,Nu
FNDA:0,(anonymous_60)
FNDA:0,(anonymous_61)
FNDA:0,(anonymous_62)
FNDA:1,(anonymous_63)
FNDA:1,(anonymous_64)
FNDA:1,(anonymous_65)
FNDA:1,Uu
FNDA:0,Qn
FNDA:1,Ju
FNDA:1,Gu
FNDA:5,(anonymous_70)
FNDA:1,(anonymous_71)
FNDA:0,(anonymous_72)
FNDA:0,(anonymous_73)
FNDA:1,(anonymous_74)
FNDA:0,(anonymous_75)
FNDA:1,(anonymous_76)
FNDA:0,(anonymous_77)
FNDA:0,(anonymous_78)
FNDA:0,(anonymous_79)
FNDA:0,(anonymous_80)
FNDA:0,(anonymous_81)
FNDA:0,(anonymous_82)
FNDA:0,(anonymous_83)
FNDA:0,(anonymous_84)
FNDA:0,(anonymous_85)
FNDA:0,(anonymous_86)
FNDA:0,(anonymous_87)
FNDA:1,(anonymous_88)
FNDA:0,Uo
FNDA:0,(anonymous_90)
FNDA:2,ei
FNDA:1,(anonymous_92)
FNDA:0,(anonymous_93)
FNDA:0,(anonymous_94)
FNDA:0,(anonymous_95)
FNDA:1,(anonymous_96)
FNDA:1,(anonymous_97)
FNDA:1,(anonymous_98)
FNDA:0,(anonymous_99)
FNDA:1,(anonymous_100)
FNDA:0,(anonymous_101)
FNDA:1,(anonymous_102)
FNDA:0,(anonymous_103)
FNDA:1,(anonymous_104)
FNDA:0,(anonymous_105)
FNDA:1,(anonymous_106)
FNDA:1,(anonymous_107)
FNDA:0,e
FNDA:0,(anonymous_109)
FNDA:1,(anonymous_110)
FNDA:1,(anonymous_111)
FNDA:1,(anonymous_112)
FNDA:64,o
FNDA:0,s
FNDA:0,a
FNDA:0,(anonymous_116)
FNDA:0,l
FNDA:0,(anonymous_118)
FNDA:0,u
FNDA:2,c
FNDA:0,(anonymous_121)
FNDA:2,p
FNDA:0,(anonymous_123)
FNDA:0,d
FNDA:33,(anonymous_125)
FNDA:31,(anonymous_126)
FNDA:102,(anonymous_127)
FNDA:47,(anonymous_128)
FNDA:47,(anonymous_129)
FNDA:25,(anonymous_130)
FNDA:23,(anonymous_131)
FNDA:1,(anonymous_132)
FNDA:0,(anonymous_133)
FNDA:1,(anonymous_134)
FNDA:0,(anonymous_135)
FNDA:1,(anonymous_136)
FNDA:0,(anonymous_137)
FNDA:0,(anonymous_138)
FNDA:1,(anonymous_139)
FNDA:0,(anonymous_140)
FNDA:0,(anonymous_141)
FNDA:1,(anonymous_142)
FNDA:1,(anonymous_143)
FNDA:1,(anonymous_144)
FNDA:0,(anonymous_145)
FNDA:1,(anonymous_146)
FNDA:1,(anonymous_147)
FNDA:1,(anonymous_148)
FNDA:1,(anonymous_149)
FNDA:1,(anonymous_150)
FNDA:1,(anonymous_151)
FNDA:1,(anonymous_152)
FNDA:0,(anonymous_153)
FNDA:0,(anonymous_154)
FNDA:1,(anonymous_155)
FNDA:1,(anonymous_156)
FNDA:1,(anonymous_157)
FNDA:1,(anonymous_158)
FNDA:1,(anonymous_159)
FNDA:0,(anonymous_160)
FNDA:1,(anonymous_161)
FNDA:1,(anonymous_162)
FNDA:1,(anonymous_163)
FNDA:1,(anonymous_164)
FNDA:0,(anonymous_165)
FNDA:0,(anonymous_166)
FNDA:1,(anonymous_167)
FNDA:1,(anonymous_168)
FNDA:1,(anonymous_169)
FNDA:1,(anonymous_170)
FNDA:0,ao
FNDA:0,(anonymous_172)
FNDA:0,lo
FNDA:1,(anonymous_174)
FNDA:0,uo
FNDA:0,(anonymous_176)
FNDA:0,(anonymous_177)
FNDA:0,(anonymous_178)
FNDA:0,(anonymous_179)
FNDA:26,j
FNDA:6,(anonymous_181)
FNDA:11,Lu
FNDA:1,(anonymous_183)
FNDA:0,Fo
FNDA:0,(anonymous_185)
FNDA:0,(anonymous_186)
FNDA:0,So
FNDA:1,$o
FNDA:5,(anonymous_189)
FNDA:0,(anonymous_190)
FNDA:1,kt
FNDA:1,Wu
FNDA:0,(anonymous_193)
FNDA:0,(anonymous_194)
FNDA:1,ko
FNDA:2,Io
FNDA:1,Hu
FNDA:0,Gn
FNDA:0,zu
FNDA:0,It
FNDA:0,Hn
FNDA:0,(anonymous_202)
FNDA:0,(anonymous_203)
FNDA:0,e
FNDA:0,(anonymous_205)
FNDA:0,(anonymous_206)
FNDA:0,(anonymous_207)
FNDA:0,(anonymous_208)
FNDA:0,(anonymous_209)
FNDA:0,(anonymous_210)
FNDA:7,tt
FNDA:0,(anonymous_212)
FNDA:0,(anonymous_213)
FNDA:0,(anonymous_214)
FNDA:0,(anonymous_215)
FNDA:0,(anonymous_216)
FNDA:0,(anonymous_217)
FNDA:0,(anonymous_218)
FNDA:0,(anonymous_219)
FNDA:0,(anonymous_220)
FNDA:0,pt
FNDA:1,(anonymous_222)
FNDA:0,e
FNDA:0,(anonymous_224)
FNDA:0,(anonymous_225)
FNDA:0,(anonymous_226)
FNDA:0,(anonymous_227)
FNDA:0,(anonymous_228)
FNDA:0,(anonymous_229)
FNDA:0,(anonymous_230)
FNDA:0,(anonymous_231)
FNDA:0,(anonymous_232)
FNDA:0,(anonymous_233)
FNDA:0,(anonymous_234)
FNDA:0,Yn
FNDA:0,Zn
FNDA:0,Lt
FNDA:0,(anonymous_238)
FNDA:0,jt
FNDA:0,ts
FNDA:0,ac
FNDA:0,(anonymous_242)
FNDA:0,(anonymous_243)
FNDA:0,(anonymous_244)
FNDA:0,(anonymous_245)
FNDA:0,(anonymous_246)
FNDA:0,(anonymous_247)
FNDA:0,(anonymous_248)
FNDA:0,(anonymous_249)
FNDA:0,(anonymous_250)
FNDA:0,(anonymous_251)
FNDA:0,(anonymous_252)
FNDA:0,(anonymous_253)
FNDA:0,lc
FNDA:0,uc
FNDA:0,Yo
FNDA:0,rs
FNDA:0,(anonymous_258)
FNDA:0,cc
FNDA:0,(anonymous_260)
FNDA:0,(anonymous_261)
FNDA:0,(anonymous_262)
FNDA:0,(anonymous_263)
FNDA:0,pc
FNDA:0,Zo
FNDA:0,dc
FNDA:0,(anonymous_267)
FNDA:0,ft
FNDA:0,mc
FNDA:0,ni
FNDA:0,ns
FNDA:0,fc
FNDA:0,(anonymous_273)
FNDA:0,(anonymous_274)
FNDA:0,gc
FNDA:0,Dr
FNDA:0,(anonymous_277)
FNDA:0,yc
FNDA:0,is
FNDA:0,ss
FNDA:0,ai
FNDA:0,li
FNDA:0,(anonymous_283)
FNDA:0,(anonymous_284)
FNDA:0,(anonymous_285)
FNDA:0,(anonymous_286)
FNDA:0,(anonymous_287)
FNDA:0,(anonymous_288)
FNDA:0,(anonymous_289)
FNDA:0,(anonymous_290)
FNDA:0,(anonymous_291)
FNDA:0,(anonymous_292)
FNDA:0,(anonymous_293)
FNDA:0,(anonymous_294)
FNDA:0,(anonymous_295)
FNDA:1,(anonymous_296)
FNDA:1,(anonymous_297)
FNDA:0,ci
FNDA:0,(anonymous_299)
FNDA:0,(anonymous_300)
FNDA:0,wc
FNDA:0,(anonymous_302)
FNDA:0,(anonymous_303)
FNDA:0,Ec
FNDA:0,(anonymous_305)
FNDA:0,(anonymous_306)
FNDA:0,Tc
FNDA:0,(anonymous_308)
FNDA:0,(anonymous_309)
FNDA:0,(anonymous_310)
FNDA:0,(anonymous_311)
FNDA:0,(anonymous_312)
FNDA:0,(anonymous_313)
FNDA:0,(anonymous_314)
FNDA:0,(anonymous_315)
FNDA:0,(anonymous_316)
FNDA:0,(anonymous_317)
FNDA:0,Pc
FNDA:0,pi
FNDA:0,Mc
FNDA:0,vc
FNDA:0,Ac
FNDA:0,Me
FNDA:0,kr
FNDA:0,(anonymous_325)
FNDA:0,(anonymous_326)
FNDA:0,di
FNDA:0,mi
FNDA:0,(anonymous_329)
FNDA:0,(anonymous_330)
FNDA:0,gt
FNDA:0,gi
FNDA:7,ge
FNDA:0,(anonymous_334)
FNDA:0,(anonymous_335)
FNDA:0,(anonymous_336)
FNDA:0,(anonymous_337)
FNDA:0,(anonymous_338)
FNDA:0,(anonymous_339)
FNDA:0,(anonymous_340)
FNDA:0,(anonymous_341)
FNDA:0,(anonymous_342)
FNDA:0,(anonymous_343)
FNDA:0,(anonymous_344)
FNDA:0,(anonymous_345)
FNDA:1,Jt
FNDA:0,(anonymous_347)
FNDA:0,ys
FNDA:0,yi
FNDA:1,hs
FNDA:0,(anonymous_351)
FNDA:0,(anonymous_352)
FNDA:0,Sc
FNDA:0,hi
FNDA:0,(anonymous_355)
FNDA:1,bs
FNDA:0,(anonymous_357)
FNDA:0,(anonymous_358)
FNDA:0,(anonymous_359)
FNDA:0,(anonymous_360)
FNDA:0,(anonymous_361)
FNDA:0,(anonymous_362)
FNDA:0,(anonymous_363)
FNDA:0,(anonymous_364)
FNDA:0,(anonymous_365)
FNDA:0,(anonymous_366)
FNDA:0,(anonymous_367)
FNDA:0,(anonymous_368)
FNDA:0,(anonymous_369)
FNDA:0,(anonymous_370)
FNDA:0,(anonymous_371)
FNDA:0,(anonymous_372)
FNDA:0,(anonymous_373)
FNDA:0,(anonymous_374)
FNDA:0,(anonymous_375)
FNDA:0,(anonymous_376)
FNDA:0,(anonymous_377)
FNDA:0,(anonymous_378)
FNDA:0,(anonymous_379)
FNDA:0,(anonymous_380)
FNDA:0,(anonymous_381)
FNDA:0,(anonymous_382)
FNDA:0,(anonymous_383)
FNDA:0,(anonymous_384)
FNDA:0,(anonymous_385)
FNDA:0,(anonymous_386)
FNDA:0,(anonymous_387)
FNDA:0,(anonymous_388)
FNDA:0,(anonymous_389)
FNDA:0,(anonymous_390)
FNDA:0,(anonymous_391)
FNDA:0,(anonymous_392)
FNDA:0,(anonymous_393)
FNDA:0,(anonymous_394)
FNDA:0,(anonymous_395)
FNDA:0,(anonymous_396)
FNDA:0,(anonymous_397)
FNDA:0,(anonymous_398)
FNDA:0,(anonymous_399)
FNDA:0,(anonymous_400)
FNDA:0,(anonymous_401)
FNDA:0,(anonymous_402)
FNDA:0,(anonymous_403)
FNDA:0,(anonymous_404)
FNDA:0,(anonymous_405)
FNDA:0,(anonymous_406)
FNDA:0,(anonymous_407)
FNDA:0,(anonymous_408)
FNDA:0,(anonymous_409)
FNDA:0,(anonymous_410)
FNDA:0,(anonymous_411)
FNDA:0,(anonymous_412)
FNDA:0,(anonymous_413)
FNDA:0,(anonymous_414)
FNDA:0,X
FNDA:0,ye
FNDA:0,Gt
FNDA:0,Nr
FNDA:0,Ic
FNDA:1,(anonymous_420)
FNDA:0,e
FNDA:0,t
FNDA:0,r
FNDA:0,(anonymous_424)
FNDA:0,T
FNDA:0,De
FNDA:0,Br
FNDA:0,jr
FNDA:0,ve
FNDA:0,Cs
FNDA:0,Qe
FNDA:0,Fs
FNDA:0,xs
FNDA:0,Ss
FNDA:0,Ei
FNDA:0,Ue
FNDA:0,Os
FNDA:2,Ti
FNDA:0,Nc
FNDA:0,_c
FNDA:0,bt
FNDA:0,Vr
FNDA:0,Rs
FNDA:0,Pi
FNDA:0,ws
FNDA:0,Lc
FNDA:0,jc
FNDA:0,qc
FNDA:0,Bc
FNDA:0,Vc
FNDA:0,Kc
FNDA:0,Qc
FNDA:0,Uc
FNDA:0,Jc
FNDA:0,Gc
FNDA:0,Wc
FNDA:0,Hc
FNDA:1,zc
FNDA:0,Yc
FNDA:0,Zc
FNDA:1,Ds
FNDA:2,i
FNDA:0,Xc
FNDA:0,ep
FNDA:0,tp
FNDA:0,rp
FNDA:2,Es
FNDA:0,np
FNDA:0,ip
FNDA:0,op
FNDA:0,sp
FNDA:0,ap
FNDA:0,lp
FNDA:0,up
FNDA:0,cp
FNDA:0,pp
FNDA:0,dp
FNDA:0,mp
FNDA:0,fp
FNDA:0,gp
FNDA:0,yp
FNDA:0,hp
FNDA:0,bp
FNDA:0,xp
FNDA:0,wp
FNDA:0,Ep
FNDA:0,Tp
FNDA:0,(anonymous_488)
FNDA:0,(anonymous_489)
FNDA:0,xt
FNDA:3,(anonymous_491)
FNDA:3,(anonymous_492)
FNDA:0,(anonymous_493)
FNDA:0,(anonymous_494)
FNDA:3,vi
FNDA:0,de
FNDA:0,$e
FNDA:0,ke
FNDA:0,(anonymous_499)
FNDA:0,Tt
FNDA:0,Xt
FNDA:0,Pt
FNDA:0,(anonymous_503)
FNDA:0,Ap
FNDA:0,Ur
FNDA:0,(anonymous_506)
FNDA:0,(anonymous_507)
FNDA:0,Mt
FNDA:0,(anonymous_509)
FNDA:0,(anonymous_510)
FNDA:0,Cp
FNDA:0,Zt
FNDA:0,er
FNDA:0,Ci
FNDA:0,(anonymous_515)
FNDA:0,(anonymous_516)
FNDA:0,(anonymous_517)
FNDA:0,(anonymous_518)
FNDA:0,Ns
FNDA:0,vt
FNDA:0,_s
FNDA:0,Fp
FNDA:0,(anonymous_523)
FNDA:0,(anonymous_524)
FNDA:0,(anonymous_525)
FNDA:0,(anonymous_526)
FNDA:0,(anonymous_527)
FNDA:0,(anonymous_528)
FNDA:0,(anonymous_529)
FNDA:0,(anonymous_530)
FNDA:0,(anonymous_531)
FNDA:0,(anonymous_532)
FNDA:0,(anonymous_533)
FNDA:0,(anonymous_534)
FNDA:0,(anonymous_535)
FNDA:0,(anonymous_536)
FNDA:0,(anonymous_537)
FNDA:0,(anonymous_538)
FNDA:0,(anonymous_539)
FNDA:0,(anonymous_540)
FNDA:0,(anonymous_541)
FNDA:0,(anonymous_542)
FNDA:0,(anonymous_543)
FNDA:0,(anonymous_544)
FNDA:0,(anonymous_545)
FNDA:0,(anonymous_546)
FNDA:0,(anonymous_547)
FNDA:0,(anonymous_548)
FNDA:1,(anonymous_549)
FNDA:0,(anonymous_550)
FNDA:0,(anonymous_551)
FNDA:0,(anonymous_552)
FNDA:0,(anonymous_553)
FNDA:0,Ls
FNDA:1,Fi
FNDA:0,Si
FNDA:0,Vs
FNDA:0,Sp
FNDA:0,(anonymous_559)
FNDA:0,(anonymous_560)
FNDA:0,(anonymous_561)
FNDA:0,(anonymous_562)
FNDA:0,Ks
FNDA:0,tr
FNDA:0,(anonymous_565)
FNDA:0,(anonymous_566)
FNDA:0,Ce
FNDA:0,(anonymous_568)
FNDA:0,(anonymous_569)
FNDA:0,(anonymous_570)
FNDA:0,(anonymous_571)
FNDA:0,(anonymous_572)
FNDA:0,(anonymous_573)
FNDA:0,nt
FNDA:0,(anonymous_575)
FNDA:0,(anonymous_576)
FNDA:0,(anonymous_577)
FNDA:0,(anonymous_578)
FNDA:0,zr
FNDA:0,(anonymous_580)
FNDA:0,(anonymous_581)
FNDA:0,(anonymous_582)
FNDA:0,(anonymous_583)
FNDA:0,Ne
FNDA:0,(anonymous_585)
FNDA:0,(anonymous_586)
FNDA:0,(anonymous_587)
FNDA:0,(anonymous_588)
FNDA:0,(anonymous_589)
FNDA:0,(anonymous_590)
FNDA:0,(anonymous_591)
FNDA:0,Op
FNDA:0,Us
FNDA:0,(anonymous_594)
FNDA:0,rr
FNDA:0,(anonymous_596)
FNDA:0,(anonymous_597)
FNDA:0,(anonymous_598)
FNDA:0,Gs
FNDA:0,Zr
FNDA:0,Rp
FNDA:0,He
FNDA:0,ze
FNDA:0,(anonymous_604)
FNDA:0,Ws
FNDA:0,Xr
FNDA:0,Hs
FNDA:0,zs
FNDA:0,(anonymous_609)
FNDA:0,Ys
FNDA:0,(anonymous_611)
FNDA:0,(anonymous_612)
FNDA:0,Xs
FNDA:0,(anonymous_614)
FNDA:0,(anonymous_615)
FNDA:0,Ip
FNDA:0,ea
FNDA:0,ta
FNDA:0,Np
FNDA:0,ra
FNDA:0,(anonymous_621)
FNDA:0,na
FNDA:0,(anonymous_623)
FNDA:0,oa
FNDA:0,sa
FNDA:0,aa
FNDA:0,_p
FNDA:0,Lp
FNDA:0,(anonymous_629)
FNDA:0,(anonymous_630)
FNDA:0,(anonymous_631)
FNDA:1,(anonymous_632)
FNDA:0,(anonymous_633)
FNDA:0,(anonymous_634)
FNDA:0,(anonymous_635)
FNDA:0,(anonymous_636)
FNDA:0,(anonymous_637)
FNDA:0,(anonymous_638)
FNDA:0,(anonymous_639)
FNDA:0,Bp
FNDA:0,Vp
FNDA:0,(anonymous_642)
FNDA:0,(anonymous_643)
FNDA:0,(anonymous_644)
FNDA:0,(anonymous_645)
FNDA:0,(anonymous_646)
FNDA:0,(anonymous_647)
FNDA:0,(anonymous_648)
FNDA:0,(anonymous_649)
FNDA:0,(anonymous_650)
FNDA:0,(anonymous_651)
FNDA:0,(anonymous_652)
FNDA:0,(anonymous_653)
FNDA:0,(anonymous_654)
FNDA:0,(anonymous_655)
FNDA:0,(anonymous_656)
FNDA:0,(anonymous_657)
FNDA:0,(anonymous_658)
FNDA:0,(anonymous_659)
FNDA:0,(anonymous_660)
FNDA:0,(anonymous_661)
FNDA:0,(anonymous_662)
FNDA:0,(anonymous_663)
FNDA:0,(anonymous_664)
FNDA:0,(anonymous_665)
FNDA:0,(anonymous_666)
FNDA:0,(anonymous_667)
FNDA:0,(anonymous_668)
FNDA:0,(anonymous_669)
FNDA:0,(anonymous_670)
FNDA:0,(anonymous_671)
FNDA:0,da
FNDA:0,(anonymous_673)
FNDA:0,Up
FNDA:0,Gp
FNDA:0,zp
FNDA:0,Zp
FNDA:0,ed
FNDA:0,(anonymous_679)
FNDA:0,(anonymous_680)
FNDA:0,(anonymous_681)
FNDA:0,(anonymous_682)
FNDA:0,Ye
FNDA:0,At
FNDA:0,(anonymous_685)
FNDA:0,rd
FNDA:0,rn
FNDA:0,(anonymous_688)
FNDA:0,fa
FNDA:0,nd
FNDA:0,id
FNDA:0,(anonymous_692)
FNDA:0,(anonymous_693)
FNDA:0,ga
FNDA:0,od
FNDA:0,sd
FNDA:0,(anonymous_697)
FNDA:0,(anonymous_698)
FNDA:0,ya
FNDA:0,ha
FNDA:0,(anonymous_701)
FNDA:0,(anonymous_702)
FNDA:0,(anonymous_703)
FNDA:0,ba
FNDA:0,(anonymous_705)
FNDA:0,(anonymous_706)
FNDA:0,(anonymous_707)
FNDA:0,(anonymous_708)
FNDA:0,(anonymous_709)
FNDA:0,(anonymous_710)
FNDA:0,(anonymous_711)
FNDA:0,(anonymous_712)
FNDA:0,ad
FNDA:0,ld
FNDA:0,Li
FNDA:0,(anonymous_716)
FNDA:0,(anonymous_717)
FNDA:0,(anonymous_718)
FNDA:0,ud
FNDA:0,(anonymous_720)
FNDA:0,(anonymous_721)
FNDA:0,Te
FNDA:0,(anonymous_723)
FNDA:0,Ea
FNDA:0,cd
FNDA:0,(anonymous_726)
FNDA:0,(anonymous_727)
FNDA:0,(anonymous_728)
FNDA:0,(anonymous_729)
FNDA:0,wa
FNDA:0,(anonymous_731)
FNDA:0,(anonymous_732)
FNDA:0,pd
FNDA:0,(anonymous_734)
FNDA:0,on
FNDA:0,(anonymous_736)
FNDA:0,(anonymous_737)
FNDA:0,(anonymous_738)
FNDA:0,(anonymous_739)
FNDA:0,(anonymous_740)
FNDA:159,(anonymous_741)
FNDA:83,(anonymous_742)
FNDA:80,e
FNDA:12,(anonymous_744)
FNDA:2,(anonymous_745)
FNDA:1,(anonymous_746)
FNDA:79,(anonymous_747)
FNDA:25,e
FNDA:0,(anonymous_749)
FNDA:0,(anonymous_750)
FNDA:0,(anonymous_751)
FNDA:0,(anonymous_752)
FNDA:0,(anonymous_753)
FNDA:0,Fe
FNDA:0,(anonymous_755)
FNDA:0,(anonymous_756)
FNDA:0,fd
FNDA:0,Pa
FNDA:0,gd
FNDA:0,(anonymous_760)
FNDA:0,va
FNDA:0,(anonymous_762)
FNDA:0,(anonymous_763)
FNDA:0,(anonymous_764)
FNDA:0,(anonymous_765)
FNDA:0,(anonymous_766)
FNDA:0,(anonymous_767)
FNDA:0,(anonymous_768)
FNDA:0,(anonymous_769)
FNDA:0,(anonymous_770)
FNDA:0,(anonymous_771)
FNDA:0,(anonymous_772)
FNDA:0,(anonymous_773)
FNDA:0,(anonymous_774)
FNDA:0,(anonymous_775)
FNDA:0,(anonymous_776)
FNDA:0,(anonymous_777)
FNDA:0,(anonymous_778)
FNDA:0,(anonymous_779)
FNDA:0,(anonymous_780)
FNDA:0,(anonymous_781)
FNDA:0,bd
FNDA:0,(anonymous_783)
FNDA:0,(anonymous_784)
FNDA:0,(anonymous_785)
FNDA:0,xd
FNDA:0,wd
FNDA:0,Ed
FNDA:0,Td
FNDA:0,_e
FNDA:0,Sa
FNDA:0,Oa
FNDA:0,Ra
FNDA:0,(anonymous_794)
FNDA:0,Fa
FNDA:0,(anonymous_796)
FNDA:0,Da
FNDA:0,$a
FNDA:0,ka
FNDA:0,(anonymous_800)
FNDA:0,i
FNDA:0,(anonymous_802)
FNDA:0,(anonymous_803)
FNDA:0,(anonymous_804)
FNDA:0,(anonymous_805)
FNDA:0,(anonymous_806)
FNDA:0,an
FNDA:0,(anonymous_808)
FNDA:0,(anonymous_809)
FNDA:0,(anonymous_810)
FNDA:0,(anonymous_811)
FNDA:0,(anonymous_812)
FNDA:0,Fd
FNDA:0,qa
FNDA:0,Sd
FNDA:0,(anonymous_816)
FNDA:0,Od
FNDA:0,(anonymous_818)
FNDA:0,(anonymous_819)
FNDA:0,(anonymous_820)
FNDA:0,(anonymous_821)
FNDA:0,(anonymous_822)
FNDA:0,(anonymous_823)
FNDA:0,(anonymous_824)
FNDA:0,(anonymous_825)
FNDA:0,(anonymous_826)
FNDA:0,(anonymous_827)
FNDA:0,(anonymous_828)
FNDA:0,(anonymous_829)
FNDA:0,(anonymous_830)
FNDA:0,(anonymous_831)
FNDA:0,(anonymous_832)
FNDA:0,(anonymous_833)
FNDA:0,(anonymous_834)
FNDA:0,(anonymous_835)
FNDA:0,(anonymous_836)
FNDA:0,(anonymous_837)
FNDA:0,(anonymous_838)
FNDA:0,(anonymous_839)
FNDA:0,(anonymous_840)
FNDA:0,(anonymous_841)
FNDA:0,(anonymous_842)
FNDA:0,(anonymous_843)
FNDA:0,(anonymous_844)
FNDA:0,(anonymous_845)
FNDA:0,(anonymous_846)
FNDA:0,(anonymous_847)
FNDA:0,(anonymous_848)
FNDA:0,(anonymous_849)
FNDA:0,(anonymous_850)
FNDA:0,(anonymous_851)
FNDA:0,(anonymous_852)
FNDA:0,(anonymous_853)
FNDA:0,(anonymous_854)
FNDA:0,(anonymous_855)
FNDA:0,(anonymous_856)
FNDA:0,(anonymous_857)
FNDA:0,(anonymous_858)
FNDA:0,(anonymous_859)
FNDA:0,(anonymous_860)
FNDA:0,(anonymous_861)
FNDA:0,(anonymous_862)
FNDA:0,(anonymous_863)
FNDA:0,(anonymous_864)
FNDA:0,(anonymous_865)
FNDA:0,Vi
FNDA:0,(anonymous_867)
FNDA:0,(anonymous_868)
FNDA:0,(anonymous_869)
FNDA:0,(anonymous_870)
FNDA:0,(anonymous_871)
FNDA:0,(anonymous_872)
FNDA:0,(anonymous_873)
FNDA:0,(anonymous_874)
FNDA:0,(anonymous_875)
FNDA:0,(anonymous_876)
FNDA:0,(anonymous_877)
FNDA:0,(anonymous_878)
FNDA:0,(anonymous_879)
FNDA:0,(anonymous_880)
FNDA:0,(anonymous_881)
FNDA:0,cn
FNDA:0,Va
FNDA:0,Ka
FNDA:0,(anonymous_885)
FNDA:0,(anonymous_886)
FNDA:0,(anonymous_887)
FNDA:0,(anonymous_888)
FNDA:0,(anonymous_889)
FNDA:0,(anonymous_890)
FNDA:0,(anonymous_891)
FNDA:0,(anonymous_892)
FNDA:0,(anonymous_893)
FNDA:0,Rd
FNDA:0,Dd
FNDA:0,Ji
FNDA:0,Qa
FNDA:0,(anonymous_898)
FNDA:0,$d
FNDA:0,(anonymous_900)
FNDA:0,(anonymous_901)
FNDA:0,kd
FNDA:0,Id
FNDA:0,(anonymous_904)
FNDA:0,(anonymous_905)
FNDA:0,(anonymous_906)
FNDA:0,Ua
FNDA:0,Nd
FNDA:0,(anonymous_909)
FNDA:0,_d
FNDA:0,(anonymous_911)
FNDA:0,(anonymous_912)
FNDA:0,(anonymous_913)
FNDA:0,(anonymous_914)
FNDA:0,Ld
FNDA:0,jd
FNDA:0,(anonymous_917)
FNDA:0,Ct
FNDA:0,Ba
FNDA:0,un
FNDA:0,(anonymous_921)
FNDA:0,(anonymous_922)
FNDA:0,(anonymous_923)
FNDA:0,(anonymous_924)
FNDA:0,(anonymous_925)
FNDA:0,(anonymous_926)
FNDA:0,(anonymous_927)
FNDA:0,(anonymous_928)
FNDA:0,(anonymous_929)
FNDA:0,pn
FNDA:0,Gi
FNDA:0,(anonymous_932)
FNDA:0,(anonymous_933)
FNDA:0,(anonymous_934)
FNDA:0,(anonymous_935)
FNDA:0,(anonymous_936)
FNDA:0,qd
FNDA:0,(anonymous_938)
FNDA:0,(anonymous_939)
FNDA:0,Ki
FNDA:0,(anonymous_941)
FNDA:0,Wi
FNDA:0,Bd
FNDA:0,(anonymous_944)
FNDA:0,(anonymous_945)
FNDA:0,Hi
FNDA:0,Ga
FNDA:0,Wa
FNDA:0,Qd
FNDA:0,(anonymous_950)
FNDA:0,(anonymous_951)
FNDA:0,zi
FNDA:0,Gd
FNDA:0,(anonymous_954)
FNDA:0,Wd
FNDA:0,(anonymous_956)
FNDA:0,(anonymous_957)
FNDA:0,(anonymous_958)
FNDA:0,(anonymous_959)
FNDA:0,(anonymous_960)
FNDA:0,(anonymous_961)
FNDA:0,Hd
FNDA:0,zd
FNDA:0,(anonymous_964)
FNDA:0,Ha
FNDA:0,(anonymous_966)
FNDA:0,cr
FNDA:0,(anonymous_968)
FNDA:0,Yd
FNDA:0,(anonymous_970)
FNDA:0,(anonymous_971)
FNDA:0,(anonymous_972)
FNDA:0,mn
FNDA:0,za
FNDA:0,Ya
FNDA:0,Zd
FNDA:0,pr
FNDA:0,Xa
FNDA:0,(anonymous_979)
FNDA:0,(anonymous_980)
FNDA:0,el
FNDA:0,tl
FNDA:0,(anonymous_983)
FNDA:0,rl
FNDA:0,(anonymous_985)
FNDA:0,(anonymous_986)
FNDA:0,(anonymous_987)
FNDA:0,nl
FNDA:0,(anonymous_989)
FNDA:0,(anonymous_990)
FNDA:0,(anonymous_991)
FNDA:0,(anonymous_992)
FNDA:0,(anonymous_993)
FNDA:0,(anonymous_994)
FNDA:0,(anonymous_995)
FNDA:0,(anonymous_996)
FNDA:0,(anonymous_997)
FNDA:0,(anonymous_998)
FNDA:0,(anonymous_999)
FNDA:0,(anonymous_1000)
FNDA:0,(anonymous_1001)
FNDA:0,(anonymous_1002)
FNDA:0,(anonymous_1003)
FNDA:0,(anonymous_1004)
FNDA:0,(anonymous_1005)
FNDA:0,(anonymous_1006)
FNDA:0,(anonymous_1007)
FNDA:0,(anonymous_1008)
FNDA:0,(anonymous_1009)
FNDA:0,(anonymous_1010)
FNDA:0,sl
FNDA:0,(anonymous_1012)
FNDA:0,(anonymous_1013)
FNDA:0,(anonymous_1014)
FNDA:0,(anonymous_1015)
FNDA:0,(anonymous_1016)
FNDA:0,(anonymous_1017)
FNDA:0,(anonymous_1018)
FNDA:0,(anonymous_1019)
FNDA:0,(anonymous_1020)
FNDA:0,(anonymous_1021)
FNDA:0,(anonymous_1022)
FNDA:0,(anonymous_1023)
FNDA:0,(anonymous_1024)
FNDA:0,(anonymous_1025)
FNDA:0,yn
FNDA:0,em
FNDA:0,tm
FNDA:0,(anonymous_1029)
FNDA:0,(anonymous_1030)
FNDA:0,(anonymous_1031)
FNDA:0,(anonymous_1032)
FNDA:0,(anonymous_1033)
FNDA:0,(anonymous_1034)
FNDA:0,(anonymous_1035)
FNDA:0,(anonymous_1036)
FNDA:0,(anonymous_1037)
FNDA:0,(anonymous_1038)
FNDA:0,(anonymous_1039)
FNDA:0,(anonymous_1040)
FNDA:0,(anonymous_1041)
FNDA:0,ul
FNDA:0,(anonymous_1043)
FNDA:0,cl
FNDA:0,(anonymous_1045)
FNDA:0,rm
FNDA:0,nm
FNDA:0,(anonymous_1048)
FNDA:0,al
FNDA:0,ll
FNDA:0,(anonymous_1051)
FNDA:0,(anonymous_1052)
FNDA:0,(anonymous_1053)
FNDA:0,(anonymous_1054)
FNDA:0,(anonymous_1055)
FNDA:0,(anonymous_1056)
FNDA:0,(anonymous_1057)
FNDA:0,(anonymous_1058)
FNDA:0,(anonymous_1059)
FNDA:0,(anonymous_1060)
FNDA:0,(anonymous_1061)
FNDA:0,(anonymous_1062)
FNDA:0,(anonymous_1063)
FNDA:0,(anonymous_1064)
FNDA:0,(anonymous_1065)
FNDA:0,(anonymous_1066)
FNDA:0,(anonymous_1067)
FNDA:0,(anonymous_1068)
FNDA:0,(anonymous_1069)
FNDA:0,(anonymous_1070)
FNDA:0,(anonymous_1071)
FNDA:0,(anonymous_1072)
FNDA:0,(anonymous_1073)
FNDA:0,(anonymous_1074)
FNDA:0,(anonymous_1075)
FNDA:0,(anonymous_1076)
FNDA:0,(anonymous_1077)
FNDA:0,(anonymous_1078)
FNDA:0,(anonymous_1079)
FNDA:0,(anonymous_1080)
FNDA:0,(anonymous_1081)
FNDA:0,(anonymous_1082)
FNDA:0,(anonymous_1083)
FNDA:0,(anonymous_1084)
FNDA:0,(anonymous_1085)
FNDA:0,(anonymous_1086)
FNDA:0,(anonymous_1087)
FNDA:0,(anonymous_1088)
FNDA:0,(anonymous_1089)
FNDA:0,(anonymous_1090)
FNDA:0,(anonymous_1091)
FNDA:0,(anonymous_1092)
FNDA:0,(anonymous_1093)
FNDA:0,(anonymous_1094)
FNDA:0,bn
FNDA:0,om
FNDA:0,(anonymous_1097)
FNDA:0,sm
FNDA:0,(anonymous_1099)
FNDA:0,am
FNDA:0,(anonymous_1101)
FNDA:0,lm
FNDA:0,(anonymous_1103)
FNDA:0,um
FNDA:0,(anonymous_1105)
FNDA:0,(anonymous_1106)
FNDA:0,cm
FNDA:0,(anonymous_1108)
FNDA:0,(anonymous_1109)
FNDA:0,fl
FNDA:0,pm
FNDA:0,(anonymous_1112)
FNDA:0,gl
FNDA:0,dm
FNDA:0,(anonymous_1115)
FNDA:0,(anonymous_1116)
FNDA:0,mm
FNDA:0,(anonymous_1118)
FNDA:0,(anonymous_1119)
FNDA:0,fm
FNDA:0,(anonymous_1121)
FNDA:0,gm
FNDA:0,(anonymous_1123)
FNDA:0,(anonymous_1124)
FNDA:0,ym
FNDA:0,(anonymous_1126)
FNDA:0,(anonymous_1127)
FNDA:0,yl
FNDA:0,hm
FNDA:0,hl
FNDA:0,En
FNDA:0,dr
FNDA:0,Tn
FNDA:0,xm
FNDA:0,(anonymous_1135)
FNDA:0,(anonymous_1136)
FNDA:0,(anonymous_1137)
FNDA:0,(anonymous_1138)
FNDA:0,(anonymous_1139)
FNDA:0,(anonymous_1140)
FNDA:0,(anonymous_1141)
FNDA:0,(anonymous_1142)
FNDA:0,(anonymous_1143)
FNDA:0,(anonymous_1144)
FNDA:0,(anonymous_1145)
FNDA:0,(anonymous_1146)
FNDA:0,(anonymous_1147)
FNDA:0,(anonymous_1148)
FNDA:0,(anonymous_1149)
FNDA:0,(anonymous_1150)
FNDA:0,(anonymous_1151)
FNDA:0,(anonymous_1152)
FNDA:0,xl
FNDA:0,wl
FNDA:0,El
FNDA:0,wm
FNDA:0,vn
FNDA:0,Tl
FNDA:0,eo
FNDA:0,Tm
FNDA:0,Pm
FNDA:0,Mm
FNDA:0,vm
FNDA:0,Pl
FNDA:0,Ml
FNDA:0,Am
FNDA:0,Cm
FNDA:0,(anonymous_1168)
FNDA:0,(anonymous_1169)
FNDA:0,(anonymous_1170)
FNDA:0,(anonymous_1171)
FNDA:0,(anonymous_1172)
FNDA:0,(anonymous_1173)
FNDA:0,(anonymous_1174)
FNDA:0,(anonymous_1175)
FNDA:0,(anonymous_1176)
FNDA:0,(anonymous_1177)
FNDA:0,(anonymous_1178)
FNDA:0,(anonymous_1179)
FNDA:0,(anonymous_1180)
FNDA:0,(anonymous_1181)
FNDA:0,(anonymous_1182)
FNDA:0,(anonymous_1183)
FNDA:0,(anonymous_1184)
FNDA:0,(anonymous_1185)
FNDA:0,(anonymous_1186)
FNDA:0,(anonymous_1187)
FNDA:0,(anonymous_1188)
FNDA:0,(anonymous_1189)
FNDA:0,(anonymous_1190)
FNDA:0,(anonymous_1191)
FNDA:0,to
FNDA:0,(anonymous_1193)
FNDA:0,(anonymous_1194)
FNDA:0,(anonymous_1195)
FNDA:0,(anonymous_1196)
FNDA:0,fr
FNDA:0,Cl
FNDA:0,(anonymous_1199)
FNDA:0,Sm
FNDA:0,Om
FNDA:0,Sl
FNDA:0,Fl
FNDA:0,ro
FNDA:0,(anonymous_1205)
FNDA:0,(anonymous_1206)
FNDA:0,(anonymous_1207)
FNDA:0,(anonymous_1208)
FNDA:0,(anonymous_1209)
FNDA:0,(anonymous_1210)
FNDA:0,io
FNDA:0,(anonymous_1212)
FNDA:0,(anonymous_1213)
FNDA:0,(anonymous_1214)
FNDA:0,(anonymous_1215)
FNDA:0,(anonymous_1216)
FNDA:0,(anonymous_1217)
FNDA:0,$l
FNDA:0,(anonymous_1219)
FNDA:0,(anonymous_1220)
FNDA:0,(anonymous_1221)
FNDA:0,(anonymous_1222)
FNDA:0,(anonymous_1223)
FNDA:0,(anonymous_1224)
FNDA:0,(anonymous_1225)
FNDA:0,(anonymous_1226)
FNDA:0,(anonymous_1227)
FNDA:0,(anonymous_1228)
FNDA:0,(anonymous_1229)
FNDA:0,Il
FNDA:0,Nl
FNDA:0,(anonymous_1232)
FNDA:0,(anonymous_1233)
FNDA:0,(anonymous_1234)
FNDA:0,_l
FNDA:0,(anonymous_1236)
FNDA:0,ql
FNDA:0,(anonymous_1238)
FNDA:0,(anonymous_1239)
FNDA:0,(anonymous_1240)
FNDA:0,(anonymous_1241)
FNDA:0,(anonymous_1242)
FNDA:0,(anonymous_1243)
FNDA:0,(anonymous_1244)
FNDA:0,(anonymous_1245)
FNDA:0,(anonymous_1246)
FNDA:0,Fn
FNDA:0,Bl
FNDA:0,(anonymous_1249)
FNDA:0,$m
FNDA:0,(anonymous_1251)
FNDA:0,km
FNDA:0,(anonymous_1253)
FNDA:0,Sn
FNDA:0,Vl
FNDA:0,(anonymous_1256)
FNDA:0,(anonymous_1257)
FNDA:0,(anonymous_1258)
FNDA:0,(anonymous_1259)
FNDA:0,(anonymous_1260)
FNDA:0,(anonymous_1261)
FNDA:0,(anonymous_1262)
FNDA:0,(anonymous_1263)
FNDA:0,(anonymous_1264)
FNDA:0,(anonymous_1265)
FNDA:0,(anonymous_1266)
FNDA:0,(anonymous_1267)
FNDA:0,(anonymous_1268)
FNDA:0,(anonymous_1269)
FNDA:0,(anonymous_1270)
FNDA:0,(anonymous_1271)
FNDA:0,(anonymous_1272)
FNDA:0,(anonymous_1273)
FNDA:0,(anonymous_1274)
FNDA:0,(anonymous_1275)
FNDA:0,(anonymous_1276)
FNDA:0,(anonymous_1277)
FNDA:0,(anonymous_1278)
FNDA:0,(anonymous_1279)
FNDA:0,(anonymous_1280)
FNDA:0,(anonymous_1281)
FNDA:0,(anonymous_1282)
FNDA:0,(anonymous_1283)
FNDA:0,(anonymous_1284)
FNDA:0,(anonymous_1285)
FNDA:0,Nm
FNDA:0,Ql
FNDA:0,_m
FNDA:0,Lm
FNDA:0,Ul
FNDA:0,Jl
FNDA:0,(anonymous_1292)
FNDA:0,Gl
FNDA:0,(anonymous_1294)
FNDA:0,(anonymous_1295)
FNDA:0,(anonymous_1296)
FNDA:0,t
FNDA:0,(anonymous_1298)
FNDA:0,(anonymous_1299)
FNDA:0,(anonymous_1300)
FNDA:0,Zl
FNDA:0,Ot
FNDA:0,qm
FNDA:0,(anonymous_1304)
FNDA:0,(anonymous_1305)
FNDA:0,Xl
FNDA:0,(anonymous_1307)
FNDA:0,(anonymous_1308)
FNDA:0,(anonymous_1309)
FNDA:0,(anonymous_1310)
FNDA:0,(anonymous_1311)
FNDA:0,(anonymous_1312)
FNDA:0,(anonymous_1313)
FNDA:0,(anonymous_1314)
FNDA:1,iu
FNDA:0,(anonymous_1316)
FNDA:0,(anonymous_1317)
FNDA:0,(anonymous_1318)
FNDA:0,(anonymous_1319)
FNDA:0,(anonymous_1320)
FNDA:0,(anonymous_1321)
FNDA:0,(anonymous_1322)
FNDA:0,(anonymous_1323)
FNDA:0,(anonymous_1324)
FNDA:0,(anonymous_1325)
FNDA:0,(anonymous_1326)
FNDA:0,(anonymous_1327)
FNDA:0,(anonymous_1328)
FNDA:0,(anonymous_1329)
FNDA:0,(anonymous_1330)
FNDA:0,(anonymous_1331)
FNDA:0,(anonymous_1332)
FNDA:0,(anonymous_1333)
FNDA:0,(anonymous_1334)
FNDA:0,(anonymous_1335)
FNDA:0,(anonymous_1336)
FNDA:0,(anonymous_1337)
FNDA:0,(anonymous_1338)
FNDA:0,(anonymous_1339)
FNDA:0,(anonymous_1340)
FNDA:0,(anonymous_1341)
FNDA:0,(anonymous_1342)
FNDA:0,(anonymous_1343)
FNDA:0,(anonymous_1344)
FNDA:0,(anonymous_1345)
FNDA:0,(anonymous_1346)
FNDA:0,(anonymous_1347)
FNDA:0,(anonymous_1348)
FNDA:0,(anonymous_1349)
FNDA:0,(anonymous_1350)
FNDA:0,(anonymous_1351)
FNDA:0,(anonymous_1352)
FNDA:0,(anonymous_1353)
FNDA:0,(anonymous_1354)
FNDA:0,(anonymous_1355)
FNDA:0,(anonymous_1356)
FNDA:0,(anonymous_1357)
FNDA:0,(anonymous_1358)
FNDA:0,(anonymous_1359)
FNDA:0,(anonymous_1360)
FNDA:0,(anonymous_1361)
FNDA:0,(anonymous_1362)
FNDA:0,(anonymous_1363)
FNDA:0,(anonymous_1364)
FNDA:0,(anonymous_1365)
FNDA:0,(anonymous_1366)
FNDA:0,Um
FNDA:0,eu
FNDA:0,Jm
FNDA:1,ou
FNDA:0,(anonymous_1371)
FNDA:0,(anonymous_1372)
FNDA:1,au
DA:1,1024
DA:3,0
DA:4,11
DA:5,1
DA:6,5
DA:7,102
DA:8,5
DA:9,1
DA:11,0
DA:15,0
DA:17,7
DA:18,1
DA:19,0
DA:20,1
DA:23,1
DA:25,0
DA:26,292
DA:28,0
DA:29,0
DA:31,1
DA:33,0
DA:34,0
DA:35,0
DA:40,0
DA:41,0
DA:48,0
DA:53,0
DA:60,1
DA:61,0
DA:62,1
DA:65,0
DA:97,0
DA:106,1
DA:107,0
DA:108,0
DA:109,1
DA:110,159
DA:111,0
DA:112,0
DA:113,0
DA:114,1
DA:115,1
DA:117,0
DA:118,0
DA:119,1
DA:120,0
DA:121,0
DA:122,0
DA:123,0
DA:124,0
DA:125,0
DA:126,1
DA:127,0
DA:128,0
DA:132,0
DA:133,0
DA:135,0
DA:136,0
DA:137,0
DA:138,0
DA:139,0
DA:142,0
DA:144,0
DA:145,0
DA:146,0
DA:147,0
DA:148,1
DA:149,1
DA:154,1
DA:155,1
DA:157,0
DA:158,0
DA:162,1
DA:164,1
DA:165,1
DA:166,1
DA:167,1
DA:174,1
DA:175,0
DA:176,0
DA:177,1
DA:178,1
LF:82
LH:34
BRDA:1,0,0,37
BRDA:1,0,1,25
BRDA:1,1,0,38
BRDA:1,1,1,0
BRDA:1,2,0,38
BRDA:1,2,1,38
BRDA:1,2,2,17
BRDA:1,3,0,1024
BRDA:1,3,1,1022
BRDA:1,3,2,1022
BRDA:1,4,0,1022
BRDA:1,4,1,1022
BRDA:1,5,0,37
BRDA:1,5,1,0
BRDA:1,6,0,35
BRDA:1,6,1,2
BRDA:1,7,0,37
BRDA:1,7,1,37
BRDA:1,7,2,37
BRDA:1,8,0,0
BRDA:1,8,1,0
BRDA:1,9,0,0
BRDA:1,9,1,0
BRDA:1,10,0,0
BRDA:1,10,1,0
BRDA:1,11,0,0
BRDA:1,11,1,0
BRDA:1,12,0,0
BRDA:1,12,1,0
BRDA:1,13,0,0
BRDA:1,13,1,0
BRDA:1,14,0,0
BRDA:1,14,1,0
BRDA:1,15,0,0
BRDA:1,15,1,0
BRDA:1,16,0,0
BRDA:1,16,1,0
BRDA:1,17,0,0
BRDA:1,17,1,0
BRDA:1,17,2,0
BRDA:1,17,3,0
BRDA:1,17,4,0
BRDA:1,17,5,0
BRDA:1,17,6,0
BRDA:1,17,7,0
BRDA:1,17,8,0
BRDA:1,17,9,0
BRDA:1,17,10,0
BRDA:1,17,11,0
BRDA:1,17,12,0
BRDA:1,17,13,0
BRDA:1,17,14,0
BRDA:1,17,15,0
BRDA:1,17,16,0
BRDA:1,17,17,0
BRDA:1,17,18,0
BRDA:1,17,19,0
BRDA:1,17,20,0
BRDA:1,17,21,0
BRDA:1,17,22,0
BRDA:1,17,23,0
BRDA:1,17,24,0
BRDA:1,17,25,0
BRDA:1,17,26,0
BRDA:1,17,27,0
BRDA:1,17,28,0
BRDA:1,17,29,0
BRDA:1,17,30,0
BRDA:1,17,31,0
BRDA:1,18,0,0
BRDA:1,18,1,0
BRDA:1,19,0,0
BRDA:1,19,1,0
BRDA:1,20,0,0
BRDA:1,20,1,0
BRDA:1,21,0,0
BRDA:1,21,1,0
BRDA:1,22,0,0
BRDA:1,22,1,0
BRDA:1,23,0,0
BRDA:1,23,1,0
BRDA:1,24,0,0
BRDA:1,24,1,0
BRDA:1,25,0,0
BRDA:1,25,1,0
BRDA:1,26,0,0
BRDA:1,26,1,0
BRDA:1,27,0,1
BRDA:1,27,1,0
BRDA:1,28,0,0
BRDA:1,28,1,0
BRDA:1,29,0,0
BRDA:1,29,1,0
BRDA:1,30,0,0
BRDA:1,30,1,0
BRDA:1,31,0,0
BRDA:1,31,1,0
BRDA:1,32,0,0
BRDA:1,32,1,0
BRDA:1,33,0,0
BRDA:1,33,1,12
BRDA:1,34,0,12
BRDA:1,34,1,0
BRDA:1,35,0,11
BRDA:1,35,1,11
BRDA:1,36,0,0
BRDA:1,36,1,0
BRDA:1,37,0,0
BRDA:1,37,1,1
BRDA:1,38,0,1
BRDA:1,38,1,0
BRDA:1,39,0,0
BRDA:1,39,1,0
BRDA:1,40,0,0
BRDA:1,40,1,0
BRDA:1,41,0,0
BRDA:1,41,1,0
BRDA:1,42,0,0
BRDA:1,42,1,0
BRDA:1,43,0,0
BRDA:1,43,1,0
BRDA:1,44,0,0
BRDA:1,44,1,0
BRDA:1,45,0,0
BRDA:1,45,1,0
BRDA:1,46,0,0
BRDA:1,46,1,0
BRDA:1,47,0,0
BRDA:1,47,1,0
BRDA:1,47,2,0
BRDA:1,47,3,0
BRDA:1,48,0,0
BRDA:1,48,1,0
BRDA:1,49,0,0
BRDA:1,49,1,0
BRDA:1,49,2,0
BRDA:1,50,0,0
BRDA:1,50,1,0
BRDA:1,50,2,0
BRDA:1,50,3,0
BRDA:1,50,4,0
BRDA:1,50,5,0
BRDA:1,50,6,0
BRDA:1,50,7,0
BRDA:1,50,8,0
BRDA:1,50,9,0
BRDA:1,50,10,0
BRDA:1,50,11,0
BRDA:1,50,12,0
BRDA:1,50,13,0
BRDA:1,50,14,0
BRDA:1,50,15,0
BRDA:1,51,0,0
BRDA:1,51,1,0
BRDA:1,52,0,0
BRDA:1,52,1,0
BRDA:1,53,0,0
BRDA:1,53,1,0
BRDA:1,54,0,0
BRDA:1,54,1,0
BRDA:1,55,0,0
BRDA:1,55,1,0
BRDA:1,56,0,0
BRDA:1,56,1,0
BRDA:1,57,0,0
BRDA:1,57,1,0
BRDA:1,57,2,0
BRDA:1,58,0,0
BRDA:1,58,1,0
BRDA:1,59,0,0
BRDA:1,59,1,0
BRDA:1,59,2,0
BRDA:1,59,3,0
BRDA:1,60,0,36
BRDA:1,61,0,0
BRDA:1,61,1,36
BRDA:1,62,0,0
BRDA:1,62,1,36
BRDA:1,63,0,36
BRDA:1,63,1,0
BRDA:1,63,2,0
BRDA:1,64,0,0
BRDA:1,64,1,1
BRDA:1,65,0,1
BRDA:1,65,1,1
BRDA:1,65,2,1
BRDA:1,65,3,1
BRDA:1,66,0,1
BRDA:1,66,1,1
BRDA:1,66,2,1
BRDA:1,66,3,1
BRDA:1,66,4,0
BRDA:1,67,0,1
BRDA:1,67,1,1
BRDA:1,68,0,0
BRDA:1,68,1,1
BRDA:1,69,0,0
BRDA:1,69,1,1
BRDA:1,70,0,0
BRDA:1,70,1,1
BRDA:1,71,0,0
BRDA:1,71,1,4
BRDA:1,72,0,0
BRDA:1,72,1,4
BRDA:1,73,0,0
BRDA:1,73,1,4
BRDA:1,74,0,4
BRDA:1,74,1,4
BRDA:1,74,2,4
BRDA:1,75,0,0
BRDA:1,75,1,4
BRDA:1,76,0,0
BRDA:1,76,1,4
BRDA:1,77,0,4
BRDA:1,77,1,4
BRDA:1,77,2,4
BRDA:1,78,0,4
BRDA:1,78,1,0
BRDA:1,79,0,0
BRDA:1,79,1,4
BRDA:1,80,0,4
BRDA:1,80,1,0
BRDA:1,81,0,4
BRDA:1,81,1,0
BRDA:1,82,0,4
BRDA:1,82,1,4
BRDA:1,83,0,4
BRDA:1,83,1,0
BRDA:1,84,0,0
BRDA:1,84,1,0
BRDA:1,85,0,0
BRDA:1,85,1,0
BRDA:1,86,0,0
BRDA:1,86,1,0
BRDA:1,87,0,0
BRDA:1,87,1,0
BRDA:1,88,0,0
BRDA:1,88,1,0
BRDA:1,89,0,0
BRDA:1,89,1,0
BRDA:1,90,0,0
BRDA:1,90,1,0
BRDA:1,91,0,0
BRDA:1,91,1,0
BRDA:1,92,0,0
BRDA:1,92,1,0
BRDA:1,93,0,0
BRDA:1,93,1,0
BRDA:1,94,0,0
BRDA:1,94,1,0
BRDA:1,95,0,0
BRDA:1,95,1,0
BRDA:1,96,0,0
BRDA:1,96,1,0
BRDA:1,97,0,2
BRDA:1,97,1,2
BRDA:1,98,0,1
BRDA:1,98,1,1
BRDA:1,98,2,1
BRDA:1,99,0,1
BRDA:1,99,1,0
BRDA:1,100,0,0
BRDA:1,100,1,0
BRDA:1,101,0,0
BRDA:1,101,1,0
BRDA:1,102,0,0
BRDA:1,102,1,0
BRDA:1,103,0,0
BRDA:1,103,1,11
BRDA:1,104,0,0
BRDA:1,104,1,0
BRDA:1,105,0,0
BRDA:1,105,1,0
BRDA:3,106,0,0
BRDA:3,106,1,0
BRDA:4,107,0,0
BRDA:4,107,1,1
BRDA:5,108,0,0
BRDA:5,108,1,1
BRDA:5,109,0,1
BRDA:5,109,1,1
BRDA:5,109,2,1
BRDA:5,109,3,1
BRDA:6,110,0,5
BRDA:6,110,1,0
BRDA:6,111,0,5
BRDA:6,111,1,3
BRDA:7,112,0,0
BRDA:7,112,1,1
BRDA:7,113,0,1
BRDA:7,113,1,1
BRDA:7,114,0,1
BRDA:7,114,1,1
BRDA:7,115,0,1
BRDA:7,115,1,1
BRDA:7,116,0,1
BRDA:7,116,1,1
BRDA:7,117,0,1
BRDA:7,117,1,0
BRDA:7,118,0,1
BRDA:7,118,1,4
BRDA:7,119,0,1
BRDA:7,119,1,0
BRDA:7,120,0,1
BRDA:7,120,1,0
BRDA:7,121,0,0
BRDA:7,121,1,0
BRDA:7,122,0,0
BRDA:7,122,1,0
BRDA:7,123,0,0
BRDA:7,123,1,0
BRDA:7,124,0,0
BRDA:7,124,1,0
BRDA:7,125,0,0
BRDA:7,125,1,0
BRDA:7,126,0,0
BRDA:7,126,1,0
BRDA:7,127,0,0
BRDA:7,127,1,0
BRDA:7,128,0,0
BRDA:7,128,1,0
BRDA:7,129,0,0
BRDA:7,129,1,0
BRDA:7,130,0,0
BRDA:7,130,1,0
BRDA:7,131,0,0
BRDA:7,131,1,0
BRDA:7,132,0,0
BRDA:7,133,0,0
BRDA:7,134,0,0
BRDA:7,135,0,0
BRDA:7,136,0,0
BRDA:7,136,1,1
BRDA:7,137,0,0
BRDA:7,137,1,1
BRDA:7,138,0,0
BRDA:7,138,1,0
BRDA:7,139,0,0
BRDA:7,139,1,0
BRDA:7,140,0,1
BRDA:7,140,1,0
BRDA:7,141,0,0
BRDA:7,142,0,0
BRDA:7,142,1,0
BRDA:7,143,0,0
BRDA:7,143,1,0
BRDA:7,144,0,0
BRDA:7,144,1,0
BRDA:7,145,0,0
BRDA:7,146,0,0
BRDA:7,147,0,0
BRDA:7,147,1,0
BRDA:7,148,0,0
BRDA:7,148,1,0
BRDA:7,148,2,0
BRDA:7,149,0,0
BRDA:7,149,1,0
BRDA:7,149,2,0
BRDA:7,150,0,0
BRDA:7,150,1,0
BRDA:7,151,0,0
BRDA:7,151,1,0
BRDA:7,152,0,0
BRDA:7,152,1,0
BRDA:7,153,0,0
BRDA:7,153,1,0
BRDA:7,154,0,0
BRDA:7,154,1,0
BRDA:7,155,0,0
BRDA:7,155,1,2
BRDA:7,156,0,0
BRDA:7,156,1,0
BRDA:7,157,0,0
BRDA:7,157,1,2
BRDA:7,158,0,2
BRDA:7,158,1,2
BRDA:7,158,2,2
BRDA:7,158,3,2
BRDA:7,159,0,0
BRDA:7,159,1,2
BRDA:7,160,0,2
BRDA:7,160,1,2
BRDA:7,160,2,2
BRDA:7,161,0,2
BRDA:7,161,1,0
BRDA:7,162,0,2
BRDA:7,162,1,2
BRDA:7,162,2,2
BRDA:7,162,3,0
BRDA:7,162,4,0
BRDA:7,162,5,0
BRDA:7,163,0,0
BRDA:7,163,1,0
BRDA:7,164,0,0
BRDA:7,164,1,0
BRDA:7,164,2,0
BRDA:7,165,0,0
BRDA:7,165,1,0
BRDA:7,166,0,0
BRDA:7,166,1,0
BRDA:7,166,2,0
BRDA:7,167,0,0
BRDA:7,167,1,0
BRDA:7,168,0,0
BRDA:7,168,1,0
BRDA:7,169,0,0
BRDA:7,169,1,0
BRDA:7,170,0,0
BRDA:7,171,0,0
BRDA:7,172,0,0
BRDA:7,172,1,0
BRDA:7,173,0,0
BRDA:7,173,1,0
BRDA:7,174,0,0
BRDA:7,174,1,0
BRDA:7,175,0,0
BRDA:7,176,0,0
BRDA:7,177,0,0
BRDA:7,178,0,0
BRDA:7,178,1,0
BRDA:7,179,0,0
BRDA:7,179,1,0
BRDA:7,180,0,0
BRDA:7,180,1,0
BRDA:7,181,0,0
BRDA:7,181,1,0
BRDA:7,182,0,0
BRDA:7,182,1,0
BRDA:7,183,0,0
BRDA:7,184,0,0
BRDA:7,185,0,0
BRDA:7,185,1,0
BRDA:7,186,0,0
BRDA:7,186,1,0
BRDA:7,187,0,0
BRDA:7,188,0,0
BRDA:7,188,1,0
BRDA:7,189,0,0
BRDA:7,189,1,0
BRDA:7,190,0,0
BRDA:7,190,1,0
BRDA:7,191,0,0
BRDA:7,191,1,0
BRDA:7,192,0,0
BRDA:7,192,1,0
BRDA:7,193,0,0
BRDA:7,193,1,0
BRDA:7,194,0,0
BRDA:7,194,1,0
BRDA:7,195,0,0
BRDA:7,195,1,0
BRDA:7,196,0,0
BRDA:7,196,1,0
BRDA:7,197,0,0
BRDA:7,197,1,0
BRDA:7,198,0,0
BRDA:7,198,1,0
BRDA:7,199,0,0
BRDA:7,199,1,0
BRDA:7,200,0,0
BRDA:7,200,1,0
BRDA:7,201,0,0
BRDA:7,201,1,0
BRDA:7,202,0,0
BRDA:7,202,1,0
BRDA:7,203,0,0
BRDA:7,203,1,0
BRDA:7,204,0,0
BRDA:7,204,1,0
BRDA:7,205,0,1
BRDA:7,205,1,0
BRDA:7,206,0,1
BRDA:7,206,1,1
BRDA:7,206,2,1
BRDA:7,207,0,1
BRDA:7,207,1,63
BRDA:7,208,0,0
BRDA:7,208,1,0
BRDA:7,209,0,0
BRDA:7,209,1,0
BRDA:7,210,0,0
BRDA:7,210,1,0
BRDA:7,211,0,0
BRDA:7,211,1,0
BRDA:7,212,0,0
BRDA:7,212,1,0
BRDA:7,213,0,0
BRDA:7,213,1,0
BRDA:7,214,0,0
BRDA:7,214,1,0
BRDA:7,215,0,0
BRDA:7,215,1,0
BRDA:7,216,0,0
BRDA:7,216,1,0
BRDA:7,217,0,0
BRDA:7,217,1,0
BRDA:7,218,0,0
BRDA:7,218,1,0
BRDA:7,219,0,0
BRDA:7,219,1,0
BRDA:7,220,0,0
BRDA:7,220,1,0
BRDA:7,221,0,0
BRDA:7,221,1,0
BRDA:7,222,0,0
BRDA:7,222,1,0
BRDA:7,223,0,94
BRDA:7,223,1,8
BRDA:7,224,0,0
BRDA:7,224,1,0
BRDA:7,224,2,0
BRDA:7,225,0,0
BRDA:7,225,1,0
BRDA:7,226,0,1
BRDA:7,226,1,1
BRDA:7,227,0,1
BRDA:7,227,1,0
BRDA:7,228,0,1
BRDA:7,228,1,1
BRDA:7,229,0,1
BRDA:7,229,1,1
BRDA:7,229,2,1
BRDA:7,229,3,1
BRDA:7,229,4,1
BRDA:7,229,5,0
BRDA:7,230,0,0
BRDA:7,230,1,6
BRDA:7,231,0,6
BRDA:7,231,1,6
BRDA:7,232,0,0
BRDA:7,232,1,6
BRDA:7,233,0,1
BRDA:7,233,1,1
BRDA:7,233,2,0
BRDA:7,234,0,0
BRDA:7,234,1,0
BRDA:7,235,0,1
BRDA:7,235,1,1
BRDA:7,236,0,1
BRDA:7,236,1,0
BRDA:7,237,0,0
BRDA:7,238,0,0
BRDA:7,238,1,0
BRDA:8,239,0,0
BRDA:8,239,1,0
BRDA:8,240,0,0
BRDA:8,240,1,1
BRDA:8,241,0,5
BRDA:8,241,1,5
BRDA:8,242,0,0
BRDA:8,242,1,0
BRDA:8,243,0,0
BRDA:8,243,1,0
BRDA:8,244,0,0
BRDA:8,244,1,0
BRDA:8,245,0,0
BRDA:8,245,1,0
BRDA:8,246,0,5
BRDA:8,246,1,0
BRDA:8,247,0,0
BRDA:8,248,0,1
BRDA:8,248,1,1
BRDA:8,249,0,1
BRDA:8,249,1,0
BRDA:8,250,0,1
BRDA:8,250,1,0
BRDA:8,250,2,0
BRDA:8,251,0,0
BRDA:8,251,1,1
BRDA:9,252,0,0
BRDA:9,252,1,1
BRDA:9,253,0,1
BRDA:9,253,1,1
BRDA:9,253,2,1
BRDA:9,253,3,0
BRDA:9,254,0,0
BRDA:9,254,1,0
BRDA:9,255,0,0
BRDA:9,255,1,0
BRDA:9,256,0,0
BRDA:9,256,1,0
BRDA:9,257,0,0
BRDA:9,257,1,0
BRDA:15,258,0,0
BRDA:15,258,1,0
BRDA:15,259,0,0
BRDA:15,259,1,0
BRDA:17,260,0,1
BRDA:17,260,1,0
BRDA:17,261,0,0
BRDA:17,261,1,1
BRDA:17,262,0,2
BRDA:17,262,1,2
BRDA:17,262,2,2
BRDA:17,263,0,1
BRDA:17,263,1,1
BRDA:17,264,0,0
BRDA:17,264,1,0
BRDA:17,265,0,0
BRDA:17,265,1,0
BRDA:17,266,0,0
BRDA:17,266,1,0
BRDA:17,267,0,0
BRDA:17,267,1,0
BRDA:17,268,0,0
BRDA:17,268,1,0
BRDA:17,269,0,0
BRDA:17,269,1,0
BRDA:17,270,0,0
BRDA:17,270,1,0
BRDA:17,271,0,0
BRDA:17,271,1,0
BRDA:17,272,0,0
BRDA:17,272,1,0
BRDA:17,273,0,0
BRDA:17,273,1,0
BRDA:17,274,0,0
BRDA:17,274,1,0
BRDA:17,275,0,0
BRDA:17,275,1,0
BRDA:17,276,0,0
BRDA:17,276,1,0
BRDA:17,277,0,0
BRDA:17,277,1,0
BRDA:17,277,2,0
BRDA:17,278,0,0
BRDA:17,278,1,0
BRDA:17,279,0,0
BRDA:17,279,1,0
BRDA:17,280,0,0
BRDA:17,280,1,0
BRDA:17,280,2,0
BRDA:17,281,0,0
BRDA:17,281,1,0
BRDA:17,282,0,0
BRDA:17,282,1,0
BRDA:17,283,0,0
BRDA:17,283,1,0
BRDA:17,284,0,0
BRDA:17,284,1,0
BRDA:17,285,0,0
BRDA:17,285,1,0
BRDA:17,286,0,0
BRDA:17,286,1,0
BRDA:17,287,0,0
BRDA:17,287,1,0
BRDA:17,288,0,0
BRDA:17,288,1,0
BRDA:17,288,2,0
BRDA:17,288,3,0
BRDA:17,289,0,0
BRDA:17,289,1,0
BRDA:17,290,0,0
BRDA:17,290,1,0
BRDA:17,291,0,0
BRDA:17,291,1,0
BRDA:17,292,0,0
BRDA:17,292,1,0
BRDA:17,293,0,0
BRDA:17,293,1,0
BRDA:17,294,0,0
BRDA:17,294,1,0
BRDA:17,295,0,0
BRDA:17,295,1,0
BRDA:17,296,0,0
BRDA:17,296,1,0
BRDA:17,297,0,0
BRDA:17,297,1,0
BRDA:17,298,0,0
BRDA:17,298,1,0
BRDA:17,299,0,0
BRDA:17,299,1,0
BRDA:17,300,0,0
BRDA:17,300,1,0
BRDA:17,301,0,0
BRDA:17,301,1,0
BRDA:17,302,0,0
BRDA:17,302,1,0
BRDA:17,303,0,0
BRDA:17,303,1,0
BRDA:17,304,0,0
BRDA:17,304,1,0
BRDA:17,305,0,0
BRDA:17,305,1,0
BRDA:17,306,0,0
BRDA:17,306,1,0
BRDA:17,307,0,0
BRDA:17,307,1,0
BRDA:17,308,0,0
BRDA:17,308,1,0
BRDA:17,309,0,0
BRDA:17,309,1,0
BRDA:17,310,0,0
BRDA:17,310,1,0
BRDA:17,311,0,0
BRDA:17,311,1,0
BRDA:17,312,0,0
BRDA:17,312,1,0
BRDA:17,312,2,0
BRDA:17,312,3,0
BRDA:17,313,0,0
BRDA:17,313,1,0
BRDA:17,313,2,0
BRDA:17,313,3,0
BRDA:17,314,0,0
BRDA:17,314,1,0
BRDA:17,315,0,0
BRDA:17,315,1,0
BRDA:17,316,0,0
BRDA:17,316,1,0
BRDA:17,316,2,0
BRDA:17,316,3,0
BRDA:18,317,0,0
BRDA:18,317,1,0
BRDA:18,318,0,0
BRDA:18,318,1,0
BRDA:18,319,0,0
BRDA:18,319,1,0
BRDA:18,320,0,0
BRDA:18,320,1,0
BRDA:18,321,0,0
BRDA:18,321,1,0
BRDA:18,322,0,0
BRDA:18,322,1,0
BRDA:18,323,0,0
BRDA:18,323,1,0
BRDA:18,324,0,0
BRDA:18,324,1,0
BRDA:18,325,0,0
BRDA:18,325,1,0
BRDA:18,326,0,0
BRDA:18,326,1,0
BRDA:18,327,0,0
BRDA:18,327,1,0
BRDA:18,328,0,0
BRDA:18,328,1,0
BRDA:18,329,0,0
BRDA:18,329,1,0
BRDA:18,330,0,0
BRDA:18,330,1,0
BRDA:18,331,0,0
BRDA:18,331,1,0
BRDA:18,332,0,0
BRDA:18,332,1,0
BRDA:18,333,0,0
BRDA:18,333,1,0
BRDA:18,333,2,0
BRDA:18,334,0,0
BRDA:18,334,1,0
BRDA:18,335,0,0
BRDA:18,335,1,0
BRDA:19,336,0,0
BRDA:19,336,1,0
BRDA:19,337,0,0
BRDA:19,337,1,0
BRDA:19,337,2,0
BRDA:20,338,0,0
BRDA:20,338,1,0
BRDA:20,339,0,0
BRDA:20,339,1,0
BRDA:20,340,0,0
BRDA:20,340,1,0
BRDA:20,341,0,0
BRDA:20,341,1,0
BRDA:20,342,0,0
BRDA:20,342,1,0
BRDA:20,343,0,0
BRDA:20,343,1,0
BRDA:20,344,0,0
BRDA:20,344,1,0
BRDA:20,345,0,0
BRDA:20,345,1,0
BRDA:20,346,0,0
BRDA:20,346,1,0
BRDA:20,347,0,0
BRDA:20,347,1,0
BRDA:20,348,0,0
BRDA:20,348,1,0
BRDA:20,349,0,0
BRDA:20,349,1,0
BRDA:20,350,0,0
BRDA:20,350,1,0
BRDA:20,351,0,0
BRDA:20,351,1,0
BRDA:20,352,0,0
BRDA:20,352,1,0
BRDA:20,353,0,0
BRDA:20,353,1,0
BRDA:20,354,0,0
BRDA:20,354,1,0
BRDA:20,355,0,0
BRDA:20,355,1,0
BRDA:20,356,0,0
BRDA:20,356,1,0
BRDA:20,357,0,0
BRDA:20,357,1,0
BRDA:20,358,0,0
BRDA:20,358,1,0
BRDA:20,358,2,0
BRDA:20,359,0,0
BRDA:20,359,1,0
BRDA:20,360,0,0
BRDA:20,360,1,0
BRDA:20,361,0,0
BRDA:20,361,1,0
BRDA:20,362,0,0
BRDA:20,362,1,0
BRDA:20,363,0,0
BRDA:20,363,1,0
BRDA:20,364,0,0
BRDA:20,364,1,0
BRDA:20,365,0,0
BRDA:20,365,1,0
BRDA:20,366,0,0
BRDA:20,366,1,0
BRDA:20,367,0,0
BRDA:20,367,1,0
BRDA:20,368,0,0
BRDA:20,368,1,0
BRDA:23,369,0,1
BRDA:23,369,1,1
BRDA:23,370,0,1
BRDA:23,370,1,1
BRDA:23,371,0,0
BRDA:23,371,1,0
BRDA:25,372,0,0
BRDA:25,372,1,0
BRDA:25,373,0,0
BRDA:25,373,1,0
BRDA:25,374,0,0
BRDA:25,374,1,0
BRDA:26,375,0,0
BRDA:26,375,1,0
BRDA:26,376,0,0
BRDA:26,376,1,0
BRDA:26,377,0,0
BRDA:26,377,1,0
BRDA:26,378,0,0
BRDA:26,378,1,0
BRDA:26,379,0,0
BRDA:26,379,1,0
BRDA:26,380,0,0
BRDA:26,380,1,0
BRDA:26,381,0,0
BRDA:26,381,1,0
BRDA:26,382,0,0
BRDA:26,382,1,0
BRDA:26,383,0,20
BRDA:26,383,1,0
BRDA:26,384,0,0
BRDA:26,384,1,0
BRDA:26,385,0,0
BRDA:26,385,1,0
BRDA:26,386,0,0
BRDA:26,386,1,0
BRDA:26,387,0,0
BRDA:26,387,1,0
BRDA:26,388,0,0
BRDA:26,388,1,0
BRDA:26,389,0,0
BRDA:26,389,1,0
BRDA:26,390,0,0
BRDA:26,390,1,0
BRDA:26,391,0,0
BRDA:26,391,1,0
BRDA:26,392,0,0
BRDA:26,392,1,0
BRDA:26,393,0,0
BRDA:26,393,1,0
BRDA:26,394,0,0
BRDA:26,394,1,0
BRDA:26,395,0,0
BRDA:26,395,1,0
BRDA:26,396,0,0
BRDA:26,396,1,0
BRDA:26,397,0,0
BRDA:26,397,1,0
BRDA:26,398,0,0
BRDA:26,398,1,0
BRDA:26,399,0,0
BRDA:26,399,1,0
BRDA:26,400,0,0
BRDA:26,400,1,0
BRDA:26,401,0,0
BRDA:26,401,1,0
BRDA:26,402,0,0
BRDA:26,402,1,0
BRDA:26,403,0,0
BRDA:26,403,1,0
BRDA:26,404,0,0
BRDA:26,404,1,0
BRDA:26,405,0,0
BRDA:26,405,1,0
BRDA:26,406,0,0
BRDA:26,406,1,0
BRDA:26,407,0,0
BRDA:26,407,1,0
BRDA:26,408,0,0
BRDA:26,408,1,0
BRDA:26,409,0,0
BRDA:26,409,1,0
BRDA:26,410,0,0
BRDA:26,410,1,0
BRDA:26,411,0,0
BRDA:26,411,1,0
BRDA:26,412,0,0
BRDA:26,412,1,0
BRDA:26,413,0,0
BRDA:26,413,1,0
BRDA:26,414,0,0
BRDA:26,414,1,0
BRDA:26,415,0,0
BRDA:26,415,1,0
BRDA:26,416,0,0
BRDA:26,416,1,0
BRDA:26,417,0,0
BRDA:26,417,1,0
BRDA:26,418,0,0
BRDA:26,418,1,0
BRDA:26,419,0,0
BRDA:26,419,1,0
BRDA:26,420,0,0
BRDA:26,420,1,0
BRDA:26,421,0,0
BRDA:26,421,1,0
BRDA:26,422,0,0
BRDA:26,422,1,0
BRDA:26,423,0,0
BRDA:26,423,1,0
BRDA:26,424,0,0
BRDA:26,424,1,0
BRDA:26,424,2,0
BRDA:26,425,0,0
BRDA:26,425,1,0
BRDA:26,426,0,0
BRDA:26,426,1,0
BRDA:26,427,0,0
BRDA:26,427,1,0
BRDA:26,427,2,0
BRDA:26,427,3,0
BRDA:26,428,0,0
BRDA:26,428,1,0
BRDA:26,429,0,0
BRDA:26,429,1,0
BRDA:26,430,0,0
BRDA:26,430,1,0
BRDA:26,431,0,0
BRDA:26,431,1,0
BRDA:26,432,0,0
BRDA:26,432,1,0
BRDA:26,433,0,0
BRDA:26,433,1,0
BRDA:26,434,0,0
BRDA:26,434,1,0
BRDA:26,435,0,0
BRDA:26,435,1,0
BRDA:26,436,0,0
BRDA:26,436,1,0
BRDA:26,437,0,0
BRDA:26,437,1,0
BRDA:26,438,0,0
BRDA:26,438,1,0
BRDA:26,439,0,0
BRDA:26,439,1,0
BRDA:26,440,0,0
BRDA:26,440,1,0
BRDA:26,441,0,0
BRDA:26,441,1,0
BRDA:26,442,0,0
BRDA:26,442,1,0
BRDA:26,443,0,0
BRDA:26,443,1,0
BRDA:26,444,0,0
BRDA:26,444,1,0
BRDA:26,445,0,0
BRDA:26,445,1,0
BRDA:26,446,0,0
BRDA:26,446,1,0
BRDA:26,447,0,0
BRDA:26,447,1,0
BRDA:26,448,0,0
BRDA:26,448,1,0
BRDA:26,449,0,0
BRDA:26,449,1,0
BRDA:26,450,0,0
BRDA:26,450,1,0
BRDA:26,451,0,0
BRDA:26,451,1,0
BRDA:26,452,0,0
BRDA:26,452,1,0
BRDA:26,453,0,0
BRDA:26,453,1,0
BRDA:26,454,0,0
BRDA:26,454,1,0
BRDA:26,455,0,0
BRDA:26,455,1,0
BRDA:26,456,0,0
BRDA:26,456,1,0
BRDA:26,457,0,0
BRDA:26,457,1,0
BRDA:26,458,0,0
BRDA:26,458,1,0
BRDA:26,459,0,0
BRDA:26,459,1,0
BRDA:26,460,0,0
BRDA:26,460,1,0
BRDA:26,461,0,0
BRDA:26,461,1,0
BRDA:26,462,0,0
BRDA:26,462,1,0
BRDA:26,463,0,0
BRDA:26,463,1,0
BRDA:26,464,0,0
BRDA:26,464,1,0
BRDA:26,465,0,0
BRDA:26,465,1,0
BRDA:26,466,0,0
BRDA:26,466,1,0
BRDA:26,467,0,0
BRDA:26,467,1,0
BRDA:26,468,0,0
BRDA:26,468,1,0
BRDA:26,469,0,0
BRDA:26,469,1,0
BRDA:26,470,0,0
BRDA:26,470,1,0
BRDA:26,471,0,0
BRDA:26,471,1,0
BRDA:26,472,0,0
BRDA:26,472,1,0
BRDA:26,472,2,0
BRDA:26,472,3,0
BRDA:26,473,0,0
BRDA:26,473,1,0
BRDA:26,474,0,0
BRDA:26,474,1,0
BRDA:26,474,2,0
BRDA:26,474,3,0
BRDA:26,475,0,0
BRDA:26,475,1,0
BRDA:26,476,0,0
BRDA:26,476,1,0
BRDA:26,477,0,0
BRDA:26,477,1,0
BRDA:26,478,0,0
BRDA:26,478,1,0
BRDA:26,479,0,0
BRDA:26,479,1,0
BRDA:26,480,0,0
BRDA:26,480,1,0
BRDA:26,481,0,0
BRDA:26,481,1,0
BRDA:26,482,0,0
BRDA:26,482,1,0
BRDA:26,483,0,0
BRDA:26,483,1,0
BRDA:26,484,0,0
BRDA:26,484,1,0
BRDA:26,485,0,0
BRDA:26,485,1,0
BRDA:26,486,0,0
BRDA:26,486,1,0
BRDA:26,487,0,0
BRDA:26,487,1,0
BRDA:26,488,0,0
BRDA:26,488,1,0
BRDA:26,489,0,0
BRDA:26,489,1,0
BRDA:26,490,0,0
BRDA:26,490,1,0
BRDA:26,491,0,0
BRDA:26,491,1,0
BRDA:26,492,0,0
BRDA:26,492,1,0
BRDA:26,493,0,0
BRDA:26,493,1,0
BRDA:26,494,0,0
BRDA:26,494,1,0
BRDA:26,495,0,0
BRDA:26,495,1,0
BRDA:26,496,0,0
BRDA:26,496,1,0
BRDA:26,497,0,0
BRDA:26,497,1,0
BRDA:26,498,0,0
BRDA:26,498,1,0
BRDA:26,499,0,0
BRDA:26,499,1,0
BRDA:26,500,0,0
BRDA:26,500,1,0
BRDA:26,501,0,0
BRDA:26,501,1,0
BRDA:26,502,0,0
BRDA:26,502,1,0
BRDA:26,503,0,0
BRDA:26,503,1,0
BRDA:26,504,0,0
BRDA:26,504,1,0
BRDA:26,505,0,0
BRDA:26,505,1,0
BRDA:26,506,0,0
BRDA:26,506,1,0
BRDA:26,507,0,0
BRDA:26,507,1,0
BRDA:26,508,0,0
BRDA:26,508,1,0
BRDA:26,509,0,0
BRDA:26,509,1,0
BRDA:26,510,0,0
BRDA:26,510,1,0
BRDA:26,511,0,0
BRDA:26,511,1,0
BRDA:26,512,0,0
BRDA:26,512,1,0
BRDA:26,512,2,0
BRDA:26,512,3,0
BRDA:26,513,0,0
BRDA:26,513,1,0
BRDA:26,514,0,0
BRDA:26,514,1,0
BRDA:26,514,2,0
BRDA:26,515,0,0
BRDA:26,515,1,0
BRDA:26,516,0,0
BRDA:26,516,1,0
BRDA:26,517,0,0
BRDA:26,517,1,0
BRDA:26,518,0,0
BRDA:26,518,1,0
BRDA:26,519,0,0
BRDA:26,519,1,0
BRDA:26,520,0,0
BRDA:26,520,1,0
BRDA:26,521,0,0
BRDA:26,521,1,0
BRDA:26,522,0,0
BRDA:26,522,1,0
BRDA:26,523,0,0
BRDA:26,523,1,0
BRDA:26,524,0,0
BRDA:26,524,1,0
BRDA:26,525,0,0
BRDA:26,525,1,0
BRDA:26,526,0,0
BRDA:26,526,1,0
BRDA:26,527,0,0
BRDA:26,527,1,0
BRDA:26,528,0,0
BRDA:26,528,1,0
BRDA:26,529,0,0
BRDA:26,529,1,0
BRDA:26,530,0,0
BRDA:26,530,1,0
BRDA:26,531,0,0
BRDA:26,531,1,0
BRDA:26,532,0,0
BRDA:26,532,1,0
BRDA:26,533,0,0
BRDA:26,533,1,0
BRDA:26,534,0,0
BRDA:26,534,1,0
BRDA:26,535,0,0
BRDA:26,535,1,0
BRDA:26,536,0,0
BRDA:26,536,1,0
BRDA:26,536,2,0
BRDA:26,536,3,0
BRDA:26,537,0,0
BRDA:26,537,1,0
BRDA:26,538,0,0
BRDA:26,538,1,0
BRDA:26,538,2,0
BRDA:26,539,0,0
BRDA:26,539,1,0
BRDA:26,540,0,0
BRDA:26,540,1,0
BRDA:26,541,0,0
BRDA:26,541,1,0
BRDA:26,542,0,0
BRDA:26,542,1,0
BRDA:26,543,0,0
BRDA:26,543,1,0
BRDA:26,543,2,0
BRDA:26,544,0,0
BRDA:26,544,1,0
BRDA:26,545,0,0
BRDA:26,545,1,0
BRDA:26,545,2,0
BRDA:26,545,3,0
BRDA:26,546,0,0
BRDA:26,546,1,0
BRDA:26,547,0,0
BRDA:26,547,1,0
BRDA:26,548,0,0
BRDA:26,548,1,0
BRDA:26,549,0,0
BRDA:26,549,1,0
BRDA:26,550,0,0
BRDA:26,550,1,0
BRDA:26,551,0,0
BRDA:26,551,1,0
BRDA:26,552,0,0
BRDA:26,552,1,0
BRDA:26,553,0,0
BRDA:26,553,1,0
BRDA:26,554,0,0
BRDA:26,554,1,0
BRDA:26,554,2,0
BRDA:26,555,0,0
BRDA:26,555,1,0
BRDA:26,556,0,0
BRDA:26,556,1,0
BRDA:26,557,0,0
BRDA:26,557,1,0
BRDA:26,557,2,0
BRDA:26,557,3,0
BRDA:26,558,0,0
BRDA:26,558,1,0
BRDA:26,559,0,0
BRDA:26,559,1,0
BRDA:26,560,0,0
BRDA:26,560,1,0
BRDA:26,561,0,0
BRDA:26,561,1,0
BRDA:26,562,0,0
BRDA:26,562,1,0
BRDA:26,563,0,0
BRDA:26,563,1,0
BRDA:26,563,2,0
BRDA:26,563,3,0
BRDA:26,564,0,0
BRDA:26,564,1,0
BRDA:26,565,0,0
BRDA:26,565,1,0
BRDA:26,565,2,0
BRDA:26,565,3,0
BRDA:26,565,4,0
BRDA:26,565,5,0
BRDA:26,565,6,0
BRDA:26,566,0,0
BRDA:26,566,1,0
BRDA:26,567,0,0
BRDA:26,567,1,0
BRDA:26,568,0,0
BRDA:26,568,1,0
BRDA:26,569,0,0
BRDA:26,569,1,0
BRDA:26,570,0,0
BRDA:26,570,1,0
BRDA:26,571,0,0
BRDA:26,571,1,0
BRDA:26,572,0,0
BRDA:26,572,1,0
BRDA:26,573,0,0
BRDA:26,573,1,0
BRDA:26,574,0,0
BRDA:26,574,1,0
BRDA:26,575,0,0
BRDA:26,575,1,0
BRDA:26,576,0,0
BRDA:26,576,1,0
BRDA:26,577,0,0
BRDA:26,577,1,0
BRDA:26,578,0,0
BRDA:26,578,1,0
BRDA:26,579,0,0
BRDA:26,579,1,0
BRDA:26,580,0,0
BRDA:26,580,1,0
BRDA:26,581,0,0
BRDA:26,581,1,0
BRDA:26,582,0,0
BRDA:26,582,1,0
BRDA:26,583,0,0
BRDA:26,583,1,0
BRDA:26,584,0,0
BRDA:26,584,1,0
BRDA:26,585,0,0
BRDA:26,585,1,0
BRDA:26,586,0,0
BRDA:26,586,1,0
BRDA:26,587,0,0
BRDA:26,587,1,0
BRDA:26,588,0,0
BRDA:26,588,1,0
BRDA:26,589,0,0
BRDA:26,589,1,0
BRDA:26,590,0,0
BRDA:26,590,1,0
BRDA:26,591,0,0
BRDA:26,591,1,0
BRDA:26,592,0,0
BRDA:26,592,1,0
BRDA:26,593,0,0
BRDA:26,593,1,0
BRDA:26,594,0,0
BRDA:26,594,1,0
BRDA:26,595,0,0
BRDA:26,595,1,0
BRDA:26,596,0,0
BRDA:26,596,1,0
BRDA:26,597,0,0
BRDA:26,597,1,0
BRDA:26,598,0,0
BRDA:26,598,1,0
BRDA:26,599,0,0
BRDA:26,599,1,0
BRDA:26,599,2,0
BRDA:26,599,3,0
BRDA:26,600,0,0
BRDA:26,600,1,0
BRDA:26,601,0,0
BRDA:26,601,1,0
BRDA:26,602,0,0
BRDA:26,602,1,0
BRDA:26,603,0,0
BRDA:26,603,1,0
BRDA:26,604,0,0
BRDA:26,604,1,0
BRDA:26,605,0,0
BRDA:26,605,1,0
BRDA:26,606,0,0
BRDA:26,606,1,0
BRDA:26,607,0,0
BRDA:26,607,1,0
BRDA:26,608,0,0
BRDA:26,608,1,0
BRDA:26,609,0,0
BRDA:26,609,1,0
BRDA:26,610,0,0
BRDA:26,610,1,0
BRDA:26,610,2,0
BRDA:26,611,0,0
BRDA:26,611,1,0
BRDA:26,612,0,0
BRDA:26,612,1,0
BRDA:26,613,0,0
BRDA:26,613,1,0
BRDA:26,614,0,0
BRDA:26,614,1,0
BRDA:26,615,0,0
BRDA:26,615,1,0
BRDA:26,616,0,0
BRDA:26,616,1,0
BRDA:26,617,0,0
BRDA:26,617,1,0
BRDA:26,618,0,0
BRDA:26,618,1,0
BRDA:26,619,0,0
BRDA:26,619,1,0
BRDA:26,620,0,0
BRDA:26,620,1,0
BRDA:26,621,0,0
BRDA:26,621,1,0
BRDA:26,622,0,0
BRDA:26,622,1,0
BRDA:26,623,0,0
BRDA:26,623,1,0
BRDA:26,624,0,0
BRDA:26,624,1,0
BRDA:26,625,0,0
BRDA:26,625,1,0
BRDA:26,626,0,0
BRDA:26,626,1,0
BRDA:26,627,0,0
BRDA:26,627,1,0
BRDA:26,628,0,0
BRDA:26,628,1,0
BRDA:26,629,0,0
BRDA:26,629,1,0
BRDA:26,630,0,0
BRDA:26,630,1,0
BRDA:26,631,0,0
BRDA:26,631,1,0
BRDA:26,632,0,0
BRDA:26,632,1,0
BRDA:26,633,0,0
BRDA:26,633,1,0
BRDA:26,634,0,0
BRDA:26,634,1,0
BRDA:26,635,0,0
BRDA:26,635,1,0
BRDA:26,636,0,0
BRDA:26,636,1,0
BRDA:26,637,0,0
BRDA:26,637,1,0
BRDA:26,637,2,0
BRDA:26,638,0,0
BRDA:26,638,1,0
BRDA:26,639,0,0
BRDA:26,639,1,0
BRDA:26,640,0,0
BRDA:26,640,1,0
BRDA:26,641,0,0
BRDA:26,641,1,0
BRDA:26,642,0,0
BRDA:26,642,1,0
BRDA:26,643,0,0
BRDA:26,643,1,0
BRDA:26,643,2,0
BRDA:26,643,3,0
BRDA:26,643,4,0
BRDA:26,643,5,0
BRDA:26,644,0,0
BRDA:26,644,1,0
BRDA:26,644,2,0
BRDA:26,644,3,0
BRDA:26,644,4,0
BRDA:26,644,5,0
BRDA:26,644,6,0
BRDA:26,644,7,0
BRDA:26,645,0,0
BRDA:26,645,1,0
BRDA:26,646,0,0
BRDA:26,646,1,0
BRDA:26,647,0,0
BRDA:26,647,1,0
BRDA:26,648,0,0
BRDA:26,648,1,0
BRDA:26,649,0,0
BRDA:26,649,1,0
BRDA:26,649,2,0
BRDA:26,649,3,0
BRDA:26,649,4,0
BRDA:26,649,5,0
BRDA:26,650,0,0
BRDA:26,650,1,0
BRDA:26,650,2,0
BRDA:26,650,3,0
BRDA:26,650,4,0
BRDA:26,650,5,0
BRDA:26,650,6,0
BRDA:26,651,0,0
BRDA:26,651,1,0
BRDA:26,652,0,0
BRDA:26,652,1,0
BRDA:26,653,0,0
BRDA:26,653,1,0
BRDA:26,654,0,0
BRDA:26,654,1,0
BRDA:26,655,0,0
BRDA:26,655,1,0
BRDA:26,656,0,0
BRDA:26,656,1,0
BRDA:26,657,0,0
BRDA:26,657,1,0
BRDA:26,658,0,0
BRDA:26,658,1,0
BRDA:26,659,0,0
BRDA:26,659,1,0
BRDA:26,660,0,0
BRDA:26,660,1,0
BRDA:26,661,0,0
BRDA:26,661,1,0
BRDA:26,662,0,0
BRDA:26,662,1,0
BRDA:26,663,0,0
BRDA:26,663,1,0
BRDA:26,664,0,0
BRDA:26,664,1,0
BRDA:26,664,2,0
BRDA:26,664,3,0
BRDA:26,665,0,0
BRDA:26,665,1,0
BRDA:26,666,0,0
BRDA:26,666,1,0
BRDA:26,666,2,0
BRDA:26,667,0,0
BRDA:26,667,1,0
BRDA:26,668,0,0
BRDA:26,668,1,0
BRDA:26,669,0,0
BRDA:26,669,1,0
BRDA:26,670,0,0
BRDA:26,670,1,0
BRDA:26,670,2,0
BRDA:26,671,0,0
BRDA:26,671,1,0
BRDA:26,672,0,0
BRDA:26,672,1,0
BRDA:26,673,0,0
BRDA:26,673,1,0
BRDA:26,674,0,0
BRDA:26,674,1,0
BRDA:26,675,0,0
BRDA:26,675,1,0
BRDA:26,676,0,0
BRDA:26,676,1,0
BRDA:26,677,0,0
BRDA:26,677,1,0
BRDA:26,678,0,0
BRDA:26,678,1,0
BRDA:26,679,0,0
BRDA:26,679,1,0
BRDA:26,679,2,0
BRDA:26,680,0,0
BRDA:26,680,1,0
BRDA:26,681,0,0
BRDA:26,681,1,0
BRDA:26,682,0,0
BRDA:26,682,1,0
BRDA:26,683,0,0
BRDA:26,683,1,0
BRDA:26,684,0,0
BRDA:26,684,1,0
BRDA:26,685,0,0
BRDA:26,685,1,0
BRDA:26,686,0,0
BRDA:26,686,1,0
BRDA:26,687,0,0
BRDA:26,687,1,0
BRDA:26,688,0,0
BRDA:26,688,1,0
BRDA:26,689,0,0
BRDA:26,689,1,0
BRDA:26,690,0,0
BRDA:26,690,1,0
BRDA:26,691,0,0
BRDA:26,691,1,0
BRDA:26,692,0,0
BRDA:26,692,1,0
BRDA:26,693,0,0
BRDA:26,693,1,0
BRDA:26,694,0,0
BRDA:26,694,1,0
BRDA:26,695,0,0
BRDA:26,695,1,0
BRDA:26,696,0,0
BRDA:26,696,1,0
BRDA:26,697,0,0
BRDA:26,697,1,0
BRDA:26,698,0,0
BRDA:26,698,1,0
BRDA:26,699,0,0
BRDA:26,699,1,0
BRDA:26,700,0,0
BRDA:26,700,1,0
BRDA:26,700,2,0
BRDA:26,701,0,0
BRDA:26,701,1,0
BRDA:26,702,0,0
BRDA:26,702,1,0
BRDA:26,703,0,0
BRDA:26,703,1,0
BRDA:26,704,0,0
BRDA:26,704,1,0
BRDA:26,705,0,0
BRDA:26,705,1,0
BRDA:26,706,0,0
BRDA:26,706,1,0
BRDA:26,707,0,0
BRDA:26,707,1,0
BRDA:26,708,0,0
BRDA:26,708,1,0
BRDA:26,709,0,0
BRDA:26,709,1,0
BRDA:26,710,0,0
BRDA:26,710,1,0
BRDA:26,711,0,0
BRDA:26,711,1,0
BRDA:26,711,2,0
BRDA:26,711,3,0
BRDA:26,712,0,0
BRDA:26,712,1,0
BRDA:26,713,0,0
BRDA:26,713,1,0
BRDA:26,714,0,0
BRDA:26,714,1,0
BRDA:26,714,2,0
BRDA:26,714,3,0
BRDA:26,715,0,0
BRDA:26,715,1,0
BRDA:26,716,0,0
BRDA:26,716,1,0
BRDA:26,716,2,0
BRDA:26,716,3,0
BRDA:26,716,4,0
BRDA:26,716,5,0
BRDA:26,716,6,0
BRDA:26,717,0,0
BRDA:26,717,1,0
BRDA:26,718,0,0
BRDA:26,718,1,0
BRDA:26,719,0,0
BRDA:26,719,1,0
BRDA:26,720,0,0
BRDA:26,720,1,0
BRDA:26,721,0,0
BRDA:26,721,1,0
BRDA:26,722,0,0
BRDA:26,722,1,0
BRDA:26,723,0,0
BRDA:26,723,1,0
BRDA:26,724,0,0
BRDA:26,724,1,0
BRDA:26,725,0,0
BRDA:26,725,1,0
BRDA:26,726,0,0
BRDA:26,726,1,0
BRDA:26,727,0,0
BRDA:26,727,1,0
BRDA:26,728,0,0
BRDA:26,728,1,0
BRDA:26,729,0,0
BRDA:26,729,1,0
BRDA:26,730,0,0
BRDA:26,730,1,0
BRDA:26,731,0,0
BRDA:26,731,1,0
BRDA:26,732,0,0
BRDA:26,732,1,0
BRDA:26,733,0,0
BRDA:26,733,1,0
BRDA:26,734,0,0
BRDA:26,734,1,0
BRDA:26,735,0,0
BRDA:26,735,1,0
BRDA:26,736,0,0
BRDA:26,736,1,0
BRDA:26,737,0,0
BRDA:26,737,1,0
BRDA:26,738,0,0
BRDA:26,738,1,0
BRDA:26,739,0,0
BRDA:26,739,1,0
BRDA:26,740,0,0
BRDA:26,740,1,0
BRDA:26,740,2,0
BRDA:26,741,0,0
BRDA:26,741,1,0
BRDA:26,742,0,0
BRDA:26,742,1,0
BRDA:26,742,2,0
BRDA:26,743,0,0
BRDA:26,743,1,0
BRDA:26,744,0,0
BRDA:26,744,1,0
BRDA:26,744,2,0
BRDA:26,745,0,0
BRDA:26,745,1,0
BRDA:26,746,0,0
BRDA:26,746,1,0
BRDA:26,747,0,0
BRDA:26,747,1,0
BRDA:26,748,0,0
BRDA:26,748,1,0
BRDA:26,749,0,0
BRDA:26,749,1,0
BRDA:26,750,0,0
BRDA:26,750,1,0
BRDA:26,751,0,0
BRDA:26,751,1,0
BRDA:26,752,0,0
BRDA:26,752,1,0
BRDA:26,753,0,0
BRDA:26,753,1,0
BRDA:26,753,2,0
BRDA:26,754,0,0
BRDA:26,754,1,0
BRDA:26,755,0,0
[...]
BRDA:162,1693,0,0
BRDA:162,1694,0,0
BRDA:162,1695,0,0
BRDA:162,1695,1,0
BRDA:162,1696,0,0
BRDA:162,1696,1,0
BRDA:162,1697,0,0
BRDA:162,1697,1,0
BRDA:162,1698,0,0
BRDA:162,1698,1,0
BRDA:162,1699,0,0
BRDA:162,1699,1,0
BRDA:162,1700,0,0
BRDA:162,1700,1,0
BRDA:162,1701,0,0
BRDA:162,1701,1,0
BRDA:162,1702,0,0
BRDA:162,1702,1,0
BRDA:162,1703,0,0
BRDA:162,1703,1,0
BRDA:162,1704,0,0
BRDA:162,1704,1,0
BRDA:162,1704,2,0
BRDA:162,1704,3,0
BRDA:162,1705,0,0
BRDA:162,1705,1,0
BRDA:162,1706,0,0
BRDA:162,1706,1,0
BRDA:162,1707,0,0
BRDA:162,1707,1,0
BRDA:162,1708,0,0
BRDA:162,1708,1,0
BRDA:162,1708,2,0
BRDA:162,1709,0,0
BRDA:162,1709,1,0
BRDA:162,1710,0,0
BRDA:162,1710,1,0
BRDA:162,1711,0,0
BRDA:162,1711,1,0
BRDA:162,1712,0,0
BRDA:162,1712,1,0
BRDA:162,1713,0,0
BRDA:162,1713,1,0
BRDA:162,1714,0,0
BRDA:162,1714,1,0
BRDA:162,1715,0,0
BRDA:162,1715,1,0
BRDA:162,1716,0,0
BRDA:162,1716,1,0
BRDA:162,1716,2,0
BRDA:164,1717,0,0
BRDA:164,1717,1,0
BRDA:164,1717,2,0
BRDA:164,1717,3,0
BRDA:164,1718,0,0
BRDA:164,1718,1,0
BRDA:164,1719,0,0
BRDA:164,1719,1,0
BRDA:164,1720,0,0
BRDA:164,1720,1,0
BRDA:164,1721,0,0
BRDA:164,1721,1,0
BRDA:164,1722,0,0
BRDA:164,1722,1,0
BRDA:164,1723,0,0
BRDA:164,1723,1,0
BRDA:164,1724,0,0
BRDA:164,1724,1,0
BRDA:164,1725,0,0
BRDA:164,1725,1,0
BRDA:164,1726,0,0
BRDA:164,1726,1,0
BRDA:164,1727,0,0
BRDA:164,1727,1,0
BRDA:164,1728,0,0
BRDA:164,1728,1,0
BRDA:164,1729,0,0
BRDA:164,1729,1,0
BRDA:164,1730,0,0
BRDA:164,1730,1,0
BRDA:164,1731,0,0
BRDA:164,1731,1,0
BRDA:164,1732,0,0
BRDA:164,1732,1,0
BRDA:164,1733,0,0
BRDA:164,1733,1,0
BRDA:164,1733,2,0
BRDA:164,1734,0,0
BRDA:164,1734,1,0
BRDA:164,1734,2,0
BRDA:164,1734,3,0
BRDA:164,1734,4,0
BRDA:164,1734,5,0
BRDA:164,1735,0,0
BRDA:164,1736,0,0
BRDA:164,1736,1,0
BRDA:164,1737,0,0
BRDA:164,1737,1,0
BRDA:164,1738,0,0
BRDA:164,1738,1,0
BRDA:165,1739,0,0
BRDA:165,1739,1,0
BRDA:165,1740,0,0
BRDA:165,1740,1,0
BRDA:165,1741,0,0
BRDA:165,1741,1,0
BRDA:165,1742,0,0
BRDA:165,1742,1,0
BRDA:165,1743,0,0
BRDA:165,1743,1,0
BRDA:165,1744,0,0
BRDA:165,1744,1,0
BRDA:165,1745,0,0
BRDA:165,1745,1,0
BRDA:165,1746,0,0
BRDA:165,1746,1,0
BRDA:165,1747,0,0
BRDA:165,1747,1,0
BRDA:165,1747,2,0
BRDA:165,1747,3,0
BRDA:165,1748,0,0
BRDA:165,1748,1,0
BRDA:165,1749,0,0
BRDA:165,1749,1,0
BRDA:165,1750,0,0
BRDA:165,1750,1,0
BRDA:165,1751,0,0
BRDA:165,1751,1,0
BRDA:165,1752,0,0
BRDA:165,1752,1,0
BRDA:165,1753,0,0
BRDA:165,1753,1,0
BRDA:165,1754,0,0
BRDA:165,1754,1,0
BRDA:165,1755,0,0
BRDA:165,1755,1,0
BRDA:165,1756,0,0
BRDA:165,1756,1,0
BRDA:165,1757,0,0
BRDA:165,1757,1,0
BRDA:165,1758,0,0
BRDA:165,1758,1,0
BRDA:165,1759,0,0
BRDA:165,1759,1,0
BRDA:165,1760,0,0
BRDA:165,1760,1,0
BRDA:165,1761,0,0
BRDA:165,1761,1,0
BRDA:165,1762,0,0
BRDA:165,1762,1,0
BRDA:165,1763,0,0
BRDA:165,1763,1,0
BRDA:165,1764,0,0
BRDA:165,1764,1,0
BRDA:165,1765,0,0
BRDA:165,1765,1,0
BRDA:165,1766,0,0
BRDA:165,1766,1,0
BRDA:165,1767,0,0
BRDA:165,1767,1,0
BRDA:165,1768,0,0
BRDA:165,1768,1,0
BRDA:165,1769,0,0
BRDA:165,1769,1,0
BRDA:165,1770,0,0
BRDA:165,1770,1,0
BRDA:165,1770,2,0
BRDA:165,1770,3,0
BRDA:165,1770,4,0
BRDA:165,1770,5,0
BRDA:165,1770,6,0
BRDA:165,1770,7,0
BRDA:165,1770,8,0
BRDA:165,1770,9,0
BRDA:165,1770,10,0
BRDA:165,1770,11,0
BRDA:165,1770,12,0
BRDA:165,1770,13,0
BRDA:165,1771,0,0
BRDA:165,1771,1,0
BRDA:165,1771,2,0
BRDA:165,1772,0,0
BRDA:165,1772,1,0
BRDA:165,1773,0,0
BRDA:165,1773,1,0
BRDA:165,1774,0,0
BRDA:165,1774,1,0
BRDA:165,1775,0,0
BRDA:165,1775,1,0
BRDA:166,1776,0,0
BRDA:166,1776,1,0
BRDA:166,1777,0,0
BRDA:166,1777,1,0
BRDA:166,1778,0,0
BRDA:166,1778,1,0
BRDA:166,1779,0,0
BRDA:166,1779,1,0
BRDA:166,1780,0,0
BRDA:166,1780,1,0
BRDA:166,1781,0,0
BRDA:166,1781,1,0
BRDA:166,1782,0,0
BRDA:166,1782,1,0
BRDA:166,1783,0,0
BRDA:166,1783,1,0
BRDA:166,1784,0,0
BRDA:166,1784,1,0
BRDA:166,1785,0,0
BRDA:166,1785,1,0
BRDA:166,1786,0,0
BRDA:166,1786,1,0
BRDA:166,1787,0,0
BRDA:166,1787,1,0
BRDA:166,1788,0,0
BRDA:166,1788,1,0
BRDA:166,1789,0,0
BRDA:166,1789,1,0
BRDA:166,1790,0,0
BRDA:166,1790,1,0
BRDA:166,1791,0,0
BRDA:166,1791,1,0
BRDA:166,1792,0,0
BRDA:166,1792,1,0
BRDA:166,1793,0,0
BRDA:166,1793,1,0
BRDA:166,1794,0,0
BRDA:166,1794,1,0
BRDA:166,1795,0,0
BRDA:166,1795,1,0
BRDA:166,1796,0,0
BRDA:166,1796,1,0
BRDA:166,1797,0,0
BRDA:166,1797,1,0
BRDA:166,1798,0,0
BRDA:166,1798,1,0
BRDA:166,1799,0,0
BRDA:166,1799,1,0
BRDA:166,1800,0,0
BRDA:166,1800,1,0
BRDA:166,1801,0,0
BRDA:166,1801,1,0
BRDA:166,1802,0,0
BRDA:166,1802,1,0
BRDA:166,1803,0,0
BRDA:166,1803,1,0
BRDA:166,1804,0,0
BRDA:166,1804,1,0
BRDA:166,1805,0,0
BRDA:166,1805,1,0
BRDA:166,1806,0,0
BRDA:166,1806,1,0
BRDA:166,1807,0,0
BRDA:166,1807,1,0
BRDA:166,1808,0,0
BRDA:166,1808,1,0
BRDA:166,1809,0,0
BRDA:166,1809,1,0
BRDA:166,1810,0,0
BRDA:166,1810,1,0
BRDA:166,1811,0,0
BRDA:166,1811,1,0
BRDA:166,1812,0,0
BRDA:166,1812,1,0
BRDA:166,1813,0,0
BRDA:166,1813,1,0
BRDA:166,1814,0,0
BRDA:166,1814,1,0
BRDA:166,1815,0,0
BRDA:166,1815,1,0
BRDA:166,1816,0,0
BRDA:166,1816,1,0
BRDA:166,1816,2,0
BRDA:166,1817,0,0
BRDA:166,1817,1,0
BRDA:166,1818,0,0
BRDA:166,1818,1,0
BRDA:166,1819,0,0
BRDA:166,1819,1,0
BRDA:166,1820,0,0
BRDA:166,1820,1,0
BRDA:166,1821,0,0
BRDA:166,1821,1,0
BRDA:167,1822,0,0
BRDA:167,1822,1,0
BRDA:167,1823,0,0
BRDA:167,1823,1,0
BRDA:167,1824,0,0
BRDA:167,1824,1,0
BRDA:167,1825,0,0
BRDA:167,1825,1,0
BRDA:167,1826,0,0
BRDA:167,1826,1,0
BRDA:167,1827,0,0
BRDA:167,1827,1,0
BRDA:167,1828,0,0
BRDA:167,1828,1,0
BRDA:167,1829,0,0
BRDA:167,1829,1,0
BRDA:167,1830,0,0
BRDA:167,1830,1,0
BRDA:167,1831,0,0
BRDA:167,1831,1,0
BRDA:167,1832,0,0
BRDA:167,1832,1,0
BRDA:167,1833,0,0
BRDA:167,1833,1,0
BRDA:167,1834,0,0
BRDA:167,1834,1,0
BRDA:167,1835,0,0
BRDA:167,1835,1,0
BRDA:167,1836,0,0
BRDA:167,1836,1,0
BRDA:167,1837,0,0
BRDA:167,1837,1,0
BRDA:167,1838,0,0
BRDA:167,1839,0,0
BRDA:167,1839,1,0
BRDA:167,1839,2,0
BRDA:167,1840,0,0
BRDA:167,1840,1,0
BRDA:167,1841,0,0
BRDA:167,1841,1,0
BRDA:167,1841,2,0
BRDA:167,1842,0,0
BRDA:167,1842,1,0
BRDA:167,1843,0,0
BRDA:167,1843,1,0
BRDA:167,1843,2,0
BRDA:167,1844,0,0
BRDA:167,1844,1,0
BRDA:167,1845,0,0
BRDA:167,1845,1,0
BRDA:167,1846,0,0
BRDA:167,1846,1,0
BRDA:167,1846,2,0
BRDA:167,1847,0,0
BRDA:167,1847,1,0
BRDA:167,1848,0,0
BRDA:167,1848,1,0
BRDA:167,1849,0,0
BRDA:167,1849,1,0
BRDA:167,1850,0,0
BRDA:167,1850,1,0
BRDA:167,1851,0,0
BRDA:167,1851,1,0
BRDA:167,1851,2,0
BRDA:167,1852,0,0
BRDA:167,1852,1,0
BRDA:167,1853,0,0
BRDA:167,1853,1,0
BRDA:167,1854,0,0
BRDA:167,1854,1,0
BRDA:167,1855,0,0
BRDA:167,1855,1,0
BRDA:167,1856,0,0
BRDA:167,1856,1,0
BRDA:167,1857,0,0
BRDA:167,1857,1,0
BRDA:167,1858,0,0
BRDA:167,1858,1,0
BRDA:167,1859,0,0
BRDA:167,1859,1,0
BRDA:167,1860,0,0
BRDA:167,1860,1,0
BRDA:167,1861,0,0
BRDA:167,1861,1,0
BRDA:167,1862,0,0
BRDA:167,1862,1,0
BRDA:167,1863,0,0
BRDA:167,1863,1,0
BRDA:167,1864,0,0
BRDA:167,1864,1,0
BRDA:167,1865,0,0
BRDA:167,1865,1,0
BRDA:167,1866,0,0
BRDA:167,1866,1,0
BRDA:167,1866,2,0
BRDA:167,1867,0,0
BRDA:167,1867,1,0
BRDA:167,1868,0,0
BRDA:167,1868,1,0
BRDA:167,1869,0,0
BRDA:167,1869,1,0
BRDA:167,1870,0,0
BRDA:167,1870,1,0
BRDA:167,1871,0,0
BRDA:167,1871,1,0
BRDA:167,1872,0,0
BRDA:167,1872,1,0
BRDA:167,1873,0,0
BRDA:167,1873,1,0
BRDA:167,1874,0,0
BRDA:167,1874,1,0
BRDA:167,1875,0,0
BRDA:167,1875,1,0
BRDA:167,1876,0,0
BRDA:167,1876,1,0
BRDA:167,1877,0,0
BRDA:167,1877,1,0
BRDA:167,1878,0,0
BRDA:167,1878,1,0
BRDA:167,1879,0,0
BRDA:167,1879,1,0
BRDA:167,1880,0,0
BRDA:167,1880,1,0
BRDA:167,1881,0,0
BRDA:167,1881,1,0
BRDA:167,1882,0,0
BRDA:167,1882,1,0
BRDA:167,1883,0,0
BRDA:167,1883,1,0
BRDA:167,1884,0,0
BRDA:167,1884,1,0
BRDA:167,1885,0,0
BRDA:167,1885,1,0
BRDA:167,1886,0,0
BRDA:167,1886,1,0
BRDA:167,1887,0,0
BRDA:167,1887,1,0
BRDA:167,1888,0,0
BRDA:167,1888,1,0
BRDA:167,1889,0,0
BRDA:167,1889,1,0
BRDA:167,1890,0,0
BRDA:167,1890,1,0
BRDA:167,1891,0,0
BRDA:167,1891,1,0
BRDA:167,1892,0,0
BRDA:167,1892,1,0
BRDA:167,1893,0,0
BRDA:167,1893,1,0
BRDA:167,1894,0,0
BRDA:167,1894,1,0
BRDA:167,1895,0,0
BRDA:167,1895,1,0
BRDA:167,1896,0,0
BRDA:167,1896,1,0
BRDA:167,1897,0,0
BRDA:167,1897,1,0
BRDA:167,1898,0,0
BRDA:167,1898,1,0
BRDA:167,1899,0,0
BRDA:167,1899,1,0
BRDA:167,1900,0,0
BRDA:167,1900,1,0
BRDA:167,1900,2,0
BRDA:167,1901,0,0
BRDA:167,1901,1,0
BRDA:174,1902,0,0
BRDA:174,1902,1,0
BRDA:174,1903,0,0
BRDA:174,1903,1,0
BRDA:174,1904,0,0
BRDA:174,1904,1,0
BRDA:174,1904,2,0
BRDA:174,1904,3,0
BRDA:174,1904,4,0
BRDA:174,1904,5,0
BRDA:174,1905,0,0
BRDA:174,1905,1,0
BRDA:174,1906,0,0
BRDA:174,1907,0,0
BRDA:174,1907,1,0
BRDA:174,1908,0,0
BRDA:174,1908,1,0
BRDA:174,1909,0,0
BRDA:174,1909,1,0
BRDA:174,1910,0,0
BRDA:174,1910,1,0
BRDA:174,1911,0,0
BRDA:174,1911,1,0
BRDA:174,1912,0,0
BRDA:174,1912,1,0
BRDA:174,1913,0,0
BRDA:174,1913,1,0
BRDA:174,1914,0,0
BRDA:174,1915,0,0
BRDA:174,1915,1,0
BRDA:174,1916,0,0
BRDA:174,1916,1,0
BRDA:174,1917,0,0
BRDA:174,1917,1,0
BRDA:174,1918,0,0
BRDA:174,1918,1,0
BRDA:174,1919,0,0
BRDA:174,1919,1,0
BRDA:174,1920,0,0
BRDA:174,1920,1,0
BRDA:174,1920,2,0
BRDA:174,1921,0,0
BRDA:174,1921,1,0
BRDA:174,1922,0,0
BRDA:174,1922,1,0
BRDA:174,1923,0,0
BRDA:174,1923,1,0
BRDA:174,1924,0,0
BRDA:174,1924,1,0
BRDA:174,1925,0,0
BRDA:174,1925,1,0
BRDA:174,1926,0,0
BRDA:174,1926,1,0
BRDA:174,1927,0,0
BRDA:174,1927,1,0
BRDA:174,1928,0,0
BRDA:174,1928,1,0
BRDA:174,1929,0,0
BRDA:174,1929,1,0
BRDA:174,1930,0,0
BRDA:174,1930,1,0
BRDA:174,1931,0,0
BRDA:174,1931,1,0
BRDA:174,1932,0,0
BRDA:174,1932,1,0
BRDA:174,1933,0,0
BRDA:174,1933,1,0
BRDA:174,1934,0,0
BRDA:174,1934,1,0
BRDA:174,1935,0,0
BRDA:174,1935,1,0
BRDA:174,1936,0,0
BRDA:174,1936,1,0
BRDA:174,1937,0,0
BRDA:174,1937,1,0
BRDA:174,1937,2,0
BRDA:174,1938,0,0
BRDA:174,1938,1,0
BRDA:174,1939,0,0
BRDA:174,1939,1,0
BRDA:174,1940,0,0
BRDA:174,1940,1,0
BRDA:174,1941,0,0
BRDA:174,1941,1,0
BRDA:174,1942,0,0
BRDA:174,1942,1,0
BRDA:174,1943,0,0
BRDA:174,1943,1,0
BRDA:174,1944,0,0
BRDA:174,1944,1,0
BRDA:174,1945,0,0
BRDA:174,1945,1,0
BRDA:174,1946,0,0
BRDA:174,1946,1,0
BRDA:174,1947,0,0
BRDA:174,1947,1,0
BRDA:174,1948,0,0
BRDA:174,1948,1,0
BRDA:174,1949,0,0
BRDA:174,1949,1,0
BRDA:174,1950,0,0
BRDA:174,1950,1,0
BRDA:174,1951,0,0
BRDA:174,1951,1,0
BRDA:174,1952,0,0
BRDA:174,1952,1,0
BRDA:174,1953,0,0
BRDA:174,1953,1,0
BRDA:174,1954,0,0
BRDA:174,1954,1,0
BRDA:174,1955,0,0
BRDA:174,1955,1,0
BRDA:174,1956,0,0
BRDA:174,1956,1,0
BRDA:174,1957,0,0
BRDA:174,1957,1,0
BRDA:174,1958,0,0
BRDA:174,1958,1,0
BRDA:174,1959,0,0
BRDA:174,1959,1,0
BRDA:174,1960,0,0
BRDA:174,1960,1,0
BRDA:174,1961,0,0
BRDA:174,1961,1,0
BRDA:174,1962,0,0
BRDA:174,1962,1,0
BRDA:174,1963,0,0
BRDA:174,1963,1,0
BRDA:174,1964,0,0
BRDA:174,1964,1,0
BRDA:174,1965,0,0
BRDA:174,1965,1,0
BRDA:174,1966,0,0
BRDA:174,1966,1,0
BRDA:174,1967,0,0
BRDA:174,1967,1,0
BRDA:174,1968,0,0
BRDA:174,1968,1,0
BRDA:174,1969,0,0
BRDA:174,1969,1,0
BRDA:174,1970,0,0
BRDA:174,1970,1,0
BRDA:174,1970,2,0
BRDA:174,1971,0,0
BRDA:174,1971,1,0
BRDA:174,1972,0,0
BRDA:174,1972,1,0
BRDA:174,1973,0,0
BRDA:174,1973,1,0
BRDA:174,1974,0,0
BRDA:174,1974,1,0
BRDA:174,1975,0,0
BRDA:174,1975,1,0
BRDA:174,1975,2,0
BRDA:174,1976,0,0
BRDA:174,1976,1,0
BRDA:174,1977,0,0
BRDA:174,1977,1,0
BRDA:174,1978,0,0
BRDA:174,1978,1,0
BRDA:174,1979,0,0
BRDA:174,1979,1,0
BRDA:174,1979,2,0
BRDA:174,1979,3,0
BRDA:174,1979,4,0
BRDA:174,1979,5,0
BRDA:174,1979,6,0
BRDA:174,1979,7,0
BRDA:174,1980,0,0
BRDA:174,1980,1,0
BRDA:174,1981,0,0
BRDA:174,1981,1,0
BRDA:174,1982,0,0
BRDA:174,1982,1,0
BRDA:174,1983,0,0
BRDA:174,1983,1,0
BRDA:174,1984,0,0
BRDA:174,1984,1,0
BRDA:174,1985,0,0
BRDA:174,1985,1,0
BRDA:174,1986,0,0
BRDA:174,1986,1,0
BRDA:175,1987,0,0
BRDA:175,1987,1,0
BRDA:175,1988,0,0
BRDA:175,1988,1,0
BRDA:175,1989,0,0
BRDA:175,1989,1,0
BRDA:176,1990,0,0
BRDA:176,1990,1,0
BRDA:177,1991,0,0
BRDA:177,1991,1,0
BRDA:177,1992,0,0
BRDA:177,1992,1,0
BRDA:177,1993,0,0
BRDA:177,1993,1,0
BRDA:177,1994,0,0
BRDA:177,1994,1,0
BRDA:177,1995,0,0
BRDA:177,1995,1,0
BRDA:177,1996,0,0
BRDA:177,1996,1,0
BRDA:177,1997,0,0
BRDA:177,1997,1,0
BRDA:177,1998,0,0
BRDA:177,1998,1,0
BRDA:177,1999,0,0
BRDA:177,1999,1,0
BRDA:177,2000,0,0
BRDA:177,2000,1,0
BRDA:177,2001,0,0
BRDA:177,2001,1,0
BRDA:177,2002,0,0
BRDA:177,2002,1,0
BRDA:177,2003,0,0
BRDA:177,2003,1,0
BRDA:177,2004,0,0
BRDA:177,2004,1,0
BRDA:177,2005,0,0
BRDA:177,2005,1,0
BRDA:177,2006,0,0
BRDA:177,2006,1,0
BRDA:177,2007,0,0
BRDA:177,2007,1,0
BRDA:177,2007,2,0
BRDA:177,2007,3,0
BRDA:177,2008,0,0
BRDA:177,2008,1,0
BRDA:177,2009,0,0
BRDA:177,2009,1,0
BRDA:177,2010,0,0
BRDA:177,2010,1,0
BRDA:177,2011,0,0
BRDA:177,2011,1,0
BRDA:177,2012,0,0
BRDA:177,2012,1,0
BRDA:177,2013,0,0
BRDA:177,2013,1,0
BRDA:177,2014,0,0
BRDA:177,2014,1,0
BRDA:177,2015,0,0
BRDA:177,2015,1,0
BRDA:177,2016,0,0
BRDA:177,2016,1,0
BRDA:177,2017,0,0
BRDA:177,2017,1,0
BRDA:177,2018,0,0
BRDA:177,2018,1,0
BRDA:177,2019,0,0
BRDA:177,2019,1,0
BRDA:177,2020,0,0
BRDA:177,2020,1,0
BRDA:177,2021,0,0
BRDA:177,2021,1,0
BRDA:177,2022,0,0
BRDA:177,2022,1,0
BRDA:177,2023,0,1
BRDA:177,2023,1,1
BRDA:177,2024,0,0
BRDA:177,2024,1,0
BRDA:177,2025,0,0
BRDA:177,2025,1,0
BRDA:177,2026,0,0
BRDA:177,2026,1,0
BRDA:177,2027,0,0
BRDA:177,2027,1,0
BRDA:177,2028,0,0
BRDA:177,2028,1,0
BRDA:177,2029,0,0
BRDA:177,2029,1,0
BRDA:177,2030,0,0
BRDA:177,2030,1,0
BRDA:177,2031,0,0
BRDA:177,2031,1,0
BRDA:177,2032,0,0
BRDA:177,2032,1,0
BRDA:177,2033,0,0
BRDA:177,2033,1,0
BRDA:177,2034,0,0
BRDA:177,2034,1,0
BRDA:177,2035,0,0
BRDA:177,2035,1,0
BRDA:177,2036,0,0
BRDA:177,2036,1,0
BRDA:177,2037,0,0
BRDA:177,2037,1,0
BRDA:177,2038,0,0
BRDA:177,2038,1,0
BRDA:177,2039,0,0
BRDA:177,2039,1,0
BRDA:177,2040,0,0
BRDA:177,2040,1,0
BRDA:177,2041,0,0
BRDA:177,2041,1,0
BRDA:177,2042,0,0
BRDA:177,2042,1,0
BRDA:177,2043,0,0
BRDA:177,2043,1,0
BRDA:177,2044,0,0
BRDA:177,2044,1,0
BRDA:177,2045,0,0
BRDA:177,2045,1,0
BRDA:177,2046,0,0
BRDA:177,2046,1,0
BRDA:177,2047,0,0
BRDA:177,2047,1,0
BRDA:177,2048,0,0
BRDA:177,2048,1,0
BRDA:177,2049,0,0
BRDA:177,2049,1,0
BRDA:177,2050,0,0
BRDA:177,2050,1,0
BRDA:177,2050,2,0
BRDA:177,2051,0,0
BRDA:177,2051,1,0
BRDA:177,2052,0,0
BRDA:177,2052,1,0
BRDA:177,2053,0,0
BRDA:177,2053,1,0
BRDA:177,2054,0,0
BRDA:177,2054,1,0
BRDA:177,2055,0,0
BRDA:177,2055,1,0
BRDA:177,2056,0,0
BRDA:177,2056,1,0
BRDA:177,2057,0,0
BRDA:177,2057,1,0
BRDA:177,2058,0,0
BRDA:177,2058,1,0
BRDA:177,2059,0,0
BRDA:177,2059,1,0
BRDA:177,2060,0,0
BRDA:177,2060,1,0
BRDA:177,2061,0,0
BRDA:177,2061,1,0
BRDA:177,2062,0,0
BRDA:177,2062,1,0
BRDA:177,2063,0,0
BRDA:177,2063,1,0
BRDA:177,2064,0,0
BRDA:177,2064,1,0
BRDA:177,2065,0,0
BRDA:177,2065,1,0
BRDA:177,2066,0,0
BRDA:177,2066,1,0
BRDA:177,2067,0,0
BRDA:177,2067,1,0
BRDA:177,2068,0,0
BRDA:177,2068,1,0
BRDA:177,2069,0,0
BRDA:177,2069,1,0
BRDA:177,2070,0,0
BRDA:177,2070,1,0
BRDA:177,2071,0,0
BRDA:177,2071,1,0
BRDA:177,2072,0,0
BRDA:177,2072,1,0
BRDA:177,2073,0,0
BRDA:177,2073,1,0
BRDA:177,2074,0,0
BRDA:177,2074,1,0
BRDA:177,2075,0,0
BRDA:177,2075,1,0
BRDA:177,2076,0,0
BRDA:177,2076,1,0
BRDA:177,2077,0,0
BRDA:177,2077,1,0
BRDA:177,2078,0,0
BRDA:177,2078,1,0
BRDA:177,2078,2,0
BRDA:177,2079,0,0
BRDA:177,2079,1,0
BRDA:177,2080,0,0
BRDA:177,2080,1,0
BRDA:177,2081,0,0
BRDA:177,2081,1,0
BRDA:178,2082,0,0
BRDA:178,2082,1,0
BRDA:178,2083,0,0
BRDA:178,2083,1,0
BRDA:178,2084,0,0
BRDA:178,2084,1,0
BRDA:178,2085,0,0
BRDA:178,2085,1,0
BRDA:178,2086,0,0
BRDA:178,2086,1,0
BRDA:178,2087,0,0
BRDA:178,2087,1,0
BRDA:178,2088,0,0
BRDA:178,2088,1,0
BRDA:178,2089,0,0
BRDA:178,2089,1,0
BRDA:178,2090,0,0
BRDA:178,2090,1,0
BRDA:178,2091,0,1
BRDA:178,2091,1,0
BRF:4526
BRH:247
end_of_record
TN:
SF:src\modules\roadmap\roadmap.controller.ts
FN:25,(anonymous_4)
FN:29,(anonymous_5)
FN:34,(anonymous_6)
FN:41,(anonymous_7)
FN:47,(anonymous_8)
FN:54,(anonymous_9)
FN:59,(anonymous_10)
FNF:7
FNH:7
FNDA:30,(anonymous_4)
FNDA:3,(anonymous_5)
FNDA:4,(anonymous_6)
FNDA:4,(anonymous_7)
FNDA:5,(anonymous_8)
FNDA:4,(anonymous_9)
FNDA:4,(anonymous_10)
DA:1,1
DA:15,1
DA:16,1
DA:17,1
DA:18,1
DA:19,1
DA:20,1
DA:24,1
DA:25,30
DA:27,1
DA:30,3
DA:33,1
DA:35,4
DA:38,1
DA:42,4
DA:47,1
DA:48,5
DA:49,5
DA:50,4
DA:53,1
DA:55,4
DA:58,1
DA:60,4
LF:23
LH:23
BRDA:49,0,0,1
BRF:1
BRH:1
end_of_record
TN:
SF:src\modules\roadmap\roadmap.repository.ts
FN:11,(anonymous_2)
FN:13,(anonymous_3)
FN:14,(anonymous_4)
FN:28,(anonymous_5)
FN:49,(anonymous_6)
FN:61,(anonymous_7)
FN:68,(anonymous_8)
FN:79,(anonymous_9)
FN:86,(anonymous_10)
FN:93,(anonymous_11)
FN:120,(anonymous_12)
FN:132,(anonymous_13)
FN:133,(anonymous_14)
FN:139,(anonymous_15)
FN:153,(anonymous_16)
FN:163,(anonymous_17)
FNF:16
FNH:0
FNDA:0,(anonymous_2)
FNDA:0,(anonymous_3)
FNDA:0,(anonymous_4)
FNDA:0,(anonymous_5)
FNDA:0,(anonymous_6)
FNDA:0,(anonymous_7)
FNDA:0,(anonymous_8)
FNDA:0,(anonymous_9)
FNDA:0,(anonymous_10)
FNDA:0,(anonymous_11)
FNDA:0,(anonymous_12)
FNDA:0,(anonymous_13)
FNDA:0,(anonymous_14)
FNDA:0,(anonymous_15)
FNDA:0,(anonymous_16)
FNDA:0,(anonymous_17)
DA:1,1
DA:2,1
DA:10,1
DA:11,0
DA:14,0
DA:15,0
DA:26,0
DA:27,0
DA:28,0
DA:29,0
DA:40,0
DA:43,0
DA:47,0
DA:48,0
DA:49,0
DA:54,0
DA:57,0
DA:62,0
DA:69,0
DA:80,0
DA:87,0
DA:94,0
DA:108,0
DA:111,0
DA:121,0
DA:133,0
DA:135,0
DA:136,0
DA:138,0
DA:139,0
DA:149,0
DA:152,0
DA:153,0
DA:158,0
DA:164,0
LF:35
LH:3
BRDA:19,0,0,0
BRDA:19,0,1,0
BRDA:20,1,0,0
BRDA:20,1,1,0
BRDA:21,2,0,0
BRDA:21,2,1,0
BRDA:26,3,0,0
BRDA:26,3,1,0
BRDA:26,3,2,0
BRDA:27,4,0,0
BRDA:27,5,0,0
BRDA:27,5,1,0
BRDA:34,6,0,0
BRDA:34,6,1,0
BRDA:35,7,0,0
BRDA:35,7,1,0
BRDA:36,8,0,0
BRDA:36,8,1,0
BRDA:37,9,0,0
BRDA:37,9,1,0
BRDA:38,10,0,0
BRDA:38,10,1,0
BRDA:47,11,0,0
BRDA:47,11,1,0
BRDA:47,11,2,0
BRDA:48,12,0,0
BRDA:48,13,0,0
BRDA:48,13,1,0
BRDA:108,14,0,0
BRDA:138,15,0,0
BRDA:138,16,0,0
BRDA:138,16,1,0
BRDA:143,17,0,0
BRDA:143,17,1,0
BRDA:144,18,0,0
BRDA:144,18,1,0
BRDA:145,19,0,0
BRDA:145,19,1,0
BRDA:146,20,0,0
BRDA:146,20,1,0
BRDA:147,21,0,0
BRDA:147,21,1,0
BRDA:152,22,0,0
BRDA:152,23,0,0
BRDA:152,23,1,0
BRF:45
BRH:0
end_of_record
TN:
SF:src\modules\roadmap\roadmap.service.ts
FN:8,(anonymous_2)
FN:10,(anonymous_3)
FN:22,(anonymous_4)
FN:56,(anonymous_5)
FN:60,(anonymous_6)
FN:66,(anonymous_7)
FN:116,(anonymous_8)
FN:120,(anonymous_9)
FNF:8
FNH:0
FNDA:0,(anonymous_2)
FNDA:0,(anonymous_3)
FNDA:0,(anonymous_4)
FNDA:0,(anonymous_5)
FNDA:0,(anonymous_6)
FNDA:0,(anonymous_7)
FNDA:0,(anonymous_8)
FNDA:0,(anonymous_9)
DA:1,1
DA:2,1
DA:7,1
DA:8,0
DA:11,0
DA:23,0
DA:26,0
DA:27,0
DA:28,0
DA:32,0
DA:33,0
DA:34,0
DA:35,0
DA:37,0
DA:38,0
DA:40,0
DA:41,0
DA:45,0
DA:53,0
DA:57,0
DA:61,0
DA:62,0
DA:63,0
DA:68,0
DA:69,0
DA:72,0
DA:73,0
DA:74,0
DA:75,0
DA:78,0
DA:79,0
DA:80,0
DA:81,0
DA:82,0
DA:83,0
DA:88,0
DA:89,0
DA:92,0
DA:93,0
DA:94,0
DA:97,0
DA:104,0
DA:107,0
DA:108,0
DA:113,0
DA:117,0
DA:121,0
DA:122,0
DA:123,0
LF:49
LH:3
BRDA:23,0,0,0
BRDA:23,0,1,0
BRDA:27,1,0,0
BRDA:34,2,0,0
BRDA:34,3,0,0
BRDA:34,3,1,0
BRDA:35,4,0,0
BRDA:35,5,0,0
BRDA:35,5,1,0
BRDA:37,6,0,0
BRDA:37,7,0,0
BRDA:37,7,1,0
BRDA:40,8,0,0
BRDA:40,9,0,0
BRDA:40,9,1,0
BRDA:50,10,0,0
BRDA:50,10,1,0
BRDA:50,11,0,0
BRDA:50,11,1,0
BRDA:50,12,0,0
BRDA:50,12,1,0
BRDA:62,13,0,0
BRDA:69,14,0,0
BRDA:73,15,0,0
BRDA:74,16,0,0
BRDA:75,17,0,0
BRDA:78,18,0,0
BRDA:80,19,0,0
BRDA:82,20,0,0
BRDA:88,21,0,0
BRDA:88,21,1,0
BRDA:89,22,0,0
BRDA:89,22,1,0
BRDA:92,23,0,0
BRDA:92,24,0,0
BRDA:92,24,1,0
BRDA:93,25,0,0
BRDA:93,26,0,0
BRDA:93,26,1,0
BRDA:94,27,0,0
BRDA:94,28,0,0
BRDA:94,28,1,0
BRDA:98,29,0,0
BRDA:98,29,1,0
BRDA:98,29,2,0
BRDA:99,30,0,0
BRDA:99,30,1,0
BRDA:99,30,2,0
BRDA:107,31,0,0
BRDA:107,32,0,0
BRDA:107,32,1,0
BRDA:122,33,0,0
BRF:52
BRH:0
end_of_record
TN:
SF:src\modules\roadmap\dto\create-roadmap.dto.ts
FN:12,(anonymous_2)
FN:81,(anonymous_3)
FN:87,(anonymous_4)
FNF:3
FNH:0
FNDA:0,(anonymous_2)
FNDA:0,(anonymous_3)
FNDA:0,(anonymous_4)
DA:1,1
DA:10,1
DA:12,1
DA:13,1
DA:17,1
DA:21,1
DA:25,1
DA:29,1
DA:31,0
DA:33,1
DA:36,1
DA:40,1
DA:41,1
DA:45,1
DA:49,1
DA:58,1
DA:59,1
DA:63,1
DA:67,1
DA:71,1
DA:75,1
DA:78,1
DA:81,0
DA:84,1
DA:87,0
LF:25
LH:22
BRF:0
BRH:0
end_of_record
TN:
SF:src\modules\roadmap\dto\update-roadmap.dto.ts
FNF:0
FNH:0
DA:1,1
DA:2,1
DA:4,1
LF:3
LH:3
BRF:0
BRH:0
end_of_record
TN:
SF:src\prisma\prisma.service.ts
FN:8,(anonymous_2)
FN:15,(anonymous_3)
FN:25,(anonymous_4)
FNF:3
FNH:0
FNDA:0,(anonymous_2)
FNDA:0,(anonymous_3)
FNDA:0,(anonymous_4)
DA:1,1
DA:2,1
DA:5,1
DA:6,0
DA:9,0
DA:16,0
DA:17,0
DA:18,0
DA:20,0
DA:21,0
DA:26,0
DA:27,0
LF:12
LH:3
BRF:0
BRH:0
end_of_record
