TN:
SF:src\common\decorators\public.decorator.ts
FN:10,(anonymous_0)
FN:11,(anonymous_1)
FNF:2
FNH:1
FNDA:2,(anonymous_0)
FNDA:0,(anonymous_1)
DA:1,1
DA:9,1
DA:10,2
DA:11,1
LF:4
LH:4
BRF:0
BRH:0
end_of_record
TN:
SF:src\common\guards\auth.guard.ts
FN:14,(anonymous_2)
FN:16,(anonymous_3)
FN:52,(anonymous_4)
FNF:3
FNH:0
FNDA:0,(anonymous_2)
FNDA:0,(anonymous_3)
FNDA:0,(anonymous_4)
DA:1,1
DA:7,1
DA:8,1
DA:10,1
DA:13,1
DA:14,0
DA:19,0
DA:24,0
DA:25,0
DA:26,0
DA:30,0
DA:31,0
DA:33,0
DA:34,0
DA:37,0
DA:38,0
DA:39,0
DA:41,0
DA:44,0
DA:46,0
DA:49,0
DA:53,0
DA:54,0
LF:23
LH:5
BRDA:24,0,0,0
BRDA:33,1,0,0
BRDA:39,2,0,0
BRDA:53,3,0,0
BRDA:53,3,1,0
BRDA:54,4,0,0
BRDA:54,4,1,0
BRF:7
BRH:0
end_of_record
TN:
SF:src\common\guards\roles.guard.ts
FN:7,(anonymous_2)
FN:9,(anonymous_3)
FN:43,(anonymous_4)
FNF:3
FNH:0
FNDA:0,(anonymous_2)
FNDA:0,(anonymous_3)
FNDA:0,(anonymous_4)
DA:1,1
DA:2,1
DA:3,1
DA:6,1
DA:7,0
DA:13,0
DA:18,0
DA:19,0
DA:20,0
DA:24,0
DA:27,0
DA:28,0
DA:32,0
DA:33,0
DA:36,0
DA:37,0
DA:38,0
DA:42,0
DA:43,0
DA:46,0
LF:20
LH:4
BRDA:18,0,0,0
BRDA:27,1,0,0
BRDA:27,2,0,0
BRDA:27,2,1,0
BRDA:36,3,0,0
BRDA:36,4,0,0
BRDA:36,4,1,0
BRDA:42,5,0,0
BRF:8
BRH:0
end_of_record
TN:
SF:src\generated\client\index.js
FN:248,(anonymous_0)
FNF:1
FNH:0
FNDA:0,(anonymous_0)
DA:2,3
DA:26,3
DA:29,3
DA:31,3
DA:32,3
DA:38,3
DA:43,3
DA:44,3
DA:45,3
DA:46,3
DA:47,3
DA:48,3
DA:49,3
DA:54,3
DA:55,3
DA:56,3
DA:57,3
DA:58,3
DA:63,3
DA:64,3
DA:69,3
DA:70,3
DA:71,3
DA:73,3
DA:82,3
DA:87,3
DA:94,3
DA:103,3
DA:116,3
DA:127,3
DA:141,3
DA:149,3
DA:154,3
DA:159,3
DA:164,3
DA:169,3
DA:174,3
DA:179,3
DA:189,3
DA:239,3
DA:241,3
DA:242,3
DA:243,0
DA:248,0
DA:249,0
DA:252,0
DA:253,0
DA:256,3
DA:257,3
DA:258,3
DA:261,3
DA:263,3
DA:268,3
DA:269,3
DA:270,3
DA:273,3
DA:274,3
DA:276,3
DA:277,3
LF:59
LH:54
BRDA:242,0,0,0
BRDA:242,0,1,3
BRDA:248,1,0,0
BRDA:248,1,1,0
BRDA:264,2,0,3
BRDA:264,2,1,0
BRDA:265,3,0,3
BRDA:265,3,1,3
BRF:8
BRH:4
end_of_record
TN:
SF:src\generated\client\runtime\library.js
FN:1,(anonymous_0)
FN:1,(anonymous_1)
FN:1,(anonymous_2)
FN:1,(anonymous_3)
FN:1,(anonymous_4)
FN:1,(anonymous_5)
FN:1,(anonymous_6)
FN:1,(anonymous_7)
FN:1,(anonymous_8)
FN:1,(anonymous_9)
FN:1,(anonymous_10)
FN:1,(anonymous_11)
FN:1,(anonymous_12)
FN:1,(anonymous_13)
FN:1,(anonymous_14)
FN:1,(anonymous_15)
FN:1,(anonymous_16)
FN:1,(anonymous_17)
FN:1,(anonymous_18)
FN:1,(anonymous_19)
FN:1,(anonymous_20)
FN:1,(anonymous_21)
FN:1,ei
FN:1,ti
FN:1,(anonymous_24)
FN:1,Qu
FN:1,(anonymous_26)
FN:1,Qo
FN:1,(anonymous_28)
FN:1,ri
FN:1,(anonymous_30)
FN:1,(anonymous_31)
FN:1,(anonymous_32)
FN:1,(anonymous_33)
FN:1,(anonymous_34)
FN:1,(anonymous_35)
FN:1,(anonymous_36)
FN:1,(anonymous_37)
FN:1,nc
FN:3,ci
FN:3,ic
FN:3,oc
FN:3,(anonymous_42)
FN:3,(anonymous_43)
FN:3,(anonymous_44)
FN:3,(anonymous_45)
FN:3,(anonymous_46)
FN:3,(anonymous_47)
FN:3,(anonymous_48)
FN:3,(anonymous_49)
FN:3,(anonymous_50)
FN:3,(anonymous_51)
FN:3,(anonymous_52)
FN:3,(anonymous_53)
FN:3,(anonymous_54)
FN:3,(anonymous_55)
FN:3,(anonymous_56)
FN:3,(anonymous_57)
FN:3,e
FN:3,(anonymous_59)
FN:3,(anonymous_60)
FN:3,(anonymous_61)
FN:3,(anonymous_62)
FN:3,(anonymous_63)
FN:3,(anonymous_64)
FN:3,(anonymous_65)
FN:3,(anonymous_66)
FN:3,(anonymous_67)
FN:3,(anonymous_68)
FN:3,(anonymous_69)
FN:3,(anonymous_70)
FN:3,(anonymous_71)
FN:3,(anonymous_72)
FN:3,(anonymous_73)
FN:3,(anonymous_74)
FN:3,(anonymous_75)
FN:3,(anonymous_76)
FN:3,(anonymous_77)
FN:3,(anonymous_78)
FN:3,(anonymous_79)
FN:3,(anonymous_80)
FN:3,(anonymous_81)
FN:3,(anonymous_82)
FN:3,(anonymous_83)
FN:3,(anonymous_84)
FN:3,(anonymous_85)
FN:3,(anonymous_86)
FN:3,(anonymous_87)
FN:3,(anonymous_88)
FN:3,(anonymous_89)
FN:3,yo
FN:3,(anonymous_91)
FN:3,bo
FN:3,(anonymous_93)
FN:3,Eo
FN:3,(anonymous_95)
FN:3,(anonymous_96)
FN:3,(anonymous_97)
FN:3,(anonymous_98)
FN:3,(anonymous_99)
FN:3,(anonymous_100)
FN:3,(anonymous_101)
FN:3,(anonymous_102)
FN:3,(anonymous_103)
FN:3,(anonymous_104)
FN:3,(anonymous_105)
FN:3,(anonymous_106)
FN:3,(anonymous_107)
FN:3,(anonymous_108)
FN:3,(anonymous_109)
FN:3,(anonymous_110)
FN:3,(anonymous_111)
FN:3,(anonymous_112)
FN:3,(anonymous_113)
FN:3,(anonymous_114)
FN:3,(anonymous_115)
FN:3,(anonymous_116)
FN:3,(anonymous_117)
FN:3,(anonymous_118)
FN:3,(anonymous_119)
FN:3,(anonymous_120)
FN:3,(anonymous_121)
FN:3,(anonymous_122)
FN:3,M
FN:3,(anonymous_124)
FN:3,(anonymous_125)
FN:3,(anonymous_126)
FN:3,(anonymous_127)
FN:3,(anonymous_128)
FN:3,(anonymous_129)
FN:3,(anonymous_130)
FN:3,(anonymous_131)
FN:3,Ru
FN:3,(anonymous_133)
FN:3,(anonymous_134)
FN:3,(anonymous_135)
FN:3,(anonymous_136)
FN:3,(anonymous_137)
FN:3,(anonymous_138)
FN:3,(anonymous_139)
FN:3,Cu
FN:3,(anonymous_141)
FN:3,So
FN:3,(anonymous_143)
FN:3,(anonymous_144)
FN:4,Ao
FN:4,Qn
FN:4,qr
FN:4,(anonymous_148)
FN:4,(anonymous_149)
FN:4,(anonymous_150)
FN:4,(anonymous_151)
FN:4,(anonymous_152)
FN:4,(anonymous_153)
FN:4,(anonymous_154)
FN:4,(anonymous_155)
FN:4,(anonymous_156)
FN:4,(anonymous_157)
FN:4,(anonymous_158)
FN:4,pe
FN:4,(anonymous_160)
FN:4,(anonymous_161)
FN:4,(anonymous_162)
FN:4,(anonymous_163)
FN:4,Au
FN:4,(anonymous_165)
FN:4,(anonymous_166)
FN:4,(anonymous_167)
FN:4,(anonymous_168)
FN:4,(anonymous_169)
FN:4,j
FN:4,(anonymous_171)
FN:4,(anonymous_172)
FN:4,(anonymous_173)
FN:4,(anonymous_174)
FN:4,(anonymous_175)
FN:4,Iu
FN:4,(anonymous_177)
FN:4,(anonymous_178)
FN:4,(anonymous_179)
FN:4,(anonymous_180)
FN:4,(anonymous_181)
FN:4,(anonymous_182)
FN:4,I
FN:4,(anonymous_184)
FN:4,(anonymous_185)
FN:4,Oo
FN:4,(anonymous_187)
FN:4,(anonymous_188)
FN:4,(anonymous_189)
FN:4,(anonymous_190)
FN:4,ye
FN:4,je
FN:4,Ve
FN:4,(anonymous_194)
FN:4,(anonymous_195)
FN:4,(anonymous_196)
FN:4,(anonymous_197)
FN:4,(anonymous_198)
FN:4,(anonymous_199)
FN:4,(anonymous_200)
FN:4,(anonymous_201)
FN:4,(anonymous_202)
FN:4,(anonymous_203)
FN:4,(anonymous_204)
FN:4,(anonymous_205)
FN:4,(anonymous_206)
FN:4,(anonymous_207)
FN:4,(anonymous_208)
FN:4,(anonymous_209)
FN:4,(anonymous_210)
FN:4,(anonymous_211)
FN:4,(anonymous_212)
FN:4,(anonymous_213)
FN:4,(anonymous_214)
FN:4,(anonymous_215)
FN:4,(anonymous_216)
FN:4,(anonymous_217)
FN:4,(anonymous_218)
FN:4,(anonymous_219)
FN:4,(anonymous_220)
FN:4,(anonymous_221)
FN:4,(anonymous_222)
FN:4,(anonymous_223)
FN:4,(anonymous_224)
FN:4,(anonymous_225)
FN:4,(anonymous_226)
FN:4,(anonymous_227)
FN:4,(anonymous_228)
FN:4,(anonymous_229)
FN:4,(anonymous_230)
FN:4,(anonymous_231)
FN:4,(anonymous_232)
FN:4,(anonymous_233)
FN:4,(anonymous_234)
FN:4,(anonymous_235)
FN:4,(anonymous_236)
FN:4,(anonymous_237)
FN:4,(anonymous_238)
FN:4,(anonymous_239)
FN:4,(anonymous_240)
FN:4,(anonymous_241)
FN:4,(anonymous_242)
FN:4,(anonymous_243)
FN:4,(anonymous_244)
FN:4,(anonymous_245)
FN:4,(anonymous_246)
FN:4,(anonymous_247)
FN:4,(anonymous_248)
FN:4,(anonymous_249)
FN:4,(anonymous_250)
FN:4,(anonymous_251)
FN:4,(anonymous_252)
FN:4,(anonymous_253)
FN:4,(anonymous_254)
FN:4,(anonymous_255)
FN:4,(anonymous_256)
FN:4,(anonymous_257)
FN:4,(anonymous_258)
FN:4,(anonymous_259)
FN:4,(anonymous_260)
FN:4,mt
FN:4,(anonymous_262)
FN:4,(anonymous_263)
FN:4,(anonymous_264)
FN:4,(anonymous_265)
FN:4,(anonymous_266)
FN:4,(anonymous_267)
FN:4,(anonymous_268)
FN:4,(anonymous_269)
FN:4,(anonymous_270)
FN:4,(anonymous_271)
FN:4,Br
FN:4,Lo
FN:4,Fu
FN:4,(anonymous_275)
FN:4,(anonymous_276)
FN:4,(anonymous_277)
FN:4,(anonymous_278)
FN:4,(anonymous_279)
FN:4,(anonymous_280)
FN:4,(anonymous_281)
FN:4,(anonymous_282)
FN:4,(anonymous_283)
FN:4,(anonymous_284)
FN:4,(anonymous_285)
FN:4,(anonymous_286)
FN:5,Lu
FN:5,Nu
FN:5,ko
FN:5,No
FN:5,(anonymous_291)
FN:5,Mu
FN:5,(anonymous_293)
FN:5,(anonymous_294)
FN:5,(anonymous_295)
FN:5,(anonymous_296)
FN:5,$u
FN:5,Do
FN:5,qu
FN:5,(anonymous_300)
FN:5,nt
FN:5,ju
FN:5,Yn
FN:5,Mo
FN:5,Vu
FN:5,(anonymous_306)
FN:5,(anonymous_307)
FN:6,Bu
FN:6,Qr
FN:6,(anonymous_310)
FN:6,Uu
FN:6,$o
FN:6,ii
FN:6,Yo
FN:6,li
FN:6,ui
FN:6,(anonymous_317)
FN:6,(anonymous_318)
FN:6,(anonymous_319)
FN:6,(anonymous_320)
FN:6,(anonymous_321)
FN:6,(anonymous_322)
FN:6,(anonymous_323)
FN:6,(anonymous_324)
FN:6,(anonymous_325)
FN:6,(anonymous_326)
FN:6,(anonymous_327)
FN:6,(anonymous_328)
FN:6,(anonymous_329)
FN:9,rs
FN:9,(anonymous_331)
FN:9,(anonymous_332)
FN:9,zt
FN:10,sc
FN:12,(anonymous_335)
FN:16,(anonymous_336)
FN:18,ns
FN:18,is
FN:18,ac
FN:18,Yt
FN:18,lc
FN:18,(anonymous_342)
FN:18,(anonymous_343)
FN:18,mi
FN:18,hi
FN:18,(anonymous_346)
FN:18,(anonymous_347)
FN:20,cc
FN:20,(anonymous_349)
FN:20,(anonymous_350)
FN:20,pc
FN:20,(anonymous_352)
FN:20,(anonymous_353)
FN:21,dc
FN:21,(anonymous_355)
FN:21,(anonymous_356)
FN:21,(anonymous_357)
FN:21,(anonymous_358)
FN:21,(anonymous_359)
FN:21,(anonymous_360)
FN:21,(anonymous_361)
FN:21,(anonymous_362)
FN:21,(anonymous_363)
FN:21,(anonymous_364)
FN:21,mc
FN:21,yi
FN:21,fc
FN:21,gc
FN:21,hc
FN:21,Yr
FN:21,Fe
FN:21,Ei
FN:21,(anonymous_373)
FN:21,(anonymous_374)
FN:21,yt
FN:21,xi
FN:21,w
FN:21,(anonymous_378)
FN:21,(anonymous_379)
FN:21,(anonymous_380)
FN:21,(anonymous_381)
FN:21,(anonymous_382)
FN:21,(anonymous_383)
FN:21,(anonymous_384)
FN:21,(anonymous_385)
FN:21,(anonymous_386)
FN:21,(anonymous_387)
FN:21,(anonymous_388)
FN:21,(anonymous_389)
FN:21,(anonymous_390)
FN:21,(anonymous_391)
FN:21,(anonymous_392)
FN:21,(anonymous_393)
FN:21,(anonymous_394)
FN:21,(anonymous_395)
FN:21,(anonymous_396)
FN:21,(anonymous_397)
FN:21,(anonymous_398)
FN:21,(anonymous_399)
FN:21,(anonymous_400)
FN:21,(anonymous_401)
FN:21,(anonymous_402)
FN:21,(anonymous_403)
FN:21,(anonymous_404)
FN:21,(anonymous_405)
FN:21,(anonymous_406)
FN:21,(anonymous_407)
FN:21,(anonymous_408)
FN:21,(anonymous_409)
FN:21,(anonymous_410)
FN:21,(anonymous_411)
FN:21,(anonymous_412)
FN:21,(anonymous_413)
FN:21,(anonymous_414)
FN:21,(anonymous_415)
FN:21,(anonymous_416)
FN:21,(anonymous_417)
FN:21,(anonymous_418)
FN:21,(anonymous_419)
FN:21,(anonymous_420)
FN:21,(anonymous_421)
FN:21,(anonymous_422)
FN:21,(anonymous_423)
FN:21,(anonymous_424)
FN:21,(anonymous_425)
FN:21,(anonymous_426)
FN:21,(anonymous_427)
FN:21,(anonymous_428)
FN:21,(anonymous_429)
FN:21,(anonymous_430)
FN:21,(anonymous_431)
FN:21,(anonymous_432)
FN:21,(anonymous_433)
FN:21,(anonymous_434)
FN:21,(anonymous_435)
FN:21,(anonymous_436)
FN:21,(anonymous_437)
FN:21,(anonymous_438)
FN:21,(anonymous_439)
FN:21,(anonymous_440)
FN:21,(anonymous_441)
FN:21,(anonymous_442)
FN:21,(anonymous_443)
FN:21,(anonymous_444)
FN:21,(anonymous_445)
FN:21,(anonymous_446)
FN:21,(anonymous_447)
FN:21,K
FN:21,ie
FN:21,rr
FN:21,en
FN:21,vc
FN:21,(anonymous_453)
FN:21,e
FN:21,t
FN:21,r
FN:21,(anonymous_457)
FN:21,y
FN:21,we
FN:21,sn
FN:21,nn
FN:21,fe
FN:21,Cs
FN:21,We
FN:21,Ss
FN:21,bs
FN:21,As
FN:21,Ri
FN:21,He
FN:21,Is
FN:21,Ci
FN:21,Tc
FN:21,Rc
FN:21,Et
FN:21,an
FN:21,Os
FN:21,Si
FN:21,Es
FN:21,Cc
FN:21,Sc
FN:21,Ac
FN:21,Ic
FN:21,Oc
FN:21,kc
FN:21,Dc
FN:21,_c
FN:21,Fc
FN:21,Lc
FN:21,Nc
FN:21,Mc
FN:21,$c
FN:21,qc
FN:21,jc
FN:21,ks
FN:21,i
FN:21,Vc
FN:21,Bc
FN:21,Uc
FN:21,Gc
FN:21,ws
FN:21,Qc
FN:21,Jc
FN:21,Wc
FN:21,Hc
FN:21,Kc
FN:21,zc
FN:21,Yc
FN:21,Zc
FN:21,Xc
FN:21,ep
FN:21,tp
FN:21,rp
FN:21,np
FN:21,ip
FN:21,op
FN:21,sp
FN:21,ap
FN:21,lp
FN:21,up
FN:21,cp
FN:21,wt
FN:21,pp
FN:21,dp
FN:21,xt
FN:21,Pt
FN:21,ln
FN:21,vt
FN:21,(anonymous_528)
FN:21,(anonymous_529)
FN:21,(anonymous_530)
FN:21,(anonymous_531)
FN:21,(anonymous_532)
FN:21,(anonymous_533)
FN:21,(anonymous_534)
FN:21,e
FN:21,(anonymous_536)
FN:21,(anonymous_537)
FN:21,(anonymous_538)
FN:21,(anonymous_539)
FN:21,e
FN:21,(anonymous_541)
FN:21,(anonymous_542)
FN:21,(anonymous_543)
FN:21,(anonymous_544)
FN:21,(anonymous_545)
FN:21,he
FN:21,(anonymous_547)
FN:21,(anonymous_548)
FN:21,gp
FN:21,_s
FN:21,hp
FN:21,(anonymous_552)
FN:21,Ls
FN:21,(anonymous_554)
FN:21,(anonymous_555)
FN:21,(anonymous_556)
FN:21,(anonymous_557)
FN:21,(anonymous_558)
FN:21,(anonymous_559)
FN:21,(anonymous_560)
FN:21,(anonymous_561)
FN:21,(anonymous_562)
FN:21,(anonymous_563)
FN:21,(anonymous_564)
FN:23,(anonymous_565)
FN:24,(anonymous_566)
FN:25,(anonymous_567)
FN:25,(anonymous_568)
FN:25,(anonymous_569)
FN:25,(anonymous_570)
FN:25,(anonymous_571)
FN:25,(anonymous_572)
FN:25,(anonymous_573)
FN:25,Ep
FN:25,wp
FN:25,(anonymous_576)
FN:25,(anonymous_577)
FN:25,(anonymous_578)
FN:25,xp
FN:25,Pp
FN:25,vp
FN:26,Tp
FN:26,Tt
FN:26,Vs
FN:26,(anonymous_585)
FN:26,Bs
FN:26,(anonymous_587)
FN:26,Rp
FN:26,Cp
FN:26,Sp
FN:26,(anonymous_591)
FN:26,qs
FN:26,js
FN:26,(anonymous_594)
FN:26,(anonymous_595)
FN:26,(anonymous_596)
FN:26,(anonymous_597)
FN:26,(anonymous_598)
FN:26,(anonymous_599)
FN:26,(anonymous_600)
FN:26,(anonymous_601)
FN:26,(anonymous_602)
FN:26,(anonymous_603)
FN:26,(anonymous_604)
FN:26,(anonymous_605)
FN:26,(anonymous_606)
FN:26,(anonymous_607)
FN:26,(anonymous_608)
FN:27,(anonymous_609)
FN:27,(anonymous_610)
FN:27,(anonymous_611)
FN:27,(anonymous_612)
FN:27,(anonymous_613)
FN:27,(anonymous_614)
FN:27,(anonymous_615)
FN:27,(anonymous_616)
FN:27,(anonymous_617)
FN:27,(anonymous_618)
FN:27,(anonymous_619)
FN:27,(anonymous_620)
FN:27,(anonymous_621)
FN:27,(anonymous_622)
FN:27,(anonymous_623)
FN:27,(anonymous_624)
FN:27,(anonymous_625)
FN:27,(anonymous_626)
FN:27,(anonymous_627)
FN:27,(anonymous_628)
FN:27,(anonymous_629)
FN:27,(anonymous_630)
FN:27,(anonymous_631)
FN:27,(anonymous_632)
FN:27,(anonymous_633)
FN:27,(anonymous_634)
FN:27,(anonymous_635)
FN:27,(anonymous_636)
FN:27,(anonymous_637)
FN:27,(anonymous_638)
FN:27,(anonymous_639)
FN:27,(anonymous_640)
FN:27,(anonymous_641)
FN:27,(anonymous_642)
FN:27,(anonymous_643)
FN:27,(anonymous_644)
FN:27,(anonymous_645)
FN:27,(anonymous_646)
FN:27,(anonymous_647)
FN:27,(anonymous_648)
FN:27,(anonymous_649)
FN:27,(anonymous_650)
FN:27,(anonymous_651)
FN:27,(anonymous_652)
FN:27,(anonymous_653)
FN:27,(anonymous_654)
FN:27,(anonymous_655)
FN:27,(anonymous_656)
FN:27,(anonymous_657)
FN:27,(anonymous_658)
FN:27,(anonymous_659)
FN:27,(anonymous_660)
FN:27,(anonymous_661)
FN:27,(anonymous_662)
FN:27,(anonymous_663)
FN:27,(anonymous_664)
FN:27,(anonymous_665)
FN:27,(anonymous_666)
FN:27,(anonymous_667)
FN:27,pn
FN:27,Ip
FN:27,(anonymous_670)
FN:27,Op
FN:27,(anonymous_672)
FN:28,kp
FN:28,(anonymous_674)
FN:28,Dp
FN:28,(anonymous_676)
FN:28,_p
FN:28,(anonymous_678)
FN:28,Fp
FN:28,(anonymous_680)
FN:28,Lp
FN:28,(anonymous_682)
FN:28,Np
FN:28,(anonymous_684)
FN:28,Mp
FN:28,(anonymous_686)
FN:28,(anonymous_687)
FN:28,$p
FN:28,(anonymous_689)
FN:28,(anonymous_690)
FN:28,Qs
FN:28,qp
FN:28,(anonymous_693)
FN:28,Js
FN:28,jp
FN:28,(anonymous_696)
FN:28,(anonymous_697)
FN:28,Vp
FN:28,(anonymous_699)
FN:28,(anonymous_700)
FN:28,Bp
FN:28,(anonymous_702)
FN:28,Up
FN:28,(anonymous_704)
FN:28,(anonymous_705)
FN:28,Gp
FN:28,(anonymous_707)
FN:28,(anonymous_708)
FN:28,Ws
FN:28,Qp
FN:28,Jp
FN:28,Wp
FN:28,Hs
FN:28,Ks
FN:28,ir
FN:28,or
FN:28,gn
FN:28,Kp
FN:28,zs
FN:28,(anonymous_720)
FN:28,(anonymous_721)
FN:28,It
FN:28,(anonymous_723)
FN:28,(anonymous_724)
FN:28,(anonymous_725)
FN:28,(anonymous_726)
FN:28,Oi
FN:28,(anonymous_728)
FN:28,(anonymous_729)
FN:28,(anonymous_730)
FN:28,(anonymous_731)
FN:28,(anonymous_732)
FN:28,(anonymous_733)
FN:28,(anonymous_734)
FN:28,(anonymous_735)
FN:28,(anonymous_736)
FN:29,Ot
FN:29,Zs
FN:29,Xs
FN:29,zp
FN:29,En
FN:29,wn
FN:29,(anonymous_743)
FN:29,(anonymous_744)
FN:29,(anonymous_745)
FN:29,(anonymous_746)
FN:29,pr
FN:29,(anonymous_748)
FN:29,Te
FN:29,(anonymous_750)
FN:29,ta
FN:29,Yp
FN:29,(anonymous_753)
FN:29,(anonymous_754)
FN:29,(anonymous_755)
FN:29,(anonymous_756)
FN:29,ea
FN:29,(anonymous_758)
FN:29,(anonymous_759)
FN:29,Zp
FN:29,(anonymous_761)
FN:29,ra
FN:29,na
FN:29,(anonymous_764)
FN:29,(anonymous_765)
FN:29,(anonymous_766)
FN:29,(anonymous_767)
FN:29,(anonymous_768)
FN:29,(anonymous_769)
FN:29,(anonymous_770)
FN:29,(anonymous_771)
FN:29,(anonymous_772)
FN:29,(anonymous_773)
FN:29,(anonymous_774)
FN:29,(anonymous_775)
FN:29,(anonymous_776)
FN:29,(anonymous_777)
FN:29,(anonymous_778)
FN:29,(anonymous_779)
FN:29,(anonymous_780)
FN:29,(anonymous_781)
FN:29,(anonymous_782)
FN:29,(anonymous_783)
FN:29,(anonymous_784)
FN:29,(anonymous_785)
FN:29,(anonymous_786)
FN:29,Re
FN:29,vn
FN:29,mr
FN:29,ed
FN:29,td
FN:29,rd
FN:29,nd
FN:29,id
FN:29,sa
FN:29,aa
FN:29,od
FN:29,sd
FN:29,ad
FN:29,_i
FN:29,(anonymous_801)
FN:29,(anonymous_802)
FN:29,(anonymous_803)
FN:29,(anonymous_804)
FN:29,(anonymous_805)
FN:29,(anonymous_806)
FN:29,(anonymous_807)
FN:29,(anonymous_808)
FN:29,(anonymous_809)
FN:29,(anonymous_810)
FN:29,(anonymous_811)
FN:29,(anonymous_812)
FN:29,(anonymous_813)
FN:29,(anonymous_814)
FN:29,(anonymous_815)
FN:29,(anonymous_816)
FN:29,(anonymous_817)
FN:29,(anonymous_818)
FN:29,(anonymous_819)
FN:29,la
FN:29,Fi
FN:29,ua
FN:29,(anonymous_823)
FN:29,(anonymous_824)
FN:29,ld
FN:29,Li
FN:29,(anonymous_827)
FN:29,(anonymous_828)
FN:29,(anonymous_829)
FN:29,(anonymous_830)
FN:29,ca
FN:29,(anonymous_832)
FN:29,pa
FN:29,fr
FN:29,(anonymous_835)
FN:29,(anonymous_836)
FN:29,(anonymous_837)
FN:29,(anonymous_838)
FN:29,(anonymous_839)
FN:29,(anonymous_840)
FN:29,(anonymous_841)
FN:29,(anonymous_842)
FN:29,(anonymous_843)
FN:29,(anonymous_844)
FN:29,(anonymous_845)
FN:29,(anonymous_846)
FN:29,Ce
FN:29,(anonymous_848)
FN:29,pd
FN:29,(anonymous_850)
FN:29,(anonymous_851)
FN:29,(anonymous_852)
FN:29,(anonymous_853)
FN:29,(anonymous_854)
FN:29,(anonymous_855)
FN:29,(anonymous_856)
FN:29,da
FN:29,ji
FN:29,Vi
FN:29,gr
FN:29,(anonymous_861)
FN:29,(anonymous_862)
FN:29,re
FN:29,(anonymous_864)
FN:29,(anonymous_865)
FN:29,ot
FN:29,(anonymous_867)
FN:29,(anonymous_868)
FN:29,(anonymous_869)
FN:29,(anonymous_870)
FN:29,Cn
FN:29,(anonymous_872)
FN:29,(anonymous_873)
FN:29,(anonymous_874)
FN:29,(anonymous_875)
FN:29,Se
FN:29,(anonymous_877)
FN:29,(anonymous_878)
FN:29,(anonymous_879)
FN:29,(anonymous_880)
FN:29,(anonymous_881)
FN:29,(anonymous_882)
FN:29,(anonymous_883)
FN:29,dd
FN:29,ga
FN:29,(anonymous_886)
FN:29,_t
FN:29,(anonymous_888)
FN:29,(anonymous_889)
FN:29,(anonymous_890)
FN:29,Ft
FN:29,ha
FN:29,st
FN:29,fd
FN:30,ya
FN:31,(anonymous_896)
FN:31,yd
FN:31,Ed
FN:31,Pd
FN:31,Td
FN:31,Cd
FN:31,(anonymous_902)
FN:31,(anonymous_903)
FN:31,(anonymous_904)
FN:31,(anonymous_905)
FN:31,Ze
FN:31,Lt
FN:31,(anonymous_908)
FN:31,Ad
FN:31,Sn
FN:31,(anonymous_911)
FN:31,Ea
FN:31,Id
FN:31,Od
FN:31,(anonymous_915)
FN:31,(anonymous_916)
FN:31,wa
FN:31,kd
FN:31,Dd
FN:31,(anonymous_920)
FN:31,(anonymous_921)
FN:31,xa
FN:31,Pa
FN:31,(anonymous_924)
FN:31,(anonymous_925)
FN:31,(anonymous_926)
FN:31,va
FN:31,(anonymous_928)
FN:31,(anonymous_929)
FN:31,(anonymous_930)
FN:31,(anonymous_931)
FN:31,(anonymous_932)
FN:31,(anonymous_933)
FN:31,(anonymous_934)
FN:31,(anonymous_935)
FN:31,_d
FN:31,Fd
FN:31,Qi
FN:31,(anonymous_939)
FN:31,(anonymous_940)
FN:31,(anonymous_941)
FN:31,Ld
FN:31,(anonymous_943)
FN:31,(anonymous_944)
FN:31,Ca
FN:31,Nd
FN:31,(anonymous_947)
FN:31,(anonymous_948)
FN:31,Ji
FN:31,(anonymous_950)
FN:31,(anonymous_951)
FN:31,(anonymous_952)
FN:31,qd
FN:31,(anonymous_954)
FN:31,(anonymous_955)
FN:31,(anonymous_956)
FN:31,(anonymous_957)
FN:31,(anonymous_958)
FN:31,(anonymous_959)
FN:31,jd
FN:31,Vd
FN:31,(anonymous_962)
FN:31,Sa
FN:31,(anonymous_964)
FN:31,yr
FN:31,(anonymous_966)
FN:31,(anonymous_967)
FN:31,Bd
FN:31,(anonymous_969)
FN:31,(anonymous_970)
FN:31,(anonymous_971)
FN:31,Aa
FN:31,Ia
FN:31,Oa
FN:31,(anonymous_975)
FN:31,(anonymous_976)
FN:31,Ud
FN:31,(anonymous_978)
FN:31,Gd
FN:31,(anonymous_980)
FN:31,An
FN:31,ka
FN:31,(anonymous_983)
FN:31,Da
FN:31,(anonymous_985)
FN:31,_a
FN:31,Qd
FN:31,br
FN:31,La
FN:31,(anonymous_990)
FN:31,(anonymous_991)
FN:31,Na
FN:31,Ma
FN:31,(anonymous_994)
FN:31,$a
FN:31,(anonymous_996)
FN:31,(anonymous_997)
FN:31,(anonymous_998)
FN:31,qa
FN:31,(anonymous_1000)
FN:31,Ba
FN:33,Ua
FN:33,Ga
FN:33,In
FN:33,On
FN:35,Kd
FN:35,Xe
FN:35,et
FN:36,(anonymous_1009)
FN:37,Qa
FN:42,kn
FN:43,Dn
FN:45,Ja
FN:52,Wa
FN:52,(anonymous_1015)
FN:57,Ha
FN:64,(anonymous_1017)
FN:64,za
FN:64,(anonymous_1019)
FN:64,(anonymous_1020)
FN:64,Zd
FN:64,Ya
FN:64,Za
FN:64,(anonymous_1024)
FN:64,Xa
FN:65,(anonymous_1026)
FN:66,tl
FN:66,rl
FN:110,Nt
FN:110,(anonymous_1030)
FN:110,(anonymous_1031)
FN:110,(anonymous_1032)
FN:110,A
FN:110,(anonymous_1034)
FN:110,(anonymous_1035)
FN:110,(anonymous_1036)
FN:110,(anonymous_1037)
FN:110,(anonymous_1038)
FN:110,(anonymous_1039)
FN:110,(anonymous_1040)
FN:110,(anonymous_1041)
FN:110,(anonymous_1042)
FN:110,(anonymous_1043)
FN:110,(anonymous_1044)
FN:110,(anonymous_1045)
FN:110,(anonymous_1046)
FN:110,(anonymous_1047)
FN:110,(anonymous_1048)
FN:110,(anonymous_1049)
FN:110,tm
FN:110,Or
FN:110,qt
FN:110,nl
FN:110,(anonymous_1054)
FN:110,(anonymous_1055)
FN:110,il
FN:110,ol
FN:110,(anonymous_1058)
FN:110,rm
FN:110,sl
FN:110,(anonymous_1061)
FN:111,ct
FN:111,(anonymous_1063)
FN:111,im
FN:111,om
FN:111,sm
FN:111,(anonymous_1067)
FN:111,(anonymous_1068)
FN:111,(anonymous_1069)
FN:111,to
FN:111,(anonymous_1071)
FN:111,(anonymous_1072)
FN:111,(anonymous_1073)
FN:111,(anonymous_1074)
FN:111,(anonymous_1075)
FN:111,(anonymous_1076)
FN:111,(anonymous_1077)
FN:111,(anonymous_1078)
FN:111,(anonymous_1079)
FN:111,(anonymous_1080)
FN:111,(anonymous_1081)
FN:111,(anonymous_1082)
FN:111,um
FN:111,ul
FN:111,cm
FN:111,(anonymous_1086)
FN:111,(anonymous_1087)
FN:111,(anonymous_1088)
FN:111,(anonymous_1089)
FN:111,(anonymous_1090)
FN:111,(anonymous_1091)
FN:111,(anonymous_1092)
FN:111,(anonymous_1093)
FN:111,(anonymous_1094)
FN:111,(anonymous_1095)
FN:111,(anonymous_1096)
FN:111,(anonymous_1097)
FN:111,(anonymous_1098)
FN:111,(anonymous_1099)
FN:111,(anonymous_1100)
FN:111,(anonymous_1101)
FN:111,(anonymous_1102)
FN:111,(anonymous_1103)
FN:111,(anonymous_1104)
FN:111,(anonymous_1105)
FN:111,(anonymous_1106)
FN:111,(anonymous_1107)
FN:111,(anonymous_1108)
FN:111,(anonymous_1109)
FN:111,(anonymous_1110)
FN:111,(anonymous_1111)
FN:111,(anonymous_1112)
FN:111,(anonymous_1113)
FN:111,pl
FN:111,pm
FN:111,dm
FN:111,(anonymous_1117)
FN:111,(anonymous_1118)
FN:111,(anonymous_1119)
FN:111,(anonymous_1120)
FN:111,(anonymous_1121)
FN:111,(anonymous_1122)
FN:111,(anonymous_1123)
FN:111,fm
FN:111,gm
FN:111,(anonymous_1126)
FN:111,(anonymous_1127)
FN:111,(anonymous_1128)
FN:111,(anonymous_1129)
FN:111,(anonymous_1130)
FN:112,(anonymous_1131)
FN:112,(anonymous_1132)
FN:112,(anonymous_1133)
FN:112,(anonymous_1134)
FN:112,(anonymous_1135)
FN:112,(anonymous_1136)
FN:112,(anonymous_1137)
FN:112,(anonymous_1138)
FN:112,(anonymous_1139)
FN:112,(anonymous_1140)
FN:112,(anonymous_1141)
FN:112,(anonymous_1142)
FN:112,(anonymous_1143)
FN:112,(anonymous_1144)
FN:112,(anonymous_1145)
FN:113,(anonymous_1146)
FN:113,(anonymous_1147)
FN:113,(anonymous_1148)
FN:113,(anonymous_1149)
FN:113,(anonymous_1150)
FN:113,hm
FN:113,lo
FN:113,hl
FN:114,Fn
FN:114,(anonymous_1155)
FN:114,(anonymous_1156)
FN:114,(anonymous_1157)
FN:114,jt
FN:114,El
FN:114,(anonymous_1160)
FN:114,xl
FN:114,(anonymous_1162)
FN:114,ym
FN:114,Pl
FN:114,wl
FN:114,uo
FN:121,(anonymous_1167)
FN:121,(anonymous_1168)
FN:121,(anonymous_1169)
FN:121,(anonymous_1170)
FN:121,(anonymous_1171)
FN:121,(anonymous_1172)
FN:121,po
FN:121,(anonymous_1174)
FN:121,(anonymous_1175)
FN:121,(anonymous_1176)
FN:121,(anonymous_1177)
FN:121,(anonymous_1178)
FN:121,(anonymous_1179)
FN:121,Sl
FN:121,(anonymous_1181)
FN:121,(anonymous_1182)
FN:121,(anonymous_1183)
FN:121,(anonymous_1184)
FN:121,(anonymous_1185)
FN:121,(anonymous_1186)
FN:121,(anonymous_1187)
FN:121,(anonymous_1188)
FN:121,(anonymous_1189)
FN:121,(anonymous_1190)
FN:121,(anonymous_1191)
FN:121,Il
FN:121,Ol
FN:121,(anonymous_1194)
FN:121,(anonymous_1195)
FN:121,(anonymous_1196)
FN:121,kl
FN:121,(anonymous_1198)
FN:121,(anonymous_1199)
FN:121,(anonymous_1200)
FN:121,(anonymous_1201)
FN:121,(anonymous_1202)
FN:121,(anonymous_1203)
FN:121,Nn
FN:121,Dl
FN:121,fo
FN:121,(anonymous_1207)
FN:121,go
FN:121,(anonymous_1209)
FN:121,(anonymous_1210)
FN:121,(anonymous_1211)
FN:121,(anonymous_1212)
FN:121,(anonymous_1213)
FN:121,(anonymous_1214)
FN:121,(anonymous_1215)
FN:121,(anonymous_1216)
FN:121,(anonymous_1217)
FN:121,(anonymous_1218)
FN:121,(anonymous_1219)
FN:121,(anonymous_1220)
FN:121,pt
FN:121,(anonymous_1222)
FN:121,(anonymous_1223)
FN:121,(anonymous_1224)
FN:121,(anonymous_1225)
FN:121,(anonymous_1226)
FN:121,(anonymous_1227)
FN:121,_l
FN:121,xm
FN:121,(anonymous_1230)
FN:121,(anonymous_1231)
FN:121,(anonymous_1232)
FN:121,(anonymous_1233)
FN:121,(anonymous_1234)
FN:121,(anonymous_1235)
FN:121,(anonymous_1236)
FN:121,(anonymous_1237)
FN:121,(anonymous_1238)
FN:121,(anonymous_1239)
FN:121,(anonymous_1240)
FN:121,(anonymous_1241)
FN:121,(anonymous_1242)
FN:121,(anonymous_1243)
FN:121,(anonymous_1244)
FN:121,(anonymous_1245)
FN:121,vm
FN:121,Ll
FN:121,Tm
FN:121,Rm
FN:121,Nl
FN:121,(anonymous_1251)
FN:122,(anonymous_1252)
FN:122,(anonymous_1253)
FN:125,(anonymous_1254)
FN:125,(anonymous_1255)
FN:126,(anonymous_1256)
FN:126,(anonymous_1257)
FN:126,t
FN:126,(anonymous_1259)
FN:126,(anonymous_1260)
FN:126,(anonymous_1261)
FN:126,(anonymous_1262)
FN:126,(anonymous_1263)
FN:126,Gl
FN:126,Vt
FN:126,Am
FN:126,(anonymous_1267)
FN:126,(anonymous_1268)
FN:126,Im
FN:126,Bl
FN:126,(anonymous_1271)
FN:126,Om
FN:126,(anonymous_1273)
FN:126,(anonymous_1274)
FN:126,(anonymous_1275)
FN:126,(anonymous_1276)
FN:130,Ql
FN:130,(anonymous_1278)
FN:130,(anonymous_1279)
FN:130,(anonymous_1280)
FN:130,(anonymous_1281)
FN:130,(anonymous_1282)
FN:130,(anonymous_1283)
FN:130,(anonymous_1284)
FN:130,(anonymous_1285)
FN:130,Yl
FN:130,(anonymous_1287)
FN:130,(anonymous_1288)
FN:130,(anonymous_1289)
FN:130,(anonymous_1290)
FN:130,(anonymous_1291)
FN:130,(anonymous_1292)
FN:130,(anonymous_1293)
FN:130,(anonymous_1294)
FN:130,(anonymous_1295)
FN:130,(anonymous_1296)
FN:130,(anonymous_1297)
FN:130,(anonymous_1298)
FN:130,(anonymous_1299)
FN:130,(anonymous_1300)
FN:130,(anonymous_1301)
FN:130,(anonymous_1302)
FN:130,(anonymous_1303)
FN:130,(anonymous_1304)
FN:130,(anonymous_1305)
FN:130,(anonymous_1306)
FN:130,(anonymous_1307)
FN:130,(anonymous_1308)
FN:130,(anonymous_1309)
FN:130,(anonymous_1310)
FN:130,(anonymous_1311)
FN:130,(anonymous_1312)
FN:130,(anonymous_1313)
FN:130,(anonymous_1314)
FN:130,(anonymous_1315)
FN:130,(anonymous_1316)
FN:130,(anonymous_1317)
FN:130,(anonymous_1318)
FN:130,(anonymous_1319)
FN:130,(anonymous_1320)
FN:130,(anonymous_1321)
FN:130,(anonymous_1322)
FN:130,(anonymous_1323)
FN:130,(anonymous_1324)
FN:130,(anonymous_1325)
FN:130,(anonymous_1326)
FN:130,(anonymous_1327)
FN:130,(anonymous_1328)
FN:130,(anonymous_1329)
FN:131,(anonymous_1330)
FN:131,(anonymous_1331)
FN:131,(anonymous_1332)
FN:131,Jl
FN:131,Fm
FN:131,Zl
FN:131,(anonymous_1336)
FN:131,Xl
FNF:1338
FNH:106
FNDA:48,(anonymous_0)
FNDA:66,(anonymous_1)
FNDA:15,(anonymous_2)
FNDA:90,(anonymous_3)
FNDA:66,(anonymous_4)
FNDA:87,(anonymous_5)
FNDA:3,(anonymous_6)
FNDA:3,(anonymous_7)
FNDA:0,(anonymous_8)
FNDA:0,(anonymous_9)
FNDA:0,(anonymous_10)
FNDA:0,(anonymous_11)
FNDA:0,(anonymous_12)
FNDA:0,(anonymous_13)
FNDA:0,(anonymous_14)
FNDA:0,(anonymous_15)
FNDA:0,(anonymous_16)
FNDA:0,(anonymous_17)
FNDA:0,(anonymous_18)
FNDA:3,(anonymous_19)
FNDA:108,(anonymous_20)
FNDA:3,(anonymous_21)
FNDA:12,ei
FNDA:12,ti
FNDA:0,(anonymous_24)
FNDA:6,Qu
FNDA:3,(anonymous_26)
FNDA:0,Qo
FNDA:0,(anonymous_28)
FNDA:6,ri
FNDA:3,(anonymous_30)
FNDA:0,(anonymous_31)
FNDA:0,(anonymous_32)
FNDA:0,(anonymous_33)
FNDA:3,(anonymous_34)
FNDA:3,(anonymous_35)
FNDA:3,(anonymous_36)
FNDA:3,(anonymous_37)
FNDA:3,nc
FNDA:0,ci
FNDA:3,ic
FNDA:3,oc
FNDA:15,(anonymous_42)
FNDA:3,(anonymous_43)
FNDA:0,(anonymous_44)
FNDA:0,(anonymous_45)
FNDA:3,(anonymous_46)
FNDA:0,(anonymous_47)
FNDA:3,(anonymous_48)
FNDA:0,(anonymous_49)
FNDA:3,(anonymous_50)
FNDA:0,(anonymous_51)
FNDA:3,(anonymous_52)
FNDA:0,(anonymous_53)
FNDA:3,(anonymous_54)
FNDA:0,(anonymous_55)
FNDA:3,(anonymous_56)
FNDA:3,(anonymous_57)
FNDA:0,e
FNDA:0,(anonymous_59)
FNDA:3,(anonymous_60)
FNDA:3,(anonymous_61)
FNDA:3,(anonymous_62)
FNDA:0,(anonymous_63)
FNDA:3,(anonymous_64)
FNDA:3,(anonymous_65)
FNDA:3,(anonymous_66)
FNDA:3,(anonymous_67)
FNDA:3,(anonymous_68)
FNDA:3,(anonymous_69)
FNDA:3,(anonymous_70)
FNDA:0,(anonymous_71)
FNDA:3,(anonymous_72)
FNDA:0,(anonymous_73)
FNDA:0,(anonymous_74)
FNDA:3,(anonymous_75)
FNDA:3,(anonymous_76)
FNDA:3,(anonymous_77)
FNDA:3,(anonymous_78)
FNDA:3,(anonymous_79)
FNDA:0,(anonymous_80)
FNDA:3,(anonymous_81)
FNDA:3,(anonymous_82)
FNDA:0,(anonymous_83)
FNDA:3,(anonymous_84)
FNDA:3,(anonymous_85)
FNDA:3,(anonymous_86)
FNDA:3,(anonymous_87)
FNDA:3,(anonymous_88)
FNDA:3,(anonymous_89)
FNDA:0,yo
FNDA:0,(anonymous_91)
FNDA:0,bo
FNDA:3,(anonymous_93)
FNDA:0,Eo
FNDA:0,(anonymous_95)
FNDA:0,(anonymous_96)
FNDA:0,(anonymous_97)
FNDA:0,(anonymous_98)
FNDA:0,(anonymous_99)
FNDA:0,(anonymous_100)
FNDA:0,(anonymous_101)
FNDA:0,(anonymous_102)
FNDA:0,(anonymous_103)
FNDA:0,(anonymous_104)
FNDA:0,(anonymous_105)
FNDA:0,(anonymous_106)
FNDA:0,(anonymous_107)
FNDA:0,(anonymous_108)
FNDA:0,(anonymous_109)
FNDA:0,(anonymous_110)
FNDA:0,(anonymous_111)
FNDA:0,(anonymous_112)
FNDA:0,(anonymous_113)
FNDA:0,(anonymous_114)
FNDA:0,(anonymous_115)
FNDA:0,(anonymous_116)
FNDA:0,(anonymous_117)
FNDA:0,(anonymous_118)
FNDA:0,(anonymous_119)
FNDA:0,(anonymous_120)
FNDA:0,(anonymous_121)
FNDA:0,(anonymous_122)
FNDA:78,M
FNDA:18,(anonymous_124)
FNDA:0,(anonymous_125)
FNDA:0,(anonymous_126)
FNDA:42,(anonymous_127)
FNDA:42,(anonymous_128)
FNDA:42,(anonymous_129)
FNDA:42,(anonymous_130)
FNDA:0,(anonymous_131)
FNDA:36,Ru
FNDA:0,(anonymous_133)
FNDA:6,(anonymous_134)
FNDA:0,(anonymous_135)
FNDA:0,(anonymous_136)
FNDA:0,(anonymous_137)
FNDA:0,(anonymous_138)
FNDA:0,(anonymous_139)
FNDA:0,Cu
FNDA:0,(anonymous_141)
FNDA:0,So
FNDA:0,(anonymous_143)
FNDA:0,(anonymous_144)
FNDA:0,Ao
FNDA:0,Qn
FNDA:0,qr
FNDA:0,(anonymous_148)
FNDA:0,(anonymous_149)
FNDA:0,(anonymous_150)
FNDA:0,(anonymous_151)
FNDA:0,(anonymous_152)
FNDA:0,(anonymous_153)
FNDA:0,(anonymous_154)
FNDA:0,(anonymous_155)
FNDA:0,(anonymous_156)
FNDA:0,(anonymous_157)
FNDA:0,(anonymous_158)
FNDA:24,pe
FNDA:0,(anonymous_160)
FNDA:0,(anonymous_161)
FNDA:0,(anonymous_162)
FNDA:0,(anonymous_163)
FNDA:0,Au
FNDA:0,(anonymous_165)
FNDA:0,(anonymous_166)
FNDA:0,(anonymous_167)
FNDA:0,(anonymous_168)
FNDA:0,(anonymous_169)
FNDA:0,j
FNDA:0,(anonymous_171)
FNDA:0,(anonymous_172)
FNDA:0,(anonymous_173)
FNDA:0,(anonymous_174)
FNDA:0,(anonymous_175)
FNDA:0,Iu
FNDA:0,(anonymous_177)
FNDA:0,(anonymous_178)
FNDA:0,(anonymous_179)
FNDA:0,(anonymous_180)
FNDA:0,(anonymous_181)
FNDA:0,(anonymous_182)
FNDA:24,I
FNDA:0,(anonymous_184)
FNDA:0,(anonymous_185)
FNDA:0,Oo
FNDA:0,(anonymous_187)
FNDA:0,(anonymous_188)
FNDA:0,(anonymous_189)
FNDA:0,(anonymous_190)
FNDA:0,ye
FNDA:0,je
FNDA:0,Ve
FNDA:0,(anonymous_194)
FNDA:3,(anonymous_195)
FNDA:0,(anonymous_196)
FNDA:0,(anonymous_197)
FNDA:0,(anonymous_198)
FNDA:0,(anonymous_199)
FNDA:0,(anonymous_200)
FNDA:0,(anonymous_201)
FNDA:0,(anonymous_202)
FNDA:0,(anonymous_203)
FNDA:0,(anonymous_204)
FNDA:0,(anonymous_205)
FNDA:0,(anonymous_206)
FNDA:0,(anonymous_207)
FNDA:0,(anonymous_208)
FNDA:0,(anonymous_209)
FNDA:0,(anonymous_210)
FNDA:0,(anonymous_211)
FNDA:0,(anonymous_212)
FNDA:3,(anonymous_213)
FNDA:0,(anonymous_214)
FNDA:0,(anonymous_215)
FNDA:0,(anonymous_216)
FNDA:0,(anonymous_217)
FNDA:0,(anonymous_218)
FNDA:0,(anonymous_219)
FNDA:0,(anonymous_220)
FNDA:0,(anonymous_221)
FNDA:0,(anonymous_222)
FNDA:0,(anonymous_223)
FNDA:0,(anonymous_224)
FNDA:0,(anonymous_225)
FNDA:0,(anonymous_226)
FNDA:0,(anonymous_227)
FNDA:0,(anonymous_228)
FNDA:0,(anonymous_229)
FNDA:0,(anonymous_230)
FNDA:0,(anonymous_231)
FNDA:0,(anonymous_232)
FNDA:0,(anonymous_233)
FNDA:0,(anonymous_234)
FNDA:0,(anonymous_235)
FNDA:0,(anonymous_236)
FNDA:3,(anonymous_237)
FNDA:0,(anonymous_238)
FNDA:0,(anonymous_239)
FNDA:0,(anonymous_240)
FNDA:0,(anonymous_241)
FNDA:0,(anonymous_242)
FNDA:0,(anonymous_243)
FNDA:0,(anonymous_244)
FNDA:0,(anonymous_245)
FNDA:0,(anonymous_246)
FNDA:0,(anonymous_247)
FNDA:0,(anonymous_248)
FNDA:0,(anonymous_249)
FNDA:0,(anonymous_250)
FNDA:0,(anonymous_251)
FNDA:0,(anonymous_252)
FNDA:0,(anonymous_253)
FNDA:0,(anonymous_254)
FNDA:0,(anonymous_255)
FNDA:0,(anonymous_256)
FNDA:0,(anonymous_257)
FNDA:0,(anonymous_258)
FNDA:0,(anonymous_259)
FNDA:0,(anonymous_260)
FNDA:0,mt
FNDA:0,(anonymous_262)
FNDA:0,(anonymous_263)
FNDA:0,(anonymous_264)
FNDA:0,(anonymous_265)
FNDA:0,(anonymous_266)
FNDA:0,(anonymous_267)
FNDA:0,(anonymous_268)
FNDA:0,(anonymous_269)
FNDA:0,(anonymous_270)
FNDA:0,(anonymous_271)
FNDA:0,Br
FNDA:0,Lo
FNDA:0,Fu
FNDA:0,(anonymous_275)
FNDA:0,(anonymous_276)
FNDA:0,(anonymous_277)
FNDA:0,(anonymous_278)
FNDA:0,(anonymous_279)
FNDA:0,(anonymous_280)
FNDA:0,(anonymous_281)
FNDA:0,(anonymous_282)
FNDA:0,(anonymous_283)
FNDA:0,(anonymous_284)
FNDA:0,(anonymous_285)
FNDA:0,(anonymous_286)
FNDA:0,Lu
FNDA:0,Nu
FNDA:0,ko
FNDA:0,No
FNDA:0,(anonymous_291)
FNDA:0,Mu
FNDA:0,(anonymous_293)
FNDA:0,(anonymous_294)
FNDA:0,(anonymous_295)
FNDA:0,(anonymous_296)
FNDA:0,$u
FNDA:0,Do
FNDA:0,qu
FNDA:0,(anonymous_300)
FNDA:0,nt
FNDA:0,ju
FNDA:0,Yn
FNDA:0,Mo
FNDA:0,Vu
FNDA:0,(anonymous_306)
FNDA:0,(anonymous_307)
FNDA:0,Bu
FNDA:0,Qr
FNDA:0,(anonymous_310)
FNDA:0,Uu
FNDA:0,$o
FNDA:0,ii
FNDA:0,Yo
FNDA:0,li
FNDA:0,ui
FNDA:0,(anonymous_317)
FNDA:0,(anonymous_318)
FNDA:0,(anonymous_319)
FNDA:0,(anonymous_320)
FNDA:0,(anonymous_321)
FNDA:0,(anonymous_322)
FNDA:0,(anonymous_323)
FNDA:0,(anonymous_324)
FNDA:0,(anonymous_325)
FNDA:0,(anonymous_326)
FNDA:0,(anonymous_327)
FNDA:0,(anonymous_328)
FNDA:0,(anonymous_329)
FNDA:3,rs
FNDA:15,(anonymous_331)
FNDA:0,(anonymous_332)
FNDA:3,zt
FNDA:3,sc
FNDA:0,(anonymous_335)
FNDA:0,(anonymous_336)
FNDA:6,ns
FNDA:6,is
FNDA:6,ac
FNDA:0,Yt
FNDA:0,lc
FNDA:3,(anonymous_342)
FNDA:3,(anonymous_343)
FNDA:0,mi
FNDA:0,hi
FNDA:0,(anonymous_346)
FNDA:0,(anonymous_347)
FNDA:0,cc
FNDA:0,(anonymous_349)
FNDA:0,(anonymous_350)
FNDA:0,pc
FNDA:0,(anonymous_352)
FNDA:0,(anonymous_353)
FNDA:0,dc
FNDA:0,(anonymous_355)
FNDA:0,(anonymous_356)
FNDA:0,(anonymous_357)
FNDA:0,(anonymous_358)
FNDA:0,(anonymous_359)
FNDA:0,(anonymous_360)
FNDA:0,(anonymous_361)
FNDA:0,(anonymous_362)
FNDA:0,(anonymous_363)
FNDA:0,(anonymous_364)
FNDA:0,mc
FNDA:0,yi
FNDA:0,fc
FNDA:0,gc
FNDA:0,hc
FNDA:0,Yr
FNDA:0,Fe
FNDA:0,Ei
FNDA:0,(anonymous_373)
FNDA:0,(anonymous_374)
FNDA:0,yt
FNDA:0,xi
FNDA:69,w
FNDA:0,(anonymous_378)
FNDA:0,(anonymous_379)
FNDA:0,(anonymous_380)
FNDA:0,(anonymous_381)
FNDA:0,(anonymous_382)
FNDA:0,(anonymous_383)
FNDA:0,(anonymous_384)
FNDA:0,(anonymous_385)
FNDA:0,(anonymous_386)
FNDA:0,(anonymous_387)
FNDA:0,(anonymous_388)
FNDA:0,(anonymous_389)
FNDA:0,(anonymous_390)
FNDA:0,(anonymous_391)
FNDA:0,(anonymous_392)
FNDA:0,(anonymous_393)
FNDA:0,(anonymous_394)
FNDA:0,(anonymous_395)
FNDA:0,(anonymous_396)
FNDA:0,(anonymous_397)
FNDA:0,(anonymous_398)
FNDA:0,(anonymous_399)
FNDA:0,(anonymous_400)
FNDA:0,(anonymous_401)
FNDA:0,(anonymous_402)
FNDA:0,(anonymous_403)
FNDA:0,(anonymous_404)
FNDA:0,(anonymous_405)
FNDA:0,(anonymous_406)
FNDA:0,(anonymous_407)
FNDA:0,(anonymous_408)
FNDA:0,(anonymous_409)
FNDA:0,(anonymous_410)
FNDA:0,(anonymous_411)
FNDA:0,(anonymous_412)
FNDA:0,(anonymous_413)
FNDA:0,(anonymous_414)
FNDA:0,(anonymous_415)
FNDA:0,(anonymous_416)
FNDA:0,(anonymous_417)
FNDA:0,(anonymous_418)
FNDA:0,(anonymous_419)
FNDA:0,(anonymous_420)
FNDA:0,(anonymous_421)
FNDA:0,(anonymous_422)
FNDA:0,(anonymous_423)
FNDA:0,(anonymous_424)
FNDA:0,(anonymous_425)
FNDA:0,(anonymous_426)
FNDA:0,(anonymous_427)
FNDA:0,(anonymous_428)
FNDA:0,(anonymous_429)
FNDA:0,(anonymous_430)
FNDA:0,(anonymous_431)
FNDA:0,(anonymous_432)
FNDA:0,(anonymous_433)
FNDA:0,(anonymous_434)
FNDA:0,(anonymous_435)
FNDA:0,(anonymous_436)
FNDA:0,(anonymous_437)
FNDA:0,(anonymous_438)
FNDA:0,(anonymous_439)
FNDA:0,(anonymous_440)
FNDA:0,(anonymous_441)
FNDA:0,(anonymous_442)
FNDA:0,(anonymous_443)
FNDA:0,(anonymous_444)
FNDA:0,(anonymous_445)
FNDA:0,(anonymous_446)
FNDA:0,(anonymous_447)
FNDA:0,K
FNDA:0,ie
FNDA:0,rr
FNDA:0,en
FNDA:0,vc
FNDA:3,(anonymous_453)
FNDA:0,e
FNDA:0,t
FNDA:0,r
FNDA:0,(anonymous_457)
FNDA:0,y
FNDA:0,we
FNDA:0,sn
FNDA:0,nn
FNDA:0,fe
FNDA:0,Cs
FNDA:0,We
FNDA:0,Ss
FNDA:0,bs
FNDA:0,As
FNDA:0,Ri
FNDA:0,He
FNDA:0,Is
FNDA:6,Ci
FNDA:0,Tc
FNDA:0,Rc
FNDA:0,Et
FNDA:0,an
FNDA:0,Os
FNDA:0,Si
FNDA:0,Es
FNDA:0,Cc
FNDA:0,Sc
FNDA:0,Ac
FNDA:0,Ic
FNDA:0,Oc
FNDA:0,kc
FNDA:0,Dc
FNDA:0,_c
FNDA:0,Fc
FNDA:0,Lc
FNDA:0,Nc
FNDA:0,Mc
FNDA:3,$c
FNDA:0,qc
FNDA:0,jc
FNDA:3,ks
FNDA:6,i
FNDA:0,Vc
FNDA:0,Bc
FNDA:0,Uc
FNDA:0,Gc
FNDA:6,ws
FNDA:0,Qc
FNDA:0,Jc
FNDA:0,Wc
FNDA:0,Hc
FNDA:0,Kc
FNDA:0,zc
FNDA:0,Yc
FNDA:0,Zc
FNDA:0,Xc
FNDA:0,ep
FNDA:0,tp
FNDA:0,rp
FNDA:0,np
FNDA:0,ip
FNDA:0,op
FNDA:0,sp
FNDA:0,ap
FNDA:0,lp
FNDA:0,up
FNDA:0,cp
FNDA:0,wt
FNDA:0,pp
FNDA:0,dp
FNDA:0,xt
FNDA:0,Pt
FNDA:0,ln
FNDA:0,vt
FNDA:0,(anonymous_528)
FNDA:0,(anonymous_529)
FNDA:0,(anonymous_530)
FNDA:0,(anonymous_531)
FNDA:0,(anonymous_532)
FNDA:477,(anonymous_533)
FNDA:249,(anonymous_534)
FNDA:240,e
FNDA:36,(anonymous_536)
FNDA:6,(anonymous_537)
FNDA:3,(anonymous_538)
FNDA:237,(anonymous_539)
FNDA:75,e
FNDA:0,(anonymous_541)
FNDA:0,(anonymous_542)
FNDA:0,(anonymous_543)
FNDA:0,(anonymous_544)
FNDA:0,(anonymous_545)
FNDA:0,he
FNDA:0,(anonymous_547)
FNDA:0,(anonymous_548)
FNDA:0,gp
FNDA:0,_s
FNDA:0,hp
FNDA:0,(anonymous_552)
FNDA:0,Ls
FNDA:0,(anonymous_554)
FNDA:0,(anonymous_555)
FNDA:0,(anonymous_556)
FNDA:0,(anonymous_557)
FNDA:0,(anonymous_558)
FNDA:0,(anonymous_559)
FNDA:0,(anonymous_560)
FNDA:0,(anonymous_561)
FNDA:0,(anonymous_562)
FNDA:0,(anonymous_563)
FNDA:0,(anonymous_564)
FNDA:0,(anonymous_565)
FNDA:0,(anonymous_566)
FNDA:0,(anonymous_567)
FNDA:0,(anonymous_568)
FNDA:0,(anonymous_569)
FNDA:0,(anonymous_570)
FNDA:0,(anonymous_571)
FNDA:0,(anonymous_572)
FNDA:0,(anonymous_573)
FNDA:0,Ep
FNDA:0,wp
FNDA:0,(anonymous_576)
FNDA:0,(anonymous_577)
FNDA:0,(anonymous_578)
FNDA:0,xp
FNDA:0,Pp
FNDA:0,vp
FNDA:0,Tp
FNDA:0,Tt
FNDA:0,Vs
FNDA:0,(anonymous_585)
FNDA:0,Bs
FNDA:0,(anonymous_587)
FNDA:0,Rp
FNDA:0,Cp
FNDA:0,Sp
FNDA:0,(anonymous_591)
FNDA:0,qs
FNDA:0,js
FNDA:0,(anonymous_594)
FNDA:0,(anonymous_595)
FNDA:0,(anonymous_596)
FNDA:0,(anonymous_597)
FNDA:0,(anonymous_598)
FNDA:0,(anonymous_599)
FNDA:0,(anonymous_600)
FNDA:0,(anonymous_601)
FNDA:0,(anonymous_602)
FNDA:0,(anonymous_603)
FNDA:0,(anonymous_604)
FNDA:0,(anonymous_605)
FNDA:0,(anonymous_606)
FNDA:0,(anonymous_607)
FNDA:0,(anonymous_608)
FNDA:0,(anonymous_609)
FNDA:0,(anonymous_610)
FNDA:0,(anonymous_611)
FNDA:0,(anonymous_612)
FNDA:0,(anonymous_613)
FNDA:0,(anonymous_614)
FNDA:0,(anonymous_615)
FNDA:0,(anonymous_616)
FNDA:0,(anonymous_617)
FNDA:0,(anonymous_618)
FNDA:0,(anonymous_619)
FNDA:0,(anonymous_620)
FNDA:0,(anonymous_621)
FNDA:0,(anonymous_622)
FNDA:0,(anonymous_623)
FNDA:0,(anonymous_624)
FNDA:0,(anonymous_625)
FNDA:0,(anonymous_626)
FNDA:0,(anonymous_627)
FNDA:0,(anonymous_628)
FNDA:0,(anonymous_629)
FNDA:0,(anonymous_630)
FNDA:0,(anonymous_631)
FNDA:0,(anonymous_632)
FNDA:0,(anonymous_633)
FNDA:0,(anonymous_634)
FNDA:0,(anonymous_635)
FNDA:0,(anonymous_636)
FNDA:0,(anonymous_637)
FNDA:0,(anonymous_638)
FNDA:0,(anonymous_639)
FNDA:0,(anonymous_640)
FNDA:0,(anonymous_641)
FNDA:0,(anonymous_642)
FNDA:0,(anonymous_643)
FNDA:0,(anonymous_644)
FNDA:0,(anonymous_645)
FNDA:0,(anonymous_646)
FNDA:0,(anonymous_647)
FNDA:0,(anonymous_648)
FNDA:0,(anonymous_649)
FNDA:0,(anonymous_650)
FNDA:0,(anonymous_651)
FNDA:0,(anonymous_652)
FNDA:0,(anonymous_653)
FNDA:0,(anonymous_654)
FNDA:0,(anonymous_655)
FNDA:0,(anonymous_656)
FNDA:0,(anonymous_657)
FNDA:0,(anonymous_658)
FNDA:0,(anonymous_659)
FNDA:0,(anonymous_660)
FNDA:0,(anonymous_661)
FNDA:0,(anonymous_662)
FNDA:0,(anonymous_663)
FNDA:0,(anonymous_664)
FNDA:0,(anonymous_665)
FNDA:0,(anonymous_666)
FNDA:0,(anonymous_667)
FNDA:0,pn
FNDA:0,Ip
FNDA:0,(anonymous_670)
FNDA:0,Op
FNDA:0,(anonymous_672)
FNDA:0,kp
FNDA:0,(anonymous_674)
FNDA:0,Dp
FNDA:0,(anonymous_676)
FNDA:0,_p
FNDA:0,(anonymous_678)
FNDA:0,Fp
FNDA:0,(anonymous_680)
FNDA:0,Lp
FNDA:0,(anonymous_682)
FNDA:0,Np
FNDA:0,(anonymous_684)
FNDA:0,Mp
FNDA:0,(anonymous_686)
FNDA:0,(anonymous_687)
FNDA:0,$p
FNDA:0,(anonymous_689)
FNDA:0,(anonymous_690)
FNDA:0,Qs
FNDA:0,qp
FNDA:0,(anonymous_693)
FNDA:0,Js
FNDA:0,jp
FNDA:0,(anonymous_696)
FNDA:0,(anonymous_697)
FNDA:0,Vp
FNDA:0,(anonymous_699)
FNDA:0,(anonymous_700)
FNDA:0,Bp
FNDA:0,(anonymous_702)
FNDA:0,Up
FNDA:0,(anonymous_704)
FNDA:0,(anonymous_705)
FNDA:0,Gp
FNDA:0,(anonymous_707)
FNDA:0,(anonymous_708)
FNDA:0,Ws
FNDA:0,Qp
FNDA:0,Jp
FNDA:0,Wp
FNDA:0,Hs
FNDA:0,Ks
FNDA:0,ir
FNDA:0,or
FNDA:0,gn
FNDA:0,Kp
FNDA:0,zs
FNDA:0,(anonymous_720)
FNDA:0,(anonymous_721)
FNDA:0,It
FNDA:9,(anonymous_723)
FNDA:9,(anonymous_724)
FNDA:0,(anonymous_725)
FNDA:0,(anonymous_726)
FNDA:9,Oi
FNDA:0,(anonymous_728)
FNDA:0,(anonymous_729)
FNDA:0,(anonymous_730)
FNDA:0,(anonymous_731)
FNDA:0,(anonymous_732)
FNDA:0,(anonymous_733)
FNDA:0,(anonymous_734)
FNDA:0,(anonymous_735)
FNDA:0,(anonymous_736)
FNDA:0,Ot
FNDA:0,Zs
FNDA:0,Xs
FNDA:0,zp
FNDA:0,En
FNDA:0,wn
FNDA:0,(anonymous_743)
FNDA:0,(anonymous_744)
FNDA:0,(anonymous_745)
FNDA:0,(anonymous_746)
FNDA:3,pr
FNDA:0,(anonymous_748)
FNDA:0,Te
FNDA:0,(anonymous_750)
FNDA:0,ta
FNDA:0,Yp
FNDA:0,(anonymous_753)
FNDA:0,(anonymous_754)
FNDA:0,(anonymous_755)
FNDA:0,(anonymous_756)
FNDA:0,ea
FNDA:0,(anonymous_758)
FNDA:0,(anonymous_759)
FNDA:0,Zp
FNDA:0,(anonymous_761)
FNDA:0,ra
FNDA:0,na
FNDA:0,(anonymous_764)
FNDA:0,(anonymous_765)
FNDA:0,(anonymous_766)
FNDA:0,(anonymous_767)
FNDA:0,(anonymous_768)
FNDA:0,(anonymous_769)
FNDA:0,(anonymous_770)
FNDA:0,(anonymous_771)
FNDA:0,(anonymous_772)
FNDA:0,(anonymous_773)
FNDA:0,(anonymous_774)
FNDA:0,(anonymous_775)
FNDA:0,(anonymous_776)
FNDA:0,(anonymous_777)
FNDA:0,(anonymous_778)
FNDA:0,(anonymous_779)
FNDA:0,(anonymous_780)
FNDA:0,(anonymous_781)
FNDA:0,(anonymous_782)
FNDA:0,(anonymous_783)
FNDA:0,(anonymous_784)
FNDA:3,(anonymous_785)
FNDA:0,(anonymous_786)
FNDA:0,Re
FNDA:0,vn
FNDA:0,mr
FNDA:0,ed
FNDA:0,td
FNDA:0,rd
FNDA:0,nd
FNDA:0,id
FNDA:0,sa
FNDA:0,aa
FNDA:0,od
FNDA:0,sd
FNDA:0,ad
FNDA:0,_i
FNDA:0,(anonymous_801)
FNDA:0,(anonymous_802)
FNDA:0,(anonymous_803)
FNDA:0,(anonymous_804)
FNDA:0,(anonymous_805)
FNDA:0,(anonymous_806)
FNDA:0,(anonymous_807)
FNDA:0,(anonymous_808)
FNDA:0,(anonymous_809)
FNDA:0,(anonymous_810)
FNDA:0,(anonymous_811)
FNDA:0,(anonymous_812)
FNDA:0,(anonymous_813)
FNDA:0,(anonymous_814)
FNDA:0,(anonymous_815)
FNDA:0,(anonymous_816)
FNDA:0,(anonymous_817)
FNDA:0,(anonymous_818)
FNDA:0,(anonymous_819)
FNDA:0,la
FNDA:0,Fi
FNDA:3,ua
FNDA:0,(anonymous_823)
FNDA:0,(anonymous_824)
FNDA:0,ld
FNDA:0,Li
FNDA:0,(anonymous_827)
FNDA:0,(anonymous_828)
FNDA:0,(anonymous_829)
FNDA:0,(anonymous_830)
FNDA:0,ca
FNDA:0,(anonymous_832)
FNDA:0,pa
FNDA:0,fr
FNDA:0,(anonymous_835)
FNDA:0,(anonymous_836)
FNDA:0,(anonymous_837)
FNDA:0,(anonymous_838)
FNDA:0,(anonymous_839)
FNDA:0,(anonymous_840)
FNDA:0,(anonymous_841)
FNDA:0,(anonymous_842)
FNDA:0,(anonymous_843)
FNDA:0,(anonymous_844)
FNDA:0,(anonymous_845)
FNDA:0,(anonymous_846)
FNDA:0,Ce
FNDA:0,(anonymous_848)
FNDA:0,pd
FNDA:0,(anonymous_850)
FNDA:3,(anonymous_851)
FNDA:0,(anonymous_852)
FNDA:0,(anonymous_853)
FNDA:0,(anonymous_854)
FNDA:0,(anonymous_855)
FNDA:0,(anonymous_856)
FNDA:0,da
FNDA:3,ji
FNDA:0,Vi
FNDA:0,gr
FNDA:0,(anonymous_861)
FNDA:0,(anonymous_862)
FNDA:0,re
FNDA:0,(anonymous_864)
FNDA:0,(anonymous_865)
FNDA:0,ot
FNDA:0,(anonymous_867)
FNDA:0,(anonymous_868)
FNDA:0,(anonymous_869)
FNDA:0,(anonymous_870)
FNDA:0,Cn
FNDA:0,(anonymous_872)
FNDA:0,(anonymous_873)
FNDA:0,(anonymous_874)
FNDA:0,(anonymous_875)
FNDA:0,Se
FNDA:0,(anonymous_877)
FNDA:0,(anonymous_878)
FNDA:0,(anonymous_879)
FNDA:0,(anonymous_880)
FNDA:0,(anonymous_881)
FNDA:0,(anonymous_882)
FNDA:0,(anonymous_883)
FNDA:0,dd
FNDA:0,ga
FNDA:0,(anonymous_886)
FNDA:0,_t
FNDA:0,(anonymous_888)
FNDA:0,(anonymous_889)
FNDA:0,(anonymous_890)
FNDA:0,Ft
FNDA:0,ha
FNDA:0,st
FNDA:0,fd
FNDA:0,ya
FNDA:0,(anonymous_896)
FNDA:0,yd
FNDA:0,Ed
FNDA:0,Pd
FNDA:0,Td
FNDA:0,Cd
FNDA:0,(anonymous_902)
FNDA:0,(anonymous_903)
FNDA:0,(anonymous_904)
FNDA:0,(anonymous_905)
FNDA:0,Ze
FNDA:0,Lt
FNDA:0,(anonymous_908)
FNDA:0,Ad
FNDA:0,Sn
FNDA:0,(anonymous_911)
FNDA:0,Ea
FNDA:0,Id
FNDA:0,Od
FNDA:0,(anonymous_915)
FNDA:0,(anonymous_916)
FNDA:0,wa
FNDA:0,kd
FNDA:0,Dd
FNDA:0,(anonymous_920)
FNDA:0,(anonymous_921)
FNDA:0,xa
FNDA:0,Pa
FNDA:0,(anonymous_924)
FNDA:0,(anonymous_925)
FNDA:0,(anonymous_926)
FNDA:0,va
FNDA:0,(anonymous_928)
FNDA:0,(anonymous_929)
FNDA:0,(anonymous_930)
FNDA:0,(anonymous_931)
FNDA:0,(anonymous_932)
FNDA:0,(anonymous_933)
FNDA:0,(anonymous_934)
FNDA:0,(anonymous_935)
FNDA:0,_d
FNDA:0,Fd
FNDA:0,Qi
FNDA:0,(anonymous_939)
FNDA:0,(anonymous_940)
FNDA:0,(anonymous_941)
FNDA:0,Ld
FNDA:0,(anonymous_943)
FNDA:0,(anonymous_944)
FNDA:0,Ca
FNDA:0,Nd
FNDA:0,(anonymous_947)
FNDA:0,(anonymous_948)
FNDA:0,Ji
FNDA:0,(anonymous_950)
FNDA:0,(anonymous_951)
FNDA:0,(anonymous_952)
FNDA:0,qd
FNDA:0,(anonymous_954)
FNDA:0,(anonymous_955)
FNDA:0,(anonymous_956)
FNDA:0,(anonymous_957)
FNDA:0,(anonymous_958)
FNDA:0,(anonymous_959)
FNDA:0,jd
FNDA:0,Vd
FNDA:0,(anonymous_962)
FNDA:0,Sa
FNDA:0,(anonymous_964)
FNDA:0,yr
FNDA:0,(anonymous_966)
FNDA:0,(anonymous_967)
FNDA:0,Bd
FNDA:0,(anonymous_969)
FNDA:0,(anonymous_970)
FNDA:0,(anonymous_971)
FNDA:0,Aa
FNDA:0,Ia
FNDA:0,Oa
FNDA:0,(anonymous_975)
FNDA:0,(anonymous_976)
FNDA:0,Ud
FNDA:0,(anonymous_978)
FNDA:0,Gd
FNDA:0,(anonymous_980)
FNDA:0,An
FNDA:0,ka
FNDA:0,(anonymous_983)
FNDA:0,Da
FNDA:0,(anonymous_985)
FNDA:0,_a
FNDA:0,Qd
FNDA:0,br
FNDA:0,La
FNDA:0,(anonymous_990)
FNDA:0,(anonymous_991)
FNDA:0,Na
FNDA:0,Ma
FNDA:0,(anonymous_994)
FNDA:0,$a
FNDA:0,(anonymous_996)
FNDA:0,(anonymous_997)
FNDA:0,(anonymous_998)
FNDA:0,qa
FNDA:0,(anonymous_1000)
FNDA:0,Ba
FNDA:0,Ua
FNDA:0,Ga
FNDA:0,In
FNDA:0,On
FNDA:0,Kd
FNDA:0,Xe
FNDA:0,et
FNDA:0,(anonymous_1009)
FNDA:0,Qa
FNDA:0,kn
FNDA:0,Dn
FNDA:0,Ja
FNDA:0,Wa
FNDA:0,(anonymous_1015)
FNDA:0,Ha
FNDA:0,(anonymous_1017)
FNDA:0,za
FNDA:0,(anonymous_1019)
FNDA:0,(anonymous_1020)
FNDA:0,Zd
FNDA:0,Ya
FNDA:0,Za
FNDA:0,(anonymous_1024)
FNDA:0,Xa
FNDA:0,(anonymous_1026)
FNDA:0,tl
FNDA:0,rl
FNDA:0,Nt
FNDA:0,(anonymous_1030)
FNDA:0,(anonymous_1031)
FNDA:0,(anonymous_1032)
FNDA:0,A
FNDA:0,(anonymous_1034)
FNDA:0,(anonymous_1035)
FNDA:0,(anonymous_1036)
FNDA:0,(anonymous_1037)
FNDA:0,(anonymous_1038)
FNDA:0,(anonymous_1039)
FNDA:0,(anonymous_1040)
FNDA:0,(anonymous_1041)
FNDA:0,(anonymous_1042)
FNDA:0,(anonymous_1043)
FNDA:0,(anonymous_1044)
FNDA:0,(anonymous_1045)
FNDA:0,(anonymous_1046)
FNDA:0,(anonymous_1047)
FNDA:0,(anonymous_1048)
FNDA:0,(anonymous_1049)
FNDA:0,tm
FNDA:0,Or
FNDA:0,qt
FNDA:0,nl
FNDA:0,(anonymous_1054)
FNDA:0,(anonymous_1055)
FNDA:0,il
FNDA:0,ol
FNDA:0,(anonymous_1058)
FNDA:0,rm
FNDA:0,sl
FNDA:0,(anonymous_1061)
FNDA:0,ct
FNDA:0,(anonymous_1063)
FNDA:0,im
FNDA:0,om
FNDA:0,sm
FNDA:0,(anonymous_1067)
FNDA:0,(anonymous_1068)
FNDA:0,(anonymous_1069)
FNDA:0,to
FNDA:0,(anonymous_1071)
FNDA:0,(anonymous_1072)
FNDA:0,(anonymous_1073)
FNDA:0,(anonymous_1074)
FNDA:0,(anonymous_1075)
FNDA:0,(anonymous_1076)
FNDA:0,(anonymous_1077)
FNDA:0,(anonymous_1078)
FNDA:0,(anonymous_1079)
FNDA:0,(anonymous_1080)
FNDA:0,(anonymous_1081)
FNDA:0,(anonymous_1082)
FNDA:0,um
FNDA:0,ul
FNDA:0,cm
FNDA:0,(anonymous_1086)
FNDA:0,(anonymous_1087)
FNDA:0,(anonymous_1088)
FNDA:0,(anonymous_1089)
FNDA:0,(anonymous_1090)
FNDA:0,(anonymous_1091)
FNDA:0,(anonymous_1092)
FNDA:0,(anonymous_1093)
FNDA:0,(anonymous_1094)
FNDA:0,(anonymous_1095)
FNDA:0,(anonymous_1096)
FNDA:0,(anonymous_1097)
FNDA:0,(anonymous_1098)
FNDA:0,(anonymous_1099)
FNDA:0,(anonymous_1100)
FNDA:0,(anonymous_1101)
FNDA:0,(anonymous_1102)
FNDA:0,(anonymous_1103)
FNDA:0,(anonymous_1104)
FNDA:0,(anonymous_1105)
FNDA:0,(anonymous_1106)
FNDA:0,(anonymous_1107)
FNDA:0,(anonymous_1108)
FNDA:0,(anonymous_1109)
FNDA:0,(anonymous_1110)
FNDA:0,(anonymous_1111)
FNDA:0,(anonymous_1112)
FNDA:0,(anonymous_1113)
FNDA:0,pl
FNDA:0,pm
FNDA:0,dm
FNDA:0,(anonymous_1117)
FNDA:0,(anonymous_1118)
FNDA:0,(anonymous_1119)
FNDA:0,(anonymous_1120)
FNDA:0,(anonymous_1121)
FNDA:0,(anonymous_1122)
FNDA:0,(anonymous_1123)
FNDA:0,fm
FNDA:0,gm
FNDA:0,(anonymous_1126)
FNDA:0,(anonymous_1127)
FNDA:0,(anonymous_1128)
FNDA:0,(anonymous_1129)
FNDA:0,(anonymous_1130)
FNDA:0,(anonymous_1131)
FNDA:0,(anonymous_1132)
FNDA:0,(anonymous_1133)
FNDA:0,(anonymous_1134)
FNDA:0,(anonymous_1135)
FNDA:0,(anonymous_1136)
FNDA:0,(anonymous_1137)
FNDA:0,(anonymous_1138)
FNDA:0,(anonymous_1139)
FNDA:0,(anonymous_1140)
FNDA:0,(anonymous_1141)
FNDA:0,(anonymous_1142)
FNDA:0,(anonymous_1143)
FNDA:0,(anonymous_1144)
FNDA:0,(anonymous_1145)
FNDA:0,(anonymous_1146)
FNDA:0,(anonymous_1147)
FNDA:0,(anonymous_1148)
FNDA:0,(anonymous_1149)
FNDA:0,(anonymous_1150)
FNDA:0,hm
FNDA:0,lo
FNDA:0,hl
FNDA:0,Fn
FNDA:0,(anonymous_1155)
FNDA:0,(anonymous_1156)
FNDA:0,(anonymous_1157)
FNDA:0,jt
FNDA:0,El
FNDA:0,(anonymous_1160)
FNDA:0,xl
FNDA:0,(anonymous_1162)
FNDA:0,ym
FNDA:0,Pl
FNDA:0,wl
FNDA:0,uo
FNDA:0,(anonymous_1167)
FNDA:0,(anonymous_1168)
FNDA:0,(anonymous_1169)
FNDA:0,(anonymous_1170)
FNDA:0,(anonymous_1171)
FNDA:0,(anonymous_1172)
FNDA:0,po
FNDA:0,(anonymous_1174)
FNDA:0,(anonymous_1175)
FNDA:0,(anonymous_1176)
FNDA:0,(anonymous_1177)
FNDA:0,(anonymous_1178)
FNDA:0,(anonymous_1179)
FNDA:0,Sl
FNDA:0,(anonymous_1181)
FNDA:0,(anonymous_1182)
FNDA:0,(anonymous_1183)
FNDA:0,(anonymous_1184)
FNDA:0,(anonymous_1185)
FNDA:0,(anonymous_1186)
FNDA:0,(anonymous_1187)
FNDA:0,(anonymous_1188)
FNDA:0,(anonymous_1189)
FNDA:0,(anonymous_1190)
FNDA:0,(anonymous_1191)
FNDA:0,Il
FNDA:0,Ol
FNDA:0,(anonymous_1194)
FNDA:0,(anonymous_1195)
FNDA:0,(anonymous_1196)
FNDA:0,kl
FNDA:0,(anonymous_1198)
FNDA:0,(anonymous_1199)
FNDA:0,(anonymous_1200)
FNDA:0,(anonymous_1201)
FNDA:0,(anonymous_1202)
FNDA:0,(anonymous_1203)
FNDA:0,Nn
FNDA:0,Dl
FNDA:0,fo
FNDA:0,(anonymous_1207)
FNDA:0,go
FNDA:0,(anonymous_1209)
FNDA:0,(anonymous_1210)
FNDA:0,(anonymous_1211)
FNDA:0,(anonymous_1212)
FNDA:0,(anonymous_1213)
FNDA:0,(anonymous_1214)
FNDA:0,(anonymous_1215)
FNDA:0,(anonymous_1216)
FNDA:0,(anonymous_1217)
FNDA:0,(anonymous_1218)
FNDA:0,(anonymous_1219)
FNDA:0,(anonymous_1220)
FNDA:0,pt
FNDA:0,(anonymous_1222)
FNDA:0,(anonymous_1223)
FNDA:0,(anonymous_1224)
FNDA:0,(anonymous_1225)
FNDA:0,(anonymous_1226)
FNDA:0,(anonymous_1227)
FNDA:0,_l
FNDA:0,xm
FNDA:0,(anonymous_1230)
FNDA:0,(anonymous_1231)
FNDA:0,(anonymous_1232)
FNDA:0,(anonymous_1233)
FNDA:0,(anonymous_1234)
FNDA:0,(anonymous_1235)
FNDA:0,(anonymous_1236)
FNDA:0,(anonymous_1237)
FNDA:0,(anonymous_1238)
FNDA:0,(anonymous_1239)
FNDA:0,(anonymous_1240)
FNDA:0,(anonymous_1241)
FNDA:0,(anonymous_1242)
FNDA:0,(anonymous_1243)
FNDA:0,(anonymous_1244)
FNDA:0,(anonymous_1245)
FNDA:0,vm
FNDA:0,Ll
FNDA:0,Tm
FNDA:0,Rm
FNDA:0,Nl
FNDA:0,(anonymous_1251)
FNDA:0,(anonymous_1252)
FNDA:0,(anonymous_1253)
FNDA:0,(anonymous_1254)
FNDA:0,(anonymous_1255)
FNDA:0,(anonymous_1256)
FNDA:0,(anonymous_1257)
FNDA:0,t
FNDA:0,(anonymous_1259)
FNDA:0,(anonymous_1260)
FNDA:0,(anonymous_1261)
FNDA:0,(anonymous_1262)
FNDA:0,(anonymous_1263)
FNDA:0,Gl
FNDA:0,Vt
FNDA:0,Am
FNDA:0,(anonymous_1267)
FNDA:0,(anonymous_1268)
FNDA:0,Im
FNDA:0,Bl
FNDA:0,(anonymous_1271)
FNDA:0,Om
FNDA:0,(anonymous_1273)
FNDA:0,(anonymous_1274)
FNDA:0,(anonymous_1275)
FNDA:0,(anonymous_1276)
FNDA:0,Ql
FNDA:0,(anonymous_1278)
FNDA:0,(anonymous_1279)
FNDA:0,(anonymous_1280)
FNDA:0,(anonymous_1281)
FNDA:0,(anonymous_1282)
FNDA:0,(anonymous_1283)
FNDA:0,(anonymous_1284)
FNDA:0,(anonymous_1285)
FNDA:3,Yl
FNDA:0,(anonymous_1287)
FNDA:0,(anonymous_1288)
FNDA:0,(anonymous_1289)
FNDA:0,(anonymous_1290)
FNDA:0,(anonymous_1291)
FNDA:0,(anonymous_1292)
FNDA:0,(anonymous_1293)
FNDA:0,(anonymous_1294)
FNDA:0,(anonymous_1295)
FNDA:0,(anonymous_1296)
FNDA:0,(anonymous_1297)
FNDA:0,(anonymous_1298)
FNDA:0,(anonymous_1299)
FNDA:0,(anonymous_1300)
FNDA:0,(anonymous_1301)
FNDA:0,(anonymous_1302)
FNDA:0,(anonymous_1303)
FNDA:0,(anonymous_1304)
FNDA:0,(anonymous_1305)
FNDA:0,(anonymous_1306)
FNDA:0,(anonymous_1307)
FNDA:0,(anonymous_1308)
FNDA:0,(anonymous_1309)
FNDA:0,(anonymous_1310)
FNDA:0,(anonymous_1311)
FNDA:0,(anonymous_1312)
FNDA:0,(anonymous_1313)
FNDA:0,(anonymous_1314)
FNDA:0,(anonymous_1315)
FNDA:0,(anonymous_1316)
FNDA:0,(anonymous_1317)
FNDA:0,(anonymous_1318)
FNDA:0,(anonymous_1319)
FNDA:0,(anonymous_1320)
FNDA:0,(anonymous_1321)
FNDA:0,(anonymous_1322)
FNDA:0,(anonymous_1323)
FNDA:0,(anonymous_1324)
FNDA:0,(anonymous_1325)
FNDA:0,(anonymous_1326)
FNDA:0,(anonymous_1327)
FNDA:0,(anonymous_1328)
FNDA:0,(anonymous_1329)
FNDA:0,(anonymous_1330)
FNDA:0,(anonymous_1331)
FNDA:0,(anonymous_1332)
FNDA:0,Jl
FNDA:0,Fm
FNDA:3,Zl
FNDA:0,(anonymous_1336)
FNDA:3,Xl
DA:1,2718
DA:2,15
DA:3,78
DA:4,24
DA:5,3
DA:6,3
DA:9,15
DA:10,3
DA:12,0
DA:16,0
DA:18,6
DA:20,0
DA:21,876
DA:22,0
DA:23,0
DA:24,0
DA:25,3
DA:26,3
DA:27,3
DA:28,9
DA:29,3
DA:30,3
DA:31,3
DA:33,3
DA:35,0
DA:36,0
DA:37,0
DA:42,0
DA:43,0
DA:45,0
DA:52,0
DA:57,0
DA:64,3
DA:65,0
DA:66,3
DA:69,0
DA:101,0
DA:110,3
DA:111,3
DA:112,0
DA:113,0
DA:114,3
DA:121,3
DA:122,3
DA:123,0
DA:124,0
DA:125,0
DA:126,0
DA:130,3
DA:131,3
LF:50
LH:27
BRDA:1,0,0,66
BRDA:1,0,1,48
BRDA:1,1,0,90
BRDA:1,1,1,0
BRDA:1,2,0,90
BRDA:1,2,1,90
BRDA:1,2,2,27
BRDA:1,3,0,2718
BRDA:1,3,1,2715
BRDA:1,3,2,2715
BRDA:1,4,0,2715
BRDA:1,4,1,2715
BRDA:1,5,0,87
BRDA:1,5,1,0
BRDA:1,6,0,81
BRDA:1,6,1,6
BRDA:1,7,0,87
BRDA:1,7,1,87
BRDA:1,7,2,87
BRDA:1,8,0,0
BRDA:1,8,1,0
BRDA:1,9,0,0
BRDA:1,9,1,0
BRDA:1,10,0,0
BRDA:1,10,1,0
BRDA:1,11,0,0
BRDA:1,11,1,0
BRDA:1,12,0,0
BRDA:1,12,1,0
BRDA:1,13,0,0
BRDA:1,13,1,0
BRDA:1,14,0,0
BRDA:1,14,1,0
BRDA:1,15,0,0
BRDA:1,16,0,0
BRDA:1,17,0,0
BRDA:1,18,0,0
BRDA:1,19,0,0
BRDA:1,19,1,3
BRDA:1,20,0,0
BRDA:1,20,1,3
BRDA:1,21,0,0
BRDA:1,21,1,0
BRDA:1,22,0,0
BRDA:1,22,1,0
BRDA:1,23,0,3
BRDA:1,23,1,0
BRDA:1,24,0,0
BRDA:1,25,0,0
BRDA:1,25,1,0
BRDA:1,26,0,0
BRDA:1,26,1,0
BRDA:1,27,0,0
BRDA:1,27,1,0
BRDA:1,28,0,0
BRDA:1,29,0,0
BRDA:1,30,0,0
BRDA:1,30,1,0
BRDA:1,31,0,0
BRDA:1,31,1,0
BRDA:1,31,2,0
BRDA:1,32,0,0
BRDA:1,32,1,0
BRDA:1,32,2,0
BRDA:1,33,0,0
BRDA:1,33,1,0
BRDA:1,34,0,0
BRDA:1,34,1,0
BRDA:1,35,0,0
BRDA:1,35,1,0
BRDA:1,36,0,108
BRDA:1,37,0,0
BRDA:1,37,1,108
BRDA:1,38,0,0
BRDA:1,38,1,108
BRDA:1,39,0,108
BRDA:1,39,1,0
BRDA:1,39,2,0
BRDA:1,40,0,0
BRDA:1,40,1,3
BRDA:1,41,0,3
BRDA:1,41,1,3
BRDA:1,41,2,3
BRDA:1,41,3,3
BRDA:1,42,0,3
BRDA:1,42,1,3
BRDA:1,42,2,3
BRDA:1,42,3,3
BRDA:1,42,4,0
BRDA:1,43,0,3
BRDA:1,43,1,3
BRDA:1,44,0,0
BRDA:1,44,1,3
BRDA:1,45,0,0
BRDA:1,45,1,3
BRDA:1,46,0,0
BRDA:1,46,1,3
BRDA:1,47,0,0
BRDA:1,47,1,12
BRDA:1,48,0,0
BRDA:1,48,1,12
BRDA:1,49,0,0
BRDA:1,49,1,12
BRDA:1,50,0,12
BRDA:1,50,1,12
BRDA:1,50,2,12
BRDA:1,51,0,0
BRDA:1,51,1,12
BRDA:1,52,0,0
BRDA:1,52,1,12
BRDA:1,53,0,12
BRDA:1,53,1,12
BRDA:1,53,2,12
BRDA:1,54,0,12
BRDA:1,54,1,0
BRDA:1,55,0,0
BRDA:1,55,1,12
BRDA:1,56,0,12
BRDA:1,56,1,0
BRDA:1,57,0,12
BRDA:1,57,1,0
BRDA:1,58,0,12
BRDA:1,58,1,12
BRDA:1,59,0,12
BRDA:1,59,1,0
BRDA:1,60,0,0
BRDA:1,60,1,0
BRDA:1,61,0,0
BRDA:1,61,1,0
BRDA:1,62,0,0
BRDA:1,62,1,0
BRDA:1,63,0,0
BRDA:1,63,1,0
BRDA:1,64,0,0
BRDA:1,64,1,0
BRDA:1,65,0,0
BRDA:1,65,1,0
BRDA:1,66,0,0
BRDA:1,66,1,0
BRDA:1,67,0,0
BRDA:1,67,1,0
BRDA:1,68,0,0
BRDA:1,68,1,0
BRDA:1,69,0,0
BRDA:1,69,1,0
BRDA:1,70,0,0
BRDA:1,70,1,0
BRDA:1,71,0,0
BRDA:1,71,1,0
BRDA:1,72,0,0
BRDA:1,72,1,0
BRDA:1,73,0,6
BRDA:1,73,1,6
BRDA:1,74,0,0
BRDA:1,74,1,0
BRDA:1,75,0,0
BRDA:1,75,1,0
BRDA:1,76,0,0
BRDA:1,76,1,6
BRDA:1,77,0,0
BRDA:1,77,1,0
BRDA:1,78,0,0
BRDA:1,78,1,6
BRDA:1,79,0,6
BRDA:1,79,1,6
BRDA:1,79,2,6
BRDA:1,79,3,6
BRDA:1,80,0,0
BRDA:1,80,1,6
BRDA:1,81,0,6
BRDA:1,81,1,6
BRDA:1,81,2,6
BRDA:1,82,0,6
BRDA:1,82,1,0
BRDA:1,83,0,6
BRDA:1,83,1,6
BRDA:1,83,2,6
BRDA:1,83,3,0
BRDA:1,83,4,0
BRDA:1,83,5,0
BRDA:1,84,0,0
BRDA:1,84,1,0
BRDA:1,85,0,0
BRDA:1,85,1,0
BRDA:1,85,2,0
BRDA:1,86,0,0
BRDA:1,86,1,0
BRDA:1,87,0,0
BRDA:1,87,1,0
BRDA:1,87,2,0
BRDA:1,88,0,0
BRDA:1,88,1,0
BRDA:1,89,0,0
BRDA:1,89,1,0
BRDA:1,90,0,0
BRDA:1,90,1,0
BRDA:1,91,0,0
BRDA:1,92,0,0
BRDA:1,93,0,0
BRDA:1,93,1,0
BRDA:1,94,0,0
BRDA:1,94,1,0
BRDA:1,95,0,0
BRDA:1,95,1,0
BRDA:1,96,0,0
BRDA:1,97,0,0
BRDA:2,98,0,15
BRDA:2,98,1,0
BRDA:2,99,0,15
BRDA:2,99,1,9
BRDA:3,100,0,0
BRDA:3,100,1,3
BRDA:3,101,0,3
BRDA:3,101,1,3
BRDA:3,102,0,3
BRDA:3,102,1,3
BRDA:3,103,0,3
BRDA:3,103,1,3
BRDA:3,104,0,3
BRDA:3,104,1,3
BRDA:3,105,0,3
BRDA:3,105,1,0
BRDA:3,106,0,3
BRDA:3,106,1,12
BRDA:3,107,0,3
BRDA:3,107,1,0
BRDA:3,108,0,3
BRDA:3,108,1,0
BRDA:3,109,0,0
BRDA:3,109,1,0
BRDA:3,110,0,0
BRDA:3,110,1,0
BRDA:3,111,0,0
BRDA:3,111,1,0
BRDA:3,112,0,0
BRDA:3,112,1,0
BRDA:3,113,0,0
BRDA:3,114,0,0
BRDA:3,114,1,0
BRDA:3,115,0,0
BRDA:3,115,1,0
BRDA:3,116,0,0
BRDA:3,116,1,0
BRDA:3,117,0,0
BRDA:3,117,1,0
BRDA:3,118,0,0
BRDA:3,118,1,0
BRDA:3,119,0,0
BRDA:3,120,0,0
BRDA:3,121,0,0
BRDA:3,121,1,0
BRDA:3,122,0,0
BRDA:3,122,1,0
BRDA:3,123,0,0
BRDA:3,124,0,0
BRDA:3,124,1,0
BRDA:3,125,0,0
BRDA:3,125,1,0
BRDA:3,126,0,0
BRDA:3,126,1,0
BRDA:3,127,0,0
BRDA:3,127,1,0
BRDA:3,128,0,0
BRDA:3,128,1,0
BRDA:3,129,0,0
BRDA:3,129,1,0
BRDA:3,130,0,0
BRDA:3,130,1,0
BRDA:3,131,0,0
BRDA:3,131,1,0
BRDA:3,132,0,0
BRDA:3,132,1,0
BRDA:3,133,0,0
BRDA:3,133,1,0
BRDA:3,134,0,0
BRDA:3,134,1,0
BRDA:3,135,0,0
BRDA:3,135,1,0
BRDA:3,136,0,0
BRDA:3,136,1,0
BRDA:3,137,0,0
BRDA:3,137,1,0
BRDA:3,138,0,0
BRDA:3,138,1,0
BRDA:3,139,0,0
BRDA:3,139,1,0
BRDA:3,140,0,0
BRDA:3,140,1,0
BRDA:3,141,0,0
BRDA:3,141,1,0
BRDA:3,142,0,3
BRDA:3,142,1,3
BRDA:3,143,0,3
BRDA:3,143,1,0
BRDA:3,144,0,3
BRDA:3,144,1,3
BRDA:3,145,0,3
BRDA:3,145,1,3
BRDA:3,145,2,3
BRDA:3,145,3,3
BRDA:3,145,4,3
BRDA:3,145,5,0
BRDA:3,146,0,0
BRDA:3,146,1,18
BRDA:3,147,0,18
BRDA:3,147,1,18
BRDA:3,148,0,0
BRDA:3,148,1,18
BRDA:3,149,0,3
BRDA:3,149,1,0
BRDA:3,150,0,3
BRDA:3,150,1,3
BRDA:3,151,0,0
BRDA:3,151,1,3
BRDA:3,152,0,0
BRDA:3,152,1,0
BRDA:3,153,0,42
BRDA:3,153,1,0
BRDA:3,154,0,42
BRDA:3,154,1,0
BRDA:3,155,0,42
BRDA:3,155,1,0
BRDA:3,156,0,42
BRDA:3,156,1,0
BRDA:3,157,0,42
BRDA:3,157,1,0
BRDA:3,158,0,0
BRDA:3,158,1,0
BRDA:3,159,0,0
BRDA:3,159,1,6
BRDA:3,160,0,6
BRDA:3,160,1,6
BRDA:3,161,0,6
BRDA:3,161,1,0
BRDA:3,162,0,6
BRDA:3,162,1,6
BRDA:3,163,0,0
BRDA:3,163,1,0
BRDA:3,164,0,0
BRDA:3,164,1,0
BRDA:3,165,0,0
BRDA:3,166,0,0
BRDA:3,166,1,0
BRDA:3,167,0,0
BRDA:3,167,1,0
BRDA:3,168,0,0
BRDA:3,168,1,0
BRDA:3,169,0,0
BRDA:3,169,1,0
BRDA:3,170,0,0
BRDA:3,171,0,0
BRDA:3,171,1,0
BRDA:4,172,0,0
BRDA:4,172,1,0
BRDA:4,173,0,0
BRDA:4,173,1,0
BRDA:4,174,0,0
BRDA:4,174,1,0
BRDA:4,175,0,0
BRDA:4,175,1,0
BRDA:4,176,0,0
BRDA:4,176,1,0
BRDA:4,177,0,0
BRDA:4,177,1,0
BRDA:4,178,0,0
BRDA:4,178,1,0
BRDA:4,179,0,0
BRDA:4,179,1,0
BRDA:4,180,0,0
BRDA:4,180,1,0
BRDA:4,181,0,0
BRDA:4,181,1,0
BRDA:4,182,0,0
BRDA:4,182,1,0
BRDA:4,183,0,0
BRDA:4,183,1,0
BRDA:4,184,0,0
BRDA:4,184,1,0
BRDA:4,184,2,0
BRDA:4,185,0,0
BRDA:4,185,1,0
BRDA:4,186,0,0
BRDA:4,186,1,0
BRDA:4,187,0,0
BRDA:4,187,1,0
BRDA:4,188,0,0
BRDA:4,188,1,0
BRDA:4,189,0,0
BRDA:4,189,1,0
BRDA:4,190,0,0
BRDA:4,190,1,0
BRDA:4,191,0,0
BRDA:4,191,1,0
BRDA:4,192,0,0
BRDA:4,192,1,0
BRDA:4,193,0,0
BRDA:4,193,1,0
BRDA:4,194,0,0
BRDA:4,194,1,0
BRDA:4,195,0,0
BRDA:4,195,1,0
BRDA:4,196,0,0
BRDA:4,196,1,0
BRDA:4,197,0,0
BRDA:4,197,1,0
BRDA:4,197,2,0
BRDA:4,197,3,0
BRDA:4,198,0,0
BRDA:4,198,1,0
BRDA:4,199,0,0
BRDA:4,199,1,0
BRDA:4,199,2,0
BRDA:4,199,3,0
BRDA:4,200,0,0
BRDA:4,200,1,0
BRDA:4,201,0,0
BRDA:4,201,1,0
BRDA:4,202,0,0
BRDA:4,202,1,0
BRDA:4,203,0,0
BRDA:4,203,1,0
BRDA:4,204,0,0
BRDA:4,204,1,0
BRDA:4,205,0,0
BRDA:4,205,1,0
BRDA:4,206,0,0
BRDA:4,206,1,0
BRDA:4,207,0,0
BRDA:4,207,1,0
BRDA:4,208,0,0
BRDA:4,208,1,0
BRDA:4,209,0,0
BRDA:4,209,1,0
BRDA:4,210,0,0
BRDA:4,210,1,0
BRDA:4,211,0,0
BRDA:4,211,1,0
BRDA:4,212,0,0
BRDA:4,212,1,0
BRDA:4,213,0,0
BRDA:4,213,1,0
BRDA:4,214,0,0
BRDA:4,214,1,0
BRDA:4,215,0,0
BRDA:4,215,1,0
BRDA:4,216,0,0
BRDA:4,216,1,0
BRDA:4,217,0,0
BRDA:4,217,1,0
BRDA:4,218,0,0
BRDA:4,218,1,0
BRDA:4,219,0,0
BRDA:4,219,1,0
BRDA:4,220,0,0
BRDA:4,220,1,0
BRDA:4,221,0,0
BRDA:4,221,1,0
BRDA:4,221,2,0
BRDA:4,222,0,0
BRDA:4,222,1,0
BRDA:4,223,0,0
BRDA:4,223,1,0
BRDA:4,224,0,0
BRDA:4,224,1,0
BRDA:4,225,0,0
BRDA:4,225,1,0
BRDA:4,226,0,0
BRDA:4,226,1,0
BRDA:4,227,0,0
BRDA:4,227,1,0
BRDA:4,228,0,0
BRDA:4,228,1,0
BRDA:4,229,0,0
BRDA:4,229,1,0
BRDA:4,230,0,0
BRDA:4,230,1,0
BRDA:4,230,2,0
BRDA:4,231,0,0
BRDA:4,231,1,0
BRDA:4,232,0,0
BRDA:4,232,1,0
BRDA:4,233,0,0
BRDA:4,233,1,0
BRDA:4,234,0,0
BRDA:4,234,1,0
BRDA:4,235,0,0
BRDA:4,235,1,0
BRDA:4,236,0,0
BRDA:4,236,1,0
BRDA:4,237,0,0
BRDA:4,237,1,0
BRDA:4,238,0,0
BRDA:4,238,1,0
BRDA:4,239,0,0
BRDA:4,239,1,0
BRDA:4,240,0,0
BRDA:4,240,1,0
BRDA:4,241,0,0
BRDA:4,241,1,0
BRDA:4,242,0,0
BRDA:4,242,1,0
BRDA:4,242,2,0
BRDA:4,243,0,0
BRDA:4,243,1,0
BRDA:4,244,0,0
BRDA:4,244,1,0
BRDA:4,245,0,0
BRDA:4,245,1,0
BRDA:4,246,0,0
BRDA:4,246,1,0
BRDA:4,247,0,0
BRDA:4,247,1,0
BRDA:4,248,0,0
BRDA:4,248,1,0
BRDA:4,249,0,0
BRDA:4,249,1,0
BRDA:4,250,0,0
BRDA:4,250,1,0
BRDA:4,251,0,0
BRDA:4,251,1,0
BRDA:4,252,0,0
BRDA:4,252,1,0
BRDA:4,253,0,0
BRDA:4,253,1,0
BRDA:4,254,0,0
BRDA:4,254,1,0
BRDA:4,255,0,0
BRDA:4,255,1,0
BRDA:4,255,2,0
BRDA:4,255,3,0
BRDA:4,256,0,0
BRDA:4,256,1,0
BRDA:4,256,2,0
BRDA:4,256,3,0
BRDA:4,257,0,0
BRDA:4,257,1,0
BRDA:4,258,0,0
BRDA:4,258,1,0
BRDA:4,259,0,0
BRDA:4,259,1,0
BRDA:4,259,2,0
BRDA:4,259,3,0
BRDA:5,260,0,0
BRDA:5,260,1,0
BRDA:5,261,0,0
BRDA:5,261,1,0
BRDA:5,262,0,0
BRDA:5,262,1,0
BRDA:5,263,0,0
BRDA:5,263,1,0
BRDA:5,264,0,0
BRDA:5,264,1,0
BRDA:5,265,0,0
BRDA:5,265,1,0
BRDA:5,266,0,0
BRDA:5,266,1,0
BRDA:5,267,0,0
BRDA:5,267,1,0
BRDA:5,268,0,0
BRDA:5,268,1,0
BRDA:5,269,0,0
BRDA:5,269,1,0
BRDA:5,270,0,0
BRDA:5,270,1,0
BRDA:5,271,0,0
BRDA:5,271,1,0
BRDA:5,272,0,0
BRDA:5,272,1,0
BRDA:5,273,0,0
BRDA:5,273,1,0
BRDA:5,274,0,0
BRDA:5,274,1,0
BRDA:5,275,0,0
BRDA:5,275,1,0
BRDA:5,276,0,0
BRDA:5,276,1,0
BRDA:5,276,2,0
BRDA:5,277,0,0
BRDA:5,277,1,0
BRDA:5,278,0,0
BRDA:5,278,1,0
BRDA:6,279,0,0
BRDA:6,279,1,0
BRDA:6,280,0,0
BRDA:6,280,1,0
BRDA:6,280,2,0
BRDA:6,281,0,0
BRDA:6,281,1,0
BRDA:6,282,0,0
BRDA:6,282,1,0
BRDA:6,283,0,0
BRDA:6,283,1,0
BRDA:6,284,0,0
BRDA:6,284,1,0
BRDA:6,285,0,0
BRDA:6,285,1,0
BRDA:6,286,0,0
BRDA:6,286,1,0
BRDA:6,287,0,0
BRDA:6,287,1,0
BRDA:6,288,0,0
BRDA:6,288,1,0
BRDA:6,289,0,0
BRDA:6,289,1,0
BRDA:6,290,0,0
BRDA:6,290,1,0
BRDA:6,291,0,0
BRDA:6,291,1,0
BRDA:6,292,0,0
BRDA:6,292,1,0
BRDA:6,293,0,0
BRDA:6,293,1,0
BRDA:6,294,0,0
BRDA:6,294,1,0
BRDA:6,295,0,0
BRDA:6,295,1,0
BRDA:6,296,0,0
BRDA:6,296,1,0
BRDA:6,297,0,0
BRDA:6,297,1,0
BRDA:6,298,0,0
BRDA:6,298,1,0
BRDA:6,299,0,0
BRDA:6,299,1,0
BRDA:6,300,0,0
BRDA:6,300,1,0
BRDA:6,301,0,0
BRDA:6,301,1,0
BRDA:6,301,2,0
BRDA:6,302,0,0
BRDA:6,302,1,0
BRDA:6,303,0,0
BRDA:6,303,1,0
BRDA:6,304,0,0
BRDA:6,304,1,0
BRDA:6,305,0,0
BRDA:6,305,1,0
BRDA:6,306,0,0
BRDA:6,306,1,0
BRDA:6,307,0,0
BRDA:6,307,1,0
BRDA:6,308,0,0
BRDA:6,308,1,0
BRDA:6,309,0,0
BRDA:6,309,1,0
BRDA:6,310,0,0
BRDA:6,310,1,0
BRDA:6,311,0,0
BRDA:6,311,1,0
BRDA:6,312,0,0
BRDA:6,312,1,0
BRDA:9,313,0,0
BRDA:9,313,1,3
BRDA:9,314,0,15
BRDA:9,314,1,15
BRDA:9,315,0,0
BRDA:9,315,1,0
BRDA:9,316,0,0
BRDA:9,316,1,0
BRDA:9,317,0,0
BRDA:9,317,1,0
BRDA:9,318,0,0
BRDA:9,318,1,0
BRDA:9,319,0,15
BRDA:9,319,1,0
BRDA:9,320,0,0
BRDA:9,321,0,3
BRDA:9,321,1,3
BRDA:9,322,0,3
BRDA:9,322,1,3
BRDA:9,323,0,3
BRDA:9,323,1,3
BRDA:9,323,2,0
BRDA:9,324,0,0
BRDA:9,324,1,3
BRDA:10,325,0,0
BRDA:10,325,1,3
BRDA:10,326,0,3
BRDA:10,326,1,0
BRDA:10,326,2,0
BRDA:10,326,3,0
BRDA:10,327,0,0
BRDA:10,327,1,0
BRDA:10,328,0,0
BRDA:10,328,1,0
BRDA:10,329,0,0
BRDA:10,329,1,0
BRDA:10,330,0,0
BRDA:10,330,1,0
BRDA:16,331,0,0
BRDA:16,331,1,0
BRDA:16,332,0,0
BRDA:16,332,1,0
BRDA:18,333,0,3
BRDA:18,333,1,3
BRDA:18,334,0,0
BRDA:18,334,1,3
BRDA:18,335,0,6
BRDA:18,335,1,0
BRDA:18,335,2,0
BRDA:18,336,0,6
BRDA:18,336,1,3
BRDA:18,337,0,0
BRDA:18,337,1,0
BRDA:18,338,0,0
BRDA:18,338,1,0
BRDA:18,339,0,0
BRDA:18,339,1,0
BRDA:18,340,0,0
BRDA:18,340,1,0
BRDA:18,341,0,0
BRDA:18,341,1,0
BRDA:18,342,0,0
BRDA:18,342,1,0
BRDA:18,343,0,0
BRDA:18,343,1,0
BRDA:20,344,0,0
BRDA:20,344,1,0
BRDA:20,345,0,0
BRDA:20,345,1,0
BRDA:20,346,0,0
BRDA:20,346,1,0
BRDA:21,347,0,0
BRDA:21,347,1,0
BRDA:21,348,0,0
BRDA:21,348,1,0
BRDA:21,349,0,0
BRDA:21,349,1,0
BRDA:21,350,0,0
BRDA:21,350,1,0
BRDA:21,351,0,0
BRDA:21,351,1,0
BRDA:21,352,0,0
BRDA:21,352,1,0
BRDA:21,353,0,0
BRDA:21,353,1,0
BRDA:21,354,0,0
BRDA:21,354,1,0
BRDA:21,355,0,0
BRDA:21,355,1,0
BRDA:21,356,0,0
BRDA:21,356,1,0
BRDA:21,357,0,0
BRDA:21,357,1,0
BRDA:21,358,0,0
BRDA:21,358,1,0
BRDA:21,359,0,0
BRDA:21,359,1,0
BRDA:21,360,0,0
BRDA:21,360,1,0
BRDA:21,361,0,0
BRDA:21,361,1,0
BRDA:21,362,0,0
BRDA:21,362,1,0
BRDA:21,363,0,0
BRDA:21,363,1,0
BRDA:21,364,0,0
BRDA:21,364,1,0
BRDA:21,365,0,0
BRDA:21,365,1,0
BRDA:21,366,0,0
BRDA:21,366,1,0
BRDA:21,367,0,0
BRDA:21,367,1,0
BRDA:21,368,0,0
BRDA:21,368,1,0
BRDA:21,369,0,0
BRDA:21,369,1,0
BRDA:21,370,0,0
BRDA:21,370,1,0
BRDA:21,371,0,0
BRDA:21,371,1,0
BRDA:21,372,0,0
BRDA:21,372,1,0
BRDA:21,373,0,0
BRDA:21,373,1,0
BRDA:21,374,0,0
BRDA:21,374,1,0
BRDA:21,375,0,0
BRDA:21,375,1,0
BRDA:21,376,0,0
BRDA:21,376,1,0
BRDA:21,377,0,0
BRDA:21,377,1,0
BRDA:21,378,0,0
BRDA:21,378,1,0
BRDA:21,379,0,0
BRDA:21,379,1,0
BRDA:21,380,0,0
BRDA:21,380,1,0
BRDA:21,381,0,0
BRDA:21,381,1,0
BRDA:21,382,0,0
BRDA:21,382,1,0
BRDA:21,383,0,0
BRDA:21,383,1,0
BRDA:21,384,0,0
BRDA:21,384,1,0
BRDA:21,385,0,0
BRDA:21,385,1,0
BRDA:21,386,0,0
BRDA:21,386,1,0
BRDA:21,387,0,0
BRDA:21,387,1,0
BRDA:21,388,0,0
BRDA:21,388,1,0
BRDA:21,389,0,0
BRDA:21,389,1,0
BRDA:21,390,0,0
BRDA:21,390,1,0
BRDA:21,391,0,0
BRDA:21,391,1,0
BRDA:21,392,0,0
BRDA:21,392,1,0
BRDA:21,393,0,0
BRDA:21,393,1,0
BRDA:21,393,2,0
BRDA:21,394,0,0
BRDA:21,394,1,0
BRDA:21,395,0,0
BRDA:21,395,1,0
BRDA:21,396,0,0
BRDA:21,396,1,0
BRDA:21,396,2,0
BRDA:21,396,3,0
BRDA:21,397,0,0
BRDA:21,397,1,0
BRDA:21,398,0,0
BRDA:21,398,1,0
BRDA:21,399,0,0
BRDA:21,399,1,0
BRDA:21,400,0,0
BRDA:21,400,1,0
BRDA:21,401,0,0
BRDA:21,401,1,0
BRDA:21,402,0,0
BRDA:21,402,1,0
BRDA:21,403,0,0
BRDA:21,403,1,0
BRDA:21,404,0,0
BRDA:21,404,1,0
BRDA:21,405,0,0
BRDA:21,405,1,0
BRDA:21,406,0,0
BRDA:21,406,1,0
BRDA:21,407,0,0
BRDA:21,407,1,0
BRDA:21,408,0,0
BRDA:21,408,1,0
BRDA:21,409,0,0
BRDA:21,409,1,0
BRDA:21,410,0,0
BRDA:21,410,1,0
BRDA:21,411,0,0
BRDA:21,411,1,0
BRDA:21,412,0,0
BRDA:21,412,1,0
BRDA:21,413,0,0
BRDA:21,413,1,0
BRDA:21,414,0,0
BRDA:21,414,1,0
BRDA:21,415,0,0
BRDA:21,415,1,0
BRDA:21,416,0,0
BRDA:21,416,1,0
BRDA:21,417,0,0
BRDA:21,417,1,0
BRDA:21,418,0,0
BRDA:21,418,1,0
BRDA:21,419,0,0
BRDA:21,419,1,0
BRDA:21,420,0,0
BRDA:21,420,1,0
BRDA:21,421,0,0
BRDA:21,421,1,0
BRDA:21,422,0,0
BRDA:21,422,1,0
BRDA:21,423,0,0
BRDA:21,423,1,0
BRDA:21,424,0,0
BRDA:21,424,1,0
BRDA:21,425,0,0
BRDA:21,425,1,0
BRDA:21,426,0,0
BRDA:21,426,1,0
BRDA:21,427,0,0
BRDA:21,427,1,0
BRDA:21,428,0,0
BRDA:21,428,1,0
BRDA:21,429,0,0
BRDA:21,429,1,0
BRDA:21,430,0,0
BRDA:21,430,1,0
BRDA:21,431,0,0
BRDA:21,431,1,0
BRDA:21,432,0,0
BRDA:21,432,1,0
BRDA:21,433,0,0
BRDA:21,433,1,0
BRDA:21,434,0,0
BRDA:21,434,1,0
BRDA:21,435,0,0
BRDA:21,435,1,0
BRDA:21,436,0,0
BRDA:21,436,1,0
BRDA:21,437,0,0
BRDA:21,437,1,0
BRDA:21,438,0,0
BRDA:21,438,1,0
BRDA:21,439,0,0
BRDA:21,439,1,0
BRDA:21,440,0,0
BRDA:21,440,1,0
BRDA:21,441,0,0
BRDA:21,441,1,0
BRDA:21,441,2,0
BRDA:21,441,3,0
BRDA:21,442,0,0
BRDA:21,442,1,0
BRDA:21,443,0,0
BRDA:21,443,1,0
BRDA:21,443,2,0
BRDA:21,443,3,0
BRDA:21,444,0,0
BRDA:21,444,1,0
BRDA:21,445,0,0
BRDA:21,445,1,0
BRDA:21,446,0,0
BRDA:21,446,1,0
BRDA:21,447,0,0
BRDA:21,447,1,0
BRDA:21,448,0,0
BRDA:21,448,1,0
BRDA:21,449,0,0
BRDA:21,449,1,0
BRDA:21,450,0,0
BRDA:21,450,1,0
BRDA:21,451,0,0
BRDA:21,451,1,0
BRDA:21,452,0,0
BRDA:21,452,1,0
BRDA:21,453,0,0
BRDA:21,453,1,0
BRDA:21,454,0,0
BRDA:21,454,1,0
BRDA:21,455,0,0
BRDA:21,455,1,0
BRDA:21,456,0,0
BRDA:21,456,1,0
BRDA:21,457,0,0
BRDA:21,457,1,0
BRDA:21,458,0,0
BRDA:21,458,1,0
BRDA:21,459,0,0
BRDA:21,459,1,0
BRDA:21,460,0,0
BRDA:21,460,1,0
BRDA:21,461,0,0
BRDA:21,461,1,0
BRDA:21,462,0,0
BRDA:21,462,1,0
BRDA:21,463,0,0
BRDA:21,463,1,0
BRDA:21,464,0,0
BRDA:21,464,1,0
BRDA:21,465,0,0
BRDA:21,465,1,0
BRDA:21,466,0,0
BRDA:21,466,1,0
BRDA:21,467,0,0
BRDA:21,467,1,0
BRDA:21,468,0,0
BRDA:21,468,1,0
BRDA:21,469,0,0
BRDA:21,469,1,0
BRDA:21,470,0,0
BRDA:21,470,1,0
BRDA:21,471,0,0
BRDA:21,471,1,0
BRDA:21,472,0,0
BRDA:21,472,1,0
BRDA:21,473,0,0
BRDA:21,473,1,0
BRDA:21,474,0,0
BRDA:21,474,1,0
BRDA:21,475,0,0
BRDA:21,475,1,0
BRDA:21,476,0,0
BRDA:21,476,1,0
BRDA:21,477,0,0
BRDA:21,477,1,0
BRDA:21,478,0,0
BRDA:21,478,1,0
BRDA:21,479,0,0
BRDA:21,479,1,0
BRDA:21,480,0,0
BRDA:21,480,1,0
BRDA:21,481,0,0
BRDA:21,481,1,0
BRDA:21,481,2,0
BRDA:21,481,3,0
BRDA:21,482,0,0
BRDA:21,482,1,0
BRDA:21,483,0,0
BRDA:21,483,1,0
BRDA:21,483,2,0
BRDA:21,484,0,0
BRDA:21,484,1,0
BRDA:21,485,0,0
BRDA:21,485,1,0
BRDA:21,486,0,0
BRDA:21,486,1,0
BRDA:21,487,0,0
BRDA:21,487,1,0
BRDA:21,488,0,0
BRDA:21,488,1,0
BRDA:21,489,0,0
BRDA:21,489,1,0
BRDA:21,490,0,0
BRDA:21,490,1,0
BRDA:21,491,0,0
BRDA:21,491,1,0
BRDA:21,492,0,0
BRDA:21,492,1,0
BRDA:21,493,0,0
BRDA:21,493,1,0
BRDA:21,494,0,0
BRDA:21,494,1,0
BRDA:21,495,0,0
BRDA:21,495,1,0
BRDA:21,496,0,0
BRDA:21,496,1,0
BRDA:21,497,0,0
BRDA:21,497,1,0
BRDA:21,498,0,0
BRDA:21,498,1,0
BRDA:21,499,0,0
BRDA:21,499,1,0
BRDA:21,500,0,0
BRDA:21,500,1,0
BRDA:21,501,0,0
BRDA:21,501,1,0
BRDA:21,502,0,0
BRDA:21,502,1,0
BRDA:21,503,0,0
BRDA:21,503,1,0
BRDA:21,504,0,0
BRDA:21,504,1,0
BRDA:21,505,0,0
BRDA:21,505,1,0
BRDA:21,505,2,0
BRDA:21,505,3,0
BRDA:21,506,0,0
BRDA:21,506,1,0
BRDA:21,507,0,0
BRDA:21,507,1,0
BRDA:21,507,2,0
BRDA:21,508,0,0
BRDA:21,508,1,0
BRDA:21,509,0,0
BRDA:21,509,1,0
BRDA:21,510,0,0
BRDA:21,510,1,0
BRDA:21,511,0,0
BRDA:21,511,1,0
BRDA:21,512,0,0
BRDA:21,512,1,0
BRDA:21,512,2,0
BRDA:21,513,0,0
BRDA:21,513,1,0
BRDA:21,514,0,0
BRDA:21,514,1,0
BRDA:21,514,2,0
BRDA:21,514,3,0
BRDA:21,515,0,0
BRDA:21,515,1,0
BRDA:21,516,0,0
BRDA:21,516,1,0
BRDA:21,517,0,0
BRDA:21,517,1,0
BRDA:21,518,0,0
BRDA:21,518,1,0
BRDA:21,519,0,0
BRDA:21,519,1,0
BRDA:21,520,0,0
BRDA:21,520,1,0
BRDA:21,521,0,0
BRDA:21,521,1,0
BRDA:21,522,0,0
BRDA:21,522,1,0
BRDA:21,523,0,0
BRDA:21,523,1,0
BRDA:21,523,2,0
BRDA:21,524,0,0
BRDA:21,524,1,0
BRDA:21,525,0,0
BRDA:21,525,1,0
BRDA:21,526,0,0
BRDA:21,526,1,0
BRDA:21,526,2,0
BRDA:21,526,3,0
BRDA:21,527,0,0
BRDA:21,527,1,0
BRDA:21,528,0,0
BRDA:21,528,1,0
BRDA:21,529,0,0
BRDA:21,529,1,0
BRDA:21,530,0,0
BRDA:21,530,1,0
BRDA:21,531,0,0
BRDA:21,531,1,0
BRDA:21,532,0,0
BRDA:21,532,1,0
BRDA:21,532,2,0
BRDA:21,532,3,0
BRDA:21,533,0,0
BRDA:21,533,1,0
BRDA:21,534,0,0
BRDA:21,534,1,0
BRDA:21,534,2,0
BRDA:21,534,3,0
BRDA:21,534,4,0
BRDA:21,534,5,0
BRDA:21,534,6,0
BRDA:21,535,0,0
BRDA:21,535,1,0
BRDA:21,536,0,0
BRDA:21,536,1,0
BRDA:21,537,0,0
BRDA:21,537,1,0
BRDA:21,538,0,0
BRDA:21,538,1,0
BRDA:21,539,0,0
BRDA:21,539,1,0
BRDA:21,540,0,0
BRDA:21,540,1,0
BRDA:21,541,0,0
BRDA:21,541,1,0
BRDA:21,542,0,0
BRDA:21,542,1,0
BRDA:21,543,0,0
BRDA:21,543,1,0
BRDA:21,544,0,0
BRDA:21,544,1,0
BRDA:21,545,0,0
BRDA:21,545,1,0
BRDA:21,546,0,0
BRDA:21,546,1,0
BRDA:21,547,0,0
BRDA:21,547,1,0
BRDA:21,548,0,0
BRDA:21,548,1,0
BRDA:21,549,0,0
BRDA:21,549,1,0
BRDA:21,550,0,0
BRDA:21,550,1,0
BRDA:21,551,0,0
BRDA:21,551,1,0
BRDA:21,552,0,0
BRDA:21,552,1,0
BRDA:21,553,0,0
BRDA:21,553,1,0
BRDA:21,554,0,0
BRDA:21,554,1,0
BRDA:21,555,0,0
BRDA:21,555,1,0
BRDA:21,556,0,0
BRDA:21,556,1,0
BRDA:21,557,0,0
BRDA:21,557,1,0
BRDA:21,558,0,0
BRDA:21,558,1,0
BRDA:21,559,0,0
BRDA:21,559,1,0
BRDA:21,560,0,0
BRDA:21,560,1,0
BRDA:21,561,0,0
BRDA:21,561,1,0
BRDA:21,562,0,0
BRDA:21,562,1,0
BRDA:21,563,0,0
BRDA:21,563,1,0
BRDA:21,564,0,0
BRDA:21,564,1,0
BRDA:21,565,0,0
BRDA:21,565,1,0
BRDA:21,566,0,0
BRDA:21,566,1,0
BRDA:21,567,0,0
BRDA:21,567,1,0
BRDA:21,568,0,0
BRDA:21,568,1,0
BRDA:21,568,2,0
BRDA:21,568,3,0
BRDA:21,569,0,0
BRDA:21,569,1,0
BRDA:21,570,0,0
BRDA:21,570,1,0
BRDA:21,571,0,0
BRDA:21,571,1,0
BRDA:21,572,0,0
BRDA:21,572,1,0
BRDA:21,573,0,0
BRDA:21,573,1,0
BRDA:21,574,0,0
BRDA:21,574,1,0
BRDA:21,575,0,0
BRDA:21,575,1,0
BRDA:21,576,0,0
BRDA:21,576,1,0
BRDA:21,577,0,0
BRDA:21,577,1,0
BRDA:21,578,0,0
BRDA:21,578,1,0
BRDA:21,579,0,0
BRDA:21,579,1,0
BRDA:21,579,2,0
BRDA:21,580,0,0
BRDA:21,580,1,0
BRDA:21,581,0,0
BRDA:21,581,1,0
BRDA:21,582,0,0
BRDA:21,582,1,0
BRDA:21,583,0,0
BRDA:21,583,1,0
BRDA:21,584,0,0
BRDA:21,584,1,0
BRDA:21,585,0,0
BRDA:21,585,1,0
BRDA:21,586,0,0
BRDA:21,586,1,0
BRDA:21,587,0,0
BRDA:21,587,1,0
BRDA:21,588,0,0
BRDA:21,588,1,0
BRDA:21,589,0,0
BRDA:21,589,1,0
BRDA:21,590,0,0
BRDA:21,590,1,0
BRDA:21,591,0,0
BRDA:21,591,1,0
BRDA:21,592,0,0
BRDA:21,592,1,0
BRDA:21,593,0,0
BRDA:21,593,1,0
BRDA:21,594,0,0
BRDA:21,594,1,0
BRDA:21,595,0,0
BRDA:21,595,1,0
BRDA:21,596,0,0
BRDA:21,596,1,0
BRDA:21,597,0,0
BRDA:21,597,1,0
BRDA:21,598,0,0
BRDA:21,598,1,0
BRDA:21,599,0,0
BRDA:21,599,1,0
BRDA:21,600,0,0
BRDA:21,600,1,0
BRDA:21,601,0,0
BRDA:21,601,1,0
BRDA:21,602,0,0
BRDA:21,602,1,0
BRDA:21,603,0,0
BRDA:21,603,1,0
BRDA:21,604,0,0
BRDA:21,604,1,0
BRDA:21,605,0,0
BRDA:21,605,1,0
BRDA:21,606,0,0
BRDA:21,606,1,0
BRDA:21,606,2,0
BRDA:21,607,0,0
BRDA:21,607,1,0
BRDA:21,608,0,0
BRDA:21,608,1,0
BRDA:21,609,0,0
BRDA:21,609,1,0
BRDA:21,610,0,0
BRDA:21,610,1,0
BRDA:21,611,0,0
BRDA:21,611,1,0
BRDA:21,612,0,0
BRDA:21,612,1,0
BRDA:21,612,2,0
BRDA:21,612,3,0
BRDA:21,612,4,0
BRDA:21,612,5,0
BRDA:21,613,0,0
BRDA:21,613,1,0
BRDA:21,613,2,0
BRDA:21,613,3,0
BRDA:21,613,4,0
BRDA:21,613,5,0
BRDA:21,613,6,0
BRDA:21,613,7,0
BRDA:21,614,0,0
BRDA:21,614,1,0
BRDA:21,615,0,0
BRDA:21,615,1,0
BRDA:21,616,0,0
BRDA:21,616,1,0
BRDA:21,617,0,0
BRDA:21,617,1,0
BRDA:21,618,0,0
BRDA:21,618,1,0
BRDA:21,618,2,0
BRDA:21,618,3,0
BRDA:21,618,4,0
BRDA:21,618,5,0
BRDA:21,619,0,0
BRDA:21,619,1,0
BRDA:21,619,2,0
BRDA:21,619,3,0
BRDA:21,619,4,0
BRDA:21,619,5,0
BRDA:21,619,6,0
BRDA:21,620,0,0
BRDA:21,620,1,0
BRDA:21,621,0,0
BRDA:21,621,1,0
BRDA:21,622,0,0
BRDA:21,622,1,0
BRDA:21,623,0,0
BRDA:21,623,1,0
BRDA:21,624,0,0
BRDA:21,624,1,0
BRDA:21,625,0,0
BRDA:21,625,1,0
BRDA:21,626,0,0
BRDA:21,626,1,0
BRDA:21,627,0,0
BRDA:21,627,1,0
BRDA:21,628,0,0
BRDA:21,628,1,0
BRDA:21,629,0,0
BRDA:21,629,1,0
BRDA:21,630,0,0
BRDA:21,630,1,0
BRDA:21,631,0,0
BRDA:21,631,1,0
BRDA:21,632,0,0
BRDA:21,632,1,0
BRDA:21,633,0,0
BRDA:21,633,1,0
BRDA:21,633,2,0
BRDA:21,633,3,0
BRDA:21,634,0,0
BRDA:21,634,1,0
BRDA:21,635,0,0
BRDA:21,635,1,0
BRDA:21,635,2,0
BRDA:21,636,0,0
BRDA:21,636,1,0
BRDA:21,637,0,0
BRDA:21,637,1,0
BRDA:21,638,0,0
BRDA:21,638,1,0
BRDA:21,639,0,0
BRDA:21,639,1,0
BRDA:21,639,2,0
BRDA:21,640,0,0
BRDA:21,640,1,0
BRDA:21,641,0,0
BRDA:21,641,1,0
BRDA:21,642,0,0
BRDA:21,642,1,0
BRDA:21,643,0,0
BRDA:21,643,1,0
BRDA:21,644,0,0
BRDA:21,644,1,0
BRDA:21,645,0,0
BRDA:21,645,1,0
BRDA:21,646,0,0
BRDA:21,646,1,0
BRDA:21,647,0,0
BRDA:21,647,1,0
BRDA:21,648,0,0
BRDA:21,648,1,0
BRDA:21,648,2,0
BRDA:21,649,0,0
BRDA:21,649,1,0
BRDA:21,650,0,0
BRDA:21,650,1,0
BRDA:21,651,0,0
BRDA:21,651,1,0
BRDA:21,652,0,0
BRDA:21,652,1,0
BRDA:21,653,0,0
BRDA:21,653,1,0
BRDA:21,654,0,0
BRDA:21,654,1,0
BRDA:21,655,0,0
BRDA:21,655,1,0
BRDA:21,656,0,0
BRDA:21,656,1,0
BRDA:21,657,0,0
BRDA:21,657,1,0
BRDA:21,658,0,0
BRDA:21,658,1,0
BRDA:21,659,0,0
BRDA:21,659,1,0
BRDA:21,660,0,0
BRDA:21,660,1,0
BRDA:21,661,0,0
BRDA:21,661,1,0
BRDA:21,662,0,0
BRDA:21,662,1,0
BRDA:21,663,0,0
BRDA:21,663,1,0
BRDA:21,664,0,0
BRDA:21,664,1,0
BRDA:21,665,0,0
BRDA:21,665,1,0
BRDA:21,666,0,0
BRDA:21,666,1,0
BRDA:21,667,0,0
BRDA:21,667,1,0
BRDA:21,668,0,0
BRDA:21,668,1,0
BRDA:21,669,0,0
BRDA:21,669,1,0
BRDA:21,669,2,0
BRDA:21,670,0,0
BRDA:21,670,1,0
BRDA:21,671,0,0
BRDA:21,671,1,0
BRDA:21,672,0,0
BRDA:21,672,1,0
BRDA:21,673,0,0
BRDA:21,673,1,0
BRDA:21,674,0,0
BRDA:21,674,1,0
BRDA:21,675,0,0
BRDA:21,675,1,0
BRDA:21,676,0,0
BRDA:21,676,1,0
BRDA:21,677,0,0
BRDA:21,677,1,0
BRDA:21,678,0,0
BRDA:21,678,1,0
BRDA:21,679,0,0
BRDA:21,679,1,0
BRDA:21,680,0,0
BRDA:21,680,1,0
BRDA:21,680,2,0
BRDA:21,680,3,0
BRDA:21,681,0,0
BRDA:21,681,1,0
BRDA:21,682,0,0
BRDA:21,682,1,0
BRDA:21,683,0,0
BRDA:21,683,1,0
BRDA:21,683,2,0
BRDA:21,683,3,0
BRDA:21,684,0,0
BRDA:21,684,1,0
BRDA:21,685,0,0
BRDA:21,685,1,0
BRDA:21,685,2,0
BRDA:21,685,3,0
BRDA:21,685,4,0
BRDA:21,685,5,0
BRDA:21,685,6,0
BRDA:21,686,0,0
BRDA:21,686,1,0
BRDA:21,687,0,0
BRDA:21,687,1,0
BRDA:21,688,0,0
BRDA:21,688,1,0
BRDA:21,689,0,0
BRDA:21,689,1,0
BRDA:21,690,0,0
BRDA:21,690,1,0
BRDA:21,691,0,0
BRDA:21,691,1,0
BRDA:21,692,0,0
BRDA:21,692,1,0
BRDA:21,693,0,0
BRDA:21,693,1,0
BRDA:21,694,0,0
BRDA:21,694,1,0
BRDA:21,695,0,0
BRDA:21,695,1,0
BRDA:21,696,0,0
BRDA:21,696,1,0
BRDA:21,697,0,0
BRDA:21,697,1,0
BRDA:21,698,0,0
BRDA:21,698,1,0
BRDA:21,699,0,0
BRDA:21,699,1,0
BRDA:21,700,0,0
BRDA:21,700,1,0
BRDA:21,701,0,0
BRDA:21,701,1,0
BRDA:21,702,0,0
BRDA:21,702,1,0
BRDA:21,703,0,0
BRDA:21,703,1,0
BRDA:21,704,0,0
BRDA:21,704,1,0
BRDA:21,705,0,0
BRDA:21,705,1,0
BRDA:21,706,0,0
BRDA:21,706,1,0
BRDA:21,707,0,0
BRDA:21,707,1,0
BRDA:21,708,0,0
BRDA:21,708,1,0
BRDA:21,709,0,0
BRDA:21,709,1,0
BRDA:21,709,2,0
BRDA:21,710,0,0
BRDA:21,710,1,0
BRDA:21,711,0,0
BRDA:21,711,1,0
BRDA:21,711,2,0
BRDA:21,712,0,0
BRDA:21,712,1,0
BRDA:21,713,0,0
BRDA:21,713,1,0
BRDA:21,713,2,0
BRDA:21,714,0,0
BRDA:21,714,1,0
BRDA:21,715,0,0
BRDA:21,715,1,0
BRDA:21,716,0,0
BRDA:21,716,1,0
BRDA:21,717,0,0
BRDA:21,717,1,0
BRDA:21,718,0,0
BRDA:21,718,1,0
BRDA:21,719,0,0
BRDA:21,719,1,0
BRDA:21,720,0,0
BRDA:21,720,1,0
BRDA:21,721,0,0
BRDA:21,721,1,0
BRDA:21,722,0,0
BRDA:21,722,1,0
BRDA:21,722,2,0
BRDA:21,723,0,0
BRDA:21,723,1,0
BRDA:21,724,0,0
BRDA:21,724,1,0
BRDA:21,725,0,0
BRDA:21,725,1,0
BRDA:21,726,0,0
BRDA:21,726,1,0
BRDA:21,726,2,0
BRDA:21,727,0,0
BRDA:21,727,1,0
BRDA:21,728,0,0
BRDA:21,728,1,0
BRDA:21,729,0,0
BRDA:21,729,1,0
BRDA:21,730,0,0
BRDA:21,730,1,0
BRDA:21,731,0,0
BRDA:21,731,1,0
BRDA:21,732,0,0
BRDA:21,732,1,0
BRDA:21,733,0,0
BRDA:21,733,1,0
BRDA:21,734,0,0
BRDA:21,734,1,0
BRDA:21,735,0,0
BRDA:21,735,1,0
BRDA:21,736,0,0
BRDA:21,736,1,0
BRDA:21,737,0,0
BRDA:21,737,1,0
BRDA:21,738,0,0
BRDA:21,738,1,0
BRDA:21,738,2,0
BRDA:21,738,3,0
BRDA:21,738,4,0
BRDA:21,738,5,0
BRDA:21,739,0,0
BRDA:21,739,1,0
BRDA:21,740,0,0
BRDA:21,740,1,0
BRDA:21,741,0,0
BRDA:21,741,1,0
BRDA:21,742,0,0
BRDA:21,742,1,0
BRDA:21,743,0,0
BRDA:21,743,1,0
BRDA:21,744,0,0
BRDA:21,744,1,0
BRDA:21,745,0,0
BRDA:21,745,1,0
BRDA:21,745,2,0
BRDA:21,745,3,0
BRDA:21,746,0,0
BRDA:21,746,1,0
BRDA:21,747,0,0
BRDA:21,747,1,0
BRDA:21,748,0,0
BRDA:21,748,1,0
BRDA:21,749,0,0
BRDA:21,749,1,0
BRDA:21,750,0,0
BRDA:21,750,1,0
BRDA:21,751,0,0
BRDA:21,751,1,0
BRDA:21,752,0,6
BRDA:21,752,1,6
BRDA:21,753,0,0
BRDA:21,753,1,6
BRDA:21,754,0,0
BRDA:21,754,1,0
BRDA:21,755,0,6
BRDA:21,755,1,0
BRDA:21,756,0,6
BRDA:21,756,1,0
BRDA:21,757,0,6
BRDA:21,757,1,0
BRDA:21,758,0,6
BRDA:21,758,1,0
BRDA:21,759,0,6
BRDA:21,759,1,6
BRDA:21,760,0,6
BRDA:21,760,1,6
BRDA:21,761,0,0
BRDA:21,761,1,6
BRDA:21,762,0,6
BRDA:21,762,1,0
BRDA:21,763,0,0
BRDA:21,763,1,0
BRDA:21,764,0,0
BRDA:21,764,1,0
BRDA:21,765,0,0
BRDA:21,765,1,0
BRDA:21,766,0,0
BRDA:21,766,1,0
BRDA:21,767,0,0
BRDA:21,767,1,0
BRDA:21,768,0,0
BRDA:21,768,1,0
BRDA:21,769,0,0
BRDA:21,769,1,0
BRDA:21,770,0,0
BRDA:21,770,1,0
BRDA:21,771,0,0
BRDA:21,771,1,0
BRDA:21,772,0,0
BRDA:21,772,1,0
BRDA:21,773,0,0
BRDA:21,773,1,0
BRDA:21,774,0,0
BRDA:21,774,1,0
BRDA:21,775,0,0
BRDA:21,775,1,0
BRDA:21,776,0,0
BRDA:21,776,1,0
BRDA:21,777,0,0
BRDA:21,777,1,0
BRDA:21,778,0,0
BRDA:21,778,1,0
BRDA:21,779,0,0
BRDA:21,779,1,0
BRDA:21,780,0,0
BRDA:21,780,1,0
BRDA:21,781,0,0
BRDA:21,781,1,0
BRDA:21,782,0,0
BRDA:21,782,1,0
BRDA:21,783,0,0
BRDA:21,783,1,0
BRDA:21,784,0,0
BRDA:21,784,1,0
BRDA:21,785,0,0
BRDA:21,785,1,0
BRDA:21,786,0,0
BRDA:21,786,1,0
BRDA:21,787,0,0
BRDA:21,787,1,0
BRDA:21,788,0,0
BRDA:21,788,1,0
BRDA:21,789,0,0
BRDA:21,789,1,0
BRDA:21,790,0,0
BRDA:21,790,1,0
BRDA:21,791,0,0
BRDA:21,791,1,0
BRDA:21,792,0,0
BRDA:21,792,1,0
BRDA:21,793,0,0
BRDA:21,793,1,0
BRDA:21,794,0,0
BRDA:21,794,1,0
BRDA:21,795,0,0
BRDA:21,795,1,0
BRDA:21,796,0,0
BRDA:21,796,1,0
BRDA:21,797,0,0
BRDA:21,797,1,0
BRDA:21,798,0,0
BRDA:21,798,1,0
BRDA:21,799,0,0
BRDA:21,799,1,0
BRDA:21,800,0,0
BRDA:21,800,1,0
BRDA:21,801,0,0
BRDA:21,801,1,0
BRDA:21,802,0,0
BRDA:21,802,1,0
BRDA:21,803,0,0
BRDA:21,803,1,0
BRDA:21,804,0,0
BRDA:21,804,1,0
BRDA:21,805,0,0
BRDA:21,805,1,0
BRDA:21,806,0,0
BRDA:21,806,1,0
BRDA:21,807,0,0
BRDA:21,807,1,0
BRDA:21,808,0,0
BRDA:21,808,1,0
BRDA:21,808,2,0
BRDA:21,808,3,0
BRDA:21,809,0,0
BRDA:21,809,1,0
BRDA:21,810,0,0
BRDA:21,810,1,0
BRDA:21,810,2,0
BRDA:21,810,3,0
BRDA:21,810,4,0
BRDA:21,810,5,0
BRDA:21,810,6,0
BRDA:21,811,0,0
BRDA:21,811,1,0
BRDA:21,812,0,0
BRDA:21,812,1,0
BRDA:21,813,0,0
BRDA:21,813,1,0
BRDA:21,814,0,0
BRDA:21,814,1,0
BRDA:21,815,0,0
BRDA:21,815,1,0
BRDA:21,816,0,0
BRDA:21,816,1,0
BRDA:21,817,0,0
BRDA:21,817,1,0
BRDA:21,818,0,0
BRDA:21,818,1,0
BRDA:21,819,0,0
BRDA:21,819,1,0
BRDA:21,820,0,0
BRDA:21,820,1,0
BRDA:21,821,0,0
BRDA:21,821,1,0
BRDA:21,822,0,0
BRDA:21,822,1,0
BRDA:21,823,0,0
BRDA:21,823,1,0
BRDA:21,824,0,0
BRDA:21,824,1,0
BRDA:21,825,0,0
BRDA:21,825,1,0
[...]
BRDA:111,1545,0,0
BRDA:111,1545,1,0
BRDA:111,1546,0,0
BRDA:111,1546,1,0
BRDA:111,1547,0,0
BRDA:111,1547,1,0
BRDA:112,1548,0,0
BRDA:112,1548,1,0
BRDA:112,1549,0,0
BRDA:112,1549,1,0
BRDA:112,1550,0,0
BRDA:112,1550,1,0
BRDA:112,1551,0,0
BRDA:112,1551,1,0
BRDA:112,1552,0,0
BRDA:112,1552,1,0
BRDA:112,1553,0,0
BRDA:112,1553,1,0
BRDA:112,1554,0,0
BRDA:112,1554,1,0
BRDA:112,1555,0,0
BRDA:112,1555,1,0
BRDA:112,1556,0,0
BRDA:112,1556,1,0
BRDA:112,1557,0,0
BRDA:112,1557,1,0
BRDA:112,1558,0,0
BRDA:112,1558,1,0
BRDA:112,1559,0,0
BRDA:112,1559,1,0
BRDA:112,1560,0,0
BRDA:112,1560,1,0
BRDA:112,1561,0,0
BRDA:112,1561,1,0
BRDA:112,1562,0,0
BRDA:112,1562,1,0
BRDA:112,1563,0,0
BRDA:112,1563,1,0
BRDA:112,1564,0,0
BRDA:112,1564,1,0
BRDA:112,1565,0,0
BRDA:112,1565,1,0
BRDA:112,1566,0,0
BRDA:112,1566,1,0
BRDA:112,1567,0,0
BRDA:112,1567,1,0
BRDA:112,1568,0,0
BRDA:112,1568,1,0
BRDA:112,1569,0,0
BRDA:112,1569,1,0
BRDA:112,1570,0,0
BRDA:112,1570,1,0
BRDA:112,1571,0,0
BRDA:112,1571,1,0
BRDA:112,1572,0,0
BRDA:112,1572,1,0
BRDA:113,1573,0,0
BRDA:113,1573,1,0
BRDA:113,1574,0,0
BRDA:113,1574,1,0
BRDA:113,1575,0,0
BRDA:113,1575,1,0
BRDA:113,1576,0,0
BRDA:113,1576,1,0
BRDA:113,1577,0,0
BRDA:113,1577,1,0
BRDA:113,1578,0,0
BRDA:113,1578,1,0
BRDA:113,1579,0,0
BRDA:113,1579,1,0
BRDA:113,1580,0,0
BRDA:113,1580,1,0
BRDA:113,1581,0,0
BRDA:113,1581,1,0
BRDA:113,1582,0,0
BRDA:113,1582,1,0
BRDA:113,1583,0,0
BRDA:113,1583,1,0
BRDA:113,1584,0,0
BRDA:113,1584,1,0
BRDA:113,1585,0,0
BRDA:113,1585,1,0
BRDA:113,1586,0,0
BRDA:113,1586,1,0
BRDA:113,1586,2,0
BRDA:113,1587,0,0
BRDA:113,1588,0,0
BRDA:113,1588,1,0
BRDA:113,1589,0,0
BRDA:113,1589,1,0
BRDA:113,1589,2,0
BRDA:113,1590,0,0
BRDA:113,1590,1,0
BRDA:113,1591,0,0
BRDA:113,1591,1,0
BRDA:113,1592,0,0
BRDA:113,1592,1,0
BRDA:113,1592,2,0
BRDA:113,1592,3,0
BRDA:113,1593,0,0
BRDA:113,1593,1,0
BRDA:113,1594,0,0
BRDA:113,1594,1,0
BRDA:114,1595,0,0
BRDA:114,1595,1,0
BRDA:114,1596,0,0
BRDA:114,1596,1,0
BRDA:114,1597,0,0
BRDA:114,1597,1,0
BRDA:114,1598,0,0
BRDA:114,1598,1,0
BRDA:114,1599,0,0
BRDA:114,1599,1,0
BRDA:114,1600,0,0
BRDA:114,1600,1,0
BRDA:114,1601,0,0
BRDA:114,1601,1,0
BRDA:114,1602,0,0
BRDA:114,1602,1,0
BRDA:114,1603,0,0
BRDA:114,1603,1,0
BRDA:114,1604,0,0
BRDA:114,1604,1,0
BRDA:114,1605,0,0
BRDA:114,1605,1,0
BRDA:114,1606,0,0
BRDA:114,1606,1,0
BRDA:114,1607,0,0
BRDA:114,1607,1,0
BRDA:114,1608,0,0
BRDA:114,1608,1,0
BRDA:114,1609,0,0
BRDA:114,1609,1,0
BRDA:114,1610,0,0
BRDA:114,1610,1,0
BRDA:114,1611,0,0
BRDA:114,1611,1,0
BRDA:114,1612,0,0
BRDA:114,1612,1,0
BRDA:114,1613,0,0
BRDA:114,1613,1,0
BRDA:114,1614,0,0
BRDA:114,1614,1,0
BRDA:114,1615,0,0
BRDA:114,1615,1,0
BRDA:114,1616,0,0
BRDA:114,1616,1,0
BRDA:114,1617,0,0
BRDA:114,1617,1,0
BRDA:114,1618,0,0
BRDA:114,1618,1,0
BRDA:114,1618,2,0
BRDA:114,1619,0,0
BRDA:114,1619,1,0
BRDA:121,1620,0,0
BRDA:121,1620,1,0
BRDA:121,1621,0,0
BRDA:121,1621,1,0
BRDA:121,1622,0,0
BRDA:121,1622,1,0
BRDA:121,1623,0,0
BRDA:121,1623,1,0
BRDA:121,1623,2,0
BRDA:121,1623,3,0
BRDA:121,1623,4,0
BRDA:121,1623,5,0
BRDA:121,1623,6,0
BRDA:121,1624,0,0
BRDA:121,1624,1,0
BRDA:121,1625,0,0
BRDA:121,1626,0,0
BRDA:121,1626,1,0
BRDA:121,1627,0,0
BRDA:121,1627,1,0
BRDA:121,1628,0,0
BRDA:121,1628,1,0
BRDA:121,1629,0,0
BRDA:121,1629,1,0
BRDA:121,1630,0,0
BRDA:121,1630,1,0
BRDA:121,1631,0,0
BRDA:121,1631,1,0
BRDA:121,1632,0,0
BRDA:121,1633,0,0
BRDA:121,1633,1,0
BRDA:121,1634,0,0
BRDA:121,1634,1,0
BRDA:121,1635,0,0
BRDA:121,1635,1,0
BRDA:121,1636,0,0
BRDA:121,1636,1,0
BRDA:121,1637,0,0
BRDA:121,1637,1,0
BRDA:121,1638,0,0
BRDA:121,1638,1,0
BRDA:121,1638,2,0
BRDA:121,1639,0,0
BRDA:121,1639,1,0
BRDA:121,1640,0,0
BRDA:121,1640,1,0
BRDA:121,1641,0,0
BRDA:121,1641,1,0
BRDA:121,1642,0,0
BRDA:121,1642,1,0
BRDA:121,1643,0,0
BRDA:121,1643,1,0
BRDA:121,1644,0,0
BRDA:121,1644,1,0
BRDA:121,1645,0,0
BRDA:121,1645,1,0
BRDA:121,1646,0,0
BRDA:121,1646,1,0
BRDA:121,1647,0,0
BRDA:121,1647,1,0
BRDA:121,1648,0,0
BRDA:121,1648,1,0
BRDA:121,1649,0,0
BRDA:121,1649,1,0
BRDA:121,1650,0,0
BRDA:121,1650,1,0
BRDA:121,1651,0,0
BRDA:121,1651,1,0
BRDA:121,1652,0,0
BRDA:121,1652,1,0
BRDA:121,1653,0,0
BRDA:121,1653,1,0
BRDA:121,1653,2,0
BRDA:121,1653,3,0
BRDA:121,1653,4,0
BRDA:121,1653,5,0
BRDA:121,1653,6,0
BRDA:121,1653,7,0
BRDA:121,1653,8,0
BRDA:121,1653,9,0
BRDA:121,1653,10,0
BRDA:121,1653,11,0
BRDA:121,1653,12,0
BRDA:121,1654,0,0
BRDA:121,1654,1,0
BRDA:121,1655,0,0
BRDA:121,1655,1,0
BRDA:121,1656,0,0
BRDA:121,1656,1,0
BRDA:121,1657,0,0
BRDA:121,1657,1,0
BRDA:121,1658,0,0
BRDA:121,1658,1,0
BRDA:121,1659,0,0
BRDA:121,1659,1,0
BRDA:121,1660,0,0
BRDA:121,1660,1,0
BRDA:121,1661,0,0
BRDA:121,1661,1,0
BRDA:121,1662,0,0
BRDA:121,1662,1,0
BRDA:121,1663,0,0
BRDA:121,1663,1,0
BRDA:121,1664,0,0
BRDA:121,1664,1,0
BRDA:121,1665,0,0
BRDA:121,1665,1,0
BRDA:121,1666,0,0
BRDA:121,1666,1,0
BRDA:121,1667,0,0
BRDA:121,1667,1,0
BRDA:121,1668,0,0
BRDA:121,1668,1,0
BRDA:121,1669,0,0
BRDA:121,1669,1,0
BRDA:121,1670,0,0
BRDA:121,1670,1,0
BRDA:121,1671,0,0
BRDA:121,1671,1,0
BRDA:121,1672,0,0
BRDA:121,1672,1,0
BRDA:121,1673,0,0
BRDA:121,1673,1,0
BRDA:121,1674,0,0
BRDA:121,1674,1,0
BRDA:121,1675,0,0
BRDA:121,1675,1,0
BRDA:121,1676,0,0
BRDA:121,1676,1,0
BRDA:121,1677,0,0
BRDA:121,1677,1,0
BRDA:121,1678,0,0
BRDA:121,1678,1,0
BRDA:121,1679,0,0
BRDA:121,1679,1,0
BRDA:121,1680,0,0
BRDA:121,1680,1,0
BRDA:121,1681,0,0
BRDA:121,1681,1,0
BRDA:121,1682,0,0
BRDA:121,1682,1,0
BRDA:121,1683,0,0
BRDA:121,1683,1,0
BRDA:121,1683,2,0
BRDA:121,1684,0,0
BRDA:121,1684,1,0
BRDA:121,1685,0,0
BRDA:121,1685,1,0
BRDA:121,1686,0,0
BRDA:121,1686,1,0
BRDA:122,1687,0,0
BRDA:122,1687,1,0
BRDA:122,1688,0,0
BRDA:122,1688,1,0
BRDA:122,1689,0,0
BRDA:122,1689,1,0
BRDA:122,1690,0,0
BRDA:122,1690,1,0
BRDA:122,1691,0,0
BRDA:122,1691,1,0
BRDA:122,1692,0,0
BRDA:122,1692,1,0
BRDA:122,1693,0,0
BRDA:122,1693,1,0
BRDA:123,1694,0,0
BRDA:123,1694,1,0
BRDA:123,1695,0,0
BRDA:123,1695,1,0
BRDA:123,1696,0,0
BRDA:123,1696,1,0
BRDA:124,1697,0,0
BRDA:124,1697,1,0
BRDA:125,1698,0,0
BRDA:125,1698,1,0
BRDA:125,1699,0,0
BRDA:125,1699,1,0
BRDA:125,1700,0,0
BRDA:125,1700,1,0
BRDA:125,1701,0,0
BRDA:125,1701,1,0
BRDA:125,1702,0,0
BRDA:125,1702,1,0
BRDA:125,1703,0,0
BRDA:125,1703,1,0
BRDA:126,1704,0,0
BRDA:126,1704,1,0
BRDA:126,1705,0,0
BRDA:126,1705,1,0
BRDA:126,1706,0,0
BRDA:126,1706,1,0
BRDA:126,1707,0,0
BRDA:126,1707,1,0
BRDA:126,1708,0,0
BRDA:126,1708,1,0
BRDA:126,1709,0,0
BRDA:126,1709,1,0
BRDA:126,1710,0,0
BRDA:126,1710,1,0
BRDA:126,1711,0,0
BRDA:126,1711,1,0
BRDA:126,1712,0,0
BRDA:126,1712,1,0
BRDA:126,1713,0,0
BRDA:126,1713,1,0
BRDA:126,1714,0,0
BRDA:126,1714,1,0
BRDA:126,1715,0,0
BRDA:126,1715,1,0
BRDA:126,1716,0,0
BRDA:126,1716,1,0
BRDA:126,1717,0,0
BRDA:126,1717,1,0
BRDA:126,1718,0,0
BRDA:126,1718,1,0
BRDA:126,1719,0,0
BRDA:126,1719,1,0
BRDA:126,1720,0,0
BRDA:126,1720,1,0
BRDA:126,1721,0,0
BRDA:126,1721,1,0
BRDA:126,1722,0,0
BRDA:126,1722,1,0
BRDA:126,1723,0,0
BRDA:126,1723,1,0
BRDA:126,1724,0,0
BRDA:126,1724,1,0
BRDA:126,1725,0,0
BRDA:126,1725,1,0
BRDA:126,1726,0,0
BRDA:126,1726,1,0
BRDA:126,1727,0,0
BRDA:126,1727,1,0
BRDA:126,1728,0,0
BRDA:126,1728,1,0
BRDA:126,1729,0,0
BRDA:126,1729,1,0
BRDA:126,1730,0,0
BRDA:126,1730,1,0
BRDA:126,1731,0,0
BRDA:126,1731,1,0
BRDA:126,1732,0,0
BRDA:126,1732,1,0
BRDA:126,1733,0,0
BRDA:126,1733,1,0
BRDA:126,1734,0,0
BRDA:126,1734,1,0
BRDA:126,1735,0,0
BRDA:126,1735,1,0
BRDA:126,1736,0,0
BRDA:126,1736,1,0
BRDA:126,1737,0,0
BRDA:126,1737,1,0
BRDA:126,1738,0,0
BRDA:126,1738,1,0
BRDA:126,1739,0,0
BRDA:126,1739,1,0
BRDA:126,1740,0,0
BRDA:126,1740,1,0
BRDA:126,1741,0,0
BRDA:126,1741,1,0
BRDA:126,1741,2,0
BRDA:126,1741,3,0
BRDA:130,1742,0,0
BRDA:130,1742,1,0
BRDA:130,1743,0,0
BRDA:130,1743,1,0
BRDA:130,1744,0,0
BRDA:130,1744,1,0
BRDA:130,1745,0,0
BRDA:130,1745,1,0
BRDA:130,1746,0,0
BRDA:130,1746,1,0
BRDA:130,1747,0,0
BRDA:130,1747,1,0
BRDA:130,1748,0,0
BRDA:130,1748,1,0
BRDA:130,1749,0,0
BRDA:130,1749,1,0
BRDA:130,1750,0,3
BRDA:130,1750,1,3
BRDA:130,1751,0,0
BRDA:130,1751,1,0
BRDA:130,1752,0,0
BRDA:130,1752,1,0
BRDA:130,1753,0,0
BRDA:130,1753,1,0
BRDA:130,1754,0,0
BRDA:130,1754,1,0
BRDA:130,1755,0,0
BRDA:130,1755,1,0
BRDA:130,1756,0,0
BRDA:130,1756,1,0
BRDA:130,1757,0,0
BRDA:130,1757,1,0
BRDA:130,1758,0,0
BRDA:130,1758,1,0
BRDA:130,1759,0,0
BRDA:130,1759,1,0
BRDA:130,1760,0,0
BRDA:130,1760,1,0
BRDA:130,1761,0,0
BRDA:130,1761,1,0
BRDA:130,1761,2,0
BRDA:130,1762,0,0
BRDA:130,1762,1,0
BRDA:130,1763,0,0
BRDA:130,1763,1,0
BRDA:130,1764,0,0
BRDA:130,1764,1,0
BRDA:130,1765,0,0
BRDA:130,1765,1,0
BRDA:130,1766,0,0
BRDA:130,1766,1,0
BRDA:130,1767,0,0
BRDA:130,1767,1,0
BRDA:130,1768,0,0
BRDA:130,1768,1,0
BRDA:130,1769,0,0
BRDA:130,1769,1,0
BRDA:130,1770,0,0
BRDA:130,1770,1,0
BRDA:130,1771,0,0
BRDA:130,1771,1,0
BRDA:130,1772,0,0
BRDA:130,1772,1,0
BRDA:130,1773,0,0
BRDA:130,1773,1,0
BRDA:130,1774,0,0
BRDA:130,1774,1,0
BRDA:130,1775,0,0
BRDA:130,1775,1,0
BRDA:130,1776,0,0
BRDA:130,1776,1,0
BRDA:130,1777,0,0
BRDA:130,1777,1,0
BRDA:130,1778,0,0
BRDA:130,1778,1,0
BRDA:130,1779,0,0
BRDA:130,1779,1,0
BRDA:130,1780,0,0
BRDA:130,1780,1,0
BRDA:130,1781,0,0
BRDA:130,1781,1,0
BRDA:130,1782,0,0
BRDA:130,1782,1,0
BRDA:130,1783,0,0
BRDA:130,1783,1,0
BRDA:130,1784,0,0
BRDA:130,1784,1,0
BRDA:130,1785,0,0
BRDA:130,1785,1,0
BRDA:130,1786,0,0
BRDA:130,1786,1,0
BRDA:130,1787,0,0
BRDA:130,1787,1,0
BRDA:130,1788,0,0
BRDA:130,1788,1,0
BRDA:130,1789,0,0
BRDA:130,1789,1,0
BRDA:130,1790,0,0
BRDA:130,1790,1,0
BRDA:130,1791,0,0
BRDA:130,1791,1,0
BRDA:130,1792,0,0
BRDA:130,1792,1,0
BRDA:130,1793,0,0
BRDA:130,1793,1,0
BRDA:130,1794,0,0
BRDA:130,1794,1,0
BRDA:130,1795,0,0
BRDA:130,1795,1,0
BRDA:130,1796,0,0
BRDA:130,1796,1,0
BRDA:130,1797,0,0
BRDA:130,1797,1,0
BRDA:130,1798,0,0
BRDA:130,1798,1,0
BRDA:130,1799,0,0
BRDA:130,1799,1,0
BRDA:130,1800,0,0
BRDA:130,1800,1,0
BRDA:130,1801,0,0
BRDA:130,1801,1,0
BRDA:130,1802,0,0
BRDA:130,1802,1,0
BRDA:130,1803,0,0
BRDA:130,1803,1,0
BRDA:130,1804,0,0
BRDA:130,1804,1,0
BRDA:130,1805,0,0
BRDA:130,1805,1,0
BRDA:130,1806,0,0
BRDA:130,1806,1,0
BRDA:130,1806,2,0
BRDA:130,1807,0,0
BRDA:130,1807,1,0
BRDA:130,1808,0,0
BRDA:130,1808,1,0
BRDA:130,1809,0,0
BRDA:130,1809,1,0
BRDA:131,1810,0,0
BRDA:131,1810,1,0
BRDA:131,1811,0,0
BRDA:131,1811,1,0
BRDA:131,1812,0,0
BRDA:131,1812,1,0
BRDA:131,1813,0,0
BRDA:131,1813,1,0
BRDA:131,1814,0,0
BRDA:131,1814,1,0
BRDA:131,1815,0,0
BRDA:131,1815,1,0
BRDA:131,1816,0,3
BRDA:131,1816,1,0
BRF:3850
BRH:227
end_of_record
TN:
SF:src\modules\course\course.controller.ts
FN:9,(anonymous_4)
FN:13,(anonymous_5)
FN:18,(anonymous_6)
FN:23,(anonymous_7)
FN:28,(anonymous_8)
FN:33,(anonymous_9)
FNF:6
FNH:6
FNDA:49,(anonymous_4)
FNDA:18,(anonymous_5)
FNDA:6,(anonymous_6)
FNDA:7,(anonymous_7)
FNDA:11,(anonymous_8)
FNDA:5,(anonymous_9)
DA:1,1
DA:2,1
DA:3,1
DA:4,1
DA:8,1
DA:9,49
DA:13,1
DA:14,18
DA:18,1
DA:19,6
DA:23,1
DA:24,7
DA:28,1
DA:29,11
DA:33,1
DA:34,5
LF:16
LH:16
BRF:0
BRH:0
end_of_record
TN:
SF:src\modules\course\course.repository.ts
FN:7,(anonymous_2)
FN:9,(anonymous_3)
FN:15,(anonymous_4)
FN:22,(anonymous_5)
FN:32,(anonymous_6)
FN:39,(anonymous_7)
FN:46,(anonymous_8)
FN:53,(anonymous_9)
FNF:8
FNH:0
FNDA:0,(anonymous_2)
FNDA:0,(anonymous_3)
FNDA:0,(anonymous_4)
FNDA:0,(anonymous_5)
FNDA:0,(anonymous_6)
FNDA:0,(anonymous_7)
FNDA:0,(anonymous_8)
FNDA:0,(anonymous_9)
DA:1,1
DA:2,1
DA:3,1
DA:6,1
DA:7,0
DA:10,0
DA:16,0
DA:23,0
DA:33,0
DA:40,0
DA:47,0
DA:54,0
DA:55,0
DA:64,0
DA:65,0
DA:74,0
LF:16
LH:4
BRDA:54,0,0,0
BRDA:64,1,0,0
BRF:2
BRH:0
end_of_record
TN:
SF:src\modules\course\course.service.ts
FN:9,(anonymous_2)
FN:14,(anonymous_3)
FN:28,(anonymous_4)
FN:89,(anonymous_5)
FN:93,(anonymous_6)
FN:101,(anonymous_7)
FN:151,(anonymous_8)
FN:162,(anonymous_9)
FNF:8
FNH:0
FNDA:0,(anonymous_2)
FNDA:0,(anonymous_3)
FNDA:0,(anonymous_4)
FNDA:0,(anonymous_5)
FNDA:0,(anonymous_6)
FNDA:0,(anonymous_7)
FNDA:0,(anonymous_8)
FNDA:0,(anonymous_9)
DA:1,1
DA:2,1
DA:5,1
DA:8,1
DA:10,0
DA:11,0
DA:15,0
DA:30,0
DA:33,0
DA:34,0
DA:35,0
DA:39,0
DA:40,0
DA:42,0
DA:45,0
DA:50,0
DA:51,0
DA:53,0
DA:54,0
DA:55,0
DA:57,0
DA:59,0
DA:60,0
DA:62,0
DA:66,0
DA:67,0
DA:69,0
DA:70,0
DA:76,0
DA:86,0
DA:90,0
DA:94,0
DA:95,0
DA:96,0
DA:98,0
DA:102,0
DA:103,0
DA:104,0
DA:108,0
DA:109,0
DA:110,0
DA:112,0
DA:117,0
DA:118,0
DA:119,0
DA:120,0
DA:121,0
DA:123,0
DA:125,0
DA:126,0
DA:128,0
DA:131,0
DA:132,0
DA:134,0
DA:135,0
DA:139,0
DA:146,0
DA:148,0
DA:152,0
DA:153,0
DA:154,0
DA:156,0
DA:164,0
DA:165,0
DA:166,0
DA:169,0
LF:66
LH:4
BRDA:30,0,0,0
BRDA:30,0,1,0
BRDA:34,1,0,0
BRDA:39,2,0,0
BRDA:51,3,0,0
BRDA:51,4,0,0
BRDA:51,4,1,0
BRDA:53,5,0,0
BRDA:53,5,1,0
BRDA:59,6,0,0
BRDA:59,6,1,0
BRDA:66,7,0,0
BRDA:66,8,0,0
BRDA:66,8,1,0
BRDA:69,9,0,0
BRDA:69,10,0,0
BRDA:69,10,1,0
BRDA:79,11,0,0
BRDA:79,11,1,0
BRDA:80,12,0,0
BRDA:80,12,1,0
BRDA:81,13,0,0
BRDA:81,13,1,0
BRDA:83,14,0,0
BRDA:83,14,1,0
BRDA:95,15,0,0
BRDA:103,16,0,0
BRDA:108,17,0,0
BRDA:118,18,0,0
BRDA:119,19,0,0
BRDA:119,19,1,0
BRDA:125,20,0,0
BRDA:125,20,1,0
BRDA:131,21,0,0
BRDA:131,22,0,0
BRDA:131,22,1,0
BRDA:134,23,0,0
BRDA:134,24,0,0
BRDA:134,24,1,0
BRDA:141,25,0,0
BRDA:141,25,1,0
BRDA:142,26,0,0
BRDA:142,26,1,0
BRDA:153,27,0,0
BRDA:165,28,0,0
BRF:45
BRH:0
end_of_record
TN:
SF:src\modules\course\dto\course-type.enum.ts
FN:1,(anonymous_0)
FNF:1
FNH:1
FNDA:1,(anonymous_0)
DA:1,1
DA:2,1
DA:3,1
LF:3
LH:3
BRDA:1,0,0,1
BRDA:1,0,1,1
BRF:2
BRH:2
end_of_record
TN:
SF:src\modules\course\dto\create-course.dto.ts
FNF:0
FNH:0
DA:1,1
DA:2,1
DA:4,1
DA:7,1
DA:11,1
DA:15,1
DA:20,1
DA:24,1
DA:28,1
LF:9
LH:9
BRF:0
BRH:0
end_of_record
TN:
SF:src\modules\course\dto\update-course.dto.ts
FNF:0
FNH:0
DA:1,1
DA:2,1
DA:4,1
LF:3
LH:3
BRF:0
BRH:0
end_of_record
TN:
SF:src\modules\department\department.controller.ts
FN:8,(anonymous_4)
FN:11,(anonymous_5)
FN:16,(anonymous_6)
FN:21,(anonymous_7)
FN:26,(anonymous_8)
FN:31,(anonymous_9)
FNF:6
FNH:6
FNDA:18,(anonymous_4)
FNDA:3,(anonymous_5)
FNDA:3,(anonymous_6)
FNDA:3,(anonymous_7)
FNDA:3,(anonymous_8)
FNDA:3,(anonymous_9)
DA:1,1
DA:2,1
DA:3,1
DA:4,1
DA:7,1
DA:8,18
DA:11,1
DA:12,3
DA:16,1
DA:17,3
DA:21,1
DA:22,3
DA:26,1
DA:27,3
DA:31,1
DA:32,3
LF:16
LH:16
BRF:0
BRH:0
end_of_record
TN:
SF:src\modules\department\department.repository.ts
FN:7,(anonymous_2)
FN:9,(anonymous_3)
FN:15,(anonymous_4)
FN:22,(anonymous_5)
FN:29,(anonymous_6)
FN:35,(anonymous_7)
FN:42,(anonymous_8)
FNF:7
FNH:0
FNDA:0,(anonymous_2)
FNDA:0,(anonymous_3)
FNDA:0,(anonymous_4)
FNDA:0,(anonymous_5)
FNDA:0,(anonymous_6)
FNDA:0,(anonymous_7)
FNDA:0,(anonymous_8)
DA:1,2
DA:2,2
DA:6,2
DA:7,0
DA:10,0
DA:16,0
DA:23,0
DA:30,0
DA:36,0
DA:43,0
LF:10
LH:3
BRF:0
BRH:0
end_of_record
TN:
SF:src\modules\department\department.service.ts
FN:10,(anonymous_2)
FN:12,(anonymous_3)
FN:22,(anonymous_4)
FN:26,(anonymous_5)
FN:34,(anonymous_6)
FN:43,(anonymous_7)
FN:47,(anonymous_8)
FNF:7
FNH:0
FNDA:0,(anonymous_2)
FNDA:0,(anonymous_3)
FNDA:0,(anonymous_4)
FNDA:0,(anonymous_5)
FNDA:0,(anonymous_6)
FNDA:0,(anonymous_7)
FNDA:0,(anonymous_8)
DA:1,2
DA:2,2
DA:7,2
DA:10,0
DA:14,0
DA:15,0
DA:16,0
DA:19,0
DA:23,0
DA:27,0
DA:28,0
DA:29,0
DA:31,0
DA:36,0
DA:37,0
DA:38,0
DA:40,0
DA:44,0
DA:48,0
LF:19
LH:3
BRDA:15,0,0,0
BRDA:28,1,0,0
BRDA:37,2,0,0
BRF:3
BRH:0
end_of_record
TN:
SF:src\modules\department\dto\create-department.dto.ts
FNF:0
FNH:0
DA:1,1
DA:3,1
DA:6,1
DA:11,1
DA:15,1
DA:18,1
LF:6
LH:6
BRF:0
BRH:0
end_of_record
TN:
SF:src\modules\department\dto\update-department.dto.ts
FNF:0
FNH:0
DA:1,1
DA:2,1
DA:4,1
LF:3
LH:3
BRF:0
BRH:0
end_of_record
TN:
SF:src\modules\roadmap\roadmap.controller.ts
FN:25,(anonymous_4)
FN:29,(anonymous_5)
FN:34,(anonymous_6)
FN:41,(anonymous_7)
FN:47,(anonymous_8)
FN:54,(anonymous_9)
FN:59,(anonymous_10)
FNF:7
FNH:7
FNDA:30,(anonymous_4)
FNDA:3,(anonymous_5)
FNDA:4,(anonymous_6)
FNDA:4,(anonymous_7)
FNDA:5,(anonymous_8)
FNDA:4,(anonymous_9)
FNDA:4,(anonymous_10)
DA:1,1
DA:15,1
DA:16,1
DA:17,1
DA:18,1
DA:19,1
DA:20,1
DA:24,1
DA:25,30
DA:29,1
DA:30,3
DA:34,1
DA:35,4
DA:41,1
DA:42,4
DA:47,1
DA:48,5
DA:49,5
DA:50,4
DA:54,1
DA:55,4
DA:59,1
DA:60,4
LF:23
LH:23
BRDA:49,0,0,1
BRF:1
BRH:1
end_of_record
TN:
SF:src\modules\roadmap\roadmap.repository.ts
FN:11,(anonymous_2)
FN:13,(anonymous_3)
FN:14,(anonymous_4)
FN:28,(anonymous_5)
FN:49,(anonymous_6)
FN:61,(anonymous_7)
FN:68,(anonymous_8)
FN:79,(anonymous_9)
FN:86,(anonymous_10)
FN:93,(anonymous_11)
FN:120,(anonymous_12)
FN:132,(anonymous_13)
FN:133,(anonymous_14)
FN:139,(anonymous_15)
FN:153,(anonymous_16)
FN:163,(anonymous_17)
FNF:16
FNH:0
FNDA:0,(anonymous_2)
FNDA:0,(anonymous_3)
FNDA:0,(anonymous_4)
FNDA:0,(anonymous_5)
FNDA:0,(anonymous_6)
FNDA:0,(anonymous_7)
FNDA:0,(anonymous_8)
FNDA:0,(anonymous_9)
FNDA:0,(anonymous_10)
FNDA:0,(anonymous_11)
FNDA:0,(anonymous_12)
FNDA:0,(anonymous_13)
FNDA:0,(anonymous_14)
FNDA:0,(anonymous_15)
FNDA:0,(anonymous_16)
FNDA:0,(anonymous_17)
DA:1,1
DA:2,1
DA:10,1
DA:11,0
DA:14,0
DA:15,0
DA:26,0
DA:27,0
DA:28,0
DA:29,0
DA:40,0
DA:43,0
DA:47,0
DA:48,0
DA:49,0
DA:54,0
DA:57,0
DA:62,0
DA:69,0
DA:80,0
DA:87,0
DA:94,0
DA:108,0
DA:111,0
DA:121,0
DA:133,0
DA:135,0
DA:136,0
DA:138,0
DA:139,0
DA:149,0
DA:152,0
DA:153,0
DA:158,0
DA:164,0
LF:35
LH:3
BRDA:19,0,0,0
BRDA:19,0,1,0
BRDA:20,1,0,0
BRDA:20,1,1,0
BRDA:21,2,0,0
BRDA:21,2,1,0
BRDA:26,3,0,0
BRDA:26,3,1,0
BRDA:26,3,2,0
BRDA:27,4,0,0
BRDA:27,5,0,0
BRDA:27,5,1,0
BRDA:34,6,0,0
BRDA:34,6,1,0
BRDA:35,7,0,0
BRDA:35,7,1,0
BRDA:36,8,0,0
BRDA:36,8,1,0
BRDA:37,9,0,0
BRDA:37,9,1,0
BRDA:38,10,0,0
BRDA:38,10,1,0
BRDA:47,11,0,0
BRDA:47,11,1,0
BRDA:47,11,2,0
BRDA:48,12,0,0
BRDA:48,13,0,0
BRDA:48,13,1,0
BRDA:108,14,0,0
BRDA:138,15,0,0
BRDA:138,16,0,0
BRDA:138,16,1,0
BRDA:143,17,0,0
BRDA:143,17,1,0
BRDA:144,18,0,0
BRDA:144,18,1,0
BRDA:145,19,0,0
BRDA:145,19,1,0
BRDA:146,20,0,0
BRDA:146,20,1,0
BRDA:147,21,0,0
BRDA:147,21,1,0
BRDA:152,22,0,0
BRDA:152,23,0,0
BRDA:152,23,1,0
BRF:45
BRH:0
end_of_record
TN:
SF:src\modules\roadmap\roadmap.service.ts
FN:8,(anonymous_2)
FN:10,(anonymous_3)
FN:22,(anonymous_4)
FN:56,(anonymous_5)
FN:60,(anonymous_6)
FN:66,(anonymous_7)
FN:116,(anonymous_8)
FN:120,(anonymous_9)
FNF:8
FNH:0
FNDA:0,(anonymous_2)
FNDA:0,(anonymous_3)
FNDA:0,(anonymous_4)
FNDA:0,(anonymous_5)
FNDA:0,(anonymous_6)
FNDA:0,(anonymous_7)
FNDA:0,(anonymous_8)
FNDA:0,(anonymous_9)
DA:1,1
DA:2,1
DA:7,1
DA:8,0
DA:11,0
DA:23,0
DA:26,0
DA:27,0
DA:28,0
DA:32,0
DA:33,0
DA:34,0
DA:35,0
DA:37,0
DA:38,0
DA:40,0
DA:41,0
DA:45,0
DA:53,0
DA:57,0
DA:61,0
DA:62,0
DA:63,0
DA:68,0
DA:69,0
DA:72,0
DA:73,0
DA:74,0
DA:75,0
DA:78,0
DA:79,0
DA:80,0
DA:81,0
DA:82,0
DA:83,0
DA:88,0
DA:89,0
DA:92,0
DA:93,0
DA:94,0
DA:97,0
DA:104,0
DA:107,0
DA:108,0
DA:113,0
DA:117,0
DA:121,0
DA:122,0
DA:123,0
LF:49
LH:3
BRDA:23,0,0,0
BRDA:23,0,1,0
BRDA:27,1,0,0
BRDA:34,2,0,0
BRDA:34,3,0,0
BRDA:34,3,1,0
BRDA:35,4,0,0
BRDA:35,5,0,0
BRDA:35,5,1,0
BRDA:37,6,0,0
BRDA:37,7,0,0
BRDA:37,7,1,0
BRDA:40,8,0,0
BRDA:40,9,0,0
BRDA:40,9,1,0
BRDA:50,10,0,0
BRDA:50,10,1,0
BRDA:50,11,0,0
BRDA:50,11,1,0
BRDA:50,12,0,0
BRDA:50,12,1,0
BRDA:62,13,0,0
BRDA:69,14,0,0
BRDA:73,15,0,0
BRDA:74,16,0,0
BRDA:75,17,0,0
BRDA:78,18,0,0
BRDA:80,19,0,0
BRDA:82,20,0,0
BRDA:88,21,0,0
BRDA:88,21,1,0
BRDA:89,22,0,0
BRDA:89,22,1,0
BRDA:92,23,0,0
BRDA:92,24,0,0
BRDA:92,24,1,0
BRDA:93,25,0,0
BRDA:93,26,0,0
BRDA:93,26,1,0
BRDA:94,27,0,0
BRDA:94,28,0,0
BRDA:94,28,1,0
BRDA:98,29,0,0
BRDA:98,29,1,0
BRDA:98,29,2,0
BRDA:99,30,0,0
BRDA:99,30,1,0
BRDA:99,30,2,0
BRDA:107,31,0,0
BRDA:107,32,0,0
BRDA:107,32,1,0
BRDA:122,33,0,0
BRF:52
BRH:0
end_of_record
TN:
SF:src\modules\roadmap\dto\create-roadmap.dto.ts
FN:12,(anonymous_2)
FN:81,(anonymous_3)
FN:87,(anonymous_4)
FNF:3
FNH:0
FNDA:0,(anonymous_2)
FNDA:0,(anonymous_3)
FNDA:0,(anonymous_4)
DA:1,1
DA:10,1
DA:12,1
DA:15,1
DA:19,1
DA:23,1
DA:27,1
DA:31,1
DA:34,1
DA:37,1
DA:40,1
DA:43,1
DA:47,1
DA:50,1
DA:58,1
DA:61,1
DA:65,1
DA:69,1
DA:73,1
DA:76,1
DA:81,0
DA:82,1
DA:87,0
DA:88,1
LF:24
LH:22
BRF:0
BRH:0
end_of_record
TN:
SF:src\modules\roadmap\dto\update-roadmap.dto.ts
FNF:0
FNH:0
DA:1,1
DA:2,1
DA:4,1
LF:3
LH:3
BRF:0
BRH:0
end_of_record
TN:
SF:src\prisma\prisma.service.ts
FN:8,(anonymous_2)
FN:15,(anonymous_3)
FN:25,(anonymous_4)
FNF:3
FNH:0
FNDA:0,(anonymous_2)
FNDA:0,(anonymous_3)
FNDA:0,(anonymous_4)
DA:1,3
DA:2,3
DA:5,3
DA:6,0
DA:9,0
DA:16,0
DA:17,0
DA:18,0
DA:20,0
DA:21,0
DA:26,0
DA:27,0
LF:12
LH:3
BRF:0
BRH:0
end_of_record
