<?xml version="1.0" encoding="UTF-8"?>
<coverage generated="1773307815893" clover="3.2.0">
  <project timestamp="1773307815893" name="All files">
    <metrics statements="662" coveredstatements="149" conditionals="18658" coveredconditionals="242" methods="5870" coveredmethods="122" elements="25190" coveredelements="513" complexity="0" loc="662" ncloc="662" packages="17" files="41" classes="41"/>
    <package name="src">
      <metrics statements="20" coveredstatements="0" conditionals="2" coveredconditionals="0" methods="1" coveredmethods="0"/>
      <file name="app.module.ts" path="D:\TanKhanh\Lecture\2025-2026\Second Semester\Software Engineering\IUROADMAP\IUROADMAP\services\mentor-service\src\app.module.ts">
        <metrics statements="7" coveredstatements="0" conditionals="0" coveredconditionals="0" methods="0" coveredmethods="0"/>
        <line num="2" count="0" type="stmt"/>
        <line num="3" count="0" type="stmt"/>
        <line num="4" count="0" type="stmt"/>
        <line num="5" count="0" type="stmt"/>
        <line num="6" count="0" type="stmt"/>
        <line num="7" count="0" type="stmt"/>
        <line num="24" count="0" type="stmt"/>
      </file>
      <file name="main.ts" path="D:\TanKhanh\Lecture\2025-2026\Second Semester\Software Engineering\IUROADMAP\IUROADMAP\services\mentor-service\src\main.ts">
        <metrics statements="13" coveredstatements="0" conditionals="2" coveredconditionals="0" methods="1" coveredmethods="0"/>
        <line num="1" count="0" type="stmt"/>
        <line num="2" count="0" type="stmt"/>
        <line num="3" count="0" type="stmt"/>
        <line num="6" count="0" type="stmt"/>
        <line num="8" count="0" type="stmt"/>
        <line num="9" count="0" type="stmt"/>
        <line num="10" count="0" type="stmt"/>
        <line num="13" count="0" type="stmt"/>
        <line num="14" count="0" type="stmt"/>
        <line num="22" count="0" type="cond" truecount="0" falsecount="2"/>
        <line num="24" count="0" type="stmt"/>
        <line num="26" count="0" type="stmt"/>
        <line num="29" count="0" type="stmt"/>
      </file>
    </package>
    <package name="src.common.decorators">
      <metrics statements="7" coveredstatements="5" conditionals="0" coveredconditionals="0" methods="2" coveredmethods="1"/>
      <file name="roles.decorator.ts" path="D:\TanKhanh\Lecture\2025-2026\Second Semester\Software Engineering\IUROADMAP\IUROADMAP\services\mentor-service\src\common\decorators\roles.decorator.ts">
        <metrics statements="3" coveredstatements="3" conditionals="0" coveredconditionals="0" methods="1" coveredmethods="1"/>
        <line num="1" count="1" type="stmt"/>
        <line num="3" count="1" type="stmt"/>
        <line num="4" count="4" type="stmt"/>
      </file>
      <file name="user.decorator.ts" path="D:\TanKhanh\Lecture\2025-2026\Second Semester\Software Engineering\IUROADMAP\IUROADMAP\services\mentor-service\src\common\decorators\user.decorator.ts">
        <metrics statements="4" coveredstatements="2" conditionals="0" coveredconditionals="0" methods="1" coveredmethods="0"/>
        <line num="1" count="1" type="stmt"/>
        <line num="3" count="1" type="stmt"/>
        <line num="4" count="0" type="stmt"/>
        <line num="5" count="0" type="stmt"/>
      </file>
    </package>
    <package name="src.common.dto">
      <metrics statements="10" coveredstatements="0" conditionals="2" coveredconditionals="0" methods="1" coveredmethods="0"/>
      <file name="mentor-response.dto.ts" path="D:\TanKhanh\Lecture\2025-2026\Second Semester\Software Engineering\IUROADMAP\IUROADMAP\services\mentor-service\src\common\dto\mentor-response.dto.ts">
        <metrics statements="9" coveredstatements="0" conditionals="2" coveredconditionals="0" methods="1" coveredmethods="0"/>
        <line num="3" count="0" type="stmt"/>
        <line num="14" count="0" type="stmt"/>
        <line num="15" count="0" type="stmt"/>
        <line num="16" count="0" type="stmt"/>
        <line num="17" count="0" type="stmt"/>
        <line num="18" count="0" type="stmt"/>
        <line num="19" count="0" type="cond" truecount="0" falsecount="2"/>
        <line num="20" count="0" type="stmt"/>
        <line num="21" count="0" type="stmt"/>
      </file>
      <file name="paginated-response.dto.ts" path="D:\TanKhanh\Lecture\2025-2026\Second Semester\Software Engineering\IUROADMAP\IUROADMAP\services\mentor-service\src\common\dto\paginated-response.dto.ts">
        <metrics statements="1" coveredstatements="0" conditionals="0" coveredconditionals="0" methods="0" coveredmethods="0"/>
        <line num="1" count="0" type="stmt"/>
      </file>
    </package>
    <package name="src.common.enums">
      <metrics statements="4" coveredstatements="4" conditionals="2" coveredconditionals="2" methods="1" coveredmethods="1"/>
      <file name="roles.enum.ts" path="D:\TanKhanh\Lecture\2025-2026\Second Semester\Software Engineering\IUROADMAP\IUROADMAP\services\mentor-service\src\common\enums\roles.enum.ts">
        <metrics statements="4" coveredstatements="4" conditionals="2" coveredconditionals="2" methods="1" coveredmethods="1"/>
        <line num="7" count="1" type="cond" truecount="2" falsecount="0"/>
        <line num="8" count="1" type="stmt"/>
        <line num="9" count="1" type="stmt"/>
        <line num="16" count="1" type="stmt"/>
      </file>
    </package>
    <package name="src.common.guards">
      <metrics statements="38" coveredstatements="7" conditionals="17" coveredconditionals="0" methods="5" coveredmethods="0"/>
      <file name="jwt.auth.guard.ts" path="D:\TanKhanh\Lecture\2025-2026\Second Semester\Software Engineering\IUROADMAP\IUROADMAP\services\mentor-service\src\common\guards\jwt.auth.guard.ts">
        <metrics statements="18" coveredstatements="3" conditionals="7" coveredconditionals="0" methods="2" coveredmethods="0"/>
        <line num="1" count="1" type="stmt"/>
        <line num="2" count="1" type="stmt"/>
        <line num="13" count="1" type="stmt"/>
        <line num="14" count="0" type="stmt"/>
        <line num="17" count="0" type="stmt"/>
        <line num="18" count="0" type="stmt"/>
        <line num="20" count="0" type="cond" truecount="0" falsecount="1"/>
        <line num="21" count="0" type="stmt"/>
        <line num="24" count="0" type="stmt"/>
        <line num="25" count="0" type="cond" truecount="0" falsecount="1"/>
        <line num="26" count="0" type="stmt"/>
        <line num="29" count="0" type="cond" truecount="0" falsecount="1"/>
        <line num="30" count="0" type="stmt"/>
        <line num="33" count="0" type="stmt"/>
        <line num="34" count="0" type="stmt"/>
        <line num="36" count="0" type="stmt"/>
        <line num="42" count="0" type="stmt"/>
        <line num="44" count="0" type="stmt"/>
      </file>
      <file name="roles.guard.ts" path="D:\TanKhanh\Lecture\2025-2026\Second Semester\Software Engineering\IUROADMAP\IUROADMAP\services\mentor-service\src\common\guards\roles.guard.ts">
        <metrics statements="20" coveredstatements="4" conditionals="10" coveredconditionals="0" methods="3" coveredmethods="0"/>
        <line num="1" count="1" type="stmt"/>
        <line num="2" count="1" type="stmt"/>
        <line num="3" count="1" type="stmt"/>
        <line num="21" count="1" type="stmt"/>
        <line num="22" count="0" type="stmt"/>
        <line num="26" count="0" type="stmt"/>
        <line num="29" count="0" type="cond" truecount="0" falsecount="3"/>
        <line num="30" count="0" type="stmt"/>
        <line num="33" count="0" type="stmt"/>
        <line num="34" count="0" type="stmt"/>
        <line num="36" count="0" type="cond" truecount="0" falsecount="1"/>
        <line num="37" count="0" type="stmt"/>
        <line num="40" count="0" type="cond" truecount="0" falsecount="2"/>
        <line num="41" count="0" type="cond" truecount="0" falsecount="3"/>
        <line num="42" count="0" type="stmt"/>
        <line num="46" count="0" type="stmt"/>
        <line num="47" count="0" type="stmt"/>
        <line num="50" count="0" type="cond" truecount="0" falsecount="1"/>
        <line num="51" count="0" type="stmt"/>
        <line num="56" count="0" type="stmt"/>
      </file>
    </package>
    <package name="src.generated.prisma-client">
      <metrics statements="224" coveredstatements="48" conditionals="32" coveredconditionals="4" methods="30" coveredmethods="0"/>
      <file name="default.d.ts" path="D:\TanKhanh\Lecture\2025-2026\Second Semester\Software Engineering\IUROADMAP\IUROADMAP\services\mentor-service\src\generated\prisma-client\default.d.ts">
        <metrics statements="0" coveredstatements="0" conditionals="0" coveredconditionals="0" methods="0" coveredmethods="0"/>
      </file>
      <file name="default.js" path="D:\TanKhanh\Lecture\2025-2026\Second Semester\Software Engineering\IUROADMAP\IUROADMAP\services\mentor-service\src\generated\prisma-client\default.js">
        <metrics statements="1" coveredstatements="0" conditionals="0" coveredconditionals="0" methods="0" coveredmethods="0"/>
        <line num="1" count="0" type="stmt"/>
      </file>
      <file name="edge.d.ts" path="D:\TanKhanh\Lecture\2025-2026\Second Semester\Software Engineering\IUROADMAP\IUROADMAP\services\mentor-service\src\generated\prisma-client\edge.d.ts">
        <metrics statements="0" coveredstatements="0" conditionals="0" coveredconditionals="0" methods="0" coveredmethods="0"/>
      </file>
      <file name="edge.js" path="D:\TanKhanh\Lecture\2025-2026\Second Semester\Software Engineering\IUROADMAP\IUROADMAP\services\mentor-service\src\generated\prisma-client\edge.js">
        <metrics statements="42" coveredstatements="0" conditionals="20" coveredconditionals="0" methods="1" coveredmethods="0"/>
        <line num="2" count="0" type="stmt"/>
        <line num="26" count="0" type="stmt"/>
        <line num="29" count="0" type="stmt"/>
        <line num="31" count="0" type="stmt"/>
        <line num="32" count="0" type="stmt"/>
        <line num="38" count="0" type="stmt"/>
        <line num="43" count="0" type="stmt"/>
        <line num="44" count="0" type="stmt"/>
        <line num="45" count="0" type="stmt"/>
        <line num="46" count="0" type="stmt"/>
        <line num="47" count="0" type="stmt"/>
        <line num="48" count="0" type="stmt"/>
        <line num="49" count="0" type="stmt"/>
        <line num="54" count="0" type="stmt"/>
        <line num="55" count="0" type="stmt"/>
        <line num="56" count="0" type="stmt"/>
        <line num="57" count="0" type="stmt"/>
        <line num="58" count="0" type="stmt"/>
        <line num="63" count="0" type="stmt"/>
        <line num="64" count="0" type="stmt"/>
        <line num="69" count="0" type="stmt"/>
        <line num="70" count="0" type="stmt"/>
        <line num="71" count="0" type="stmt"/>
        <line num="73" count="0" type="stmt"/>
        <line num="86" count="0" type="stmt"/>
        <line num="93" count="0" type="stmt"/>
        <line num="104" count="0" type="stmt"/>
        <line num="112" count="0" type="stmt"/>
        <line num="117" count="0" type="stmt"/>
        <line num="122" count="0" type="stmt"/>
        <line num="128" count="0" type="stmt"/>
        <line num="135" count="0" type="stmt"/>
        <line num="183" count="0" type="stmt"/>
        <line num="185" count="0" type="stmt"/>
        <line num="186" count="0" type="stmt"/>
        <line num="187" count="0" type="stmt"/>
        <line num="189" count="0" type="stmt"/>
        <line num="195" count="0" type="cond" truecount="0" falsecount="8"/>
        <line num="196" count="0" type="cond" truecount="0" falsecount="6"/>
        <line num="199" count="0" type="stmt"/>
        <line num="200" count="0" type="stmt"/>
        <line num="201" count="0" type="stmt"/>
      </file>
      <file name="index-browser.js" path="D:\TanKhanh\Lecture\2025-2026\Second Semester\Software Engineering\IUROADMAP\IUROADMAP\services\mentor-service\src\generated\prisma-client\index-browser.js">
        <metrics statements="64" coveredstatements="0" conditionals="2" coveredconditionals="0" methods="14" coveredmethods="0"/>
        <line num="2" count="0" type="stmt"/>
        <line num="11" count="0" type="stmt"/>
        <line num="14" count="0" type="stmt"/>
        <line num="16" count="0" type="stmt"/>
        <line num="17" count="0" type="stmt"/>
        <line num="23" count="0" type="stmt"/>
        <line num="28" count="0" type="stmt"/>
        <line num="29" count="0" type="stmt"/>
        <line num="30" count="0" type="stmt"/>
        <line num="33" count="0" type="stmt"/>
        <line num="34" count="0" type="stmt"/>
        <line num="35" count="0" type="stmt"/>
        <line num="38" count="0" type="stmt"/>
        <line num="39" count="0" type="stmt"/>
        <line num="40" count="0" type="stmt"/>
        <line num="43" count="0" type="stmt"/>
        <line num="44" count="0" type="stmt"/>
        <line num="45" count="0" type="stmt"/>
        <line num="48" count="0" type="stmt"/>
        <line num="49" count="0" type="stmt"/>
        <line num="50" count="0" type="stmt"/>
        <line num="53" count="0" type="stmt"/>
        <line num="54" count="0" type="stmt"/>
        <line num="55" count="0" type="stmt"/>
        <line num="58" count="0" type="stmt"/>
        <line num="63" count="0" type="stmt"/>
        <line num="64" count="0" type="stmt"/>
        <line num="65" count="0" type="stmt"/>
        <line num="68" count="0" type="stmt"/>
        <line num="69" count="0" type="stmt"/>
        <line num="70" count="0" type="stmt"/>
        <line num="73" count="0" type="stmt"/>
        <line num="74" count="0" type="stmt"/>
        <line num="75" count="0" type="stmt"/>
        <line num="78" count="0" type="stmt"/>
        <line num="79" count="0" type="stmt"/>
        <line num="80" count="0" type="stmt"/>
        <line num="83" count="0" type="stmt"/>
        <line num="88" count="0" type="stmt"/>
        <line num="89" count="0" type="stmt"/>
        <line num="90" count="0" type="stmt"/>
        <line num="93" count="0" type="stmt"/>
        <line num="94" count="0" type="stmt"/>
        <line num="95" count="0" type="stmt"/>
        <line num="102" count="0" type="stmt"/>
        <line num="103" count="0" type="stmt"/>
        <line num="104" count="0" type="stmt"/>
        <line num="106" count="0" type="stmt"/>
        <line num="118" count="0" type="stmt"/>
        <line num="125" count="0" type="stmt"/>
        <line num="136" count="0" type="stmt"/>
        <line num="144" count="0" type="stmt"/>
        <line num="149" count="0" type="stmt"/>
        <line num="154" count="0" type="stmt"/>
        <line num="160" count="0" type="stmt"/>
        <line num="170" count="0" type="stmt"/>
        <line num="173" count="0" type="stmt"/>
        <line num="174" count="0" type="cond" truecount="0" falsecount="2"/>
        <line num="175" count="0" type="stmt"/>
        <line num="180" count="0" type="stmt"/>
        <line num="183" count="0" type="stmt"/>
        <line num="186" count="0" type="stmt"/>
        <line num="192" count="0" type="stmt"/>
        <line num="194" count="0" type="stmt"/>
      </file>
      <file name="index.d.ts" path="D:\TanKhanh\Lecture\2025-2026\Second Semester\Software Engineering\IUROADMAP\IUROADMAP\services\mentor-service\src\generated\prisma-client\index.d.ts">
        <metrics statements="0" coveredstatements="0" conditionals="0" coveredconditionals="0" methods="0" coveredmethods="0"/>
      </file>
      <file name="index.js" path="D:\TanKhanh\Lecture\2025-2026\Second Semester\Software Engineering\IUROADMAP\IUROADMAP\services\mentor-service\src\generated\prisma-client\index.js">
        <metrics statements="53" coveredstatements="48" conditionals="8" coveredconditionals="4" methods="1" coveredmethods="0"/>
        <line num="2" count="2" type="stmt"/>
        <line num="26" count="2" type="stmt"/>
        <line num="29" count="2" type="stmt"/>
        <line num="31" count="2" type="stmt"/>
        <line num="32" count="2" type="stmt"/>
        <line num="38" count="2" type="stmt"/>
        <line num="43" count="2" type="stmt"/>
        <line num="44" count="2" type="stmt"/>
        <line num="45" count="2" type="stmt"/>
        <line num="46" count="2" type="stmt"/>
        <line num="47" count="2" type="stmt"/>
        <line num="48" count="2" type="stmt"/>
        <line num="49" count="2" type="stmt"/>
        <line num="54" count="2" type="stmt"/>
        <line num="55" count="2" type="stmt"/>
        <line num="56" count="2" type="stmt"/>
        <line num="57" count="2" type="stmt"/>
        <line num="58" count="2" type="stmt"/>
        <line num="63" count="2" type="stmt"/>
        <line num="64" count="2" type="stmt"/>
        <line num="69" count="2" type="stmt"/>
        <line num="70" count="2" type="stmt"/>
        <line num="71" count="2" type="stmt"/>
        <line num="73" count="2" type="stmt"/>
        <line num="82" count="2" type="stmt"/>
        <line num="87" count="2" type="stmt"/>
        <line num="94" count="2" type="stmt"/>
        <line num="105" count="2" type="stmt"/>
        <line num="113" count="2" type="stmt"/>
        <line num="118" count="2" type="stmt"/>
        <line num="123" count="2" type="stmt"/>
        <line num="129" count="2" type="stmt"/>
        <line num="136" count="2" type="stmt"/>
        <line num="185" count="2" type="stmt"/>
        <line num="187" count="2" type="stmt"/>
        <line num="188" count="2" type="cond" truecount="1" falsecount="1"/>
        <line num="189" count="0" type="stmt"/>
        <line num="194" count="0" type="cond" truecount="0" falsecount="2"/>
        <line num="195" count="0" type="stmt"/>
        <line num="198" count="0" type="stmt"/>
        <line num="199" count="0" type="stmt"/>
        <line num="202" count="2" type="stmt"/>
        <line num="203" count="2" type="stmt"/>
        <line num="204" count="2" type="stmt"/>
        <line num="207" count="2" type="stmt"/>
        <line num="209" count="2" type="stmt"/>
        <line num="214" count="2" type="stmt"/>
        <line num="215" count="2" type="stmt"/>
        <line num="216" count="2" type="stmt"/>
        <line num="219" count="2" type="stmt"/>
        <line num="220" count="2" type="stmt"/>
        <line num="222" count="2" type="stmt"/>
        <line num="223" count="2" type="stmt"/>
      </file>
      <file name="wasm.d.ts" path="D:\TanKhanh\Lecture\2025-2026\Second Semester\Software Engineering\IUROADMAP\IUROADMAP\services\mentor-service\src\generated\prisma-client\wasm.d.ts">
        <metrics statements="0" coveredstatements="0" conditionals="0" coveredconditionals="0" methods="0" coveredmethods="0"/>
      </file>
      <file name="wasm.js" path="D:\TanKhanh\Lecture\2025-2026\Second Semester\Software Engineering\IUROADMAP\IUROADMAP\services\mentor-service\src\generated\prisma-client\wasm.js">
        <metrics statements="64" coveredstatements="0" conditionals="2" coveredconditionals="0" methods="14" coveredmethods="0"/>
        <line num="2" count="0" type="stmt"/>
        <line num="11" count="0" type="stmt"/>
        <line num="14" count="0" type="stmt"/>
        <line num="16" count="0" type="stmt"/>
        <line num="17" count="0" type="stmt"/>
        <line num="23" count="0" type="stmt"/>
        <line num="28" count="0" type="stmt"/>
        <line num="29" count="0" type="stmt"/>
        <line num="30" count="0" type="stmt"/>
        <line num="33" count="0" type="stmt"/>
        <line num="34" count="0" type="stmt"/>
        <line num="35" count="0" type="stmt"/>
        <line num="38" count="0" type="stmt"/>
        <line num="39" count="0" type="stmt"/>
        <line num="40" count="0" type="stmt"/>
        <line num="43" count="0" type="stmt"/>
        <line num="44" count="0" type="stmt"/>
        <line num="45" count="0" type="stmt"/>
        <line num="48" count="0" type="stmt"/>
        <line num="49" count="0" type="stmt"/>
        <line num="50" count="0" type="stmt"/>
        <line num="53" count="0" type="stmt"/>
        <line num="54" count="0" type="stmt"/>
        <line num="55" count="0" type="stmt"/>
        <line num="58" count="0" type="stmt"/>
        <line num="63" count="0" type="stmt"/>
        <line num="64" count="0" type="stmt"/>
        <line num="65" count="0" type="stmt"/>
        <line num="68" count="0" type="stmt"/>
        <line num="69" count="0" type="stmt"/>
        <line num="70" count="0" type="stmt"/>
        <line num="73" count="0" type="stmt"/>
        <line num="74" count="0" type="stmt"/>
        <line num="75" count="0" type="stmt"/>
        <line num="78" count="0" type="stmt"/>
        <line num="79" count="0" type="stmt"/>
        <line num="80" count="0" type="stmt"/>
        <line num="83" count="0" type="stmt"/>
        <line num="88" count="0" type="stmt"/>
        <line num="89" count="0" type="stmt"/>
        <line num="90" count="0" type="stmt"/>
        <line num="93" count="0" type="stmt"/>
        <line num="94" count="0" type="stmt"/>
        <line num="95" count="0" type="stmt"/>
        <line num="102" count="0" type="stmt"/>
        <line num="103" count="0" type="stmt"/>
        <line num="104" count="0" type="stmt"/>
        <line num="106" count="0" type="stmt"/>
        <line num="118" count="0" type="stmt"/>
        <line num="125" count="0" type="stmt"/>
        <line num="136" count="0" type="stmt"/>
        <line num="144" count="0" type="stmt"/>
        <line num="149" count="0" type="stmt"/>
        <line num="154" count="0" type="stmt"/>
        <line num="160" count="0" type="stmt"/>
        <line num="170" count="0" type="stmt"/>
        <line num="173" count="0" type="stmt"/>
        <line num="174" count="0" type="cond" truecount="0" falsecount="2"/>
        <line num="175" count="0" type="stmt"/>
        <line num="180" count="0" type="stmt"/>
        <line num="183" count="0" type="stmt"/>
        <line num="186" count="0" type="stmt"/>
        <line num="192" count="0" type="stmt"/>
        <line num="194" count="0" type="stmt"/>
      </file>
    </package>
    <package name="src.generated.prisma-client.runtime">
      <metrics statements="134" coveredstatements="27" conditionals="18513" coveredconditionals="227" methods="5781" coveredmethods="106"/>
      <file name="edge-esm.js" path="D:\TanKhanh\Lecture\2025-2026\Second Semester\Software Engineering\IUROADMAP\IUROADMAP\services\mentor-service\src\generated\prisma-client\runtime\edge-esm.js">
        <metrics statements="18" coveredstatements="0" conditionals="3665" coveredconditionals="0" methods="1083" coveredmethods="0"/>
        <line num="1" count="0" type="cond" truecount="0" falsecount="2178"/>
        <line num="2" count="0" type="cond" truecount="0" falsecount="41"/>
        <line num="3" count="0" type="cond" truecount="0" falsecount="75"/>
        <line num="4" count="0" type="cond" truecount="0" falsecount="136"/>
        <line num="5" count="0" type="cond" truecount="0" falsecount="308"/>
        <line num="6" count="0" type="cond" truecount="0" falsecount="194"/>
        <line num="8" count="0" type="cond" truecount="0" falsecount="38"/>
        <line num="11" count="0" type="cond" truecount="0" falsecount="88"/>
        <line num="12" count="0" type="cond" truecount="0" falsecount="149"/>
        <line num="13" count="0" type="cond" truecount="0" falsecount="49"/>
        <line num="20" count="0" type="cond" truecount="0" falsecount="150"/>
        <line num="21" count="0" type="cond" truecount="0" falsecount="14"/>
        <line num="22" count="0" type="cond" truecount="0" falsecount="6"/>
        <line num="23" count="0" type="cond" truecount="0" falsecount="2"/>
        <line num="24" count="0" type="cond" truecount="0" falsecount="12"/>
        <line num="25" count="0" type="cond" truecount="0" falsecount="78"/>
        <line num="29" count="0" type="cond" truecount="0" falsecount="135"/>
        <line num="30" count="0" type="cond" truecount="0" falsecount="12"/>
      </file>
      <file name="edge.js" path="D:\TanKhanh\Lecture\2025-2026\Second Semester\Software Engineering\IUROADMAP\IUROADMAP\services\mentor-service\src\generated\prisma-client\runtime\edge.js">
        <metrics statements="18" coveredstatements="0" conditionals="3659" coveredconditionals="0" methods="1109" coveredmethods="0"/>
        <line num="1" count="0" type="cond" truecount="0" falsecount="2170"/>
        <line num="2" count="0" type="cond" truecount="0" falsecount="41"/>
        <line num="3" count="0" type="cond" truecount="0" falsecount="75"/>
        <line num="4" count="0" type="cond" truecount="0" falsecount="136"/>
        <line num="5" count="0" type="cond" truecount="0" falsecount="308"/>
        <line num="6" count="0" type="cond" truecount="0" falsecount="194"/>
        <line num="8" count="0" type="cond" truecount="0" falsecount="38"/>
        <line num="11" count="0" type="cond" truecount="0" falsecount="88"/>
        <line num="12" count="0" type="cond" truecount="0" falsecount="149"/>
        <line num="13" count="0" type="cond" truecount="0" falsecount="49"/>
        <line num="20" count="0" type="cond" truecount="0" falsecount="150"/>
        <line num="21" count="0" type="cond" truecount="0" falsecount="14"/>
        <line num="22" count="0" type="cond" truecount="0" falsecount="6"/>
        <line num="23" count="0" type="cond" truecount="0" falsecount="2"/>
        <line num="24" count="0" type="cond" truecount="0" falsecount="12"/>
        <line num="25" count="0" type="cond" truecount="0" falsecount="78"/>
        <line num="29" count="0" type="cond" truecount="0" falsecount="135"/>
        <line num="30" count="0" type="cond" truecount="0" falsecount="14"/>
      </file>
      <file name="index-browser.d.ts" path="D:\TanKhanh\Lecture\2025-2026\Second Semester\Software Engineering\IUROADMAP\IUROADMAP\services\mentor-service\src\generated\prisma-client\runtime\index-browser.d.ts">
        <metrics statements="0" coveredstatements="0" conditionals="0" coveredconditionals="0" methods="0" coveredmethods="0"/>
      </file>
      <file name="index-browser.js" path="D:\TanKhanh\Lecture\2025-2026\Second Semester\Software Engineering\IUROADMAP\IUROADMAP\services\mentor-service\src\generated\prisma-client\runtime\index-browser.js">
        <metrics statements="1" coveredstatements="0" conditionals="1216" coveredconditionals="0" methods="152" coveredmethods="0"/>
        <line num="1" count="0" type="cond" truecount="0" falsecount="1216"/>
      </file>
      <file name="library.d.ts" path="D:\TanKhanh\Lecture\2025-2026\Second Semester\Software Engineering\IUROADMAP\IUROADMAP\services\mentor-service\src\generated\prisma-client\runtime\library.d.ts">
        <metrics statements="0" coveredstatements="0" conditionals="0" coveredconditionals="0" methods="0" coveredmethods="0"/>
      </file>
      <file name="library.js" path="D:\TanKhanh\Lecture\2025-2026\Second Semester\Software Engineering\IUROADMAP\IUROADMAP\services\mentor-service\src\generated\prisma-client\runtime\library.js">
        <metrics statements="50" coveredstatements="27" conditionals="3850" coveredconditionals="227" methods="1338" coveredmethods="106"/>
        <line num="1" count="1764" type="cond" truecount="72" falsecount="134"/>
        <line num="2" count="12" type="cond" truecount="3" falsecount="1"/>
        <line num="3" count="52" type="cond" truecount="43" falsecount="99"/>
        <line num="4" count="16" type="cond" truecount="0" falsecount="190"/>
        <line num="5" count="2" type="cond" truecount="0" falsecount="39"/>
        <line num="6" count="2" type="cond" truecount="0" falsecount="70"/>
        <line num="9" count="12" type="cond" truecount="11" falsecount="13"/>
        <line num="10" count="2" type="cond" truecount="2" falsecount="12"/>
        <line num="12" count="0" type="stmt"/>
        <line num="16" count="0" type="cond" truecount="0" falsecount="4"/>
        <line num="18" count="4" type="cond" truecount="6" falsecount="17"/>
        <line num="20" count="0" type="cond" truecount="0" falsecount="6"/>
        <line num="21" count="584" type="cond" truecount="83" falsecount="1253"/>
        <line num="22" count="0" type="stmt"/>
        <line num="23" count="0" type="stmt"/>
        <line num="24" count="0" type="stmt"/>
        <line num="25" count="2" type="cond" truecount="0" falsecount="40"/>
        <line num="26" count="2" type="cond" truecount="0" falsecount="39"/>
        <line num="27" count="2" type="cond" truecount="0" falsecount="75"/>
        <line num="28" count="6" type="cond" truecount="1" falsecount="135"/>
        <line num="29" count="2" type="cond" truecount="2" falsecount="306"/>
        <line num="30" count="2" type="stmt"/>
        <line num="31" count="2" type="cond" truecount="0" falsecount="275"/>
        <line num="33" count="2" type="cond" truecount="0" falsecount="24"/>
        <line num="35" count="0" type="stmt"/>
        <line num="36" count="0" type="stmt"/>
        <line num="37" count="0" type="stmt"/>
        <line num="42" count="0" type="stmt"/>
        <line num="43" count="0" type="cond" truecount="0" falsecount="2"/>
        <line num="45" count="0" type="stmt"/>
        <line num="52" count="0" type="stmt"/>
        <line num="57" count="0" type="stmt"/>
        <line num="64" count="2" type="cond" truecount="0" falsecount="31"/>
        <line num="65" count="0" type="stmt"/>
        <line num="66" count="2" type="cond" truecount="0" falsecount="7"/>
        <line num="69" count="0" type="stmt"/>
        <line num="101" count="0" type="stmt"/>
        <line num="110" count="2" type="cond" truecount="0" falsecount="100"/>
        <line num="111" count="2" type="cond" truecount="1" falsecount="188"/>
        <line num="112" count="0" type="cond" truecount="0" falsecount="50"/>
        <line num="113" count="0" type="cond" truecount="0" falsecount="47"/>
        <line num="114" count="2" type="cond" truecount="0" falsecount="51"/>
        <line num="121" count="2" type="cond" truecount="0" falsecount="150"/>
        <line num="122" count="2" type="cond" truecount="0" falsecount="14"/>
        <line num="123" count="0" type="cond" truecount="0" falsecount="6"/>
        <line num="124" count="0" type="cond" truecount="0" falsecount="2"/>
        <line num="125" count="0" type="cond" truecount="0" falsecount="12"/>
        <line num="126" count="0" type="cond" truecount="0" falsecount="78"/>
        <line num="130" count="2" type="cond" truecount="2" falsecount="136"/>
        <line num="131" count="2" type="cond" truecount="1" falsecount="13"/>
      </file>
      <file name="react-native.js" path="D:\TanKhanh\Lecture\2025-2026\Second Semester\Software Engineering\IUROADMAP\IUROADMAP\services\mentor-service\src\generated\prisma-client\runtime\react-native.js">
        <metrics statements="28" coveredstatements="0" conditionals="3819" coveredconditionals="0" methods="1172" coveredmethods="0"/>
        <line num="1" count="0" type="cond" truecount="0" falsecount="959"/>
        <line num="2" count="0" type="cond" truecount="0" falsecount="1348"/>
        <line num="3" count="0" type="stmt"/>
        <line num="4" count="0" type="stmt"/>
        <line num="5" count="0" type="stmt"/>
        <line num="6" count="0" type="cond" truecount="0" falsecount="40"/>
        <line num="7" count="0" type="cond" truecount="0" falsecount="39"/>
        <line num="8" count="0" type="cond" truecount="0" falsecount="75"/>
        <line num="9" count="0" type="cond" truecount="0" falsecount="136"/>
        <line num="10" count="0" type="cond" truecount="0" falsecount="308"/>
        <line num="11" count="0" type="stmt"/>
        <line num="12" count="0" type="cond" truecount="0" falsecount="275"/>
        <line num="14" count="0" type="cond" truecount="0" falsecount="26"/>
        <line num="15" count="0" type="stmt"/>
        <line num="16" count="0" type="cond" truecount="0" falsecount="7"/>
        <line num="19" count="0" type="stmt"/>
        <line num="51" count="0" type="stmt"/>
        <line num="60" count="0" type="cond" truecount="0" falsecount="99"/>
        <line num="61" count="0" type="cond" truecount="0" falsecount="47"/>
        <line num="62" count="0" type="cond" truecount="0" falsecount="47"/>
        <line num="69" count="0" type="cond" truecount="0" falsecount="150"/>
        <line num="70" count="0" type="cond" truecount="0" falsecount="14"/>
        <line num="71" count="0" type="cond" truecount="0" falsecount="6"/>
        <line num="72" count="0" type="cond" truecount="0" falsecount="2"/>
        <line num="73" count="0" type="cond" truecount="0" falsecount="12"/>
        <line num="74" count="0" type="cond" truecount="0" falsecount="78"/>
        <line num="78" count="0" type="cond" truecount="0" falsecount="135"/>
        <line num="79" count="0" type="cond" truecount="0" falsecount="14"/>
      </file>
      <file name="wasm.js" path="D:\TanKhanh\Lecture\2025-2026\Second Semester\Software Engineering\IUROADMAP\IUROADMAP\services\mentor-service\src\generated\prisma-client\runtime\wasm.js">
        <metrics statements="19" coveredstatements="0" conditionals="2304" coveredconditionals="0" methods="927" coveredmethods="0"/>
        <line num="1" count="0" type="cond" truecount="0" falsecount="918"/>
        <line num="2" count="0" type="cond" truecount="0" falsecount="41"/>
        <line num="3" count="0" type="cond" truecount="0" falsecount="75"/>
        <line num="4" count="0" type="cond" truecount="0" falsecount="136"/>
        <line num="5" count="0" type="cond" truecount="0" falsecount="308"/>
        <line num="6" count="0" type="cond" truecount="0" falsecount="194"/>
        <line num="8" count="0" type="cond" truecount="0" falsecount="38"/>
        <line num="11" count="0" type="cond" truecount="0" falsecount="87"/>
        <line num="12" count="0" type="cond" truecount="0" falsecount="45"/>
        <line num="13" count="0" type="cond" truecount="0" falsecount="4"/>
        <line num="14" count="0" type="cond" truecount="0" falsecount="47"/>
        <line num="21" count="0" type="cond" truecount="0" falsecount="150"/>
        <line num="22" count="0" type="cond" truecount="0" falsecount="14"/>
        <line num="23" count="0" type="cond" truecount="0" falsecount="6"/>
        <line num="24" count="0" type="cond" truecount="0" falsecount="2"/>
        <line num="25" count="0" type="cond" truecount="0" falsecount="12"/>
        <line num="26" count="0" type="cond" truecount="0" falsecount="78"/>
        <line num="30" count="0" type="cond" truecount="0" falsecount="135"/>
        <line num="31" count="0" type="cond" truecount="0" falsecount="14"/>
      </file>
    </package>
    <package name="src.modules.mentor-profile">
      <metrics statements="8" coveredstatements="0" conditionals="2" coveredconditionals="0" methods="0" coveredmethods="0"/>
      <file name="mentor-profile.module.ts" path="D:\TanKhanh\Lecture\2025-2026\Second Semester\Software Engineering\IUROADMAP\IUROADMAP\services\mentor-service\src\modules\mentor-profile\mentor-profile.module.ts">
        <metrics statements="8" coveredstatements="0" conditionals="2" coveredconditionals="0" methods="0" coveredmethods="0"/>
        <line num="1" count="0" type="stmt"/>
        <line num="2" count="0" type="stmt"/>
        <line num="3" count="0" type="stmt"/>
        <line num="4" count="0" type="stmt"/>
        <line num="5" count="0" type="stmt"/>
        <line num="6" count="0" type="stmt"/>
        <line num="7" count="0" type="stmt"/>
        <line num="21" count="0" type="stmt"/>
      </file>
    </package>
    <package name="src.modules.mentor-profile.controllers">
      <metrics statements="27" coveredstatements="18" conditionals="3" coveredconditionals="2" methods="7" coveredmethods="5"/>
      <file name="mentor-profile.controller.ts" path="D:\TanKhanh\Lecture\2025-2026\Second Semester\Software Engineering\IUROADMAP\IUROADMAP\services\mentor-service\src\modules\mentor-profile\controllers\mentor-profile.controller.ts">
        <metrics statements="18" coveredstatements="18" conditionals="2" coveredconditionals="2" methods="5" coveredmethods="5"/>
        <line num="1" count="1" type="stmt"/>
        <line num="14" count="1" type="stmt"/>
        <line num="15" count="1" type="stmt"/>
        <line num="16" count="1" type="stmt"/>
        <line num="17" count="1" type="stmt"/>
        <line num="18" count="1" type="stmt"/>
        <line num="19" count="1" type="stmt"/>
        <line num="20" count="1" type="stmt"/>
        <line num="35" count="1" type="stmt"/>
        <line num="36" count="14" type="stmt"/>
        <line num="42" count="1" type="cond" truecount="2" falsecount="0"/>
        <line num="43" count="3" type="stmt"/>
        <line num="49" count="1" type="stmt"/>
        <line num="50" count="3" type="stmt"/>
        <line num="58" count="1" type="stmt"/>
        <line num="62" count="4" type="stmt"/>
        <line num="69" count="1" type="stmt"/>
        <line num="70" count="6" type="stmt"/>
      </file>
      <file name="mentor-profile.internal.controller.ts" path="D:\TanKhanh\Lecture\2025-2026\Second Semester\Software Engineering\IUROADMAP\IUROADMAP\services\mentor-service\src\modules\mentor-profile\controllers\mentor-profile.internal.controller.ts">
        <metrics statements="9" coveredstatements="0" conditionals="1" coveredconditionals="0" methods="2" coveredmethods="0"/>
        <line num="1" count="0" type="stmt"/>
        <line num="2" count="0" type="stmt"/>
        <line num="6" count="0" type="stmt"/>
        <line num="7" count="0" type="stmt"/>
        <line num="11" count="0" type="stmt"/>
        <line num="16" count="0" type="cond" truecount="0" falsecount="1"/>
        <line num="17" count="0" type="stmt"/>
        <line num="20" count="0" type="stmt"/>
        <line num="23" count="0" type="stmt"/>
      </file>
    </package>
    <package name="src.modules.mentor-profile.dto">
      <metrics statements="15" coveredstatements="7" conditionals="0" coveredconditionals="0" methods="0" coveredmethods="0"/>
      <file name="create-mentor-profile.dto.ts" path="D:\TanKhanh\Lecture\2025-2026\Second Semester\Software Engineering\IUROADMAP\IUROADMAP\services\mentor-service\src\modules\mentor-profile\dto\create-mentor-profile.dto.ts">
        <metrics statements="7" coveredstatements="0" conditionals="0" coveredconditionals="0" methods="0" coveredmethods="0"/>
        <line num="1" count="0" type="stmt"/>
        <line num="6" count="0" type="stmt"/>
        <line num="8" count="0" type="stmt"/>
        <line num="11" count="0" type="stmt"/>
        <line num="14" count="0" type="stmt"/>
        <line num="17" count="0" type="stmt"/>
        <line num="20" count="0" type="stmt"/>
      </file>
      <file name="mentor-profile-response.dto.ts" path="D:\TanKhanh\Lecture\2025-2026\Second Semester\Software Engineering\IUROADMAP\IUROADMAP\services\mentor-service\src\modules\mentor-profile\dto\mentor-profile-response.dto.ts">
        <metrics statements="1" coveredstatements="0" conditionals="0" coveredconditionals="0" methods="0" coveredmethods="0"/>
        <line num="1" count="0" type="stmt"/>
      </file>
      <file name="update-mentor-profile.dto.ts" path="D:\TanKhanh\Lecture\2025-2026\Second Semester\Software Engineering\IUROADMAP\IUROADMAP\services\mentor-service\src\modules\mentor-profile\dto\update-mentor-profile.dto.ts">
        <metrics statements="7" coveredstatements="7" conditionals="0" coveredconditionals="0" methods="0" coveredmethods="0"/>
        <line num="1" count="1" type="stmt"/>
        <line num="7" count="1" type="stmt"/>
        <line num="10" count="1" type="stmt"/>
        <line num="14" count="1" type="stmt"/>
        <line num="18" count="1" type="stmt"/>
        <line num="22" count="1" type="stmt"/>
        <line num="26" count="1" type="stmt"/>
      </file>
    </package>
    <package name="src.modules.mentor-profile.repositories">
      <metrics statements="10" coveredstatements="3" conditionals="42" coveredconditionals="0" methods="7" coveredmethods="0"/>
      <file name="mentor-profile.repository.ts" path="D:\TanKhanh\Lecture\2025-2026\Second Semester\Software Engineering\IUROADMAP\IUROADMAP\services\mentor-service\src\modules\mentor-profile\repositories\mentor-profile.repository.ts">
        <metrics statements="10" coveredstatements="3" conditionals="42" coveredconditionals="0" methods="7" coveredmethods="0"/>
        <line num="1" count="2" type="stmt"/>
        <line num="2" count="2" type="stmt"/>
        <line num="13" count="2" type="stmt"/>
        <line num="14" count="0" type="stmt"/>
        <line num="17" count="0" type="stmt"/>
        <line num="23" count="0" type="stmt"/>
        <line num="36" count="0" type="stmt"/>
        <line num="50" count="0" type="stmt"/>
        <line num="72" count="0" type="stmt"/>
        <line num="76" count="0" type="stmt"/>
      </file>
    </package>
    <package name="src.modules.mentor-profile.services">
      <metrics statements="27" coveredstatements="27" conditionals="8" coveredconditionals="7" methods="9" coveredmethods="9"/>
      <file name="mentor-profile.service.ts" path="D:\TanKhanh\Lecture\2025-2026\Second Semester\Software Engineering\IUROADMAP\IUROADMAP\services\mentor-service\src\modules\mentor-profile\services\mentor-profile.service.ts">
        <metrics statements="27" coveredstatements="27" conditionals="8" coveredconditionals="7" methods="9" coveredmethods="9"/>
        <line num="1" count="2" type="stmt"/>
        <line num="2" count="2" type="stmt"/>
        <line num="16" count="2" type="stmt"/>
        <line num="17" count="20" type="stmt"/>
        <line num="20" count="4" type="stmt"/>
        <line num="21" count="4" type="cond" truecount="1" falsecount="0"/>
        <line num="22" count="2" type="stmt"/>
        <line num="24" count="2" type="stmt"/>
        <line num="28" count="4" type="stmt"/>
        <line num="29" count="4" type="cond" truecount="1" falsecount="0"/>
        <line num="30" count="2" type="stmt"/>
        <line num="33" count="2" type="stmt"/>
        <line num="34" count="2" type="stmt"/>
        <line num="38" count="4" type="stmt"/>
        <line num="39" count="4" type="cond" truecount="1" falsecount="0"/>
        <line num="40" count="2" type="stmt"/>
        <line num="43" count="2" type="stmt"/>
        <line num="44" count="2" type="stmt"/>
        <line num="48" count="2" type="stmt"/>
        <line num="49" count="2" type="stmt"/>
        <line num="53" count="3" type="stmt"/>
        <line num="54" count="3" type="cond" truecount="1" falsecount="0"/>
        <line num="55" count="2" type="stmt"/>
        <line num="57" count="1" type="stmt"/>
        <line num="61" count="3" type="stmt"/>
        <line num="62" count="3" type="stmt"/>
        <line num="66" count="11" type="stmt"/>
      </file>
    </package>
    <package name="src.modules.mentor-search">
      <metrics statements="5" coveredstatements="0" conditionals="0" coveredconditionals="0" methods="0" coveredmethods="0"/>
      <file name="mentor-search.module.ts" path="D:\TanKhanh\Lecture\2025-2026\Second Semester\Software Engineering\IUROADMAP\IUROADMAP\services\mentor-service\src\modules\mentor-search\mentor-search.module.ts">
        <metrics statements="5" coveredstatements="0" conditionals="0" coveredconditionals="0" methods="0" coveredmethods="0"/>
        <line num="1" count="0" type="stmt"/>
        <line num="2" count="0" type="stmt"/>
        <line num="3" count="0" type="stmt"/>
        <line num="4" count="0" type="stmt"/>
        <line num="12" count="0" type="stmt"/>
      </file>
    </package>
    <package name="src.modules.mentor-search.controllers">
      <metrics statements="13" coveredstatements="0" conditionals="0" coveredconditionals="0" methods="4" coveredmethods="0"/>
      <file name="mentor-search.controller.ts" path="D:\TanKhanh\Lecture\2025-2026\Second Semester\Software Engineering\IUROADMAP\IUROADMAP\services\mentor-service\src\modules\mentor-search\controllers\mentor-search.controller.ts">
        <metrics statements="13" coveredstatements="0" conditionals="0" coveredconditionals="0" methods="4" coveredmethods="0"/>
        <line num="1" count="0" type="stmt"/>
        <line num="9" count="0" type="stmt"/>
        <line num="10" count="0" type="stmt"/>
        <line num="11" count="0" type="stmt"/>
        <line num="15" count="0" type="stmt"/>
        <line num="16" count="0" type="stmt"/>
        <line num="24" count="0" type="stmt"/>
        <line num="28" count="0" type="stmt"/>
        <line num="30" count="0" type="stmt"/>
        <line num="31" count="0" type="stmt"/>
        <line num="47" count="0" type="stmt"/>
        <line num="48" count="0" type="stmt"/>
        <line num="51" count="0" type="stmt"/>
      </file>
    </package>
    <package name="src.modules.mentor-search.dto">
      <metrics statements="16" coveredstatements="0" conditionals="6" coveredconditionals="0" methods="4" coveredmethods="0"/>
      <file name="filter-mentors.dto.ts" path="D:\TanKhanh\Lecture\2025-2026\Second Semester\Software Engineering\IUROADMAP\IUROADMAP\services\mentor-service\src\modules\mentor-search\dto\filter-mentors.dto.ts">
        <metrics statements="12" coveredstatements="0" conditionals="0" coveredconditionals="0" methods="3" coveredmethods="0"/>
        <line num="1" count="0" type="stmt"/>
        <line num="2" count="0" type="stmt"/>
        <line num="4" count="0" type="stmt"/>
        <line num="11" count="0" type="stmt"/>
        <line num="19" count="0" type="stmt"/>
        <line num="27" count="0" type="stmt"/>
        <line num="34" count="0" type="stmt"/>
        <line num="38" count="0" type="stmt"/>
        <line num="45" count="0" type="stmt"/>
        <line num="48" count="0" type="stmt"/>
        <line num="56" count="0" type="stmt"/>
        <line num="64" count="0" type="stmt"/>
      </file>
      <file name="mentor-stats.dto.ts" path="D:\TanKhanh\Lecture\2025-2026\Second Semester\Software Engineering\IUROADMAP\IUROADMAP\services\mentor-service\src\modules\mentor-search\dto\mentor-stats.dto.ts">
        <metrics statements="4" coveredstatements="0" conditionals="6" coveredconditionals="0" methods="1" coveredmethods="0"/>
        <line num="1" count="0" type="stmt"/>
        <line num="15" count="0" type="cond" truecount="0" falsecount="2"/>
        <line num="16" count="0" type="cond" truecount="0" falsecount="2"/>
        <line num="17" count="0" type="cond" truecount="0" falsecount="2"/>
      </file>
    </package>
    <package name="src.modules.mentor-search.services">
      <metrics statements="89" coveredstatements="0" conditionals="29" coveredconditionals="0" methods="15" coveredmethods="0"/>
      <file name="mentor-search.service.ts" path="D:\TanKhanh\Lecture\2025-2026\Second Semester\Software Engineering\IUROADMAP\IUROADMAP\services\mentor-service\src\modules\mentor-search\services\mentor-search.service.ts">
        <metrics statements="89" coveredstatements="0" conditionals="29" coveredconditionals="0" methods="15" coveredmethods="0"/>
        <line num="1" count="0" type="stmt"/>
        <line num="2" count="0" type="stmt"/>
        <line num="17" count="0" type="stmt"/>
        <line num="18" count="0" type="stmt"/>
        <line num="20" count="0" type="stmt"/>
        <line num="26" count="0" type="stmt"/>
        <line num="28" count="0" type="cond" truecount="0" falsecount="4"/>
        <line num="30" count="0" type="stmt"/>
        <line num="32" count="0" type="stmt"/>
        <line num="35" count="0" type="cond" truecount="0" falsecount="1"/>
        <line num="36" count="0" type="stmt"/>
        <line num="55" count="0" type="stmt"/>
        <line num="58" count="0" type="stmt"/>
        <line num="67" count="0" type="stmt"/>
        <line num="69" count="0" type="stmt"/>
        <line num="79" count="0" type="stmt"/>
        <line num="80" count="0" type="stmt"/>
        <line num="89" count="0" type="stmt"/>
        <line num="91" count="0" type="stmt"/>
        <line num="92" count="0" type="cond" truecount="0" falsecount="4"/>
        <line num="95" count="0" type="stmt"/>
        <line num="102" count="0" type="cond" truecount="0" falsecount="1"/>
        <line num="103" count="0" type="stmt"/>
        <line num="109" count="0" type="cond" truecount="0" falsecount="1"/>
        <line num="110" count="0" type="stmt"/>
        <line num="126" count="0" type="stmt"/>
        <line num="128" count="0" type="stmt"/>
        <line num="137" count="0" type="stmt"/>
        <line num="139" count="0" type="stmt"/>
        <line num="149" count="0" type="stmt"/>
        <line num="150" count="0" type="stmt"/>
        <line num="159" count="0" type="stmt"/>
        <line num="161" count="0" type="stmt"/>
        <line num="162" count="0" type="cond" truecount="0" falsecount="4"/>
        <line num="165" count="0" type="stmt"/>
        <line num="173" count="0" type="cond" truecount="0" falsecount="1"/>
        <line num="174" count="0" type="stmt"/>
        <line num="175" count="0" type="stmt"/>
        <line num="180" count="0" type="cond" truecount="0" falsecount="1"/>
        <line num="181" count="0" type="stmt"/>
        <line num="197" count="0" type="stmt"/>
        <line num="199" count="0" type="stmt"/>
        <line num="208" count="0" type="stmt"/>
        <line num="210" count="0" type="stmt"/>
        <line num="220" count="0" type="stmt"/>
        <line num="221" count="0" type="stmt"/>
        <line num="229" count="0" type="stmt"/>
        <line num="231" count="0" type="stmt"/>
        <line num="233" count="0" type="stmt"/>
        <line num="236" count="0" type="stmt"/>
        <line num="244" count="0" type="stmt"/>
        <line num="249" count="0" type="stmt"/>
        <line num="250" count="0" type="stmt"/>
        <line num="251" count="0" type="cond" truecount="0" falsecount="3"/>
        <line num="252" count="0" type="stmt"/>
        <line num="253" count="0" type="cond" truecount="0" falsecount="2"/>
        <line num="259" count="0" type="stmt"/>
        <line num="260" count="0" type="stmt"/>
        <line num="262" count="0" type="stmt"/>
        <line num="267" count="0" type="stmt"/>
        <line num="269" count="0" type="stmt"/>
        <line num="277" count="0" type="stmt"/>
        <line num="278" count="0" type="stmt"/>
        <line num="280" count="0" type="stmt"/>
        <line num="281" count="0" type="stmt"/>
        <line num="290" count="0" type="stmt"/>
        <line num="292" count="0" type="stmt"/>
        <line num="293" count="0" type="cond" truecount="0" falsecount="2"/>
        <line num="295" count="0" type="stmt"/>
        <line num="318" count="0" type="cond" truecount="0" falsecount="1"/>
        <line num="319" count="0" type="stmt"/>
        <line num="325" count="0" type="stmt"/>
        <line num="327" count="0" type="stmt"/>
        <line num="333" count="0" type="stmt"/>
        <line num="335" count="0" type="stmt"/>
        <line num="345" count="0" type="stmt"/>
        <line num="346" count="0" type="stmt"/>
        <line num="354" count="0" type="stmt"/>
        <line num="356" count="0" type="stmt"/>
        <line num="357" count="0" type="cond" truecount="0" falsecount="2"/>
        <line num="360" count="0" type="stmt"/>
        <line num="369" count="0" type="stmt"/>
        <line num="370" count="0" type="stmt"/>
        <line num="373" count="0" type="stmt"/>
        <line num="374" count="0" type="stmt"/>
        <line num="376" count="0" type="stmt"/>
        <line num="378" count="0" type="stmt"/>
        <line num="388" count="0" type="stmt"/>
        <line num="389" count="0" type="stmt"/>
      </file>
    </package>
    <package name="src.prisma">
      <metrics statements="15" coveredstatements="3" conditionals="0" coveredconditionals="0" methods="3" coveredmethods="0"/>
      <file name="prisma.module.ts" path="D:\TanKhanh\Lecture\2025-2026\Second Semester\Software Engineering\IUROADMAP\IUROADMAP\services\mentor-service\src\prisma\prisma.module.ts">
        <metrics statements="3" coveredstatements="0" conditionals="0" coveredconditionals="0" methods="0" coveredmethods="0"/>
        <line num="1" count="0" type="stmt"/>
        <line num="2" count="0" type="stmt"/>
        <line num="8" count="0" type="stmt"/>
      </file>
      <file name="prisma.service.ts" path="D:\TanKhanh\Lecture\2025-2026\Second Semester\Software Engineering\IUROADMAP\IUROADMAP\services\mentor-service\src\prisma\prisma.service.ts">
        <metrics statements="12" coveredstatements="3" conditionals="0" coveredconditionals="0" methods="3" coveredmethods="0"/>
        <line num="1" count="2" type="stmt"/>
        <line num="2" count="2" type="stmt"/>
        <line num="5" count="2" type="stmt"/>
        <line num="6" count="0" type="stmt"/>
        <line num="9" count="0" type="stmt"/>
        <line num="16" count="0" type="stmt"/>
        <line num="17" count="0" type="stmt"/>
        <line num="18" count="0" type="stmt"/>
        <line num="20" count="0" type="stmt"/>
        <line num="21" count="0" type="stmt"/>
        <line num="26" count="0" type="stmt"/>
        <line num="27" count="0" type="stmt"/>
      </file>
    </package>
  </project>
</coverage>
