{"D:\\TanKhanh\\Lecture\\2025-2026\\Second Semester\\Software Engineering\\IUROADMAP\\services\\mentor-service\\src\\app.module.ts": {"path":"D:\\TanKhanh\\Lecture\\2025-2026\\Second Semester\\Software Engineering\\IUROADMAP\\services\\mentor-service\\src\\app.module.ts","statementMap":{"0":{"start":{"line":2,"column":0},"end":{"line":2,"column":40}},"1":{"start":{"line":3,"column":0},"end":{"line":3,"column":46}},"2":{"start":{"line":4,"column":0},"end":{"line":4,"column":54}},"3":{"start":{"line":5,"column":0},"end":{"line":5,"column":85}},"4":{"start":{"line":20,"column":7},"end":{"line":20,"column":null}},"5":{"start":{"line":20,"column":13},"end":{"line":20,"column":22}},"6":{"start":{"line":20,"column":13},"end":{"line":20,"column":null}}},"fnMap":{},"branchMap":{},"s":{"0":0,"1":0,"2":0,"3":0,"4":0,"5":0,"6":0},"f":{},"b":{}}
,"D:\\TanKhanh\\Lecture\\2025-2026\\Second Semester\\Software Engineering\\IUROADMAP\\services\\mentor-service\\src\\main.ts": {"path":"D:\\TanKhanh\\Lecture\\2025-2026\\Second Semester\\Software Engineering\\IUROADMAP\\services\\mentor-service\\src\\main.ts","statementMap":{"0":{"start":{"line":2,"column":0},"end":{"line":2,"column":26}},"1":{"start":{"line":3,"column":0},"end":{"line":3,"column":43}},"2":{"start":{"line":4,"column":0},"end":{"line":4,"column":41}},"3":{"start":{"line":5,"column":0},"end":{"line":5,"column":48}},"4":{"start":{"line":8,"column":14},"end":{"line":8,"column":49}},"5":{"start":{"line":9,"column":2},"end":{"line":15,"column":4}},"6":{"start":{"line":18,"column":15},"end":{"line":18,"column":39}},"7":{"start":{"line":19,"column":2},"end":{"line":19,"column":25}},"8":{"start":{"line":21,"column":2},"end":{"line":21,"column":75}},"9":{"start":{"line":23,"column":0},"end":{"line":23,"column":12}}},"fnMap":{"0":{"name":"bootstrap","decl":{"start":{"line":7,"column":15},"end":{"line":7,"column":24}},"loc":{"start":{"line":7,"column":24},"end":{"line":22,"column":1}}}},"branchMap":{"0":{"loc":{"start":{"line":18,"column":15},"end":{"line":18,"column":39}},"type":"binary-expr","locations":[{"start":{"line":18,"column":15},"end":{"line":18,"column":31}},{"start":{"line":18,"column":35},"end":{"line":18,"column":39}}]}},"s":{"0":0,"1":0,"2":0,"3":0,"4":0,"5":0,"6":0,"7":0,"8":0,"9":0},"f":{"0":0},"b":{"0":[0,0]}}
,"D:\\TanKhanh\\Lecture\\2025-2026\\Second Semester\\Software Engineering\\IUROADMAP\\services\\mentor-service\\src\\common\\decorators\\roles.decorator.ts": {"path":"D:\\TanKhanh\\Lecture\\2025-2026\\Second Semester\\Software Engineering\\IUROADMAP\\services\\mentor-service\\src\\common\\decorators\\roles.decorator.ts","statementMap":{"0":{"start":{"line":1,"column":0},"end":{"line":1,"column":45}},"1":{"start":{"line":3,"column":13},"end":{"line":3,"column":33}},"2":{"start":{"line":4,"column":21},"end":{"line":4,"column":74}},"3":{"start":{"line":4,"column":45},"end":{"line":4,"column":74}},"4":{"start":{"line":4,"column":13},"end":{"line":4,"column":21}}},"fnMap":{"0":{"name":"(anonymous_0)","decl":{"start":{"line":4,"column":21},"end":{"line":4,"column":22}},"loc":{"start":{"line":4,"column":45},"end":{"line":4,"column":74}}}},"branchMap":{},"s":{"0":1,"1":1,"2":1,"3":4,"4":1},"f":{"0":4},"b":{}}
,"D:\\TanKhanh\\Lecture\\2025-2026\\Second Semester\\Software Engineering\\IUROADMAP\\services\\mentor-service\\src\\common\\decorators\\user.decorator.ts": {"path":"D:\\TanKhanh\\Lecture\\2025-2026\\Second Semester\\Software Engineering\\IUROADMAP\\services\\mentor-service\\src\\common\\decorators\\user.decorator.ts","statementMap":{"0":{"start":{"line":1,"column":0},"end":{"line":1,"column":72}},"1":{"start":{"line":3,"column":13},"end":{"line":6,"column":3}},"2":{"start":{"line":4,"column":18},"end":{"line":4,"column":49}},"3":{"start":{"line":5,"column":2},"end":{"line":5,"column":22}}},"fnMap":{"0":{"name":"(anonymous_0)","decl":{"start":{"line":3,"column":48},"end":{"line":3,"column":49}},"loc":{"start":{"line":3,"column":89},"end":{"line":6,"column":1}}}},"branchMap":{},"s":{"0":1,"1":1,"2":0,"3":0},"f":{"0":0},"b":{}}
,"D:\\TanKhanh\\Lecture\\2025-2026\\Second Semester\\Software Engineering\\IUROADMAP\\services\\mentor-service\\src\\common\\enums\\roles.enum.ts": {"path":"D:\\TanKhanh\\Lecture\\2025-2026\\Second Semester\\Software Engineering\\IUROADMAP\\services\\mentor-service\\src\\common\\enums\\roles.enum.ts","statementMap":{"0":{"start":{"line":7,"column":0},"end":{"line":7,"column":null}},"1":{"start":{"line":8,"column":2},"end":{"line":8,"column":null}},"2":{"start":{"line":9,"column":2},"end":{"line":9,"column":null}},"3":{"start":{"line":16,"column":13},"end":{"line":19,"column":2}}},"fnMap":{"0":{"name":"(anonymous_0)","decl":{"start":{"line":7,"column":0},"end":{"line":7,"column":12}},"loc":{"start":{"line":7,"column":20},"end":{"line":10,"column":1}}}},"branchMap":{"0":{"loc":{"start":{"line":7,"column":12},"end":{"line":7,"column":null}},"type":"binary-expr","locations":[{"start":{"line":7,"column":12},"end":{"line":7,"column":20}},{"start":{"line":7,"column":20},"end":{"line":7,"column":null}}]}},"s":{"0":1,"1":1,"2":1,"3":1},"f":{"0":1},"b":{"0":[1,1]}}
,"D:\\TanKhanh\\Lecture\\2025-2026\\Second Semester\\Software Engineering\\IUROADMAP\\services\\mentor-service\\src\\common\\guards\\jwt.auth.guard.ts": {"path":"D:\\TanKhanh\\Lecture\\2025-2026\\Second Semester\\Software Engineering\\IUROADMAP\\services\\mentor-service\\src\\common\\guards\\jwt.auth.guard.ts","statementMap":{"0":{"start":{"line":1,"column":0},"end":{"line":1,"column":98}},"1":{"start":{"line":2,"column":0},"end":{"line":2,"column":41}},"2":{"start":{"line":13,"column":7},"end":{"line":47,"column":null}},"3":{"start":{"line":14,"column":22},"end":{"line":14,"column":34}},"4":{"start":{"line":17,"column":16},"end":{"line":17,"column":51}},"5":{"start":{"line":18,"column":23},"end":{"line":18,"column":51}},"6":{"start":{"line":20,"column":4},"end":{"line":22,"column":5}},"7":{"start":{"line":21,"column":6},"end":{"line":21,"column":70}},"8":{"start":{"line":24,"column":28},"end":{"line":24,"column":49}},"9":{"start":{"line":25,"column":4},"end":{"line":27,"column":5}},"10":{"start":{"line":26,"column":6},"end":{"line":26,"column":82}},"11":{"start":{"line":29,"column":4},"end":{"line":31,"column":5}},"12":{"start":{"line":30,"column":6},"end":{"line":30,"column":55}},"13":{"start":{"line":33,"column":4},"end":{"line":45,"column":5}},"14":{"start":{"line":34,"column":22},"end":{"line":34,"column":87}},"15":{"start":{"line":36,"column":6},"end":{"line":41,"column":8}},"16":{"start":{"line":42,"column":6},"end":{"line":42,"column":18}},"17":{"start":{"line":44,"column":6},"end":{"line":44,"column":71}},"18":{"start":{"line":13,"column":13},"end":{"line":13,"column":25}},"19":{"start":{"line":13,"column":13},"end":{"line":47,"column":null}}},"fnMap":{"0":{"name":"(anonymous_2)","decl":{"start":{"line":14,"column":2},"end":{"line":14,"column":22}},"loc":{"start":{"line":14,"column":44},"end":{"line":14,"column":48}}},"1":{"name":"(anonymous_3)","decl":{"start":{"line":16,"column":2},"end":{"line":16,"column":13}},"loc":{"start":{"line":16,"column":39},"end":{"line":46,"column":3}}}},"branchMap":{"0":{"loc":{"start":{"line":20,"column":4},"end":{"line":22,"column":5}},"type":"if","locations":[{"start":{"line":20,"column":4},"end":{"line":22,"column":5}}]},"1":{"loc":{"start":{"line":25,"column":4},"end":{"line":27,"column":5}},"type":"if","locations":[{"start":{"line":25,"column":4},"end":{"line":27,"column":5}}]},"2":{"loc":{"start":{"line":29,"column":4},"end":{"line":31,"column":5}},"type":"if","locations":[{"start":{"line":29,"column":4},"end":{"line":31,"column":5}}]},"3":{"loc":{"start":{"line":37,"column":16},"end":{"line":37,"column":45}},"type":"binary-expr","locations":[{"start":{"line":37,"column":16},"end":{"line":37,"column":27}},{"start":{"line":37,"column":31},"end":{"line":37,"column":45}}]},"4":{"loc":{"start":{"line":40,"column":15},"end":{"line":40,"column":46}},"type":"binary-expr","locations":[{"start":{"line":40,"column":15},"end":{"line":40,"column":28}},{"start":{"line":40,"column":32},"end":{"line":40,"column":46}}]}},"s":{"0":1,"1":1,"2":1,"3":0,"4":0,"5":0,"6":0,"7":0,"8":0,"9":0,"10":0,"11":0,"12":0,"13":0,"14":0,"15":0,"16":0,"17":0,"18":1,"19":1},"f":{"0":0,"1":0},"b":{"0":[0],"1":[0],"2":[0],"3":[0,0],"4":[0,0]}}
,"D:\\TanKhanh\\Lecture\\2025-2026\\Second Semester\\Software Engineering\\IUROADMAP\\services\\mentor-service\\src\\common\\guards\\roles.guard.ts": {"path":"D:\\TanKhanh\\Lecture\\2025-2026\\Second Semester\\Software Engineering\\IUROADMAP\\services\\mentor-service\\src\\common\\guards\\roles.guard.ts","statementMap":{"0":{"start":{"line":1,"column":0},"end":{"line":1,"column":95}},"1":{"start":{"line":2,"column":0},"end":{"line":2,"column":41}},"2":{"start":{"line":3,"column":0},"end":{"line":3,"column":58}},"3":{"start":{"line":21,"column":7},"end":{"line":58,"column":null}},"4":{"start":{"line":22,"column":22},"end":{"line":22,"column":33}},"5":{"start":{"line":26,"column":26},"end":{"line":26,"column":89}},"6":{"start":{"line":29,"column":4},"end":{"line":31,"column":5}},"7":{"start":{"line":30,"column":6},"end":{"line":30,"column":18}},"8":{"start":{"line":33,"column":16},"end":{"line":33,"column":51}},"9":{"start":{"line":34,"column":17},"end":{"line":34,"column":25}},"10":{"start":{"line":36,"column":4},"end":{"line":38,"column":5}},"11":{"start":{"line":37,"column":6},"end":{"line":37,"column":64}},"12":{"start":{"line":40,"column":22},"end":{"line":40,"column":47}},"13":{"start":{"line":41,"column":4},"end":{"line":43,"column":5}},"14":{"start":{"line":42,"column":6},"end":{"line":42,"column":65}},"15":{"start":{"line":46,"column":28},"end":{"line":47,"column":null}},"16":{"start":{"line":47,"column":6},"end":{"line":47,"column":38}},"17":{"start":{"line":50,"column":4},"end":{"line":54,"column":5}},"18":{"start":{"line":51,"column":6},"end":{"line":53,"column":8}},"19":{"start":{"line":56,"column":4},"end":{"line":56,"column":16}},"20":{"start":{"line":21,"column":13},"end":{"line":21,"column":23}},"21":{"start":{"line":21,"column":13},"end":{"line":58,"column":null}}},"fnMap":{"0":{"name":"(anonymous_2)","decl":{"start":{"line":22,"column":2},"end":{"line":22,"column":22}},"loc":{"start":{"line":22,"column":42},"end":{"line":22,"column":46}}},"1":{"name":"(anonymous_3)","decl":{"start":{"line":24,"column":4},"end":{"line":24,"column":15}},"loc":{"start":{"line":24,"column":41},"end":{"line":57,"column":3}}},"2":{"name":"(anonymous_4)","decl":{"start":{"line":46,"column":47},"end":{"line":46,"column":48}},"loc":{"start":{"line":47,"column":6},"end":{"line":47,"column":38}}}},"branchMap":{"0":{"loc":{"start":{"line":29,"column":4},"end":{"line":31,"column":5}},"type":"if","locations":[{"start":{"line":29,"column":4},"end":{"line":31,"column":5}}]},"1":{"loc":{"start":{"line":29,"column":8},"end":{"line":29,"column":52}},"type":"binary-expr","locations":[{"start":{"line":29,"column":8},"end":{"line":29,"column":22}},{"start":{"line":29,"column":26},"end":{"line":29,"column":52}}]},"2":{"loc":{"start":{"line":36,"column":4},"end":{"line":38,"column":5}},"type":"if","locations":[{"start":{"line":36,"column":4},"end":{"line":38,"column":5}}]},"3":{"loc":{"start":{"line":40,"column":22},"end":{"line":40,"column":47}},"type":"binary-expr","locations":[{"start":{"line":40,"column":22},"end":{"line":40,"column":32}},{"start":{"line":40,"column":36},"end":{"line":40,"column":47}}]},"4":{"loc":{"start":{"line":41,"column":4},"end":{"line":43,"column":5}},"type":"if","locations":[{"start":{"line":41,"column":4},"end":{"line":43,"column":5}}]},"5":{"loc":{"start":{"line":41,"column":8},"end":{"line":41,"column":44}},"type":"binary-expr","locations":[{"start":{"line":41,"column":8},"end":{"line":41,"column":18}},{"start":{"line":41,"column":22},"end":{"line":41,"column":44}}]},"6":{"loc":{"start":{"line":50,"column":4},"end":{"line":54,"column":5}},"type":"if","locations":[{"start":{"line":50,"column":4},"end":{"line":54,"column":5}}]}},"s":{"0":1,"1":1,"2":1,"3":1,"4":0,"5":0,"6":0,"7":0,"8":0,"9":0,"10":0,"11":0,"12":0,"13":0,"14":0,"15":0,"16":0,"17":0,"18":0,"19":0,"20":1,"21":1},"f":{"0":0,"1":0,"2":0},"b":{"0":[0],"1":[0,0],"2":[0],"3":[0,0],"4":[0],"5":[0,0],"6":[0]}}
,"D:\\TanKhanh\\Lecture\\2025-2026\\Second Semester\\Software Engineering\\IUROADMAP\\services\\mentor-service\\src\\modules\\mentor-profile\\mentor-profile.module.ts": {"path":"D:\\TanKhanh\\Lecture\\2025-2026\\Second Semester\\Software Engineering\\IUROADMAP\\services\\mentor-service\\src\\modules\\mentor-profile\\mentor-profile.module.ts","statementMap":{"0":{"start":{"line":1,"column":0},"end":{"line":1,"column":40}},"1":{"start":{"line":2,"column":0},"end":{"line":2,"column":40}},"2":{"start":{"line":3,"column":0},"end":{"line":3,"column":82}},"3":{"start":{"line":4,"column":0},"end":{"line":4,"column":73}},"4":{"start":{"line":5,"column":0},"end":{"line":5,"column":83}},"5":{"start":{"line":6,"column":0},"end":{"line":6,"column":58}},"6":{"start":{"line":7,"column":0},"end":{"line":7,"column":99}},"7":{"start":{"line":21,"column":7},"end":{"line":21,"column":null}},"8":{"start":{"line":21,"column":13},"end":{"line":21,"column":32}},"9":{"start":{"line":21,"column":13},"end":{"line":21,"column":null}}},"fnMap":{},"branchMap":{"0":{"loc":{"start":{"line":13,"column":14},"end":{"line":13,"column":48}},"type":"binary-expr","locations":[{"start":{"line":13,"column":14},"end":{"line":13,"column":36}},{"start":{"line":13,"column":40},"end":{"line":13,"column":48}}]}},"s":{"0":0,"1":0,"2":0,"3":0,"4":0,"5":0,"6":0,"7":0,"8":0,"9":0},"f":{},"b":{"0":[0,0]}}
,"D:\\TanKhanh\\Lecture\\2025-2026\\Second Semester\\Software Engineering\\IUROADMAP\\services\\mentor-service\\src\\modules\\mentor-profile\\controllers\\mentor-profile.controller.ts": {"path":"D:\\TanKhanh\\Lecture\\2025-2026\\Second Semester\\Software Engineering\\IUROADMAP\\services\\mentor-service\\src\\modules\\mentor-profile\\controllers\\mentor-profile.controller.ts","statementMap":{"0":{"start":{"line":1,"column":0},"end":{"line":1,"column":null}},"1":{"start":{"line":14,"column":0},"end":{"line":14,"column":74}},"2":{"start":{"line":15,"column":0},"end":{"line":15,"column":74}},"3":{"start":{"line":16,"column":0},"end":{"line":16,"column":69}},"4":{"start":{"line":17,"column":0},"end":{"line":17,"column":64}},"5":{"start":{"line":18,"column":0},"end":{"line":18,"column":72}},"6":{"start":{"line":19,"column":0},"end":{"line":19,"column":55}},"7":{"start":{"line":20,"column":0},"end":{"line":20,"column":62}},"8":{"start":{"line":35,"column":7},"end":{"line":74,"column":null}},"9":{"start":{"line":36,"column":31},"end":{"line":36,"column":40}},"10":{"start":{"line":43,"column":4},"end":{"line":43,"column":65}},"11":{"start":{"line":50,"column":4},"end":{"line":50,"column":48}},"12":{"start":{"line":62,"column":4},"end":{"line":62,"column":56}},"13":{"start":{"line":70,"column":4},"end":{"line":70,"column":53}},"14":{"start":{"line":35,"column":13},"end":{"line":35,"column":36}},"15":{"start":{"line":42,"column":8},"end":{"line":44,"column":null}},"16":{"start":{"line":49,"column":8},"end":{"line":51,"column":null}},"17":{"start":{"line":58,"column":8},"end":{"line":63,"column":null}},"18":{"start":{"line":69,"column":8},"end":{"line":71,"column":null}},"19":{"start":{"line":35,"column":13},"end":{"line":74,"column":null}}},"fnMap":{"0":{"name":"(anonymous_4)","decl":{"start":{"line":36,"column":2},"end":{"line":36,"column":31}},"loc":{"start":{"line":36,"column":60},"end":{"line":36,"column":64}}},"1":{"name":"(anonymous_5)","decl":{"start":{"line":42,"column":2},"end":{"line":42,"column":7}},"loc":{"start":{"line":42,"column":74},"end":{"line":44,"column":3}}},"2":{"name":"(anonymous_6)","decl":{"start":{"line":49,"column":2},"end":{"line":49,"column":7}},"loc":{"start":{"line":49,"column":45},"end":{"line":51,"column":3}}},"3":{"name":"(anonymous_7)","decl":{"start":{"line":58,"column":2},"end":{"line":58,"column":7}},"loc":{"start":{"line":60,"column":28},"end":{"line":63,"column":3}}},"4":{"name":"(anonymous_8)","decl":{"start":{"line":69,"column":2},"end":{"line":69,"column":7}},"loc":{"start":{"line":69,"column":49},"end":{"line":71,"column":3}}}},"branchMap":{"0":{"loc":{"start":{"line":42,"column":36},"end":{"line":42,"column":46}},"type":"default-arg","locations":[{"start":{"line":42,"column":43},"end":{"line":42,"column":46}}]},"1":{"loc":{"start":{"line":42,"column":63},"end":{"line":42,"column":74}},"type":"default-arg","locations":[{"start":{"line":42,"column":70},"end":{"line":42,"column":74}}]}},"s":{"0":1,"1":1,"2":1,"3":1,"4":1,"5":1,"6":1,"7":1,"8":1,"9":14,"10":3,"11":3,"12":4,"13":6,"14":1,"15":1,"16":1,"17":1,"18":1,"19":1},"f":{"0":14,"1":3,"2":3,"3":4,"4":6},"b":{"0":[1],"1":[1]}}
,"D:\\TanKhanh\\Lecture\\2025-2026\\Second Semester\\Software Engineering\\IUROADMAP\\services\\mentor-service\\src\\modules\\mentor-profile\\controllers\\mentor-profile.internal.controller.ts": {"path":"D:\\TanKhanh\\Lecture\\2025-2026\\Second Semester\\Software Engineering\\IUROADMAP\\services\\mentor-service\\src\\modules\\mentor-profile\\controllers\\mentor-profile.internal.controller.ts","statementMap":{"0":{"start":{"line":1,"column":0},"end":{"line":1,"column":110}},"1":{"start":{"line":2,"column":0},"end":{"line":2,"column":74}},"2":{"start":{"line":6,"column":7},"end":{"line":25,"column":null}},"3":{"start":{"line":7,"column":31},"end":{"line":7,"column":40}},"4":{"start":{"line":16,"column":4},"end":{"line":18,"column":5}},"5":{"start":{"line":17,"column":6},"end":{"line":17,"column":66}},"6":{"start":{"line":20,"column":36},"end":{"line":20,"column":40}},"7":{"start":{"line":23,"column":4},"end":{"line":23,"column":59}},"8":{"start":{"line":6,"column":13},"end":{"line":6,"column":44}},"9":{"start":{"line":11,"column":8},"end":{"line":24,"column":null}},"10":{"start":{"line":6,"column":13},"end":{"line":25,"column":null}}},"fnMap":{"0":{"name":"(anonymous_4)","decl":{"start":{"line":7,"column":2},"end":{"line":7,"column":31}},"loc":{"start":{"line":7,"column":60},"end":{"line":7,"column":64}}},"1":{"name":"(anonymous_5)","decl":{"start":{"line":11,"column":2},"end":{"line":11,"column":7}},"loc":{"start":{"line":13,"column":21},"end":{"line":24,"column":3}}}},"branchMap":{"0":{"loc":{"start":{"line":16,"column":4},"end":{"line":18,"column":5}},"type":"if","locations":[{"start":{"line":16,"column":4},"end":{"line":18,"column":5}}]}},"s":{"0":0,"1":0,"2":0,"3":0,"4":0,"5":0,"6":0,"7":0,"8":0,"9":0,"10":0},"f":{"0":0,"1":0},"b":{"0":[0]}}
,"D:\\TanKhanh\\Lecture\\2025-2026\\Second Semester\\Software Engineering\\IUROADMAP\\services\\mentor-service\\src\\modules\\mentor-profile\\dto\\create-mentor-profile.dto.ts": {"path":"D:\\TanKhanh\\Lecture\\2025-2026\\Second Semester\\Software Engineering\\IUROADMAP\\services\\mentor-service\\src\\modules\\mentor-profile\\dto\\create-mentor-profile.dto.ts","statementMap":{"0":{"start":{"line":1,"column":0},"end":{"line":1,"column":53}},"1":{"start":{"line":6,"column":0},"end":{"line":6,"column":13}},"2":{"start":{"line":8,"column":2},"end":{"line":8,"column":null}},"3":{"start":{"line":11,"column":2},"end":{"line":11,"column":null}},"4":{"start":{"line":14,"column":2},"end":{"line":14,"column":null}},"5":{"start":{"line":17,"column":2},"end":{"line":17,"column":null}},"6":{"start":{"line":20,"column":2},"end":{"line":20,"column":null}}},"fnMap":{},"branchMap":{},"s":{"0":0,"1":0,"2":0,"3":0,"4":0,"5":0,"6":0},"f":{},"b":{}}
,"D:\\TanKhanh\\Lecture\\2025-2026\\Second Semester\\Software Engineering\\IUROADMAP\\services\\mentor-service\\src\\modules\\mentor-profile\\dto\\mentor-profile-response.dto.ts": {"path":"D:\\TanKhanh\\Lecture\\2025-2026\\Second Semester\\Software Engineering\\IUROADMAP\\services\\mentor-service\\src\\modules\\mentor-profile\\dto\\mentor-profile-response.dto.ts","statementMap":{"0":{"start":{"line":1,"column":0},"end":{"line":1,"column":13}}},"fnMap":{},"branchMap":{},"s":{"0":0},"f":{},"b":{}}
,"D:\\TanKhanh\\Lecture\\2025-2026\\Second Semester\\Software Engineering\\IUROADMAP\\services\\mentor-service\\src\\modules\\mentor-profile\\dto\\update-mentor-profile.dto.ts": {"path":"D:\\TanKhanh\\Lecture\\2025-2026\\Second Semester\\Software Engineering\\IUROADMAP\\services\\mentor-service\\src\\modules\\mentor-profile\\dto\\update-mentor-profile.dto.ts","statementMap":{"0":{"start":{"line":1,"column":0},"end":{"line":1,"column":71}},"1":{"start":{"line":7,"column":0},"end":{"line":7,"column":13}},"2":{"start":{"line":10,"column":2},"end":{"line":10,"column":null}},"3":{"start":{"line":14,"column":2},"end":{"line":14,"column":null}},"4":{"start":{"line":18,"column":2},"end":{"line":18,"column":null}},"5":{"start":{"line":22,"column":2},"end":{"line":22,"column":null}},"6":{"start":{"line":26,"column":2},"end":{"line":26,"column":null}}},"fnMap":{},"branchMap":{},"s":{"0":1,"1":1,"2":1,"3":1,"4":1,"5":1,"6":1},"f":{},"b":{}}
,"D:\\TanKhanh\\Lecture\\2025-2026\\Second Semester\\Software Engineering\\IUROADMAP\\services\\mentor-service\\src\\modules\\mentor-profile\\repositories\\mentor-profile.repository.ts": {"path":"D:\\TanKhanh\\Lecture\\2025-2026\\Second Semester\\Software Engineering\\IUROADMAP\\services\\mentor-service\\src\\modules\\mentor-profile\\repositories\\mentor-profile.repository.ts","statementMap":{"0":{"start":{"line":1,"column":0},"end":{"line":1,"column":63}},"1":{"start":{"line":2,"column":0},"end":{"line":2,"column":63}},"2":{"start":{"line":13,"column":7},"end":{"line":82,"column":null}},"3":{"start":{"line":14,"column":22},"end":{"line":14,"column":30}},"4":{"start":{"line":17,"column":4},"end":{"line":19,"column":7}},"5":{"start":{"line":23,"column":4},"end":{"line":32,"column":7}},"6":{"start":{"line":36,"column":4},"end":{"line":46,"column":7}},"7":{"start":{"line":50,"column":4},"end":{"line":68,"column":7}},"8":{"start":{"line":72,"column":4},"end":{"line":72,"column":67}},"9":{"start":{"line":76,"column":4},"end":{"line":80,"column":7}},"10":{"start":{"line":13,"column":13},"end":{"line":13,"column":36}},"11":{"start":{"line":13,"column":13},"end":{"line":82,"column":null}}},"fnMap":{"0":{"name":"(anonymous_2)","decl":{"start":{"line":14,"column":2},"end":{"line":14,"column":22}},"loc":{"start":{"line":14,"column":43},"end":{"line":14,"column":47}}},"1":{"name":"(anonymous_3)","decl":{"start":{"line":16,"column":2},"end":{"line":16,"column":7}},"loc":{"start":{"line":16,"column":35},"end":{"line":20,"column":3}}},"2":{"name":"(anonymous_4)","decl":{"start":{"line":22,"column":2},"end":{"line":22,"column":7}},"loc":{"start":{"line":22,"column":59},"end":{"line":33,"column":3}}},"3":{"name":"(anonymous_5)","decl":{"start":{"line":35,"column":2},"end":{"line":35,"column":7}},"loc":{"start":{"line":35,"column":59},"end":{"line":47,"column":3}}},"4":{"name":"(anonymous_6)","decl":{"start":{"line":49,"column":2},"end":{"line":49,"column":7}},"loc":{"start":{"line":49,"column":59},"end":{"line":69,"column":3}}},"5":{"name":"(anonymous_7)","decl":{"start":{"line":71,"column":2},"end":{"line":71,"column":7}},"loc":{"start":{"line":71,"column":29},"end":{"line":73,"column":3}}},"6":{"name":"(anonymous_8)","decl":{"start":{"line":75,"column":2},"end":{"line":75,"column":7}},"loc":{"start":{"line":75,"column":49},"end":{"line":81,"column":3}}}},"branchMap":{"0":{"loc":{"start":{"line":26,"column":13},"end":{"line":26,"column":49}},"type":"cond-expr","locations":[{"start":{"line":26,"column":24},"end":{"line":26,"column":42}},{"start":{"line":26,"column":45},"end":{"line":26,"column":49}}]},"1":{"loc":{"start":{"line":27,"column":15},"end":{"line":27,"column":33}},"type":"binary-expr","locations":[{"start":{"line":27,"column":15},"end":{"line":27,"column":25}},{"start":{"line":27,"column":29},"end":{"line":27,"column":33}}]},"2":{"loc":{"start":{"line":28,"column":21},"end":{"line":28,"column":45}},"type":"binary-expr","locations":[{"start":{"line":28,"column":21},"end":{"line":28,"column":37}},{"start":{"line":28,"column":41},"end":{"line":28,"column":45}}]},"3":{"loc":{"start":{"line":29,"column":18},"end":{"line":29,"column":39}},"type":"binary-expr","locations":[{"start":{"line":29,"column":18},"end":{"line":29,"column":31}},{"start":{"line":29,"column":35},"end":{"line":29,"column":39}}]},"4":{"loc":{"start":{"line":30,"column":16},"end":{"line":30,"column":33}},"type":"binary-expr","locations":[{"start":{"line":30,"column":16},"end":{"line":30,"column":27}},{"start":{"line":30,"column":31},"end":{"line":30,"column":33}}]},"5":{"loc":{"start":{"line":39,"column":12},"end":{"line":39,"column":65}},"type":"binary-expr","locations":[{"start":{"line":39,"column":12},"end":{"line":39,"column":34}},{"start":{"line":39,"column":38},"end":{"line":39,"column":65}}]},"6":{"loc":{"start":{"line":40,"column":12},"end":{"line":40,"column":61}},"type":"binary-expr","locations":[{"start":{"line":40,"column":12},"end":{"line":40,"column":36}},{"start":{"line":40,"column":40},"end":{"line":40,"column":61}}]},"7":{"loc":{"start":{"line":41,"column":12},"end":{"line":41,"column":79}},"type":"binary-expr","locations":[{"start":{"line":41,"column":12},"end":{"line":41,"column":42}},{"start":{"line":41,"column":46},"end":{"line":41,"column":79}}]},"8":{"loc":{"start":{"line":42,"column":12},"end":{"line":42,"column":70}},"type":"binary-expr","locations":[{"start":{"line":42,"column":12},"end":{"line":42,"column":39}},{"start":{"line":42,"column":43},"end":{"line":42,"column":70}}]},"9":{"loc":{"start":{"line":43,"column":12},"end":{"line":43,"column":64}},"type":"binary-expr","locations":[{"start":{"line":43,"column":12},"end":{"line":43,"column":37}},{"start":{"line":43,"column":41},"end":{"line":43,"column":64}}]},"10":{"loc":{"start":{"line":54,"column":13},"end":{"line":54,"column":49}},"type":"cond-expr","locations":[{"start":{"line":54,"column":24},"end":{"line":54,"column":42}},{"start":{"line":54,"column":45},"end":{"line":54,"column":49}}]},"11":{"loc":{"start":{"line":55,"column":15},"end":{"line":55,"column":33}},"type":"binary-expr","locations":[{"start":{"line":55,"column":15},"end":{"line":55,"column":25}},{"start":{"line":55,"column":29},"end":{"line":55,"column":33}}]},"12":{"loc":{"start":{"line":56,"column":21},"end":{"line":56,"column":45}},"type":"binary-expr","locations":[{"start":{"line":56,"column":21},"end":{"line":56,"column":37}},{"start":{"line":56,"column":41},"end":{"line":56,"column":45}}]},"13":{"loc":{"start":{"line":57,"column":18},"end":{"line":57,"column":39}},"type":"binary-expr","locations":[{"start":{"line":57,"column":18},"end":{"line":57,"column":31}},{"start":{"line":57,"column":35},"end":{"line":57,"column":39}}]},"14":{"loc":{"start":{"line":58,"column":16},"end":{"line":58,"column":33}},"type":"binary-expr","locations":[{"start":{"line":58,"column":16},"end":{"line":58,"column":27}},{"start":{"line":58,"column":31},"end":{"line":58,"column":33}}]},"15":{"loc":{"start":{"line":61,"column":12},"end":{"line":61,"column":65}},"type":"binary-expr","locations":[{"start":{"line":61,"column":12},"end":{"line":61,"column":34}},{"start":{"line":61,"column":38},"end":{"line":61,"column":65}}]},"16":{"loc":{"start":{"line":62,"column":12},"end":{"line":62,"column":61}},"type":"binary-expr","locations":[{"start":{"line":62,"column":12},"end":{"line":62,"column":36}},{"start":{"line":62,"column":40},"end":{"line":62,"column":61}}]},"17":{"loc":{"start":{"line":63,"column":12},"end":{"line":63,"column":79}},"type":"binary-expr","locations":[{"start":{"line":63,"column":12},"end":{"line":63,"column":42}},{"start":{"line":63,"column":46},"end":{"line":63,"column":79}}]},"18":{"loc":{"start":{"line":64,"column":12},"end":{"line":64,"column":70}},"type":"binary-expr","locations":[{"start":{"line":64,"column":12},"end":{"line":64,"column":39}},{"start":{"line":64,"column":43},"end":{"line":64,"column":70}}]},"19":{"loc":{"start":{"line":65,"column":12},"end":{"line":65,"column":64}},"type":"binary-expr","locations":[{"start":{"line":65,"column":12},"end":{"line":65,"column":37}},{"start":{"line":65,"column":41},"end":{"line":65,"column":64}}]},"20":{"loc":{"start":{"line":75,"column":17},"end":{"line":75,"column":25}},"type":"default-arg","locations":[{"start":{"line":75,"column":24},"end":{"line":75,"column":25}}]},"21":{"loc":{"start":{"line":75,"column":27},"end":{"line":75,"column":36}},"type":"default-arg","locations":[{"start":{"line":75,"column":34},"end":{"line":75,"column":36}}]}},"s":{"0":2,"1":2,"2":2,"3":0,"4":0,"5":0,"6":0,"7":0,"8":0,"9":0,"10":2,"11":2},"f":{"0":0,"1":0,"2":0,"3":0,"4":0,"5":0,"6":0},"b":{"0":[0,0],"1":[0,0],"2":[0,0],"3":[0,0],"4":[0,0],"5":[0,0],"6":[0,0],"7":[0,0],"8":[0,0],"9":[0,0],"10":[0,0],"11":[0,0],"12":[0,0],"13":[0,0],"14":[0,0],"15":[0,0],"16":[0,0],"17":[0,0],"18":[0,0],"19":[0,0],"20":[0],"21":[0]}}
,"D:\\TanKhanh\\Lecture\\2025-2026\\Second Semester\\Software Engineering\\IUROADMAP\\services\\mentor-service\\src\\modules\\mentor-profile\\services\\mentor-profile.service.ts": {"path":"D:\\TanKhanh\\Lecture\\2025-2026\\Second Semester\\Software Engineering\\IUROADMAP\\services\\mentor-service\\src\\modules\\mentor-profile\\services\\mentor-profile.service.ts","statementMap":{"0":{"start":{"line":1,"column":0},"end":{"line":1,"column":84}},"1":{"start":{"line":2,"column":0},"end":{"line":2,"column":84}},"2":{"start":{"line":16,"column":7},"end":{"line":77,"column":null}},"3":{"start":{"line":17,"column":31},"end":{"line":17,"column":43}},"4":{"start":{"line":20,"column":20},"end":{"line":20,"column":62}},"5":{"start":{"line":21,"column":4},"end":{"line":23,"column":5}},"6":{"start":{"line":22,"column":6},"end":{"line":22,"column":81}},"7":{"start":{"line":24,"column":4},"end":{"line":24,"column":42}},"8":{"start":{"line":28,"column":21},"end":{"line":28,"column":63}},"9":{"start":{"line":29,"column":4},"end":{"line":31,"column":5}},"10":{"start":{"line":30,"column":6},"end":{"line":30,"column":83}},"11":{"start":{"line":33,"column":20},"end":{"line":33,"column":61}},"12":{"start":{"line":34,"column":4},"end":{"line":34,"column":42}},"13":{"start":{"line":38,"column":21},"end":{"line":38,"column":63}},"14":{"start":{"line":39,"column":4},"end":{"line":41,"column":5}},"15":{"start":{"line":40,"column":6},"end":{"line":40,"column":81}},"16":{"start":{"line":43,"column":20},"end":{"line":43,"column":61}},"17":{"start":{"line":44,"column":4},"end":{"line":44,"column":42}},"18":{"start":{"line":48,"column":21},"end":{"line":48,"column":62}},"19":{"start":{"line":49,"column":4},"end":{"line":49,"column":43}},"20":{"start":{"line":53,"column":21},"end":{"line":53,"column":63}},"21":{"start":{"line":54,"column":4},"end":{"line":56,"column":5}},"22":{"start":{"line":55,"column":6},"end":{"line":55,"column":81}},"23":{"start":{"line":57,"column":4},"end":{"line":57,"column":41}},"24":{"start":{"line":61,"column":21},"end":{"line":61,"column":63}},"25":{"start":{"line":62,"column":4},"end":{"line":62,"column":57}},"26":{"start":{"line":62,"column":31},"end":{"line":62,"column":55}},"27":{"start":{"line":66,"column":4},"end":{"line":75,"column":6}},"28":{"start":{"line":16,"column":13},"end":{"line":16,"column":33}},"29":{"start":{"line":16,"column":13},"end":{"line":77,"column":null}}},"fnMap":{"0":{"name":"(anonymous_2)","decl":{"start":{"line":17,"column":2},"end":{"line":17,"column":31}},"loc":{"start":{"line":17,"column":66},"end":{"line":17,"column":70}}},"1":{"name":"(anonymous_3)","decl":{"start":{"line":19,"column":2},"end":{"line":19,"column":7}},"loc":{"start":{"line":19,"column":33},"end":{"line":25,"column":3}}},"2":{"name":"(anonymous_4)","decl":{"start":{"line":27,"column":2},"end":{"line":27,"column":7}},"loc":{"start":{"line":27,"column":65},"end":{"line":35,"column":3}}},"3":{"name":"(anonymous_5)","decl":{"start":{"line":37,"column":2},"end":{"line":37,"column":7}},"loc":{"start":{"line":37,"column":65},"end":{"line":45,"column":3}}},"4":{"name":"(anonymous_6)","decl":{"start":{"line":47,"column":2},"end":{"line":47,"column":7}},"loc":{"start":{"line":47,"column":65},"end":{"line":50,"column":3}}},"5":{"name":"(anonymous_7)","decl":{"start":{"line":52,"column":2},"end":{"line":52,"column":7}},"loc":{"start":{"line":52,"column":36},"end":{"line":58,"column":3}}},"6":{"name":"(anonymous_8)","decl":{"start":{"line":60,"column":2},"end":{"line":60,"column":7}},"loc":{"start":{"line":60,"column":40},"end":{"line":63,"column":3}}},"7":{"name":"(anonymous_9)","decl":{"start":{"line":62,"column":24},"end":{"line":62,"column":25}},"loc":{"start":{"line":62,"column":31},"end":{"line":62,"column":55}}},"8":{"name":"(anonymous_10)","decl":{"start":{"line":65,"column":10},"end":{"line":65,"column":26}},"loc":{"start":{"line":65,"column":39},"end":{"line":76,"column":3}}}},"branchMap":{"0":{"loc":{"start":{"line":21,"column":4},"end":{"line":23,"column":5}},"type":"if","locations":[{"start":{"line":21,"column":4},"end":{"line":23,"column":5}}]},"1":{"loc":{"start":{"line":29,"column":4},"end":{"line":31,"column":5}},"type":"if","locations":[{"start":{"line":29,"column":4},"end":{"line":31,"column":5}}]},"2":{"loc":{"start":{"line":39,"column":4},"end":{"line":41,"column":5}},"type":"if","locations":[{"start":{"line":39,"column":4},"end":{"line":41,"column":5}}]},"3":{"loc":{"start":{"line":54,"column":4},"end":{"line":56,"column":5}},"type":"if","locations":[{"start":{"line":54,"column":4},"end":{"line":56,"column":5}}]},"4":{"loc":{"start":{"line":60,"column":21},"end":{"line":60,"column":29}},"type":"default-arg","locations":[{"start":{"line":60,"column":28},"end":{"line":60,"column":29}}]},"5":{"loc":{"start":{"line":60,"column":31},"end":{"line":60,"column":40}},"type":"default-arg","locations":[{"start":{"line":60,"column":38},"end":{"line":60,"column":40}}]},"6":{"loc":{"start":{"line":72,"column":14},"end":{"line":72,"column":34}},"type":"binary-expr","locations":[{"start":{"line":72,"column":14},"end":{"line":72,"column":28}},{"start":{"line":72,"column":32},"end":{"line":72,"column":34}}]}},"s":{"0":2,"1":2,"2":2,"3":20,"4":4,"5":4,"6":2,"7":2,"8":4,"9":4,"10":2,"11":2,"12":2,"13":4,"14":4,"15":2,"16":2,"17":2,"18":2,"19":2,"20":3,"21":3,"22":2,"23":1,"24":3,"25":3,"26":3,"27":11,"28":2,"29":2},"f":{"0":20,"1":4,"2":4,"3":4,"4":2,"5":3,"6":3,"7":3,"8":11},"b":{"0":[2],"1":[2],"2":[2],"3":[2],"4":[2],"5":[2],"6":[11,0]}}
,"D:\\TanKhanh\\Lecture\\2025-2026\\Second Semester\\Software Engineering\\IUROADMAP\\services\\mentor-service\\src\\prisma\\prisma.module.ts": {"path":"D:\\TanKhanh\\Lecture\\2025-2026\\Second Semester\\Software Engineering\\IUROADMAP\\services\\mentor-service\\src\\prisma\\prisma.module.ts","statementMap":{"0":{"start":{"line":1,"column":0},"end":{"line":1,"column":40}},"1":{"start":{"line":2,"column":0},"end":{"line":2,"column":49}},"2":{"start":{"line":8,"column":7},"end":{"line":8,"column":null}},"3":{"start":{"line":8,"column":13},"end":{"line":8,"column":25}},"4":{"start":{"line":8,"column":13},"end":{"line":8,"column":null}}},"fnMap":{},"branchMap":{},"s":{"0":0,"1":0,"2":0,"3":0,"4":0},"f":{},"b":{}}
,"D:\\TanKhanh\\Lecture\\2025-2026\\Second Semester\\Software Engineering\\IUROADMAP\\services\\mentor-service\\src\\prisma\\prisma.service.ts": {"path":"D:\\TanKhanh\\Lecture\\2025-2026\\Second Semester\\Software Engineering\\IUROADMAP\\services\\mentor-service\\src\\prisma\\prisma.service.ts","statementMap":{"0":{"start":{"line":1,"column":0},"end":{"line":1,"column":83}},"1":{"start":{"line":2,"column":0},"end":{"line":2,"column":46}},"2":{"start":{"line":5,"column":26},"end":{"line":29,"column":null}},"3":{"start":{"line":9,"column":4},"end":{"line":12,"column":7}},"4":{"start":{"line":6,"column":19},"end":{"line":6,"column":59}},"5":{"start":{"line":16,"column":4},"end":{"line":22,"column":5}},"6":{"start":{"line":17,"column":6},"end":{"line":17,"column":28}},"7":{"start":{"line":18,"column":6},"end":{"line":18,"column":56}},"8":{"start":{"line":20,"column":6},"end":{"line":20,"column":63}},"9":{"start":{"line":21,"column":6},"end":{"line":21,"column":18}},"10":{"start":{"line":26,"column":4},"end":{"line":26,"column":29}},"11":{"start":{"line":27,"column":4},"end":{"line":27,"column":60}},"12":{"start":{"line":5,"column":13},"end":{"line":5,"column":26}},"13":{"start":{"line":5,"column":13},"end":{"line":29,"column":null}}},"fnMap":{"0":{"name":"(anonymous_2)","decl":{"start":{"line":8,"column":2},"end":{"line":8,"column":null}},"loc":{"start":{"line":8,"column":2},"end":{"line":13,"column":3}}},"1":{"name":"(anonymous_3)","decl":{"start":{"line":15,"column":2},"end":{"line":15,"column":7}},"loc":{"start":{"line":15,"column":20},"end":{"line":23,"column":3}}},"2":{"name":"(anonymous_4)","decl":{"start":{"line":25,"column":2},"end":{"line":25,"column":7}},"loc":{"start":{"line":25,"column":23},"end":{"line":28,"column":3}}}},"branchMap":{},"s":{"0":2,"1":2,"2":2,"3":0,"4":0,"5":0,"6":0,"7":0,"8":0,"9":0,"10":0,"11":0,"12":2,"13":2},"f":{"0":0,"1":0,"2":0},"b":{}}
}
