TN:
SF:src\app.module.ts
FNF:0
FNH:0
DA:2,0
DA:3,0
DA:4,0
DA:5,0
DA:6,0
DA:7,0
DA:24,0
LF:7
LH:0
BRF:0
BRH:0
end_of_record
TN:
SF:src\main.ts
FN:12,bootstrap
FNF:1
FNH:0
FNDA:0,bootstrap
DA:1,0
DA:2,0
DA:3,0
DA:6,0
DA:8,0
DA:9,0
DA:10,0
DA:13,0
DA:14,0
DA:22,0
DA:24,0
DA:26,0
DA:29,0
LF:13
LH:0
BRDA:22,0,0,0
BRDA:22,0,1,0
BRF:2
BRH:0
end_of_record
TN:
SF:src\common\decorators\roles.decorator.ts
FN:4,(anonymous_0)
FNF:1
FNH:1
FNDA:4,(anonymous_0)
DA:1,1
DA:3,1
DA:4,4
LF:3
LH:3
BRF:0
BRH:0
end_of_record
TN:
SF:src\common\decorators\user.decorator.ts
FN:3,(anonymous_0)
FNF:1
FNH:0
FNDA:0,(anonymous_0)
DA:1,1
DA:3,1
DA:4,0
DA:5,0
LF:4
LH:2
BRF:0
BRH:0
end_of_record
TN:
SF:src\common\dto\mentor-response.dto.ts
FN:13,(anonymous_0)
FNF:1
FNH:0
FNDA:0,(anonymous_0)
DA:3,0
DA:14,0
DA:15,0
DA:16,0
DA:17,0
DA:18,0
DA:19,0
DA:20,0
DA:21,0
LF:9
LH:0
BRDA:19,0,0,0
BRDA:19,0,1,0
BRF:2
BRH:0
end_of_record
TN:
SF:src\common\dto\paginated-response.dto.ts
FNF:0
FNH:0
DA:1,0
LF:1
LH:0
BRF:0
BRH:0
end_of_record
TN:
SF:src\common\enums\roles.enum.ts
FN:7,(anonymous_0)
FNF:1
FNH:1
FNDA:1,(anonymous_0)
DA:7,1
DA:8,1
DA:9,1
DA:16,1
LF:4
LH:4
BRDA:7,0,0,1
BRDA:7,0,1,1
BRF:2
BRH:2
end_of_record
TN:
SF:src\common\guards\jwt.auth.guard.ts
FN:14,(anonymous_2)
FN:16,(anonymous_3)
FNF:2
FNH:0
FNDA:0,(anonymous_2)
FNDA:0,(anonymous_3)
DA:1,1
DA:2,1
DA:13,1
DA:14,0
DA:17,0
DA:18,0
DA:20,0
DA:21,0
DA:24,0
DA:25,0
DA:26,0
DA:29,0
DA:30,0
DA:33,0
DA:34,0
DA:36,0
DA:42,0
DA:44,0
LF:18
LH:3
BRDA:20,0,0,0
BRDA:25,1,0,0
BRDA:29,2,0,0
BRDA:37,3,0,0
BRDA:37,3,1,0
BRDA:40,4,0,0
BRDA:40,4,1,0
BRF:7
BRH:0
end_of_record
TN:
SF:src\common\guards\roles.guard.ts
FN:22,(anonymous_2)
FN:24,(anonymous_3)
FN:46,(anonymous_4)
FNF:3
FNH:0
FNDA:0,(anonymous_2)
FNDA:0,(anonymous_3)
FNDA:0,(anonymous_4)
DA:1,1
DA:2,1
DA:3,1
DA:21,1
DA:22,0
DA:26,0
DA:29,0
DA:30,0
DA:33,0
DA:34,0
DA:36,0
DA:37,0
DA:40,0
DA:41,0
DA:42,0
DA:46,0
DA:47,0
DA:50,0
DA:51,0
DA:56,0
LF:20
LH:4
BRDA:29,0,0,0
BRDA:29,1,0,0
BRDA:29,1,1,0
BRDA:36,2,0,0
BRDA:40,3,0,0
BRDA:40,3,1,0
BRDA:41,4,0,0
BRDA:41,5,0,0
BRDA:41,5,1,0
BRDA:50,6,0,0
BRF:10
BRH:0
end_of_record
TN:
SF:src\generated\prisma-client\default.d.ts
FNF:0
FNH:0
LF:0
LH:0
BRF:0
BRH:0
end_of_record
TN:
SF:src\generated\prisma-client\default.js
FNF:0
FNH:0
DA:1,0
LF:1
LH:0
BRF:0
BRH:0
end_of_record
TN:
SF:src\generated\prisma-client\edge.d.ts
FNF:0
FNH:0
LF:0
LH:0
BRF:0
BRH:0
end_of_record
TN:
SF:src\generated\prisma-client\edge.js
FN:189,(anonymous_0)
FNF:1
FNH:0
FNDA:0,(anonymous_0)
DA:2,0
DA:26,0
DA:29,0
DA:31,0
DA:32,0
DA:38,0
DA:43,0
DA:44,0
DA:45,0
DA:46,0
DA:47,0
DA:48,0
DA:49,0
DA:54,0
DA:55,0
DA:56,0
DA:57,0
DA:58,0
DA:63,0
DA:64,0
DA:69,0
DA:70,0
DA:71,0
DA:73,0
DA:86,0
DA:93,0
DA:104,0
DA:112,0
DA:117,0
DA:122,0
DA:128,0
DA:135,0
DA:183,0
DA:185,0
DA:186,0
DA:187,0
DA:189,0
DA:195,0
DA:196,0
DA:199,0
DA:200,0
DA:201,0
LF:42
LH:0
BRDA:191,0,0,0
BRDA:191,0,1,0
BRDA:191,0,2,0
BRDA:191,0,3,0
BRDA:191,0,4,0
BRDA:191,0,5,0
BRDA:195,1,0,0
BRDA:195,1,1,0
BRDA:195,2,0,0
BRDA:195,2,1,0
BRDA:195,2,2,0
BRDA:195,2,3,0
BRDA:195,2,4,0
BRDA:195,2,5,0
BRDA:196,3,0,0
BRDA:196,3,1,0
BRDA:196,3,2,0
BRDA:196,3,3,0
BRDA:196,3,4,0
BRDA:196,3,5,0
BRF:20
BRH:0
end_of_record
TN:
SF:src\generated\prisma-client\index-browser.js
FN:28,(anonymous_0)
FN:33,(anonymous_1)
FN:38,(anonymous_2)
FN:43,(anonymous_3)
FN:48,(anonymous_4)
FN:53,(anonymous_5)
FN:63,(anonymous_6)
FN:68,(anonymous_7)
FN:73,(anonymous_8)
FN:78,(anonymous_9)
FN:88,(anonymous_10)
FN:93,(anonymous_11)
FN:169,(anonymous_12)
FN:171,(anonymous_13)
FNF:14
FNH:0
FNDA:0,(anonymous_0)
FNDA:0,(anonymous_1)
FNDA:0,(anonymous_2)
FNDA:0,(anonymous_3)
FNDA:0,(anonymous_4)
FNDA:0,(anonymous_5)
FNDA:0,(anonymous_6)
FNDA:0,(anonymous_7)
FNDA:0,(anonymous_8)
FNDA:0,(anonymous_9)
FNDA:0,(anonymous_10)
FNDA:0,(anonymous_11)
FNDA:0,(anonymous_12)
FNDA:0,(anonymous_13)
DA:2,0
DA:11,0
DA:14,0
DA:16,0
DA:17,0
DA:23,0
DA:28,0
DA:29,0
DA:30,0
DA:33,0
DA:34,0
DA:35,0
DA:38,0
DA:39,0
DA:40,0
DA:43,0
DA:44,0
DA:45,0
DA:48,0
DA:49,0
DA:50,0
DA:53,0
DA:54,0
DA:55,0
DA:58,0
DA:63,0
DA:64,0
DA:65,0
DA:68,0
DA:69,0
DA:70,0
DA:73,0
DA:74,0
DA:75,0
DA:78,0
DA:79,0
DA:80,0
DA:83,0
DA:88,0
DA:89,0
DA:90,0
DA:93,0
DA:94,0
DA:95,0
DA:102,0
DA:103,0
DA:104,0
DA:106,0
DA:118,0
DA:125,0
DA:136,0
DA:144,0
DA:149,0
DA:154,0
DA:160,0
DA:170,0
DA:173,0
DA:174,0
DA:175,0
DA:180,0
DA:183,0
DA:186,0
DA:192,0
DA:194,0
LF:64
LH:0
BRDA:174,0,0,0
BRDA:174,0,1,0
BRF:2
BRH:0
end_of_record
TN:
SF:src\generated\prisma-client\index.d.ts
FNF:0
FNH:0
LF:0
LH:0
BRF:0
BRH:0
end_of_record
TN:
SF:src\generated\prisma-client\index.js
FN:194,(anonymous_0)
FNF:1
FNH:0
FNDA:0,(anonymous_0)
DA:2,2
DA:26,2
DA:29,2
DA:31,2
DA:32,2
DA:38,2
DA:43,2
DA:44,2
DA:45,2
DA:46,2
DA:47,2
DA:48,2
DA:49,2
DA:54,2
DA:55,2
DA:56,2
DA:57,2
DA:58,2
DA:63,2
DA:64,2
DA:69,2
DA:70,2
DA:71,2
DA:73,2
DA:82,2
DA:87,2
DA:94,2
DA:105,2
DA:113,2
DA:118,2
DA:123,2
DA:129,2
DA:136,2
DA:185,2
DA:187,2
DA:188,2
DA:189,0
DA:194,0
DA:195,0
DA:198,0
DA:199,0
DA:202,2
DA:203,2
DA:204,2
DA:207,2
DA:209,2
DA:214,2
DA:215,2
DA:216,2
DA:219,2
DA:220,2
DA:222,2
DA:223,2
LF:53
LH:48
BRDA:188,0,0,0
BRDA:188,0,1,2
BRDA:194,1,0,0
BRDA:194,1,1,0
BRDA:210,2,0,2
BRDA:210,2,1,0
BRDA:211,3,0,2
BRDA:211,3,1,2
BRF:8
BRH:4
end_of_record
TN:
SF:src\generated\prisma-client\wasm.d.ts
FNF:0
FNH:0
LF:0
LH:0
BRF:0
BRH:0
end_of_record
TN:
SF:src\generated\prisma-client\wasm.js
FN:28,(anonymous_0)
FN:33,(anonymous_1)
FN:38,(anonymous_2)
FN:43,(anonymous_3)
FN:48,(anonymous_4)
FN:53,(anonymous_5)
FN:63,(anonymous_6)
FN:68,(anonymous_7)
FN:73,(anonymous_8)
FN:78,(anonymous_9)
FN:88,(anonymous_10)
FN:93,(anonymous_11)
FN:169,(anonymous_12)
FN:171,(anonymous_13)
FNF:14
FNH:0
FNDA:0,(anonymous_0)
FNDA:0,(anonymous_1)
FNDA:0,(anonymous_2)
FNDA:0,(anonymous_3)
FNDA:0,(anonymous_4)
FNDA:0,(anonymous_5)
FNDA:0,(anonymous_6)
FNDA:0,(anonymous_7)
FNDA:0,(anonymous_8)
FNDA:0,(anonymous_9)
FNDA:0,(anonymous_10)
FNDA:0,(anonymous_11)
FNDA:0,(anonymous_12)
FNDA:0,(anonymous_13)
DA:2,0
DA:11,0
DA:14,0
DA:16,0
DA:17,0
DA:23,0
DA:28,0
DA:29,0
DA:30,0
DA:33,0
DA:34,0
DA:35,0
DA:38,0
DA:39,0
DA:40,0
DA:43,0
DA:44,0
DA:45,0
DA:48,0
DA:49,0
DA:50,0
DA:53,0
DA:54,0
DA:55,0
DA:58,0
DA:63,0
DA:64,0
DA:65,0
DA:68,0
DA:69,0
DA:70,0
DA:73,0
DA:74,0
DA:75,0
DA:78,0
DA:79,0
DA:80,0
DA:83,0
DA:88,0
DA:89,0
DA:90,0
DA:93,0
DA:94,0
DA:95,0
DA:102,0
DA:103,0
DA:104,0
DA:106,0
DA:118,0
DA:125,0
DA:136,0
DA:144,0
DA:149,0
DA:154,0
DA:160,0
DA:170,0
DA:173,0
DA:174,0
DA:175,0
DA:180,0
DA:183,0
DA:186,0
DA:192,0
DA:194,0
LF:64
LH:0
BRDA:174,0,0,0
BRDA:174,0,1,0
BRF:2
BRH:0
end_of_record
TN:
SF:src\generated\prisma-client\runtime\edge-esm.js
FN:1,(anonymous_0)
FN:1,(anonymous_1)
FN:1,(anonymous_2)
FN:1,(anonymous_3)
FN:1,(anonymous_4)
FN:1,(anonymous_5)
FN:1,(anonymous_6)
FN:1,(anonymous_7)
FN:1,(anonymous_8)
FN:1,(anonymous_9)
FN:1,(anonymous_10)
FN:1,(anonymous_11)
FN:1,(anonymous_12)
FN:1,(anonymous_13)
FN:1,(anonymous_14)
FN:1,(anonymous_15)
FN:1,(anonymous_16)
FN:1,(anonymous_17)
FN:1,(anonymous_18)
FN:1,(anonymous_19)
FN:1,(anonymous_20)
FN:1,(anonymous_21)
FN:1,(anonymous_22)
FN:1,(anonymous_23)
FN:1,(anonymous_24)
FN:1,a
FN:1,l
FN:1,u
FN:1,g
FN:1,h
FN:1,v
FN:1,S
FN:1,(anonymous_32)
FN:1,(anonymous_33)
FN:1,(anonymous_34)
FN:1,fa
FN:1,(anonymous_36)
FN:1,(anonymous_37)
FN:1,(anonymous_38)
FN:1,be
FN:1,T
FN:1,si
FN:1,(anonymous_42)
FN:1,ai
FN:1,ga
FN:1,(anonymous_45)
FN:1,tn
FN:1,(anonymous_47)
FN:1,(anonymous_48)
FN:1,ha
FN:1,Xr
FN:1,ya
FN:1,li
FN:1,wa
FN:1,rn
FN:1,Ea
FN:1,(anonymous_56)
FN:1,(anonymous_57)
FN:1,(anonymous_58)
FN:1,(anonymous_59)
FN:1,ui
FN:1,ba
FN:1,Be
FN:1,(anonymous_63)
FN:1,(anonymous_64)
FN:1,(anonymous_65)
FN:1,(anonymous_66)
FN:1,(anonymous_67)
FN:1,(anonymous_68)
FN:1,(anonymous_69)
FN:1,ci
FN:1,ri
FN:1,l
FN:1,(anonymous_73)
FN:1,(anonymous_74)
FN:1,(anonymous_75)
FN:1,xa
FN:1,Pa
FN:1,va
FN:1,Ta
FN:1,Ca
FN:1,(anonymous_81)
FN:1,(anonymous_82)
FN:1,Aa
FN:1,pi
FN:1,Ra
FN:1,Sa
FN:1,Ia
FN:1,Oa
FN:1,ka
FN:1,(anonymous_90)
FN:1,H
FN:1,(anonymous_92)
FN:1,(anonymous_93)
FN:1,(anonymous_94)
FN:1,(anonymous_95)
FN:1,(anonymous_96)
FN:1,(anonymous_97)
FN:1,(anonymous_98)
FN:1,(anonymous_99)
FN:1,(anonymous_100)
FN:1,(anonymous_101)
FN:1,(anonymous_102)
FN:1,(anonymous_103)
FN:1,(anonymous_104)
FN:1,(anonymous_105)
FN:1,(anonymous_106)
FN:1,(anonymous_107)
FN:1,(anonymous_108)
FN:1,(anonymous_109)
FN:1,(anonymous_110)
FN:1,(anonymous_111)
FN:1,(anonymous_112)
FN:1,(anonymous_113)
FN:1,re
FN:1,(anonymous_115)
FN:1,(anonymous_116)
FN:1,(anonymous_117)
FN:1,(anonymous_118)
FN:1,(anonymous_119)
FN:1,(anonymous_120)
FN:1,(anonymous_121)
FN:1,di
FN:1,mi
FN:1,(anonymous_124)
FN:1,(anonymous_125)
FN:1,(anonymous_126)
FN:1,(anonymous_127)
FN:1,(anonymous_128)
FN:1,(anonymous_129)
FN:1,(anonymous_130)
FN:1,(anonymous_131)
FN:1,(anonymous_132)
FN:1,(anonymous_133)
FN:1,(anonymous_134)
FN:1,fi
FN:1,gi
FN:1,(anonymous_137)
FN:1,(anonymous_138)
FN:1,hi
FN:1,(anonymous_140)
FN:1,(anonymous_141)
FN:1,(anonymous_142)
FN:1,(anonymous_143)
FN:1,nn
FN:1,(anonymous_145)
FN:1,(anonymous_146)
FN:1,(anonymous_147)
FN:1,(anonymous_148)
FN:1,(anonymous_149)
FN:1,(anonymous_150)
FN:1,(anonymous_151)
FN:1,ii
FN:1,Da
FN:1,yi
FN:1,ze
FN:1,Pt
FN:1,Na
FN:1,en
FN:1,Fa
FN:1,_a
FN:1,wi
FN:1,cr
FN:1,de
FN:1,on
FN:1,(anonymous_165)
FN:1,Re
FN:1,qa
FN:1,(anonymous_168)
FN:1,Ba
FN:1,(anonymous_170)
FN:1,Ha
FN:1,Wa
FN:1,(anonymous_173)
FN:1,(anonymous_174)
FN:1,(anonymous_175)
FN:1,(anonymous_176)
FN:1,(anonymous_177)
FN:1,(anonymous_178)
FN:1,(anonymous_179)
FN:1,(anonymous_180)
FN:1,(anonymous_181)
FN:1,(anonymous_182)
FN:1,(anonymous_183)
FN:1,(anonymous_184)
FN:1,(anonymous_185)
FN:1,(anonymous_186)
FN:1,e
FN:1,(anonymous_188)
FN:1,(anonymous_189)
FN:1,(anonymous_190)
FN:1,(anonymous_191)
FN:1,(anonymous_192)
FN:1,bi
FN:1,(anonymous_194)
FN:1,xi
FN:1,(anonymous_196)
FN:1,vi
FN:1,(anonymous_198)
FN:1,V
FN:1,(anonymous_200)
FN:1,(anonymous_201)
FN:1,(anonymous_202)
FN:1,(anonymous_203)
FN:1,(anonymous_204)
FN:1,(anonymous_205)
FN:1,(anonymous_206)
FN:1,(anonymous_207)
FN:1,Ga
FN:1,(anonymous_209)
FN:1,(anonymous_210)
FN:1,(anonymous_211)
FN:1,(anonymous_212)
FN:1,(anonymous_213)
FN:1,(anonymous_214)
FN:1,(anonymous_215)
FN:1,Qa
FN:1,(anonymous_217)
FN:1,Ui
FN:1,Ct
FN:1,Ya
FN:1,(anonymous_221)
FN:1,(anonymous_222)
FN:1,(anonymous_223)
FN:1,(anonymous_224)
FN:1,(anonymous_225)
FN:1,(anonymous_226)
FN:1,(anonymous_227)
FN:1,(anonymous_228)
FN:1,(anonymous_229)
FN:1,(anonymous_230)
FN:1,Za
FN:1,ln
FN:1,Xa
FN:1,el
FN:1,tl
FN:1,xe
FN:1,un
FN:1,(anonymous_238)
FN:1,(anonymous_239)
FN:1,Xe
FN:1,pn
FN:1,N
FN:1,(anonymous_243)
FN:1,(anonymous_244)
FN:1,(anonymous_245)
FN:1,(anonymous_246)
FN:1,(anonymous_247)
FN:1,(anonymous_248)
FN:1,(anonymous_249)
FN:1,(anonymous_250)
FN:1,(anonymous_251)
FN:1,(anonymous_252)
FN:1,(anonymous_253)
FN:1,(anonymous_254)
FN:1,(anonymous_255)
FN:1,(anonymous_256)
FN:1,(anonymous_257)
FN:1,(anonymous_258)
FN:1,(anonymous_259)
FN:1,(anonymous_260)
FN:1,(anonymous_261)
FN:1,(anonymous_262)
FN:1,(anonymous_263)
FN:1,(anonymous_264)
FN:1,(anonymous_265)
FN:1,(anonymous_266)
FN:1,(anonymous_267)
FN:1,(anonymous_268)
FN:1,(anonymous_269)
FN:1,(anonymous_270)
FN:1,(anonymous_271)
FN:1,(anonymous_272)
FN:1,(anonymous_273)
FN:1,(anonymous_274)
FN:1,(anonymous_275)
FN:1,(anonymous_276)
FN:1,(anonymous_277)
FN:1,(anonymous_278)
FN:1,(anonymous_279)
FN:1,(anonymous_280)
FN:1,(anonymous_281)
FN:1,(anonymous_282)
FN:1,(anonymous_283)
FN:1,(anonymous_284)
FN:1,(anonymous_285)
FN:1,(anonymous_286)
FN:1,(anonymous_287)
FN:1,(anonymous_288)
FN:1,(anonymous_289)
FN:1,(anonymous_290)
FN:1,(anonymous_291)
FN:1,(anonymous_292)
FN:1,(anonymous_293)
FN:1,(anonymous_294)
FN:1,(anonymous_295)
FN:1,(anonymous_296)
FN:1,(anonymous_297)
FN:1,(anonymous_298)
FN:1,(anonymous_299)
FN:1,(anonymous_300)
FN:1,(anonymous_301)
FN:1,(anonymous_302)
FN:1,(anonymous_303)
FN:1,(anonymous_304)
FN:1,(anonymous_305)
FN:1,(anonymous_306)
FN:1,(anonymous_307)
FN:1,(anonymous_308)
FN:1,(anonymous_309)
FN:1,(anonymous_310)
FN:1,(anonymous_311)
FN:1,(anonymous_312)
FN:1,Y
FN:1,ne
FN:1,St
FN:1,hr
FN:1,ll
FN:1,(anonymous_318)
FN:1,e
FN:1,t
FN:1,r
FN:1,(anonymous_322)
FN:1,O
FN:1,me
FN:1,xr
FN:1,Er
FN:1,ce
FN:1,lo
FN:1,Oe
FN:1,uo
FN:1,eo
FN:1,co
FN:1,gn
FN:1,ke
FN:1,po
FN:1,hn
FN:1,ul
FN:1,cl
FN:1,tt
FN:1,Pr
FN:1,mo
FN:1,yn
FN:1,to
FN:1,pl
FN:1,dl
FN:1,ml
FN:1,fl
FN:1,gl
FN:1,hl
FN:1,yl
FN:1,wl
FN:1,El
FN:1,bl
FN:1,xl
FN:1,Pl
FN:1,vl
FN:1,Tl
FN:1,Cl
FN:1,fo
FN:1,i
FN:1,Al
FN:1,Rl
FN:1,Sl
FN:1,Il
FN:1,ro
FN:1,Ol
FN:1,kl
FN:1,Dl
FN:1,Ml
FN:1,Nl
FN:1,Fl
FN:1,_l
FN:1,Ll
FN:1,ql
FN:1,Bl
FN:1,Ul
FN:1,$l
FN:1,Vl
FN:1,jl
FN:1,Jl
FN:1,Gl
FN:1,Ql
FN:1,Hl
FN:1,Wl
FN:1,Kl
FN:1,It
FN:1,zl
FN:1,Yl
FN:1,rt
FN:1,nt
FN:1,vr
FN:1,it
FN:1,(anonymous_393)
FN:1,(anonymous_394)
FN:1,(anonymous_395)
FN:1,(anonymous_396)
FN:1,(anonymous_397)
FN:1,(anonymous_398)
FN:1,(anonymous_399)
FN:1,tu
FN:1,ru
FN:2,nu
FN:2,ot
FN:2,wo
FN:2,(anonymous_405)
FN:2,Eo
FN:2,(anonymous_407)
FN:2,iu
FN:2,ou
FN:2,su
FN:2,(anonymous_411)
FN:2,ho
FN:2,yo
FN:2,(anonymous_414)
FN:2,(anonymous_415)
FN:2,(anonymous_416)
FN:2,(anonymous_417)
FN:2,(anonymous_418)
FN:2,(anonymous_419)
FN:2,(anonymous_420)
FN:2,(anonymous_421)
FN:2,(anonymous_422)
FN:2,(anonymous_423)
FN:2,(anonymous_424)
FN:2,(anonymous_425)
FN:2,(anonymous_426)
FN:2,(anonymous_427)
FN:2,(anonymous_428)
FN:3,(anonymous_429)
FN:3,(anonymous_430)
FN:3,(anonymous_431)
FN:3,(anonymous_432)
FN:3,(anonymous_433)
FN:3,(anonymous_434)
FN:3,(anonymous_435)
FN:3,(anonymous_436)
FN:3,(anonymous_437)
FN:3,(anonymous_438)
FN:3,(anonymous_439)
FN:3,(anonymous_440)
FN:3,(anonymous_441)
FN:3,(anonymous_442)
FN:3,(anonymous_443)
FN:3,(anonymous_444)
FN:3,(anonymous_445)
FN:3,(anonymous_446)
FN:3,(anonymous_447)
FN:3,(anonymous_448)
FN:3,(anonymous_449)
FN:3,(anonymous_450)
FN:3,(anonymous_451)
FN:3,(anonymous_452)
FN:3,(anonymous_453)
FN:3,(anonymous_454)
FN:3,(anonymous_455)
FN:3,(anonymous_456)
FN:3,(anonymous_457)
FN:3,(anonymous_458)
FN:3,(anonymous_459)
FN:3,(anonymous_460)
FN:3,(anonymous_461)
FN:3,(anonymous_462)
FN:3,(anonymous_463)
FN:3,(anonymous_464)
FN:3,(anonymous_465)
FN:3,(anonymous_466)
FN:3,(anonymous_467)
FN:3,(anonymous_468)
FN:3,(anonymous_469)
FN:3,(anonymous_470)
FN:3,(anonymous_471)
FN:3,(anonymous_472)
FN:3,(anonymous_473)
FN:3,(anonymous_474)
FN:3,(anonymous_475)
FN:3,(anonymous_476)
FN:3,(anonymous_477)
FN:3,(anonymous_478)
FN:3,(anonymous_479)
FN:3,(anonymous_480)
FN:3,(anonymous_481)
FN:3,(anonymous_482)
FN:3,(anonymous_483)
FN:3,(anonymous_484)
FN:3,(anonymous_485)
FN:3,(anonymous_486)
FN:3,(anonymous_487)
FN:3,Tr
FN:3,lu
FN:3,(anonymous_490)
FN:3,uu
FN:3,(anonymous_492)
FN:4,cu
FN:4,(anonymous_494)
FN:4,pu
FN:4,(anonymous_496)
FN:4,du
FN:4,(anonymous_498)
FN:4,mu
FN:4,(anonymous_500)
FN:4,fu
FN:4,(anonymous_502)
FN:4,gu
FN:4,(anonymous_504)
FN:4,hu
FN:4,(anonymous_506)
FN:4,(anonymous_507)
FN:4,yu
FN:4,(anonymous_509)
FN:4,(anonymous_510)
FN:4,Po
FN:4,wu
FN:4,(anonymous_513)
FN:4,vo
FN:4,Eu
FN:4,(anonymous_516)
FN:4,(anonymous_517)
FN:4,bu
FN:4,(anonymous_519)
FN:4,(anonymous_520)
FN:4,xu
FN:4,(anonymous_522)
FN:4,Pu
FN:4,(anonymous_524)
FN:4,(anonymous_525)
FN:4,vu
FN:4,(anonymous_527)
FN:4,(anonymous_528)
FN:4,To
FN:4,Tu
FN:4,Cu
FN:4,Au
FN:4,Co
FN:4,Ao
FN:4,kt
FN:4,Dt
FN:4,Sr
FN:4,Su
FN:4,Ro
FN:4,(anonymous_540)
FN:4,(anonymous_541)
FN:4,ct
FN:4,(anonymous_543)
FN:4,(anonymous_544)
FN:4,(anonymous_545)
FN:4,(anonymous_546)
FN:4,xn
FN:4,(anonymous_548)
FN:4,(anonymous_549)
FN:4,(anonymous_550)
FN:4,(anonymous_551)
FN:4,(anonymous_552)
FN:4,(anonymous_553)
FN:4,(anonymous_554)
FN:4,(anonymous_555)
FN:4,(anonymous_556)
FN:5,pt
FN:5,Io
FN:5,Oo
FN:5,Iu
FN:5,kr
FN:5,Dr
FN:5,(anonymous_563)
FN:5,(anonymous_564)
FN:5,(anonymous_565)
FN:5,(anonymous_566)
FN:5,qt
FN:5,(anonymous_568)
FN:5,he
FN:5,(anonymous_570)
FN:5,Do
FN:5,Ou
FN:5,(anonymous_573)
FN:5,(anonymous_574)
FN:5,(anonymous_575)
FN:5,(anonymous_576)
FN:5,ko
FN:5,(anonymous_578)
FN:5,(anonymous_579)
FN:5,ku
FN:5,(anonymous_581)
FN:5,Mo
FN:5,No
FN:5,(anonymous_584)
FN:5,(anonymous_585)
FN:5,(anonymous_586)
FN:5,(anonymous_587)
FN:5,(anonymous_588)
FN:5,(anonymous_589)
FN:5,(anonymous_590)
FN:5,(anonymous_591)
FN:5,(anonymous_592)
FN:5,(anonymous_593)
FN:5,(anonymous_594)
FN:5,(anonymous_595)
FN:5,(anonymous_596)
FN:5,(anonymous_597)
FN:5,(anonymous_598)
FN:5,(anonymous_599)
FN:5,(anonymous_600)
FN:5,(anonymous_601)
FN:5,(anonymous_602)
FN:5,(anonymous_603)
FN:5,(anonymous_604)
FN:5,(anonymous_605)
FN:5,(anonymous_606)
FN:5,ye
FN:5,Cn
FN:5,Ut
FN:5,Mu
FN:5,Nu
FN:5,Fu
FN:5,_u
FN:5,Lu
FN:5,Lo
FN:5,qo
FN:5,qu
FN:5,Bu
FN:5,Uu
FN:5,An
FN:5,(anonymous_621)
FN:5,(anonymous_622)
FN:5,(anonymous_623)
FN:5,(anonymous_624)
FN:5,(anonymous_625)
FN:5,(anonymous_626)
FN:5,(anonymous_627)
FN:5,(anonymous_628)
FN:5,(anonymous_629)
FN:5,(anonymous_630)
FN:5,(anonymous_631)
FN:5,(anonymous_632)
FN:5,(anonymous_633)
FN:5,(anonymous_634)
FN:5,(anonymous_635)
FN:5,(anonymous_636)
FN:5,(anonymous_637)
FN:5,(anonymous_638)
FN:5,(anonymous_639)
FN:5,$u
FN:5,Rn
FN:5,Vu
FN:5,(anonymous_643)
FN:5,(anonymous_644)
FN:5,ju
FN:5,Sn
FN:5,(anonymous_647)
FN:5,(anonymous_648)
FN:5,(anonymous_649)
FN:5,(anonymous_650)
FN:5,Ju
FN:5,(anonymous_652)
FN:5,Bo
FN:5,Vt
FN:5,(anonymous_655)
FN:5,(anonymous_656)
FN:5,(anonymous_657)
FN:5,(anonymous_658)
FN:5,(anonymous_659)
FN:5,(anonymous_660)
FN:5,(anonymous_661)
FN:5,(anonymous_662)
FN:5,(anonymous_663)
FN:5,(anonymous_664)
FN:5,(anonymous_665)
FN:5,(anonymous_666)
FN:5,we
FN:5,(anonymous_668)
FN:5,Hu
FN:5,(anonymous_670)
FN:5,(anonymous_671)
FN:5,(anonymous_672)
FN:5,(anonymous_673)
FN:5,(anonymous_674)
FN:5,(anonymous_675)
FN:5,(anonymous_676)
FN:5,Ku
FN:5,Vo
FN:5,jo
FN:5,jt
FN:5,(anonymous_681)
FN:5,(anonymous_682)
FN:5,te
FN:5,(anonymous_684)
FN:5,(anonymous_685)
FN:5,Ve
FN:5,(anonymous_687)
FN:5,(anonymous_688)
FN:5,(anonymous_689)
FN:5,(anonymous_690)
FN:5,_r
FN:5,(anonymous_692)
FN:5,(anonymous_693)
FN:5,(anonymous_694)
FN:5,(anonymous_695)
FN:5,Ee
FN:5,(anonymous_697)
FN:5,(anonymous_698)
FN:5,(anonymous_699)
FN:5,(anonymous_700)
FN:5,(anonymous_701)
FN:5,(anonymous_702)
FN:5,(anonymous_703)
FN:5,Yu
FN:5,Go
FN:5,(anonymous_706)
FN:5,mt
FN:5,(anonymous_708)
FN:5,(anonymous_709)
FN:5,(anonymous_710)
FN:5,Lr
FN:5,Qo
FN:5,Jt
FN:5,Xu
FN:6,(anonymous_715)
FN:6,Fe
FN:6,ft
FN:6,(anonymous_718)
FN:6,tc
FN:6,qr
FN:6,(anonymous_721)
FN:6,Wo
FN:6,rc
FN:6,nc
FN:6,(anonymous_725)
FN:6,(anonymous_726)
FN:6,Ko
FN:6,ic
FN:6,oc
FN:6,(anonymous_730)
FN:6,(anonymous_731)
FN:6,zo
FN:6,Yo
FN:6,(anonymous_734)
FN:6,(anonymous_735)
FN:6,(anonymous_736)
FN:6,Zo
FN:6,(anonymous_738)
FN:6,(anonymous_739)
FN:6,(anonymous_740)
FN:6,(anonymous_741)
FN:6,(anonymous_742)
FN:6,(anonymous_743)
FN:6,(anonymous_744)
FN:6,(anonymous_745)
FN:6,sc
FN:6,ac
FN:6,Fn
FN:6,(anonymous_749)
FN:6,(anonymous_750)
FN:6,(anonymous_751)
FN:6,lc
FN:6,(anonymous_753)
FN:6,(anonymous_754)
FN:6,ts
FN:6,uc
FN:6,(anonymous_757)
FN:6,(anonymous_758)
FN:6,_n
FN:6,(anonymous_760)
FN:6,(anonymous_761)
FN:6,(anonymous_762)
FN:6,dc
FN:6,(anonymous_764)
FN:6,(anonymous_765)
FN:6,(anonymous_766)
FN:6,(anonymous_767)
FN:6,(anonymous_768)
FN:6,(anonymous_769)
FN:6,mc
FN:6,fc
FN:6,(anonymous_772)
FN:6,rs
FN:6,(anonymous_774)
FN:6,Gt
FN:6,(anonymous_776)
FN:6,(anonymous_777)
FN:6,gc
FN:6,(anonymous_779)
FN:6,(anonymous_780)
FN:6,(anonymous_781)
FN:6,ns
FN:6,is
FN:6,os
FN:6,(anonymous_785)
FN:6,(anonymous_786)
FN:6,hc
FN:6,(anonymous_788)
FN:6,yc
FN:6,(anonymous_790)
FN:6,Br
FN:6,ss
FN:6,(anonymous_793)
FN:6,as
FN:6,(anonymous_795)
FN:6,ls
FN:6,wc
FN:6,Qt
FN:6,cs
FN:6,(anonymous_800)
FN:6,(anonymous_801)
FN:6,ps
FN:6,ds
FN:6,(anonymous_804)
FN:6,ms
FN:6,(anonymous_806)
FN:6,(anonymous_807)
FN:6,(anonymous_808)
FN:6,fs
FN:6,(anonymous_810)
FN:6,ys
FN:8,ws
FN:8,Es
FN:8,qn
FN:8,gt
FN:11,(anonymous_816)
FN:11,(anonymous_817)
FN:11,(anonymous_818)
FN:11,L
FN:11,(anonymous_820)
FN:11,(anonymous_821)
FN:11,(anonymous_822)
FN:11,(anonymous_823)
FN:11,(anonymous_824)
FN:11,(anonymous_825)
FN:11,(anonymous_826)
FN:11,(anonymous_827)
FN:11,(anonymous_828)
FN:11,(anonymous_829)
FN:11,(anonymous_830)
FN:11,(anonymous_831)
FN:11,(anonymous_832)
FN:11,(anonymous_833)
FN:11,(anonymous_834)
FN:11,(anonymous_835)
FN:11,Tc
FN:11,nr
FN:11,wt
FN:11,bs
FN:11,(anonymous_840)
FN:11,(anonymous_841)
FN:11,xs
FN:11,Ps
FN:11,(anonymous_844)
FN:11,Cc
FN:11,vs
FN:11,(anonymous_847)
FN:12,Qe
FN:12,(anonymous_849)
FN:12,Rc
FN:12,Sc
FN:12,Ic
FN:12,(anonymous_853)
FN:12,(anonymous_854)
FN:12,(anonymous_855)
FN:12,Gn
FN:12,(anonymous_857)
FN:12,(anonymous_858)
FN:12,(anonymous_859)
FN:12,(anonymous_860)
FN:12,(anonymous_861)
FN:12,(anonymous_862)
FN:12,(anonymous_863)
FN:12,(anonymous_864)
FN:12,(anonymous_865)
FN:12,(anonymous_866)
FN:12,(anonymous_867)
FN:12,(anonymous_868)
FN:12,Dc
FN:12,As
FN:12,Mc
FN:12,(anonymous_872)
FN:12,(anonymous_873)
FN:12,(anonymous_874)
FN:12,(anonymous_875)
FN:12,(anonymous_876)
FN:12,(anonymous_877)
FN:12,(anonymous_878)
FN:12,(anonymous_879)
FN:12,(anonymous_880)
FN:12,(anonymous_881)
FN:12,(anonymous_882)
FN:12,(anonymous_883)
FN:12,(anonymous_884)
FN:12,(anonymous_885)
FN:12,(anonymous_886)
FN:12,(anonymous_887)
FN:12,(anonymous_888)
FN:12,(anonymous_889)
FN:12,(anonymous_890)
FN:12,(anonymous_891)
FN:12,(anonymous_892)
FN:12,(anonymous_893)
FN:12,(anonymous_894)
FN:12,(anonymous_895)
FN:12,(anonymous_896)
FN:12,(anonymous_897)
FN:12,(anonymous_898)
FN:12,(anonymous_899)
FN:12,Ss
FN:13,$r
FN:13,(anonymous_902)
FN:13,(anonymous_903)
FN:13,(anonymous_904)
FN:13,Et
FN:13,ks
FN:13,(anonymous_907)
FN:13,Ms
FN:13,(anonymous_909)
FN:13,Nc
FN:13,Ns
FN:13,Ds
FN:13,Kn
FN:20,(anonymous_914)
FN:20,(anonymous_915)
FN:20,(anonymous_916)
FN:20,(anonymous_917)
FN:20,(anonymous_918)
FN:20,(anonymous_919)
FN:20,Yn
FN:20,(anonymous_921)
FN:20,(anonymous_922)
FN:20,(anonymous_923)
FN:20,(anonymous_924)
FN:20,(anonymous_925)
FN:20,(anonymous_926)
FN:20,Bs
FN:20,(anonymous_928)
FN:20,(anonymous_929)
FN:20,(anonymous_930)
FN:20,(anonymous_931)
FN:20,(anonymous_932)
FN:20,(anonymous_933)
FN:20,(anonymous_934)
FN:20,(anonymous_935)
FN:20,(anonymous_936)
FN:20,(anonymous_937)
FN:20,(anonymous_938)
FN:20,$s
FN:20,Vs
FN:20,(anonymous_941)
FN:20,(anonymous_942)
FN:20,(anonymous_943)
FN:20,js
FN:20,(anonymous_945)
FN:20,(anonymous_946)
FN:20,(anonymous_947)
FN:20,(anonymous_948)
FN:20,(anonymous_949)
FN:20,(anonymous_950)
FN:20,jr
FN:20,Js
FN:20,Xn
FN:20,(anonymous_954)
FN:20,ei
FN:20,(anonymous_956)
FN:20,(anonymous_957)
FN:20,(anonymous_958)
FN:20,(anonymous_959)
FN:20,(anonymous_960)
FN:20,(anonymous_961)
FN:20,(anonymous_962)
FN:20,(anonymous_963)
FN:20,(anonymous_964)
FN:20,(anonymous_965)
FN:20,(anonymous_966)
FN:20,(anonymous_967)
FN:20,He
FN:20,(anonymous_969)
FN:20,(anonymous_970)
FN:20,(anonymous_971)
FN:20,(anonymous_972)
FN:20,(anonymous_973)
FN:20,(anonymous_974)
FN:20,Gs
FN:20,qc
FN:20,(anonymous_977)
FN:20,(anonymous_978)
FN:20,(anonymous_979)
FN:20,(anonymous_980)
FN:20,(anonymous_981)
FN:20,(anonymous_982)
FN:20,(anonymous_983)
FN:20,(anonymous_984)
FN:20,(anonymous_985)
FN:20,(anonymous_986)
FN:20,(anonymous_987)
FN:20,(anonymous_988)
FN:20,(anonymous_989)
FN:20,(anonymous_990)
FN:20,(anonymous_991)
FN:20,(anonymous_992)
FN:20,Uc
FN:20,Hs
FN:20,$c
FN:20,Vc
FN:20,Ws
FN:20,(anonymous_998)
FN:21,(anonymous_999)
FN:21,(anonymous_1000)
FN:24,(anonymous_1001)
FN:24,(anonymous_1002)
FN:25,(anonymous_1003)
FN:25,(anonymous_1004)
FN:25,t
FN:25,(anonymous_1006)
FN:25,(anonymous_1007)
FN:25,(anonymous_1008)
FN:25,(anonymous_1009)
FN:25,(anonymous_1010)
FN:25,ra
FN:25,bt
FN:25,Gc
FN:25,(anonymous_1014)
FN:25,(anonymous_1015)
FN:25,Qc
FN:25,ea
FN:25,(anonymous_1018)
FN:25,Hc
FN:25,(anonymous_1020)
FN:25,(anonymous_1021)
FN:25,(anonymous_1022)
FN:25,(anonymous_1023)
FN:29,na
FN:29,(anonymous_1025)
FN:29,(anonymous_1026)
FN:29,(anonymous_1027)
FN:29,(anonymous_1028)
FN:29,(anonymous_1029)
FN:29,(anonymous_1030)
FN:29,(anonymous_1031)
FN:29,(anonymous_1032)
FN:29,Yc
FN:29,(anonymous_1034)
FN:29,(anonymous_1035)
FN:29,(anonymous_1036)
FN:29,(anonymous_1037)
FN:29,(anonymous_1038)
FN:29,(anonymous_1039)
FN:29,(anonymous_1040)
FN:29,(anonymous_1041)
FN:29,(anonymous_1042)
FN:29,(anonymous_1043)
FN:29,(anonymous_1044)
FN:29,(anonymous_1045)
FN:29,(anonymous_1046)
FN:29,(anonymous_1047)
FN:29,(anonymous_1048)
FN:29,(anonymous_1049)
FN:29,(anonymous_1050)
FN:29,(anonymous_1051)
FN:29,(anonymous_1052)
FN:29,(anonymous_1053)
FN:29,(anonymous_1054)
FN:29,(anonymous_1055)
FN:29,(anonymous_1056)
FN:29,(anonymous_1057)
FN:29,(anonymous_1058)
FN:29,(anonymous_1059)
FN:29,(anonymous_1060)
FN:29,(anonymous_1061)
FN:29,(anonymous_1062)
FN:29,(anonymous_1063)
FN:29,(anonymous_1064)
FN:29,(anonymous_1065)
FN:29,(anonymous_1066)
FN:29,(anonymous_1067)
FN:29,(anonymous_1068)
FN:29,(anonymous_1069)
FN:29,(anonymous_1070)
FN:29,(anonymous_1071)
FN:29,(anonymous_1072)
FN:29,(anonymous_1073)
FN:29,(anonymous_1074)
FN:29,(anonymous_1075)
FN:30,(anonymous_1076)
FN:30,(anonymous_1077)
FN:30,(anonymous_1078)
FN:30,ia
FN:30,Zc
FN:30,ep
FN:30,(anonymous_1082)
FNF:1083
FNH:0
FNDA:0,(anonymous_0)
FNDA:0,(anonymous_1)
FNDA:0,(anonymous_2)
FNDA:0,(anonymous_3)
FNDA:0,(anonymous_4)
FNDA:0,(anonymous_5)
FNDA:0,(anonymous_6)
FNDA:0,(anonymous_7)
FNDA:0,(anonymous_8)
FNDA:0,(anonymous_9)
FNDA:0,(anonymous_10)
FNDA:0,(anonymous_11)
FNDA:0,(anonymous_12)
FNDA:0,(anonymous_13)
FNDA:0,(anonymous_14)
FNDA:0,(anonymous_15)
FNDA:0,(anonymous_16)
FNDA:0,(anonymous_17)
FNDA:0,(anonymous_18)
FNDA:0,(anonymous_19)
FNDA:0,(anonymous_20)
FNDA:0,(anonymous_21)
FNDA:0,(anonymous_22)
FNDA:0,(anonymous_23)
FNDA:0,(anonymous_24)
FNDA:0,a
FNDA:0,l
FNDA:0,u
FNDA:0,g
FNDA:0,h
FNDA:0,v
FNDA:0,S
FNDA:0,(anonymous_32)
FNDA:0,(anonymous_33)
FNDA:0,(anonymous_34)
FNDA:0,fa
FNDA:0,(anonymous_36)
FNDA:0,(anonymous_37)
FNDA:0,(anonymous_38)
FNDA:0,be
FNDA:0,T
FNDA:0,si
FNDA:0,(anonymous_42)
FNDA:0,ai
FNDA:0,ga
FNDA:0,(anonymous_45)
FNDA:0,tn
FNDA:0,(anonymous_47)
FNDA:0,(anonymous_48)
FNDA:0,ha
FNDA:0,Xr
FNDA:0,ya
FNDA:0,li
FNDA:0,wa
FNDA:0,rn
FNDA:0,Ea
FNDA:0,(anonymous_56)
FNDA:0,(anonymous_57)
FNDA:0,(anonymous_58)
FNDA:0,(anonymous_59)
FNDA:0,ui
FNDA:0,ba
FNDA:0,Be
FNDA:0,(anonymous_63)
FNDA:0,(anonymous_64)
FNDA:0,(anonymous_65)
FNDA:0,(anonymous_66)
FNDA:0,(anonymous_67)
FNDA:0,(anonymous_68)
FNDA:0,(anonymous_69)
FNDA:0,ci
FNDA:0,ri
FNDA:0,l
FNDA:0,(anonymous_73)
FNDA:0,(anonymous_74)
FNDA:0,(anonymous_75)
FNDA:0,xa
FNDA:0,Pa
FNDA:0,va
FNDA:0,Ta
FNDA:0,Ca
FNDA:0,(anonymous_81)
FNDA:0,(anonymous_82)
FNDA:0,Aa
FNDA:0,pi
FNDA:0,Ra
FNDA:0,Sa
FNDA:0,Ia
FNDA:0,Oa
FNDA:0,ka
FNDA:0,(anonymous_90)
FNDA:0,H
FNDA:0,(anonymous_92)
FNDA:0,(anonymous_93)
FNDA:0,(anonymous_94)
FNDA:0,(anonymous_95)
FNDA:0,(anonymous_96)
FNDA:0,(anonymous_97)
FNDA:0,(anonymous_98)
FNDA:0,(anonymous_99)
FNDA:0,(anonymous_100)
FNDA:0,(anonymous_101)
FNDA:0,(anonymous_102)
FNDA:0,(anonymous_103)
FNDA:0,(anonymous_104)
FNDA:0,(anonymous_105)
FNDA:0,(anonymous_106)
FNDA:0,(anonymous_107)
FNDA:0,(anonymous_108)
FNDA:0,(anonymous_109)
FNDA:0,(anonymous_110)
FNDA:0,(anonymous_111)
FNDA:0,(anonymous_112)
FNDA:0,(anonymous_113)
FNDA:0,re
FNDA:0,(anonymous_115)
FNDA:0,(anonymous_116)
FNDA:0,(anonymous_117)
FNDA:0,(anonymous_118)
FNDA:0,(anonymous_119)
FNDA:0,(anonymous_120)
FNDA:0,(anonymous_121)
FNDA:0,di
FNDA:0,mi
FNDA:0,(anonymous_124)
FNDA:0,(anonymous_125)
FNDA:0,(anonymous_126)
FNDA:0,(anonymous_127)
FNDA:0,(anonymous_128)
FNDA:0,(anonymous_129)
FNDA:0,(anonymous_130)
FNDA:0,(anonymous_131)
FNDA:0,(anonymous_132)
FNDA:0,(anonymous_133)
FNDA:0,(anonymous_134)
FNDA:0,fi
FNDA:0,gi
FNDA:0,(anonymous_137)
FNDA:0,(anonymous_138)
FNDA:0,hi
FNDA:0,(anonymous_140)
FNDA:0,(anonymous_141)
FNDA:0,(anonymous_142)
FNDA:0,(anonymous_143)
FNDA:0,nn
FNDA:0,(anonymous_145)
FNDA:0,(anonymous_146)
FNDA:0,(anonymous_147)
FNDA:0,(anonymous_148)
FNDA:0,(anonymous_149)
FNDA:0,(anonymous_150)
FNDA:0,(anonymous_151)
FNDA:0,ii
FNDA:0,Da
FNDA:0,yi
FNDA:0,ze
FNDA:0,Pt
FNDA:0,Na
FNDA:0,en
FNDA:0,Fa
FNDA:0,_a
FNDA:0,wi
FNDA:0,cr
FNDA:0,de
FNDA:0,on
FNDA:0,(anonymous_165)
FNDA:0,Re
FNDA:0,qa
FNDA:0,(anonymous_168)
FNDA:0,Ba
FNDA:0,(anonymous_170)
FNDA:0,Ha
FNDA:0,Wa
FNDA:0,(anonymous_173)
FNDA:0,(anonymous_174)
FNDA:0,(anonymous_175)
FNDA:0,(anonymous_176)
FNDA:0,(anonymous_177)
FNDA:0,(anonymous_178)
FNDA:0,(anonymous_179)
FNDA:0,(anonymous_180)
FNDA:0,(anonymous_181)
FNDA:0,(anonymous_182)
FNDA:0,(anonymous_183)
FNDA:0,(anonymous_184)
FNDA:0,(anonymous_185)
FNDA:0,(anonymous_186)
FNDA:0,e
FNDA:0,(anonymous_188)
FNDA:0,(anonymous_189)
FNDA:0,(anonymous_190)
FNDA:0,(anonymous_191)
FNDA:0,(anonymous_192)
FNDA:0,bi
FNDA:0,(anonymous_194)
FNDA:0,xi
FNDA:0,(anonymous_196)
FNDA:0,vi
FNDA:0,(anonymous_198)
FNDA:0,V
FNDA:0,(anonymous_200)
FNDA:0,(anonymous_201)
FNDA:0,(anonymous_202)
FNDA:0,(anonymous_203)
FNDA:0,(anonymous_204)
FNDA:0,(anonymous_205)
FNDA:0,(anonymous_206)
FNDA:0,(anonymous_207)
FNDA:0,Ga
FNDA:0,(anonymous_209)
FNDA:0,(anonymous_210)
FNDA:0,(anonymous_211)
FNDA:0,(anonymous_212)
FNDA:0,(anonymous_213)
FNDA:0,(anonymous_214)
FNDA:0,(anonymous_215)
FNDA:0,Qa
FNDA:0,(anonymous_217)
FNDA:0,Ui
FNDA:0,Ct
FNDA:0,Ya
FNDA:0,(anonymous_221)
FNDA:0,(anonymous_222)
FNDA:0,(anonymous_223)
FNDA:0,(anonymous_224)
FNDA:0,(anonymous_225)
FNDA:0,(anonymous_226)
FNDA:0,(anonymous_227)
FNDA:0,(anonymous_228)
FNDA:0,(anonymous_229)
FNDA:0,(anonymous_230)
FNDA:0,Za
FNDA:0,ln
FNDA:0,Xa
FNDA:0,el
FNDA:0,tl
FNDA:0,xe
FNDA:0,un
FNDA:0,(anonymous_238)
FNDA:0,(anonymous_239)
FNDA:0,Xe
FNDA:0,pn
FNDA:0,N
FNDA:0,(anonymous_243)
FNDA:0,(anonymous_244)
FNDA:0,(anonymous_245)
FNDA:0,(anonymous_246)
FNDA:0,(anonymous_247)
FNDA:0,(anonymous_248)
FNDA:0,(anonymous_249)
FNDA:0,(anonymous_250)
FNDA:0,(anonymous_251)
FNDA:0,(anonymous_252)
FNDA:0,(anonymous_253)
FNDA:0,(anonymous_254)
FNDA:0,(anonymous_255)
FNDA:0,(anonymous_256)
FNDA:0,(anonymous_257)
FNDA:0,(anonymous_258)
FNDA:0,(anonymous_259)
FNDA:0,(anonymous_260)
FNDA:0,(anonymous_261)
FNDA:0,(anonymous_262)
FNDA:0,(anonymous_263)
FNDA:0,(anonymous_264)
FNDA:0,(anonymous_265)
FNDA:0,(anonymous_266)
FNDA:0,(anonymous_267)
FNDA:0,(anonymous_268)
FNDA:0,(anonymous_269)
FNDA:0,(anonymous_270)
FNDA:0,(anonymous_271)
FNDA:0,(anonymous_272)
FNDA:0,(anonymous_273)
FNDA:0,(anonymous_274)
FNDA:0,(anonymous_275)
FNDA:0,(anonymous_276)
FNDA:0,(anonymous_277)
FNDA:0,(anonymous_278)
FNDA:0,(anonymous_279)
FNDA:0,(anonymous_280)
FNDA:0,(anonymous_281)
FNDA:0,(anonymous_282)
FNDA:0,(anonymous_283)
FNDA:0,(anonymous_284)
FNDA:0,(anonymous_285)
FNDA:0,(anonymous_286)
FNDA:0,(anonymous_287)
FNDA:0,(anonymous_288)
FNDA:0,(anonymous_289)
FNDA:0,(anonymous_290)
FNDA:0,(anonymous_291)
FNDA:0,(anonymous_292)
FNDA:0,(anonymous_293)
FNDA:0,(anonymous_294)
FNDA:0,(anonymous_295)
FNDA:0,(anonymous_296)
FNDA:0,(anonymous_297)
FNDA:0,(anonymous_298)
FNDA:0,(anonymous_299)
FNDA:0,(anonymous_300)
FNDA:0,(anonymous_301)
FNDA:0,(anonymous_302)
FNDA:0,(anonymous_303)
FNDA:0,(anonymous_304)
FNDA:0,(anonymous_305)
FNDA:0,(anonymous_306)
FNDA:0,(anonymous_307)
FNDA:0,(anonymous_308)
FNDA:0,(anonymous_309)
FNDA:0,(anonymous_310)
FNDA:0,(anonymous_311)
FNDA:0,(anonymous_312)
FNDA:0,Y
FNDA:0,ne
FNDA:0,St
FNDA:0,hr
FNDA:0,ll
FNDA:0,(anonymous_318)
FNDA:0,e
FNDA:0,t
FNDA:0,r
FNDA:0,(anonymous_322)
FNDA:0,O
FNDA:0,me
FNDA:0,xr
FNDA:0,Er
FNDA:0,ce
FNDA:0,lo
FNDA:0,Oe
FNDA:0,uo
FNDA:0,eo
FNDA:0,co
FNDA:0,gn
FNDA:0,ke
FNDA:0,po
FNDA:0,hn
FNDA:0,ul
FNDA:0,cl
FNDA:0,tt
FNDA:0,Pr
FNDA:0,mo
FNDA:0,yn
FNDA:0,to
FNDA:0,pl
FNDA:0,dl
FNDA:0,ml
FNDA:0,fl
FNDA:0,gl
FNDA:0,hl
FNDA:0,yl
FNDA:0,wl
FNDA:0,El
FNDA:0,bl
FNDA:0,xl
FNDA:0,Pl
FNDA:0,vl
FNDA:0,Tl
FNDA:0,Cl
FNDA:0,fo
FNDA:0,i
FNDA:0,Al
FNDA:0,Rl
FNDA:0,Sl
FNDA:0,Il
FNDA:0,ro
FNDA:0,Ol
FNDA:0,kl
FNDA:0,Dl
FNDA:0,Ml
FNDA:0,Nl
FNDA:0,Fl
FNDA:0,_l
FNDA:0,Ll
FNDA:0,ql
FNDA:0,Bl
FNDA:0,Ul
FNDA:0,$l
FNDA:0,Vl
FNDA:0,jl
FNDA:0,Jl
FNDA:0,Gl
FNDA:0,Ql
FNDA:0,Hl
FNDA:0,Wl
FNDA:0,Kl
FNDA:0,It
FNDA:0,zl
FNDA:0,Yl
FNDA:0,rt
FNDA:0,nt
FNDA:0,vr
FNDA:0,it
FNDA:0,(anonymous_393)
FNDA:0,(anonymous_394)
FNDA:0,(anonymous_395)
FNDA:0,(anonymous_396)
FNDA:0,(anonymous_397)
FNDA:0,(anonymous_398)
FNDA:0,(anonymous_399)
FNDA:0,tu
FNDA:0,ru
FNDA:0,nu
FNDA:0,ot
FNDA:0,wo
FNDA:0,(anonymous_405)
FNDA:0,Eo
FNDA:0,(anonymous_407)
FNDA:0,iu
FNDA:0,ou
FNDA:0,su
FNDA:0,(anonymous_411)
FNDA:0,ho
FNDA:0,yo
FNDA:0,(anonymous_414)
FNDA:0,(anonymous_415)
FNDA:0,(anonymous_416)
FNDA:0,(anonymous_417)
FNDA:0,(anonymous_418)
FNDA:0,(anonymous_419)
FNDA:0,(anonymous_420)
FNDA:0,(anonymous_421)
FNDA:0,(anonymous_422)
FNDA:0,(anonymous_423)
FNDA:0,(anonymous_424)
FNDA:0,(anonymous_425)
FNDA:0,(anonymous_426)
FNDA:0,(anonymous_427)
FNDA:0,(anonymous_428)
FNDA:0,(anonymous_429)
FNDA:0,(anonymous_430)
FNDA:0,(anonymous_431)
FNDA:0,(anonymous_432)
FNDA:0,(anonymous_433)
FNDA:0,(anonymous_434)
FNDA:0,(anonymous_435)
FNDA:0,(anonymous_436)
FNDA:0,(anonymous_437)
FNDA:0,(anonymous_438)
FNDA:0,(anonymous_439)
FNDA:0,(anonymous_440)
FNDA:0,(anonymous_441)
FNDA:0,(anonymous_442)
FNDA:0,(anonymous_443)
FNDA:0,(anonymous_444)
FNDA:0,(anonymous_445)
FNDA:0,(anonymous_446)
FNDA:0,(anonymous_447)
FNDA:0,(anonymous_448)
FNDA:0,(anonymous_449)
FNDA:0,(anonymous_450)
FNDA:0,(anonymous_451)
FNDA:0,(anonymous_452)
FNDA:0,(anonymous_453)
FNDA:0,(anonymous_454)
FNDA:0,(anonymous_455)
FNDA:0,(anonymous_456)
FNDA:0,(anonymous_457)
FNDA:0,(anonymous_458)
FNDA:0,(anonymous_459)
FNDA:0,(anonymous_460)
FNDA:0,(anonymous_461)
FNDA:0,(anonymous_462)
FNDA:0,(anonymous_463)
FNDA:0,(anonymous_464)
FNDA:0,(anonymous_465)
FNDA:0,(anonymous_466)
FNDA:0,(anonymous_467)
FNDA:0,(anonymous_468)
FNDA:0,(anonymous_469)
FNDA:0,(anonymous_470)
FNDA:0,(anonymous_471)
FNDA:0,(anonymous_472)
FNDA:0,(anonymous_473)
FNDA:0,(anonymous_474)
FNDA:0,(anonymous_475)
FNDA:0,(anonymous_476)
FNDA:0,(anonymous_477)
FNDA:0,(anonymous_478)
FNDA:0,(anonymous_479)
FNDA:0,(anonymous_480)
FNDA:0,(anonymous_481)
FNDA:0,(anonymous_482)
FNDA:0,(anonymous_483)
FNDA:0,(anonymous_484)
FNDA:0,(anonymous_485)
FNDA:0,(anonymous_486)
FNDA:0,(anonymous_487)
FNDA:0,Tr
FNDA:0,lu
FNDA:0,(anonymous_490)
FNDA:0,uu
FNDA:0,(anonymous_492)
FNDA:0,cu
FNDA:0,(anonymous_494)
FNDA:0,pu
FNDA:0,(anonymous_496)
FNDA:0,du
FNDA:0,(anonymous_498)
FNDA:0,mu
FNDA:0,(anonymous_500)
FNDA:0,fu
FNDA:0,(anonymous_502)
FNDA:0,gu
FNDA:0,(anonymous_504)
FNDA:0,hu
FNDA:0,(anonymous_506)
FNDA:0,(anonymous_507)
FNDA:0,yu
FNDA:0,(anonymous_509)
FNDA:0,(anonymous_510)
FNDA:0,Po
FNDA:0,wu
FNDA:0,(anonymous_513)
FNDA:0,vo
FNDA:0,Eu
FNDA:0,(anonymous_516)
FNDA:0,(anonymous_517)
FNDA:0,bu
FNDA:0,(anonymous_519)
FNDA:0,(anonymous_520)
FNDA:0,xu
FNDA:0,(anonymous_522)
FNDA:0,Pu
FNDA:0,(anonymous_524)
FNDA:0,(anonymous_525)
FNDA:0,vu
FNDA:0,(anonymous_527)
FNDA:0,(anonymous_528)
FNDA:0,To
FNDA:0,Tu
FNDA:0,Cu
FNDA:0,Au
FNDA:0,Co
FNDA:0,Ao
FNDA:0,kt
FNDA:0,Dt
FNDA:0,Sr
FNDA:0,Su
FNDA:0,Ro
FNDA:0,(anonymous_540)
FNDA:0,(anonymous_541)
FNDA:0,ct
FNDA:0,(anonymous_543)
FNDA:0,(anonymous_544)
FNDA:0,(anonymous_545)
FNDA:0,(anonymous_546)
FNDA:0,xn
FNDA:0,(anonymous_548)
FNDA:0,(anonymous_549)
FNDA:0,(anonymous_550)
FNDA:0,(anonymous_551)
FNDA:0,(anonymous_552)
FNDA:0,(anonymous_553)
FNDA:0,(anonymous_554)
FNDA:0,(anonymous_555)
FNDA:0,(anonymous_556)
FNDA:0,pt
FNDA:0,Io
FNDA:0,Oo
FNDA:0,Iu
FNDA:0,kr
FNDA:0,Dr
FNDA:0,(anonymous_563)
FNDA:0,(anonymous_564)
FNDA:0,(anonymous_565)
FNDA:0,(anonymous_566)
FNDA:0,qt
FNDA:0,(anonymous_568)
FNDA:0,he
FNDA:0,(anonymous_570)
FNDA:0,Do
FNDA:0,Ou
FNDA:0,(anonymous_573)
FNDA:0,(anonymous_574)
FNDA:0,(anonymous_575)
FNDA:0,(anonymous_576)
FNDA:0,ko
FNDA:0,(anonymous_578)
FNDA:0,(anonymous_579)
FNDA:0,ku
FNDA:0,(anonymous_581)
FNDA:0,Mo
FNDA:0,No
FNDA:0,(anonymous_584)
FNDA:0,(anonymous_585)
FNDA:0,(anonymous_586)
FNDA:0,(anonymous_587)
FNDA:0,(anonymous_588)
FNDA:0,(anonymous_589)
FNDA:0,(anonymous_590)
FNDA:0,(anonymous_591)
FNDA:0,(anonymous_592)
FNDA:0,(anonymous_593)
FNDA:0,(anonymous_594)
FNDA:0,(anonymous_595)
FNDA:0,(anonymous_596)
FNDA:0,(anonymous_597)
FNDA:0,(anonymous_598)
FNDA:0,(anonymous_599)
FNDA:0,(anonymous_600)
FNDA:0,(anonymous_601)
FNDA:0,(anonymous_602)
FNDA:0,(anonymous_603)
FNDA:0,(anonymous_604)
FNDA:0,(anonymous_605)
FNDA:0,(anonymous_606)
FNDA:0,ye
FNDA:0,Cn
FNDA:0,Ut
FNDA:0,Mu
FNDA:0,Nu
FNDA:0,Fu
FNDA:0,_u
FNDA:0,Lu
FNDA:0,Lo
FNDA:0,qo
FNDA:0,qu
FNDA:0,Bu
FNDA:0,Uu
FNDA:0,An
FNDA:0,(anonymous_621)
FNDA:0,(anonymous_622)
FNDA:0,(anonymous_623)
FNDA:0,(anonymous_624)
FNDA:0,(anonymous_625)
FNDA:0,(anonymous_626)
FNDA:0,(anonymous_627)
FNDA:0,(anonymous_628)
FNDA:0,(anonymous_629)
FNDA:0,(anonymous_630)
FNDA:0,(anonymous_631)
FNDA:0,(anonymous_632)
FNDA:0,(anonymous_633)
FNDA:0,(anonymous_634)
FNDA:0,(anonymous_635)
FNDA:0,(anonymous_636)
FNDA:0,(anonymous_637)
FNDA:0,(anonymous_638)
FNDA:0,(anonymous_639)
FNDA:0,$u
FNDA:0,Rn
FNDA:0,Vu
FNDA:0,(anonymous_643)
FNDA:0,(anonymous_644)
FNDA:0,ju
FNDA:0,Sn
FNDA:0,(anonymous_647)
FNDA:0,(anonymous_648)
FNDA:0,(anonymous_649)
FNDA:0,(anonymous_650)
FNDA:0,Ju
FNDA:0,(anonymous_652)
FNDA:0,Bo
FNDA:0,Vt
FNDA:0,(anonymous_655)
FNDA:0,(anonymous_656)
FNDA:0,(anonymous_657)
FNDA:0,(anonymous_658)
FNDA:0,(anonymous_659)
FNDA:0,(anonymous_660)
FNDA:0,(anonymous_661)
FNDA:0,(anonymous_662)
FNDA:0,(anonymous_663)
FNDA:0,(anonymous_664)
FNDA:0,(anonymous_665)
FNDA:0,(anonymous_666)
FNDA:0,we
FNDA:0,(anonymous_668)
FNDA:0,Hu
FNDA:0,(anonymous_670)
FNDA:0,(anonymous_671)
FNDA:0,(anonymous_672)
FNDA:0,(anonymous_673)
FNDA:0,(anonymous_674)
FNDA:0,(anonymous_675)
FNDA:0,(anonymous_676)
FNDA:0,Ku
FNDA:0,Vo
FNDA:0,jo
FNDA:0,jt
FNDA:0,(anonymous_681)
FNDA:0,(anonymous_682)
FNDA:0,te
FNDA:0,(anonymous_684)
FNDA:0,(anonymous_685)
FNDA:0,Ve
FNDA:0,(anonymous_687)
FNDA:0,(anonymous_688)
FNDA:0,(anonymous_689)
FNDA:0,(anonymous_690)
FNDA:0,_r
FNDA:0,(anonymous_692)
FNDA:0,(anonymous_693)
FNDA:0,(anonymous_694)
FNDA:0,(anonymous_695)
FNDA:0,Ee
FNDA:0,(anonymous_697)
FNDA:0,(anonymous_698)
FNDA:0,(anonymous_699)
FNDA:0,(anonymous_700)
FNDA:0,(anonymous_701)
FNDA:0,(anonymous_702)
FNDA:0,(anonymous_703)
FNDA:0,Yu
FNDA:0,Go
FNDA:0,(anonymous_706)
FNDA:0,mt
FNDA:0,(anonymous_708)
FNDA:0,(anonymous_709)
FNDA:0,(anonymous_710)
FNDA:0,Lr
FNDA:0,Qo
FNDA:0,Jt
FNDA:0,Xu
FNDA:0,(anonymous_715)
FNDA:0,Fe
FNDA:0,ft
FNDA:0,(anonymous_718)
FNDA:0,tc
FNDA:0,qr
FNDA:0,(anonymous_721)
FNDA:0,Wo
FNDA:0,rc
FNDA:0,nc
FNDA:0,(anonymous_725)
FNDA:0,(anonymous_726)
FNDA:0,Ko
FNDA:0,ic
FNDA:0,oc
FNDA:0,(anonymous_730)
FNDA:0,(anonymous_731)
FNDA:0,zo
FNDA:0,Yo
FNDA:0,(anonymous_734)
FNDA:0,(anonymous_735)
FNDA:0,(anonymous_736)
FNDA:0,Zo
FNDA:0,(anonymous_738)
FNDA:0,(anonymous_739)
FNDA:0,(anonymous_740)
FNDA:0,(anonymous_741)
FNDA:0,(anonymous_742)
FNDA:0,(anonymous_743)
FNDA:0,(anonymous_744)
FNDA:0,(anonymous_745)
FNDA:0,sc
FNDA:0,ac
FNDA:0,Fn
FNDA:0,(anonymous_749)
FNDA:0,(anonymous_750)
FNDA:0,(anonymous_751)
FNDA:0,lc
FNDA:0,(anonymous_753)
FNDA:0,(anonymous_754)
FNDA:0,ts
FNDA:0,uc
FNDA:0,(anonymous_757)
FNDA:0,(anonymous_758)
FNDA:0,_n
FNDA:0,(anonymous_760)
FNDA:0,(anonymous_761)
FNDA:0,(anonymous_762)
FNDA:0,dc
FNDA:0,(anonymous_764)
FNDA:0,(anonymous_765)
FNDA:0,(anonymous_766)
FNDA:0,(anonymous_767)
FNDA:0,(anonymous_768)
FNDA:0,(anonymous_769)
FNDA:0,mc
FNDA:0,fc
FNDA:0,(anonymous_772)
FNDA:0,rs
FNDA:0,(anonymous_774)
FNDA:0,Gt
FNDA:0,(anonymous_776)
FNDA:0,(anonymous_777)
FNDA:0,gc
FNDA:0,(anonymous_779)
FNDA:0,(anonymous_780)
FNDA:0,(anonymous_781)
FNDA:0,ns
FNDA:0,is
FNDA:0,os
FNDA:0,(anonymous_785)
FNDA:0,(anonymous_786)
FNDA:0,hc
FNDA:0,(anonymous_788)
FNDA:0,yc
FNDA:0,(anonymous_790)
FNDA:0,Br
FNDA:0,ss
FNDA:0,(anonymous_793)
FNDA:0,as
FNDA:0,(anonymous_795)
FNDA:0,ls
FNDA:0,wc
FNDA:0,Qt
FNDA:0,cs
FNDA:0,(anonymous_800)
FNDA:0,(anonymous_801)
FNDA:0,ps
FNDA:0,ds
FNDA:0,(anonymous_804)
FNDA:0,ms
FNDA:0,(anonymous_806)
FNDA:0,(anonymous_807)
FNDA:0,(anonymous_808)
FNDA:0,fs
FNDA:0,(anonymous_810)
FNDA:0,ys
FNDA:0,ws
FNDA:0,Es
FNDA:0,qn
FNDA:0,gt
FNDA:0,(anonymous_816)
FNDA:0,(anonymous_817)
FNDA:0,(anonymous_818)
FNDA:0,L
FNDA:0,(anonymous_820)
FNDA:0,(anonymous_821)
FNDA:0,(anonymous_822)
FNDA:0,(anonymous_823)
FNDA:0,(anonymous_824)
FNDA:0,(anonymous_825)
FNDA:0,(anonymous_826)
FNDA:0,(anonymous_827)
FNDA:0,(anonymous_828)
FNDA:0,(anonymous_829)
FNDA:0,(anonymous_830)
FNDA:0,(anonymous_831)
FNDA:0,(anonymous_832)
FNDA:0,(anonymous_833)
FNDA:0,(anonymous_834)
FNDA:0,(anonymous_835)
FNDA:0,Tc
FNDA:0,nr
FNDA:0,wt
FNDA:0,bs
FNDA:0,(anonymous_840)
FNDA:0,(anonymous_841)
FNDA:0,xs
FNDA:0,Ps
FNDA:0,(anonymous_844)
FNDA:0,Cc
FNDA:0,vs
FNDA:0,(anonymous_847)
FNDA:0,Qe
FNDA:0,(anonymous_849)
FNDA:0,Rc
FNDA:0,Sc
FNDA:0,Ic
FNDA:0,(anonymous_853)
FNDA:0,(anonymous_854)
FNDA:0,(anonymous_855)
FNDA:0,Gn
FNDA:0,(anonymous_857)
FNDA:0,(anonymous_858)
FNDA:0,(anonymous_859)
FNDA:0,(anonymous_860)
FNDA:0,(anonymous_861)
FNDA:0,(anonymous_862)
FNDA:0,(anonymous_863)
FNDA:0,(anonymous_864)
FNDA:0,(anonymous_865)
FNDA:0,(anonymous_866)
FNDA:0,(anonymous_867)
FNDA:0,(anonymous_868)
FNDA:0,Dc
FNDA:0,As
FNDA:0,Mc
FNDA:0,(anonymous_872)
FNDA:0,(anonymous_873)
FNDA:0,(anonymous_874)
FNDA:0,(anonymous_875)
FNDA:0,(anonymous_876)
FNDA:0,(anonymous_877)
FNDA:0,(anonymous_878)
FNDA:0,(anonymous_879)
FNDA:0,(anonymous_880)
FNDA:0,(anonymous_881)
FNDA:0,(anonymous_882)
FNDA:0,(anonymous_883)
FNDA:0,(anonymous_884)
FNDA:0,(anonymous_885)
FNDA:0,(anonymous_886)
FNDA:0,(anonymous_887)
FNDA:0,(anonymous_888)
FNDA:0,(anonymous_889)
FNDA:0,(anonymous_890)
FNDA:0,(anonymous_891)
FNDA:0,(anonymous_892)
FNDA:0,(anonymous_893)
FNDA:0,(anonymous_894)
FNDA:0,(anonymous_895)
FNDA:0,(anonymous_896)
FNDA:0,(anonymous_897)
FNDA:0,(anonymous_898)
FNDA:0,(anonymous_899)
FNDA:0,Ss
FNDA:0,$r
FNDA:0,(anonymous_902)
FNDA:0,(anonymous_903)
FNDA:0,(anonymous_904)
FNDA:0,Et
FNDA:0,ks
FNDA:0,(anonymous_907)
FNDA:0,Ms
FNDA:0,(anonymous_909)
FNDA:0,Nc
FNDA:0,Ns
FNDA:0,Ds
FNDA:0,Kn
FNDA:0,(anonymous_914)
FNDA:0,(anonymous_915)
FNDA:0,(anonymous_916)
FNDA:0,(anonymous_917)
FNDA:0,(anonymous_918)
FNDA:0,(anonymous_919)
FNDA:0,Yn
FNDA:0,(anonymous_921)
FNDA:0,(anonymous_922)
FNDA:0,(anonymous_923)
FNDA:0,(anonymous_924)
FNDA:0,(anonymous_925)
FNDA:0,(anonymous_926)
FNDA:0,Bs
FNDA:0,(anonymous_928)
FNDA:0,(anonymous_929)
FNDA:0,(anonymous_930)
FNDA:0,(anonymous_931)
FNDA:0,(anonymous_932)
FNDA:0,(anonymous_933)
FNDA:0,(anonymous_934)
FNDA:0,(anonymous_935)
FNDA:0,(anonymous_936)
FNDA:0,(anonymous_937)
FNDA:0,(anonymous_938)
FNDA:0,$s
FNDA:0,Vs
FNDA:0,(anonymous_941)
FNDA:0,(anonymous_942)
FNDA:0,(anonymous_943)
FNDA:0,js
FNDA:0,(anonymous_945)
FNDA:0,(anonymous_946)
FNDA:0,(anonymous_947)
FNDA:0,(anonymous_948)
FNDA:0,(anonymous_949)
FNDA:0,(anonymous_950)
FNDA:0,jr
FNDA:0,Js
FNDA:0,Xn
FNDA:0,(anonymous_954)
FNDA:0,ei
FNDA:0,(anonymous_956)
FNDA:0,(anonymous_957)
FNDA:0,(anonymous_958)
FNDA:0,(anonymous_959)
FNDA:0,(anonymous_960)
FNDA:0,(anonymous_961)
FNDA:0,(anonymous_962)
FNDA:0,(anonymous_963)
FNDA:0,(anonymous_964)
FNDA:0,(anonymous_965)
FNDA:0,(anonymous_966)
FNDA:0,(anonymous_967)
FNDA:0,He
FNDA:0,(anonymous_969)
FNDA:0,(anonymous_970)
FNDA:0,(anonymous_971)
FNDA:0,(anonymous_972)
FNDA:0,(anonymous_973)
FNDA:0,(anonymous_974)
FNDA:0,Gs
FNDA:0,qc
FNDA:0,(anonymous_977)
FNDA:0,(anonymous_978)
FNDA:0,(anonymous_979)
FNDA:0,(anonymous_980)
FNDA:0,(anonymous_981)
FNDA:0,(anonymous_982)
FNDA:0,(anonymous_983)
FNDA:0,(anonymous_984)
FNDA:0,(anonymous_985)
FNDA:0,(anonymous_986)
FNDA:0,(anonymous_987)
FNDA:0,(anonymous_988)
FNDA:0,(anonymous_989)
FNDA:0,(anonymous_990)
FNDA:0,(anonymous_991)
FNDA:0,(anonymous_992)
FNDA:0,Uc
FNDA:0,Hs
FNDA:0,$c
FNDA:0,Vc
FNDA:0,Ws
FNDA:0,(anonymous_998)
FNDA:0,(anonymous_999)
FNDA:0,(anonymous_1000)
FNDA:0,(anonymous_1001)
FNDA:0,(anonymous_1002)
FNDA:0,(anonymous_1003)
FNDA:0,(anonymous_1004)
FNDA:0,t
FNDA:0,(anonymous_1006)
FNDA:0,(anonymous_1007)
FNDA:0,(anonymous_1008)
FNDA:0,(anonymous_1009)
FNDA:0,(anonymous_1010)
FNDA:0,ra
FNDA:0,bt
FNDA:0,Gc
FNDA:0,(anonymous_1014)
FNDA:0,(anonymous_1015)
FNDA:0,Qc
FNDA:0,ea
FNDA:0,(anonymous_1018)
FNDA:0,Hc
FNDA:0,(anonymous_1020)
FNDA:0,(anonymous_1021)
FNDA:0,(anonymous_1022)
FNDA:0,(anonymous_1023)
FNDA:0,na
FNDA:0,(anonymous_1025)
FNDA:0,(anonymous_1026)
FNDA:0,(anonymous_1027)
FNDA:0,(anonymous_1028)
FNDA:0,(anonymous_1029)
FNDA:0,(anonymous_1030)
FNDA:0,(anonymous_1031)
FNDA:0,(anonymous_1032)
FNDA:0,Yc
FNDA:0,(anonymous_1034)
FNDA:0,(anonymous_1035)
FNDA:0,(anonymous_1036)
FNDA:0,(anonymous_1037)
FNDA:0,(anonymous_1038)
FNDA:0,(anonymous_1039)
FNDA:0,(anonymous_1040)
FNDA:0,(anonymous_1041)
FNDA:0,(anonymous_1042)
FNDA:0,(anonymous_1043)
FNDA:0,(anonymous_1044)
FNDA:0,(anonymous_1045)
FNDA:0,(anonymous_1046)
FNDA:0,(anonymous_1047)
FNDA:0,(anonymous_1048)
FNDA:0,(anonymous_1049)
FNDA:0,(anonymous_1050)
FNDA:0,(anonymous_1051)
FNDA:0,(anonymous_1052)
FNDA:0,(anonymous_1053)
FNDA:0,(anonymous_1054)
FNDA:0,(anonymous_1055)
FNDA:0,(anonymous_1056)
FNDA:0,(anonymous_1057)
FNDA:0,(anonymous_1058)
FNDA:0,(anonymous_1059)
FNDA:0,(anonymous_1060)
FNDA:0,(anonymous_1061)
FNDA:0,(anonymous_1062)
FNDA:0,(anonymous_1063)
FNDA:0,(anonymous_1064)
FNDA:0,(anonymous_1065)
FNDA:0,(anonymous_1066)
FNDA:0,(anonymous_1067)
FNDA:0,(anonymous_1068)
FNDA:0,(anonymous_1069)
FNDA:0,(anonymous_1070)
FNDA:0,(anonymous_1071)
FNDA:0,(anonymous_1072)
FNDA:0,(anonymous_1073)
FNDA:0,(anonymous_1074)
FNDA:0,(anonymous_1075)
FNDA:0,(anonymous_1076)
FNDA:0,(anonymous_1077)
FNDA:0,(anonymous_1078)
FNDA:0,ia
FNDA:0,Zc
FNDA:0,ep
FNDA:0,(anonymous_1082)
DA:1,0
DA:2,0
DA:3,0
DA:4,0
DA:5,0
DA:6,0
DA:8,0
DA:11,0
DA:12,0
DA:13,0
DA:20,0
DA:21,0
DA:22,0
DA:23,0
DA:24,0
DA:25,0
DA:29,0
DA:30,0
LF:18
LH:0
BRDA:1,0,0,0
BRDA:1,0,1,0
BRDA:1,1,0,0
BRDA:1,1,1,0
BRDA:1,2,0,0
BRDA:1,2,1,0
BRDA:1,3,0,0
BRDA:1,3,1,0
BRDA:1,4,0,0
BRDA:1,4,1,0
BRDA:1,5,0,0
BRDA:1,5,1,0
BRDA:1,6,0,0
BRDA:1,6,1,0
BRDA:1,7,0,0
BRDA:1,7,1,0
BRDA:1,7,2,0
BRDA:1,8,0,0
BRDA:1,8,1,0
BRDA:1,8,2,0
BRDA:1,9,0,0
BRDA:1,9,1,0
BRDA:1,10,0,0
BRDA:1,10,1,0
BRDA:1,11,0,0
BRDA:1,11,1,0
BRDA:1,12,0,0
BRDA:1,12,1,0
BRDA:1,12,2,0
BRDA:1,13,0,0
BRDA:1,13,1,0
BRDA:1,14,0,0
BRDA:1,14,1,0
BRDA:1,15,0,0
BRDA:1,15,1,0
BRDA:1,16,0,0
BRDA:1,16,1,0
BRDA:1,17,0,0
BRDA:1,17,1,0
BRDA:1,18,0,0
BRDA:1,18,1,0
BRDA:1,19,0,0
BRDA:1,19,1,0
BRDA:1,20,0,0
BRDA:1,20,1,0
BRDA:1,21,0,0
BRDA:1,21,1,0
BRDA:1,22,0,0
BRDA:1,22,1,0
BRDA:1,23,0,0
BRDA:1,23,1,0
BRDA:1,24,0,0
BRDA:1,24,1,0
BRDA:1,25,0,0
BRDA:1,25,1,0
BRDA:1,26,0,0
BRDA:1,26,1,0
BRDA:1,27,0,0
BRDA:1,27,1,0
BRDA:1,28,0,0
BRDA:1,28,1,0
BRDA:1,29,0,0
BRDA:1,29,1,0
BRDA:1,30,0,0
BRDA:1,30,1,0
BRDA:1,31,0,0
BRDA:1,31,1,0
BRDA:1,32,0,0
BRDA:1,32,1,0
BRDA:1,33,0,0
BRDA:1,33,1,0
BRDA:1,34,0,0
BRDA:1,34,1,0
BRDA:1,35,0,0
BRDA:1,35,1,0
BRDA:1,36,0,0
BRDA:1,36,1,0
BRDA:1,36,2,0
BRDA:1,37,0,0
BRDA:1,37,1,0
BRDA:1,38,0,0
BRDA:1,38,1,0
BRDA:1,39,0,0
BRDA:1,39,1,0
BRDA:1,40,0,0
BRDA:1,40,1,0
BRDA:1,41,0,0
BRDA:1,41,1,0
BRDA:1,42,0,0
BRDA:1,42,1,0
BRDA:1,43,0,0
BRDA:1,43,1,0
BRDA:1,44,0,0
BRDA:1,44,1,0
BRDA:1,45,0,0
BRDA:1,45,1,0
BRDA:1,46,0,0
BRDA:1,46,1,0
BRDA:1,47,0,0
BRDA:1,47,1,0
BRDA:1,47,2,0
BRDA:1,47,3,0
BRDA:1,48,0,0
BRDA:1,48,1,0
BRDA:1,49,0,0
BRDA:1,49,1,0
BRDA:1,50,0,0
BRDA:1,50,1,0
BRDA:1,51,0,0
BRDA:1,51,1,0
BRDA:1,52,0,0
BRDA:1,52,1,0
BRDA:1,53,0,0
BRDA:1,53,1,0
BRDA:1,54,0,0
BRDA:1,54,1,0
BRDA:1,55,0,0
BRDA:1,55,1,0
BRDA:1,56,0,0
BRDA:1,56,1,0
BRDA:1,57,0,0
BRDA:1,57,1,0
BRDA:1,57,2,0
BRDA:1,57,3,0
BRDA:1,57,4,0
BRDA:1,57,5,0
BRDA:1,57,6,0
BRDA:1,58,0,0
BRDA:1,58,1,0
BRDA:1,59,0,0
BRDA:1,59,1,0
BRDA:1,60,0,0
BRDA:1,60,1,0
BRDA:1,61,0,0
BRDA:1,61,1,0
BRDA:1,62,0,0
BRDA:1,62,1,0
BRDA:1,63,0,0
BRDA:1,63,1,0
BRDA:1,64,0,0
BRDA:1,64,1,0
BRDA:1,64,2,0
BRDA:1,65,0,0
BRDA:1,65,1,0
BRDA:1,66,0,0
BRDA:1,66,1,0
BRDA:1,67,0,0
BRDA:1,67,1,0
BRDA:1,68,0,0
BRDA:1,68,1,0
BRDA:1,69,0,0
BRDA:1,69,1,0
BRDA:1,70,0,0
BRDA:1,70,1,0
BRDA:1,71,0,0
BRDA:1,71,1,0
BRDA:1,72,0,0
BRDA:1,72,1,0
BRDA:1,72,2,0
BRDA:1,73,0,0
BRDA:1,73,1,0
BRDA:1,74,0,0
BRDA:1,74,1,0
BRDA:1,75,0,0
BRDA:1,75,1,0
BRDA:1,76,0,0
BRDA:1,76,1,0
BRDA:1,77,0,0
BRDA:1,77,1,0
BRDA:1,78,0,0
BRDA:1,78,1,0
BRDA:1,79,0,0
BRDA:1,79,1,0
BRDA:1,80,0,0
BRDA:1,80,1,0
BRDA:1,81,0,0
BRDA:1,81,1,0
BRDA:1,82,0,0
BRDA:1,82,1,0
BRDA:1,83,0,0
BRDA:1,83,1,0
BRDA:1,84,0,0
BRDA:1,84,1,0
BRDA:1,85,0,0
BRDA:1,85,1,0
BRDA:1,86,0,0
BRDA:1,86,1,0
BRDA:1,87,0,0
BRDA:1,87,1,0
BRDA:1,88,0,0
BRDA:1,88,1,0
BRDA:1,89,0,0
BRDA:1,89,1,0
BRDA:1,90,0,0
BRDA:1,90,1,0
BRDA:1,91,0,0
BRDA:1,91,1,0
BRDA:1,92,0,0
BRDA:1,92,1,0
BRDA:1,92,2,0
BRDA:1,93,0,0
BRDA:1,93,1,0
BRDA:1,94,0,0
BRDA:1,94,1,0
BRDA:1,95,0,0
BRDA:1,95,1,0
BRDA:1,96,0,0
BRDA:1,96,1,0
BRDA:1,97,0,0
BRDA:1,97,1,0
BRDA:1,98,0,0
BRDA:1,98,1,0
BRDA:1,99,0,0
BRDA:1,99,1,0
BRDA:1,100,0,0
BRDA:1,100,1,0
BRDA:1,101,0,0
BRDA:1,101,1,0
BRDA:1,101,2,0
BRDA:1,101,3,0
BRDA:1,101,4,0
BRDA:1,101,5,0
BRDA:1,101,6,0
BRDA:1,101,7,0
BRDA:1,101,8,0
BRDA:1,101,9,0
BRDA:1,101,10,0
BRDA:1,101,11,0
BRDA:1,102,0,0
BRDA:1,102,1,0
BRDA:1,103,0,0
BRDA:1,103,1,0
BRDA:1,104,0,0
BRDA:1,104,1,0
BRDA:1,105,0,0
BRDA:1,105,1,0
BRDA:1,106,0,0
BRDA:1,106,1,0
BRDA:1,107,0,0
BRDA:1,107,1,0
BRDA:1,108,0,0
BRDA:1,108,1,0
BRDA:1,109,0,0
BRDA:1,109,1,0
BRDA:1,110,0,0
BRDA:1,110,1,0
BRDA:1,111,0,0
BRDA:1,111,1,0
BRDA:1,112,0,0
BRDA:1,112,1,0
BRDA:1,113,0,0
BRDA:1,113,1,0
BRDA:1,114,0,0
BRDA:1,114,1,0
BRDA:1,115,0,0
BRDA:1,115,1,0
BRDA:1,116,0,0
BRDA:1,116,1,0
BRDA:1,116,2,0
BRDA:1,116,3,0
BRDA:1,116,4,0
BRDA:1,116,5,0
BRDA:1,116,6,0
BRDA:1,116,7,0
BRDA:1,116,8,0
BRDA:1,116,9,0
BRDA:1,116,10,0
BRDA:1,116,11,0
BRDA:1,117,0,0
BRDA:1,117,1,0
BRDA:1,118,0,0
BRDA:1,118,1,0
BRDA:1,119,0,0
BRDA:1,119,1,0
BRDA:1,120,0,0
BRDA:1,120,1,0
BRDA:1,120,2,0
BRDA:1,121,0,0
BRDA:1,121,1,0
BRDA:1,121,2,0
BRDA:1,122,0,0
BRDA:1,122,1,0
BRDA:1,122,2,0
BRDA:1,123,0,0
BRDA:1,123,1,0
BRDA:1,124,0,0
BRDA:1,124,1,0
BRDA:1,124,2,0
BRDA:1,124,3,0
BRDA:1,124,4,0
BRDA:1,124,5,0
BRDA:1,124,6,0
BRDA:1,124,7,0
BRDA:1,124,8,0
BRDA:1,124,9,0
BRDA:1,124,10,0
BRDA:1,124,11,0
BRDA:1,125,0,0
BRDA:1,125,1,0
BRDA:1,126,0,0
BRDA:1,126,1,0
BRDA:1,127,0,0
BRDA:1,127,1,0
BRDA:1,128,0,0
BRDA:1,128,1,0
BRDA:1,129,0,0
BRDA:1,129,1,0
BRDA:1,130,0,0
BRDA:1,130,1,0
BRDA:1,131,0,0
BRDA:1,131,1,0
BRDA:1,132,0,0
BRDA:1,132,1,0
BRDA:1,133,0,0
BRDA:1,133,1,0
BRDA:1,134,0,0
BRDA:1,134,1,0
BRDA:1,135,0,0
BRDA:1,135,1,0
BRDA:1,136,0,0
BRDA:1,136,1,0
BRDA:1,137,0,0
BRDA:1,137,1,0
BRDA:1,138,0,0
BRDA:1,138,1,0
BRDA:1,139,0,0
BRDA:1,139,1,0
BRDA:1,140,0,0
BRDA:1,140,1,0
BRDA:1,141,0,0
BRDA:1,141,1,0
BRDA:1,142,0,0
BRDA:1,142,1,0
BRDA:1,143,0,0
BRDA:1,143,1,0
BRDA:1,143,2,0
BRDA:1,143,3,0
BRDA:1,144,0,0
BRDA:1,144,1,0
BRDA:1,145,0,0
BRDA:1,145,1,0
BRDA:1,146,0,0
BRDA:1,146,1,0
BRDA:1,147,0,0
BRDA:1,147,1,0
BRDA:1,148,0,0
BRDA:1,148,1,0
BRDA:1,149,0,0
BRDA:1,149,1,0
BRDA:1,150,0,0
BRDA:1,150,1,0
BRDA:1,151,0,0
BRDA:1,151,1,0
BRDA:1,152,0,0
BRDA:1,152,1,0
BRDA:1,153,0,0
BRDA:1,153,1,0
BRDA:1,154,0,0
BRDA:1,154,1,0
BRDA:1,155,0,0
BRDA:1,155,1,0
BRDA:1,156,0,0
BRDA:1,156,1,0
BRDA:1,157,0,0
BRDA:1,157,1,0
BRDA:1,158,0,0
BRDA:1,158,1,0
BRDA:1,159,0,0
BRDA:1,159,1,0
BRDA:1,160,0,0
BRDA:1,160,1,0
BRDA:1,161,0,0
BRDA:1,161,1,0
BRDA:1,162,0,0
BRDA:1,162,1,0
BRDA:1,163,0,0
BRDA:1,163,1,0
BRDA:1,164,0,0
BRDA:1,164,1,0
BRDA:1,165,0,0
BRDA:1,165,1,0
BRDA:1,166,0,0
BRDA:1,166,1,0
BRDA:1,167,0,0
BRDA:1,167,1,0
BRDA:1,168,0,0
BRDA:1,168,1,0
BRDA:1,169,0,0
BRDA:1,169,1,0
BRDA:1,170,0,0
BRDA:1,170,1,0
BRDA:1,171,0,0
BRDA:1,171,1,0
BRDA:1,171,2,0
BRDA:1,171,3,0
BRDA:1,172,0,0
BRDA:1,172,1,0
BRDA:1,173,0,0
BRDA:1,173,1,0
BRDA:1,174,0,0
BRDA:1,174,1,0
BRDA:1,175,0,0
BRDA:1,175,1,0
BRDA:1,176,0,0
BRDA:1,176,1,0
BRDA:1,177,0,0
BRDA:1,177,1,0
BRDA:1,178,0,0
BRDA:1,178,1,0
BRDA:1,179,0,0
BRDA:1,179,1,0
BRDA:1,180,0,0
BRDA:1,180,1,0
BRDA:1,181,0,0
BRDA:1,181,1,0
BRDA:1,182,0,0
BRDA:1,182,1,0
BRDA:1,183,0,0
BRDA:1,183,1,0
BRDA:1,184,0,0
BRDA:1,184,1,0
BRDA:1,185,0,0
BRDA:1,185,1,0
BRDA:1,186,0,0
BRDA:1,186,1,0
BRDA:1,187,0,0
BRDA:1,187,1,0
BRDA:1,188,0,0
BRDA:1,188,1,0
BRDA:1,189,0,0
BRDA:1,189,1,0
BRDA:1,190,0,0
BRDA:1,190,1,0
BRDA:1,191,0,0
BRDA:1,191,1,0
BRDA:1,192,0,0
BRDA:1,192,1,0
BRDA:1,193,0,0
BRDA:1,193,1,0
BRDA:1,194,0,0
BRDA:1,194,1,0
BRDA:1,195,0,0
BRDA:1,195,1,0
BRDA:1,196,0,0
BRDA:1,196,1,0
BRDA:1,196,2,0
BRDA:1,197,0,0
BRDA:1,197,1,0
BRDA:1,197,2,0
BRDA:1,197,3,0
BRDA:1,198,0,0
BRDA:1,198,1,0
BRDA:1,199,0,0
BRDA:1,199,1,0
BRDA:1,199,2,0
BRDA:1,199,3,0
BRDA:1,199,4,0
BRDA:1,199,5,0
BRDA:1,199,6,0
BRDA:1,199,7,0
BRDA:1,199,8,0
BRDA:1,199,9,0
BRDA:1,199,10,0
BRDA:1,199,11,0
BRDA:1,200,0,0
BRDA:1,200,1,0
BRDA:1,201,0,0
BRDA:1,201,1,0
BRDA:1,202,0,0
BRDA:1,202,1,0
BRDA:1,203,0,0
BRDA:1,203,1,0
BRDA:1,204,0,0
BRDA:1,204,1,0
BRDA:1,205,0,0
BRDA:1,205,1,0
BRDA:1,206,0,0
BRDA:1,206,1,0
BRDA:1,207,0,0
BRDA:1,207,1,0
BRDA:1,208,0,0
BRDA:1,208,1,0
BRDA:1,208,2,0
BRDA:1,208,3,0
BRDA:1,209,0,0
BRDA:1,209,1,0
BRDA:1,210,0,0
BRDA:1,210,1,0
BRDA:1,211,0,0
BRDA:1,211,1,0
BRDA:1,212,0,0
BRDA:1,212,1,0
BRDA:1,212,2,0
BRDA:1,213,0,0
BRDA:1,213,1,0
BRDA:1,213,2,0
BRDA:1,213,3,0
BRDA:1,214,0,0
BRDA:1,214,1,0
BRDA:1,214,2,0
BRDA:1,214,3,0
BRDA:1,215,0,0
BRDA:1,215,1,0
BRDA:1,215,2,0
BRDA:1,216,0,0
BRDA:1,216,1,0
BRDA:1,217,0,0
BRDA:1,217,1,0
BRDA:1,218,0,0
BRDA:1,218,1,0
BRDA:1,219,0,0
BRDA:1,219,1,0
BRDA:1,219,2,0
BRDA:1,220,0,0
BRDA:1,220,1,0
BRDA:1,220,2,0
BRDA:1,220,3,0
BRDA:1,221,0,0
BRDA:1,221,1,0
BRDA:1,222,0,0
BRDA:1,222,1,0
BRDA:1,223,0,0
BRDA:1,223,1,0
BRDA:1,224,0,0
BRDA:1,224,1,0
BRDA:1,225,0,0
BRDA:1,225,1,0
BRDA:1,226,0,0
BRDA:1,226,1,0
BRDA:1,227,0,0
BRDA:1,227,1,0
BRDA:1,228,0,0
BRDA:1,228,1,0
BRDA:1,229,0,0
BRDA:1,229,1,0
BRDA:1,230,0,0
BRDA:1,230,1,0
BRDA:1,231,0,0
BRDA:1,231,1,0
BRDA:1,232,0,0
BRDA:1,232,1,0
BRDA:1,233,0,0
BRDA:1,233,1,0
BRDA:1,234,0,0
BRDA:1,234,1,0
BRDA:1,235,0,0
BRDA:1,235,1,0
BRDA:1,236,0,0
BRDA:1,236,1,0
BRDA:1,237,0,0
BRDA:1,237,1,0
BRDA:1,238,0,0
BRDA:1,238,1,0
BRDA:1,239,0,0
BRDA:1,239,1,0
BRDA:1,240,0,0
BRDA:1,240,1,0
BRDA:1,241,0,0
BRDA:1,241,1,0
BRDA:1,241,2,0
BRDA:1,242,0,0
BRDA:1,242,1,0
BRDA:1,242,2,0
BRDA:1,243,0,0
BRDA:1,243,1,0
BRDA:1,244,0,0
BRDA:1,244,1,0
BRDA:1,245,0,0
BRDA:1,245,1,0
BRDA:1,246,0,0
BRDA:1,246,1,0
BRDA:1,247,0,0
BRDA:1,247,1,0
BRDA:1,248,0,0
BRDA:1,248,1,0
BRDA:1,249,0,0
BRDA:1,249,1,0
BRDA:1,250,0,0
BRDA:1,250,1,0
BRDA:1,251,0,0
BRDA:1,251,1,0
BRDA:1,252,0,0
BRDA:1,252,1,0
BRDA:1,253,0,0
BRDA:1,253,1,0
BRDA:1,254,0,0
BRDA:1,254,1,0
BRDA:1,255,0,0
BRDA:1,255,1,0
BRDA:1,256,0,0
BRDA:1,256,1,0
BRDA:1,257,0,0
BRDA:1,257,1,0
BRDA:1,257,2,0
BRDA:1,258,0,0
BRDA:1,258,1,0
BRDA:1,258,2,0
BRDA:1,259,0,0
BRDA:1,259,1,0
BRDA:1,260,0,0
BRDA:1,260,1,0
BRDA:1,261,0,0
BRDA:1,261,1,0
BRDA:1,262,0,0
BRDA:1,262,1,0
BRDA:1,263,0,0
BRDA:1,263,1,0
BRDA:1,264,0,0
BRDA:1,264,1,0
BRDA:1,265,0,0
BRDA:1,265,1,0
BRDA:1,266,0,0
BRDA:1,266,1,0
BRDA:1,267,0,0
BRDA:1,267,1,0
BRDA:1,268,0,0
BRDA:1,268,1,0
BRDA:1,269,0,0
BRDA:1,269,1,0
BRDA:1,270,0,0
BRDA:1,270,1,0
BRDA:1,271,0,0
BRDA:1,271,1,0
BRDA:1,272,0,0
BRDA:1,272,1,0
BRDA:1,273,0,0
BRDA:1,273,1,0
BRDA:1,274,0,0
BRDA:1,274,1,0
BRDA:1,275,0,0
BRDA:1,275,1,0
BRDA:1,276,0,0
BRDA:1,277,0,0
BRDA:1,278,0,0
BRDA:1,278,1,0
BRDA:1,279,0,0
BRDA:1,279,1,0
BRDA:1,280,0,0
BRDA:1,280,1,0
BRDA:1,280,2,0
BRDA:1,280,3,0
BRDA:1,281,0,0
BRDA:1,281,1,0
BRDA:1,282,0,0
BRDA:1,282,1,0
BRDA:1,283,0,0
BRDA:1,283,1,0
BRDA:1,283,2,0
BRDA:1,283,3,0
BRDA:1,284,0,0
BRDA:1,284,1,0
BRDA:1,285,0,0
BRDA:1,285,1,0
BRDA:1,286,0,0
BRDA:1,286,1,0
BRDA:1,287,0,0
BRDA:1,287,1,0
BRDA:1,288,0,0
BRDA:1,288,1,0
BRDA:1,289,0,0
BRDA:1,289,1,0
BRDA:1,290,0,0
BRDA:1,290,1,0
BRDA:1,291,0,0
BRDA:1,292,0,0
BRDA:1,293,0,0
BRDA:1,293,1,0
BRDA:1,294,0,0
BRDA:1,294,1,0
BRDA:1,295,0,0
BRDA:1,295,1,0
BRDA:1,296,0,0
BRDA:1,296,1,0
BRDA:1,297,0,0
BRDA:1,297,1,0
BRDA:1,298,0,0
BRDA:1,298,1,0
BRDA:1,299,0,0
BRDA:1,299,1,0
BRDA:1,300,0,0
BRDA:1,300,1,0
BRDA:1,300,2,0
BRDA:1,301,0,0
BRDA:1,301,1,0
BRDA:1,302,0,0
BRDA:1,302,1,0
BRDA:1,303,0,0
BRDA:1,303,1,0
BRDA:1,303,2,0
BRDA:1,304,0,0
BRDA:1,304,1,0
BRDA:1,304,2,0
BRDA:1,305,0,0
BRDA:1,305,1,0
BRDA:1,306,0,0
BRDA:1,306,1,0
BRDA:1,307,0,0
BRDA:1,307,1,0
BRDA:1,308,0,0
BRDA:1,308,1,0
BRDA:1,309,0,0
BRDA:1,309,1,0
BRDA:1,310,0,0
BRDA:1,310,1,0
BRDA:1,311,0,0
BRDA:1,311,1,0
BRDA:1,312,0,0
BRDA:1,312,1,0
BRDA:1,313,0,0
BRDA:1,313,1,0
BRDA:1,314,0,0
BRDA:1,314,1,0
BRDA:1,315,0,0
BRDA:1,315,1,0
BRDA:1,316,0,0
BRDA:1,316,1,0
BRDA:1,317,0,0
BRDA:1,317,1,0
BRDA:1,318,0,0
BRDA:1,318,1,0
BRDA:1,319,0,0
BRDA:1,319,1,0
BRDA:1,320,0,0
BRDA:1,320,1,0
BRDA:1,321,0,0
BRDA:1,321,1,0
BRDA:1,321,2,0
BRDA:1,321,3,0
BRDA:1,322,0,0
BRDA:1,322,1,0
BRDA:1,323,0,0
BRDA:1,323,1,0
BRDA:1,324,0,0
BRDA:1,324,1,0
BRDA:1,325,0,0
BRDA:1,325,1,0
BRDA:1,325,2,0
BRDA:1,326,0,0
BRDA:1,326,1,0
BRDA:1,327,0,0
BRDA:1,327,1,0
BRDA:1,328,0,0
BRDA:1,328,1,0
BRDA:1,329,0,0
BRDA:1,329,1,0
BRDA:1,330,0,0
BRDA:1,330,1,0
BRDA:1,331,0,0
BRDA:1,331,1,0
BRDA:1,332,0,0
BRDA:1,332,1,0
BRDA:1,333,0,0
BRDA:1,333,1,0
BRDA:1,334,0,0
BRDA:1,334,1,0
BRDA:1,335,0,0
BRDA:1,335,1,0
BRDA:1,336,0,0
BRDA:1,336,1,0
BRDA:1,336,2,0
BRDA:1,337,0,0
BRDA:1,337,1,0
BRDA:1,338,0,0
BRDA:1,338,1,0
BRDA:1,338,2,0
BRDA:1,339,0,0
BRDA:1,339,1,0
BRDA:1,340,0,0
BRDA:1,340,1,0
BRDA:1,341,0,0
BRDA:1,341,1,0
BRDA:1,342,0,0
BRDA:1,342,1,0
BRDA:1,343,0,0
BRDA:1,343,1,0
BRDA:1,344,0,0
BRDA:1,344,1,0
BRDA:1,345,0,0
BRDA:1,345,1,0
BRDA:1,346,0,0
BRDA:1,346,1,0
BRDA:1,347,0,0
BRDA:1,347,1,0
BRDA:1,348,0,0
BRDA:1,348,1,0
BRDA:1,349,0,0
BRDA:1,349,1,0
BRDA:1,350,0,0
BRDA:1,350,1,0
BRDA:1,351,0,0
BRDA:1,351,1,0
BRDA:1,352,0,0
BRDA:1,352,1,0
BRDA:1,353,0,0
BRDA:1,353,1,0
BRDA:1,354,0,0
BRDA:1,354,1,0
BRDA:1,355,0,0
BRDA:1,355,1,0
BRDA:1,356,0,0
BRDA:1,356,1,0
BRDA:1,357,0,0
BRDA:1,357,1,0
BRDA:1,358,0,0
BRDA:1,358,1,0
BRDA:1,359,0,0
BRDA:1,359,1,0
BRDA:1,360,0,0
BRDA:1,360,1,0
BRDA:1,361,0,0
BRDA:1,361,1,0
BRDA:1,362,0,0
BRDA:1,362,1,0
BRDA:1,362,2,0
BRDA:1,363,0,0
BRDA:1,363,1,0
BRDA:1,364,0,0
BRDA:1,364,1,0
BRDA:1,365,0,0
BRDA:1,365,1,0
BRDA:1,366,0,0
BRDA:1,366,1,0
BRDA:1,367,0,0
BRDA:1,367,1,0
BRDA:1,368,0,0
BRDA:1,368,1,0
BRDA:1,369,0,0
BRDA:1,369,1,0
BRDA:1,370,0,0
BRDA:1,370,1,0
BRDA:1,371,0,0
BRDA:1,371,1,0
BRDA:1,372,0,0
BRDA:1,372,1,0
BRDA:1,373,0,0
BRDA:1,373,1,0
BRDA:1,374,0,0
BRDA:1,374,1,0
BRDA:1,374,2,0
BRDA:1,374,3,0
BRDA:1,374,4,0
BRDA:1,375,0,0
BRDA:1,375,1,0
BRDA:1,376,0,0
BRDA:1,376,1,0
BRDA:1,377,0,0
BRDA:1,377,1,0
BRDA:1,378,0,0
BRDA:1,379,0,0
BRDA:1,379,1,0
BRDA:1,380,0,0
BRDA:1,380,1,0
BRDA:1,381,0,0
BRDA:1,381,1,0
BRDA:1,382,0,0
BRDA:1,382,1,0
BRDA:1,383,0,0
BRDA:1,383,1,0
BRDA:1,384,0,0
BRDA:1,385,0,0
BRDA:1,386,0,0
BRDA:1,386,1,0
BRDA:1,387,0,0
BRDA:1,387,1,0
BRDA:1,388,0,0
BRDA:1,388,1,0
BRDA:1,389,0,0
BRDA:1,389,1,0
BRDA:1,390,0,0
BRDA:1,390,1,0
BRDA:1,391,0,0
BRDA:1,391,1,0
BRDA:1,392,0,0
BRDA:1,392,1,0
BRDA:1,393,0,0
BRDA:1,393,1,0
BRDA:1,394,0,0
BRDA:1,394,1,0
BRDA:1,395,0,0
BRDA:1,395,1,0
BRDA:1,396,0,0
BRDA:1,396,1,0
BRDA:1,397,0,0
BRDA:1,397,1,0
BRDA:1,398,0,0
BRDA:1,398,1,0
BRDA:1,399,0,0
BRDA:1,399,1,0
BRDA:1,400,0,0
BRDA:1,400,1,0
BRDA:1,401,0,0
BRDA:1,401,1,0
BRDA:1,402,0,0
BRDA:1,402,1,0
BRDA:1,402,2,0
BRDA:1,402,3,0
BRDA:1,402,4,0
BRDA:1,402,5,0
BRDA:1,403,0,0
BRDA:1,403,1,0
BRDA:1,404,0,0
BRDA:1,404,1,0
BRDA:1,405,0,0
BRDA:1,405,1,0
BRDA:1,406,0,0
BRDA:1,406,1,0
BRDA:1,407,0,0
BRDA:1,407,1,0
BRDA:1,408,0,0
BRDA:1,408,1,0
BRDA:1,409,0,0
BRDA:1,409,1,0
BRDA:1,410,0,0
BRDA:1,410,1,0
BRDA:1,411,0,0
BRDA:1,411,1,0
BRDA:1,412,0,0
BRDA:1,412,1,0
BRDA:1,413,0,0
BRDA:1,413,1,0
BRDA:1,414,0,0
BRDA:1,414,1,0
BRDA:1,415,0,0
BRDA:1,415,1,0
BRDA:1,416,0,0
BRDA:1,416,1,0
BRDA:1,417,0,0
BRDA:1,417,1,0
BRDA:1,418,0,0
BRDA:1,418,1,0
BRDA:1,419,0,0
BRDA:1,419,1,0
BRDA:1,420,0,0
BRDA:1,420,1,0
BRDA:1,421,0,0
BRDA:1,422,0,0
BRDA:1,422,1,0
BRDA:1,423,0,0
BRDA:1,423,1,0
BRDA:1,424,0,0
BRDA:1,424,1,0
BRDA:1,425,0,0
BRDA:1,425,1,0
BRDA:1,426,0,0
BRDA:1,426,1,0
BRDA:1,427,0,0
BRDA:1,427,1,0
BRDA:1,428,0,0
BRDA:1,428,1,0
BRDA:1,429,0,0
BRDA:1,429,1,0
BRDA:1,430,0,0
BRDA:1,430,1,0
BRDA:1,431,0,0
BRDA:1,431,1,0
BRDA:1,432,0,0
BRDA:1,432,1,0
BRDA:1,433,0,0
BRDA:1,433,1,0
BRDA:1,434,0,0
BRDA:1,434,1,0
BRDA:1,435,0,0
BRDA:1,435,1,0
BRDA:1,436,0,0
BRDA:1,436,1,0
BRDA:1,437,0,0
BRDA:1,437,1,0
BRDA:1,438,0,0
BRDA:1,438,1,0
BRDA:1,439,0,0
BRDA:1,439,1,0
BRDA:1,440,0,0
BRDA:1,440,1,0
BRDA:1,441,0,0
BRDA:1,441,1,0
BRDA:1,442,0,0
BRDA:1,442,1,0
BRDA:1,443,0,0
BRDA:1,443,1,0
BRDA:1,444,0,0
BRDA:1,444,1,0
BRDA:1,445,0,0
BRDA:1,445,1,0
BRDA:1,446,0,0
BRDA:1,446,1,0
BRDA:1,447,0,0
BRDA:1,447,1,0
BRDA:1,448,0,0
BRDA:1,448,1,0
BRDA:1,449,0,0
BRDA:1,449,1,0
BRDA:1,450,0,0
BRDA:1,450,1,0
BRDA:1,451,0,0
BRDA:1,451,1,0
BRDA:1,452,0,0
BRDA:1,452,1,0
BRDA:1,453,0,0
BRDA:1,453,1,0
BRDA:1,454,0,0
BRDA:1,454,1,0
BRDA:1,455,0,0
BRDA:1,455,1,0
BRDA:1,456,0,0
BRDA:1,456,1,0
BRDA:1,457,0,0
BRDA:1,457,1,0
BRDA:1,458,0,0
BRDA:1,458,1,0
BRDA:1,459,0,0
BRDA:1,459,1,0
BRDA:1,460,0,0
BRDA:1,460,1,0
BRDA:1,461,0,0
BRDA:1,461,1,0
BRDA:1,462,0,0
BRDA:1,462,1,0
BRDA:1,463,0,0
BRDA:1,463,1,0
BRDA:1,464,0,0
BRDA:1,464,1,0
BRDA:1,465,0,0
BRDA:1,465,1,0
BRDA:1,466,0,0
BRDA:1,466,1,0
BRDA:1,467,0,0
BRDA:1,467,1,0
BRDA:1,468,0,0
BRDA:1,468,1,0
BRDA:1,469,0,0
BRDA:1,469,1,0
BRDA:1,470,0,0
BRDA:1,470,1,0
BRDA:1,471,0,0
BRDA:1,471,1,0
BRDA:1,472,0,0
BRDA:1,472,1,0
BRDA:1,473,0,0
BRDA:1,473,1,0
BRDA:1,474,0,0
BRDA:1,474,1,0
BRDA:1,475,0,0
BRDA:1,475,1,0
BRDA:1,475,2,0
BRDA:1,476,0,0
BRDA:1,476,1,0
BRDA:1,477,0,0
BRDA:1,477,1,0
BRDA:1,478,0,0
BRDA:1,478,1,0
BRDA:1,478,2,0
BRDA:1,478,3,0
BRDA:1,479,0,0
BRDA:1,479,1,0
BRDA:1,480,0,0
BRDA:1,480,1,0
BRDA:1,481,0,0
BRDA:1,481,1,0
BRDA:1,482,0,0
BRDA:1,482,1,0
BRDA:1,483,0,0
BRDA:1,483,1,0
BRDA:1,484,0,0
BRDA:1,484,1,0
BRDA:1,485,0,0
BRDA:1,485,1,0
BRDA:1,486,0,0
BRDA:1,486,1,0
BRDA:1,487,0,0
BRDA:1,487,1,0
BRDA:1,488,0,0
BRDA:1,488,1,0
BRDA:1,489,0,0
BRDA:1,489,1,0
BRDA:1,490,0,0
BRDA:1,490,1,0
BRDA:1,491,0,0
BRDA:1,491,1,0
BRDA:1,492,0,0
BRDA:1,492,1,0
BRDA:1,493,0,0
BRDA:1,493,1,0
BRDA:1,494,0,0
BRDA:1,494,1,0
BRDA:1,495,0,0
BRDA:1,495,1,0
BRDA:1,496,0,0
BRDA:1,496,1,0
BRDA:1,497,0,0
BRDA:1,497,1,0
BRDA:1,498,0,0
BRDA:1,498,1,0
BRDA:1,499,0,0
BRDA:1,499,1,0
BRDA:1,500,0,0
BRDA:1,500,1,0
BRDA:1,501,0,0
BRDA:1,501,1,0
BRDA:1,502,0,0
BRDA:1,502,1,0
BRDA:1,503,0,0
BRDA:1,503,1,0
BRDA:1,504,0,0
BRDA:1,504,1,0
BRDA:1,505,0,0
BRDA:1,505,1,0
BRDA:1,506,0,0
BRDA:1,506,1,0
BRDA:1,507,0,0
BRDA:1,507,1,0
BRDA:1,508,0,0
BRDA:1,508,1,0
BRDA:1,509,0,0
BRDA:1,509,1,0
BRDA:1,510,0,0
BRDA:1,510,1,0
BRDA:1,511,0,0
BRDA:1,511,1,0
BRDA:1,512,0,0
BRDA:1,512,1,0
BRDA:1,513,0,0
BRDA:1,513,1,0
BRDA:1,514,0,0
BRDA:1,514,1,0
BRDA:1,515,0,0
BRDA:1,515,1,0
BRDA:1,516,0,0
BRDA:1,516,1,0
BRDA:1,517,0,0
BRDA:1,517,1,0
BRDA:1,518,0,0
BRDA:1,518,1,0
BRDA:1,519,0,0
BRDA:1,519,1,0
BRDA:1,520,0,0
BRDA:1,520,1,0
BRDA:1,521,0,0
BRDA:1,521,1,0
BRDA:1,522,0,0
BRDA:1,522,1,0
BRDA:1,523,0,0
BRDA:1,523,1,0
BRDA:1,523,2,0
BRDA:1,523,3,0
BRDA:1,524,0,0
BRDA:1,524,1,0
BRDA:1,525,0,0
BRDA:1,525,1,0
BRDA:1,525,2,0
BRDA:1,525,3,0
BRDA:1,526,0,0
BRDA:1,526,1,0
BRDA:1,527,0,0
BRDA:1,527,1,0
BRDA:1,528,0,0
BRDA:1,528,1,0
BRDA:1,529,0,0
BRDA:1,529,1,0
BRDA:1,530,0,0
BRDA:1,530,1,0
BRDA:1,531,0,0
BRDA:1,531,1,0
BRDA:1,532,0,0
BRDA:1,532,1,0
BRDA:1,533,0,0
BRDA:1,533,1,0
BRDA:1,534,0,0
BRDA:1,534,1,0
BRDA:1,535,0,0
BRDA:1,535,1,0
BRDA:1,536,0,0
BRDA:1,536,1,0
BRDA:1,537,0,0
BRDA:1,537,1,0
BRDA:1,538,0,0
BRDA:1,538,1,0
BRDA:1,539,0,0
BRDA:1,539,1,0
BRDA:1,540,0,0
BRDA:1,540,1,0
BRDA:1,541,0,0
BRDA:1,541,1,0
BRDA:1,542,0,0
BRDA:1,542,1,0
BRDA:1,543,0,0
BRDA:1,543,1,0
BRDA:1,544,0,0
BRDA:1,544,1,0
BRDA:1,545,0,0
BRDA:1,545,1,0
BRDA:1,546,0,0
BRDA:1,546,1,0
BRDA:1,547,0,0
BRDA:1,547,1,0
BRDA:1,548,0,0
BRDA:1,548,1,0
BRDA:1,549,0,0
BRDA:1,549,1,0
BRDA:1,550,0,0
BRDA:1,550,1,0
BRDA:1,551,0,0
BRDA:1,551,1,0
BRDA:1,552,0,0
BRDA:1,552,1,0
BRDA:1,553,0,0
BRDA:1,553,1,0
BRDA:1,554,0,0
BRDA:1,554,1,0
BRDA:1,555,0,0
BRDA:1,555,1,0
BRDA:1,556,0,0
BRDA:1,556,1,0
BRDA:1,557,0,0
BRDA:1,557,1,0
BRDA:1,558,0,0
BRDA:1,558,1,0
BRDA:1,559,0,0
BRDA:1,559,1,0
BRDA:1,560,0,0
BRDA:1,560,1,0
BRDA:1,561,0,0
BRDA:1,561,1,0
BRDA:1,562,0,0
BRDA:1,562,1,0
BRDA:1,563,0,0
BRDA:1,563,1,0
BRDA:1,563,2,0
BRDA:1,563,3,0
BRDA:1,564,0,0
BRDA:1,564,1,0
BRDA:1,565,0,0
BRDA:1,565,1,0
BRDA:1,565,2,0
BRDA:1,566,0,0
BRDA:1,566,1,0
BRDA:1,567,0,0
BRDA:1,567,1,0
BRDA:1,568,0,0
BRDA:1,568,1,0
BRDA:1,569,0,0
BRDA:1,569,1,0
BRDA:1,570,0,0
BRDA:1,570,1,0
BRDA:1,571,0,0
BRDA:1,571,1,0
BRDA:1,572,0,0
BRDA:1,572,1,0
BRDA:1,573,0,0
BRDA:1,573,1,0
BRDA:1,574,0,0
BRDA:1,574,1,0
BRDA:1,575,0,0
BRDA:1,575,1,0
BRDA:1,576,0,0
BRDA:1,576,1,0
BRDA:1,577,0,0
BRDA:1,577,1,0
BRDA:1,578,0,0
BRDA:1,578,1,0
BRDA:1,579,0,0
BRDA:1,579,1,0
BRDA:1,580,0,0
BRDA:1,580,1,0
BRDA:1,581,0,0
BRDA:1,581,1,0
BRDA:1,582,0,0
BRDA:1,582,1,0
BRDA:1,583,0,0
BRDA:1,583,1,0
BRDA:1,584,0,0
BRDA:1,584,1,0
BRDA:1,585,0,0
BRDA:1,585,1,0
BRDA:1,586,0,0
BRDA:1,586,1,0
BRDA:1,587,0,0
BRDA:1,587,1,0
BRDA:1,587,2,0
BRDA:1,587,3,0
BRDA:1,588,0,0
BRDA:1,588,1,0
BRDA:1,589,0,0
BRDA:1,589,1,0
BRDA:1,589,2,0
BRDA:1,590,0,0
BRDA:1,590,1,0
BRDA:1,591,0,0
BRDA:1,591,1,0
BRDA:1,592,0,0
BRDA:1,592,1,0
BRDA:1,593,0,0
BRDA:1,593,1,0
BRDA:1,594,0,0
BRDA:1,594,1,0
BRDA:1,594,2,0
BRDA:1,595,0,0
BRDA:1,595,1,0
BRDA:1,596,0,0
BRDA:1,596,1,0
BRDA:1,596,2,0
BRDA:1,596,3,0
BRDA:1,597,0,0
BRDA:1,597,1,0
BRDA:1,598,0,0
BRDA:1,598,1,0
BRDA:1,599,0,0
BRDA:1,599,1,0
BRDA:1,600,0,0
BRDA:1,600,1,0
BRDA:1,601,0,0
BRDA:1,601,1,0
BRDA:1,602,0,0
BRDA:1,602,1,0
BRDA:1,603,0,0
BRDA:1,603,1,0
BRDA:1,604,0,0
BRDA:1,604,1,0
BRDA:1,605,0,0
BRDA:1,605,1,0
BRDA:1,605,2,0
BRDA:1,606,0,0
BRDA:1,606,1,0
BRDA:1,607,0,0
BRDA:1,607,1,0
BRDA:1,608,0,0
BRDA:1,608,1,0
BRDA:1,608,2,0
BRDA:1,608,3,0
BRDA:1,609,0,0
BRDA:1,609,1,0
BRDA:1,610,0,0
BRDA:1,610,1,0
BRDA:1,611,0,0
BRDA:1,611,1,0
BRDA:1,612,0,0
BRDA:1,612,1,0
BRDA:1,613,0,0
BRDA:1,613,1,0
BRDA:1,614,0,0
BRDA:1,614,1,0
BRDA:1,614,2,0
BRDA:1,614,3,0
BRDA:1,615,0,0
BRDA:1,615,1,0
BRDA:1,616,0,0
BRDA:1,616,1,0
BRDA:1,616,2,0
BRDA:1,616,3,0
BRDA:1,616,4,0
BRDA:1,616,5,0
BRDA:1,616,6,0
BRDA:1,617,0,0
BRDA:1,617,1,0
BRDA:1,618,0,0
BRDA:1,618,1,0
BRDA:1,619,0,0
BRDA:1,619,1,0
BRDA:1,620,0,0
BRDA:1,620,1,0
BRDA:1,621,0,0
BRDA:1,621,1,0
BRDA:1,622,0,0
BRDA:1,622,1,0
BRDA:1,623,0,0
BRDA:1,623,1,0
BRDA:1,624,0,0
BRDA:1,624,1,0
BRDA:1,625,0,0
BRDA:1,625,1,0
BRDA:1,626,0,0
BRDA:1,626,1,0
BRDA:1,627,0,0
BRDA:1,627,1,0
BRDA:1,628,0,0
BRDA:1,628,1,0
BRDA:1,629,0,0
BRDA:1,629,1,0
BRDA:1,630,0,0
BRDA:1,630,1,0
BRDA:1,631,0,0
BRDA:1,631,1,0
BRDA:1,632,0,0
BRDA:1,632,1,0
BRDA:1,633,0,0
BRDA:1,633,1,0
BRDA:1,634,0,0
BRDA:1,634,1,0
BRDA:1,635,0,0
BRDA:1,635,1,0
BRDA:1,636,0,0
BRDA:1,636,1,0
BRDA:1,637,0,0
BRDA:1,637,1,0
BRDA:1,638,0,0
BRDA:1,638,1,0
BRDA:1,639,0,0
BRDA:1,639,1,0
BRDA:1,640,0,0
BRDA:1,640,1,0
BRDA:1,641,0,0
BRDA:1,641,1,0
BRDA:1,642,0,0
BRDA:1,642,1,0
BRDA:1,643,0,0
BRDA:1,643,1,0
BRDA:1,644,0,0
BRDA:1,644,1,0
BRDA:1,645,0,0
BRDA:1,645,1,0
BRDA:1,646,0,0
BRDA:1,646,1,0
BRDA:1,647,0,0
BRDA:1,647,1,0
BRDA:1,648,0,0
BRDA:1,648,1,0
BRDA:1,649,0,0
BRDA:1,649,1,0
BRDA:1,650,0,0
BRDA:1,650,1,0
BRDA:1,650,2,0
BRDA:1,650,3,0
BRDA:1,651,0,0
BRDA:1,651,1,0
BRDA:1,652,0,0
BRDA:1,652,1,0
BRDA:1,653,0,0
BRDA:1,653,1,0
BRDA:1,654,0,0
BRDA:1,654,1,0
BRDA:1,655,0,0
BRDA:1,655,1,0
BRDA:1,656,0,0
BRDA:1,656,1,0
BRDA:1,657,0,0
BRDA:1,657,1,0
BRDA:1,658,0,0
BRDA:1,658,1,0
BRDA:1,659,0,0
BRDA:1,659,1,0
BRDA:1,660,0,0
BRDA:1,660,1,0
BRDA:1,661,0,0
BRDA:1,661,1,0
BRDA:1,661,2,0
BRDA:1,662,0,0
BRDA:1,662,1,0
BRDA:1,663,0,0
BRDA:1,663,1,0
BRDA:1,664,0,0
BRDA:1,664,1,0
BRDA:1,665,0,0
BRDA:1,665,1,0
BRDA:1,666,0,0
BRDA:1,666,1,0
BRDA:1,667,0,0
BRDA:1,667,1,0
BRDA:1,668,0,0
BRDA:1,668,1,0
BRDA:1,669,0,0
BRDA:1,669,1,0
BRDA:1,670,0,0
BRDA:1,670,1,0
BRDA:1,671,0,0
BRDA:1,671,1,0
BRDA:1,672,0,0
BRDA:1,672,1,0
BRDA:1,673,0,0
BRDA:1,673,1,0
BRDA:1,674,0,0
BRDA:1,674,1,0
BRDA:1,675,0,0
BRDA:1,675,1,0
BRDA:1,676,0,0
BRDA:1,676,1,0
BRDA:1,677,0,0
BRDA:1,677,1,0
BRDA:1,678,0,0
BRDA:1,678,1,0
BRDA:1,679,0,0
BRDA:1,679,1,0
BRDA:1,680,0,0
BRDA:1,680,1,0
BRDA:1,681,0,0
BRDA:1,681,1,0
BRDA:1,682,0,0
BRDA:1,682,1,0
BRDA:1,683,0,0
BRDA:1,683,1,0
BRDA:1,684,0,0
BRDA:1,684,1,0
BRDA:1,685,0,0
BRDA:1,685,1,0
BRDA:1,686,0,0
BRDA:1,686,1,0
BRDA:1,687,0,0
BRDA:1,687,1,0
BRDA:1,688,0,0
BRDA:1,688,1,0
BRDA:1,688,2,0
BRDA:1,689,0,0
BRDA:1,689,1,0
BRDA:1,690,0,0
BRDA:1,690,1,0
BRDA:1,691,0,0
BRDA:1,691,1,0
BRDA:1,692,0,0
BRDA:1,692,1,0
BRDA:1,693,0,0
BRDA:1,693,1,0
BRDA:1,694,0,0
BRDA:1,694,1,0
BRDA:1,694,2,0
BRDA:1,694,3,0
BRDA:1,694,4,0
BRDA:1,694,5,0
BRDA:1,695,0,0
BRDA:1,695,1,0
BRDA:1,695,2,0
BRDA:1,695,3,0
BRDA:1,695,4,0
BRDA:1,695,5,0
BRDA:1,695,6,0
BRDA:1,695,7,0
BRDA:1,696,0,0
BRDA:1,696,1,0
BRDA:1,697,0,0
BRDA:1,697,1,0
BRDA:1,698,0,0
BRDA:1,698,1,0
BRDA:1,699,0,0
BRDA:1,699,1,0
BRDA:1,700,0,0
BRDA:1,700,1,0
BRDA:1,700,2,0
BRDA:1,700,3,0
BRDA:1,700,4,0
BRDA:1,700,5,0
BRDA:1,701,0,0
BRDA:1,701,1,0
BRDA:1,701,2,0
BRDA:1,701,3,0
BRDA:1,701,4,0
BRDA:1,701,5,0
BRDA:1,701,6,0
BRDA:1,702,0,0
BRDA:1,702,1,0
BRDA:1,703,0,0
BRDA:1,703,1,0
BRDA:1,704,0,0
BRDA:1,704,1,0
BRDA:1,705,0,0
BRDA:1,705,1,0
BRDA:1,706,0,0
BRDA:1,706,1,0
BRDA:1,707,0,0
BRDA:1,707,1,0
BRDA:1,708,0,0
BRDA:1,708,1,0
BRDA:1,709,0,0
BRDA:1,709,1,0
BRDA:1,710,0,0
BRDA:1,710,1,0
BRDA:1,711,0,0
BRDA:1,711,1,0
BRDA:1,712,0,0
BRDA:1,712,1,0
BRDA:1,713,0,0
BRDA:1,713,1,0
BRDA:1,714,0,0
BRDA:1,714,1,0
BRDA:1,715,0,0
BRDA:1,715,1,0
BRDA:1,715,2,0
BRDA:1,715,3,0
BRDA:1,716,0,0
BRDA:1,716,1,0
BRDA:1,717,0,0
BRDA:1,717,1,0
BRDA:1,717,2,0
BRDA:1,718,0,0
BRDA:1,718,1,0
BRDA:1,719,0,0
BRDA:1,719,1,0
BRDA:1,720,0,0
BRDA:1,720,1,0
BRDA:1,721,0,0
BRDA:1,721,1,0
BRDA:1,721,2,0
BRDA:1,722,0,0
BRDA:1,722,1,0
BRDA:1,723,0,0
BRDA:1,723,1,0
BRDA:1,724,0,0
BRDA:1,724,1,0
BRDA:1,725,0,0
BRDA:1,725,1,0
BRDA:1,726,0,0
BRDA:1,726,1,0
BRDA:1,727,0,0
BRDA:1,727,1,0
BRDA:1,728,0,0
BRDA:1,728,1,0
BRDA:1,729,0,0
BRDA:1,729,1,0
BRDA:1,730,0,0
BRDA:1,730,1,0
BRDA:1,730,2,0
BRDA:1,731,0,0
BRDA:1,731,1,0
BRDA:1,732,0,0
BRDA:1,732,1,0
BRDA:1,733,0,0
BRDA:1,733,1,0
BRDA:1,734,0,0
BRDA:1,734,1,0
BRDA:1,735,0,0
BRDA:1,735,1,0
BRDA:1,736,0,0
BRDA:1,736,1,0
BRDA:1,737,0,0
BRDA:1,737,1,0
BRDA:1,738,0,0
BRDA:1,738,1,0
BRDA:1,739,0,0
BRDA:1,739,1,0
BRDA:1,740,0,0
BRDA:1,740,1,0
BRDA:1,741,0,0
BRDA:1,741,1,0
BRDA:1,742,0,0
BRDA:1,742,1,0
BRDA:1,743,0,0
BRDA:1,743,1,0
BRDA:1,744,0,0
BRDA:1,744,1,0
BRDA:1,745,0,0
BRDA:1,745,1,0
BRDA:1,746,0,0
BRDA:1,746,1,0
BRDA:1,747,0,0
BRDA:1,747,1,0
BRDA:1,748,0,0
BRDA:1,748,1,0
BRDA:1,749,0,0
BRDA:1,749,1,0
BRDA:1,750,0,0
BRDA:1,750,1,0
BRDA:1,751,0,0
BRDA:1,751,1,0
BRDA:1,751,2,0
BRDA:1,752,0,0
BRDA:1,752,1,0
BRDA:1,753,0,0
BRDA:1,753,1,0
BRDA:1,754,0,0
BRDA:1,754,1,0
BRDA:1,755,0,0
BRDA:1,755,1,0
BRDA:1,756,0,0
BRDA:1,756,1,0
BRDA:1,757,0,0
BRDA:1,757,1,0
BRDA:1,758,0,0
BRDA:1,758,1,0
BRDA:1,759,0,0
BRDA:1,759,1,0
BRDA:1,760,0,0
BRDA:1,760,1,0
BRDA:1,761,0,0
BRDA:1,761,1,0
BRDA:1,762,0,0
BRDA:1,762,1,0
BRDA:1,762,2,0
BRDA:1,762,3,0
BRDA:1,763,0,0
BRDA:1,763,1,0
BRDA:1,764,0,0
BRDA:1,764,1,0
BRDA:1,765,0,0
BRDA:1,765,1,0
BRDA:1,765,2,0
BRDA:1,765,3,0
BRDA:1,766,0,0
BRDA:1,766,1,0
BRDA:1,767,0,0
BRDA:1,767,1,0
BRDA:1,767,2,0
BRDA:1,767,3,0
BRDA:1,767,4,0
BRDA:1,767,5,0
BRDA:1,767,6,0
BRDA:1,768,0,0
BRDA:1,768,1,0
BRDA:1,769,0,0
BRDA:1,769,1,0
BRDA:1,770,0,0
BRDA:1,770,1,0
BRDA:1,771,0,0
BRDA:1,771,1,0
BRDA:1,772,0,0
BRDA:1,772,1,0
BRDA:1,773,0,0
BRDA:1,773,1,0
BRDA:1,774,0,0
BRDA:1,774,1,0
BRDA:1,775,0,0
BRDA:1,775,1,0
BRDA:1,776,0,0
BRDA:1,776,1,0
BRDA:1,777,0,0
BRDA:1,777,1,0
BRDA:1,778,0,0
BRDA:1,778,1,0
BRDA:1,779,0,0
BRDA:1,779,1,0
BRDA:1,780,0,0
BRDA:1,780,1,0
BRDA:1,781,0,0
BRDA:1,781,1,0
BRDA:1,782,0,0
BRDA:1,782,1,0
BRDA:1,783,0,0
BRDA:1,783,1,0
BRDA:1,784,0,0
BRDA:1,784,1,0
BRDA:1,785,0,0
BRDA:1,785,1,0
BRDA:1,786,0,0
BRDA:1,786,1,0
BRDA:1,787,0,0
BRDA:1,787,1,0
BRDA:1,788,0,0
BRDA:1,788,1,0
BRDA:1,789,0,0
BRDA:1,789,1,0
BRDA:1,790,0,0
BRDA:1,790,1,0
BRDA:1,791,0,0
BRDA:1,791,1,0
BRDA:1,791,2,0
BRDA:1,792,0,0
BRDA:1,792,1,0
BRDA:1,793,0,0
BRDA:1,793,1,0
BRDA:1,793,2,0
BRDA:1,794,0,0
BRDA:1,794,1,0
BRDA:1,795,0,0
BRDA:1,795,1,0
BRDA:1,795,2,0
BRDA:1,796,0,0
BRDA:1,796,1,0
BRDA:1,797,0,0
BRDA:1,797,1,0
BRDA:1,798,0,0
BRDA:1,798,1,0
BRDA:1,799,0,0
BRDA:1,799,1,0
BRDA:1,800,0,0
BRDA:1,800,1,0
BRDA:1,801,0,0
BRDA:1,801,1,0
BRDA:1,802,0,0
BRDA:1,802,1,0
BRDA:1,803,0,0
BRDA:1,803,1,0
BRDA:1,804,0,0
BRDA:1,804,1,0
BRDA:1,804,2,0
BRDA:1,805,0,0
BRDA:1,805,1,0
BRDA:1,806,0,0
BRDA:1,806,1,0
BRDA:1,807,0,0
BRDA:1,807,1,0
BRDA:1,808,0,0
BRDA:1,808,1,0
BRDA:1,808,2,0
BRDA:1,809,0,0
BRDA:1,809,1,0
BRDA:1,810,0,0
BRDA:1,810,1,0
BRDA:1,811,0,0
BRDA:1,811,1,0
BRDA:1,812,0,0
BRDA:1,812,1,0
BRDA:1,813,0,0
BRDA:1,813,1,0
BRDA:1,814,0,0
BRDA:1,814,1,0
BRDA:1,815,0,0
BRDA:1,815,1,0
BRDA:1,816,0,0
BRDA:1,816,1,0
BRDA:1,817,0,0
BRDA:1,817,1,0
BRDA:1,818,0,0
BRDA:1,818,1,0
BRDA:1,819,0,0
BRDA:1,819,1,0
BRDA:1,820,0,0
BRDA:1,820,1,0
BRDA:1,820,2,0
BRDA:1,820,3,0
BRDA:1,820,4,0
BRDA:1,820,5,0
BRDA:1,821,0,0
BRDA:1,821,1,0
BRDA:1,822,0,0
BRDA:1,822,1,0
BRDA:1,823,0,0
BRDA:1,823,1,0
BRDA:1,824,0,0
BRDA:1,824,1,0
BRDA:1,825,0,0
BRDA:1,825,1,0
BRDA:1,826,0,0
BRDA:1,826,1,0
BRDA:1,827,0,0
BRDA:1,827,1,0
BRDA:1,827,2,0
BRDA:1,827,3,0
BRDA:1,828,0,0
BRDA:1,828,1,0
BRDA:1,829,0,0
BRDA:1,829,1,0
BRDA:1,830,0,0
BRDA:1,830,1,0
BRDA:1,831,0,0
BRDA:1,831,1,0
BRDA:1,832,0,0
BRDA:1,832,1,0
BRDA:1,833,0,0
BRDA:1,833,1,0
BRDA:1,834,0,0
BRDA:1,834,1,0
BRDA:1,835,0,0
BRDA:1,835,1,0
BRDA:1,836,0,0
BRDA:1,836,1,0
BRDA:1,837,0,0
BRDA:1,837,1,0
BRDA:1,838,0,0
BRDA:1,838,1,0
BRDA:1,839,0,0
BRDA:1,839,1,0
BRDA:1,840,0,0
BRDA:1,840,1,0
BRDA:1,841,0,0
BRDA:1,841,1,0
BRDA:1,842,0,0
BRDA:1,842,1,0
BRDA:1,843,0,0
BRDA:1,843,1,0
BRDA:1,844,0,0
BRDA:1,844,1,0
BRDA:1,845,0,0
BRDA:1,845,1,0
BRDA:1,846,0,0
BRDA:1,846,1,0
BRDA:1,847,0,0
BRDA:1,847,1,0
BRDA:1,848,0,0
BRDA:1,848,1,0
BRDA:1,849,0,0
BRDA:1,849,1,0
BRDA:1,850,0,0
BRDA:1,850,1,0
BRDA:1,851,0,0
BRDA:1,851,1,0
BRDA:1,852,0,0
BRDA:1,852,1,0
BRDA:1,853,0,0
BRDA:1,853,1,0
BRDA:1,854,0,0
BRDA:1,854,1,0
BRDA:1,855,0,0
BRDA:1,855,1,0
BRDA:1,856,0,0
BRDA:1,856,1,0
BRDA:1,857,0,0
BRDA:1,857,1,0
BRDA:1,858,0,0
BRDA:1,858,1,0
BRDA:1,859,0,0
BRDA:1,859,1,0
BRDA:1,860,0,0
BRDA:1,860,1,0
BRDA:1,861,0,0
BRDA:1,861,1,0
BRDA:1,862,0,0
BRDA:1,862,1,0
BRDA:1,863,0,0
BRDA:1,863,1,0
BRDA:1,864,0,0
BRDA:1,864,1,0
BRDA:1,865,0,0
BRDA:1,865,1,0
BRDA:1,866,0,0
BRDA:1,866,1,0
BRDA:1,867,0,0
BRDA:1,867,1,0
BRDA:1,868,0,0
BRDA:1,868,1,0
BRDA:1,869,0,0
BRDA:1,869,1,0
BRDA:1,870,0,0
BRDA:1,870,1,0
BRDA:1,871,0,0
BRDA:1,871,1,0
BRDA:1,872,0,0
BRDA:1,872,1,0
BRDA:1,873,0,0
BRDA:1,873,1,0
BRDA:1,874,0,0
BRDA:1,874,1,0
BRDA:1,875,0,0
BRDA:1,875,1,0
BRDA:1,876,0,0
BRDA:1,876,1,0
BRDA:1,877,0,0
BRDA:1,877,1,0
BRDA:1,878,0,0
BRDA:1,878,1,0
BRDA:1,879,0,0
BRDA:1,879,1,0
BRDA:1,880,0,0
BRDA:1,880,1,0
BRDA:1,881,0,0
BRDA:1,881,1,0
BRDA:1,882,0,0
BRDA:1,882,1,0
BRDA:1,883,0,0
BRDA:1,883,1,0
BRDA:1,884,0,0
BRDA:1,884,1,0
BRDA:1,885,0,0
BRDA:1,885,1,0
BRDA:1,886,0,0
BRDA:1,886,1,0
BRDA:1,887,0,0
BRDA:1,887,1,0
BRDA:1,888,0,0
BRDA:1,888,1,0
BRDA:1,889,0,0
BRDA:1,889,1,0
BRDA:1,890,0,0
BRDA:1,890,1,0
BRDA:1,890,2,0
BRDA:1,890,3,0
BRDA:1,891,0,0
BRDA:1,891,1,0
BRDA:1,892,0,0
BRDA:1,892,1,0
BRDA:1,892,2,0
BRDA:1,892,3,0
BRDA:1,892,4,0
BRDA:1,892,5,0
BRDA:1,892,6,0
BRDA:1,893,0,0
BRDA:1,893,1,0
BRDA:1,894,0,0
BRDA:1,894,1,0
BRDA:1,895,0,0
BRDA:1,895,1,0
BRDA:1,896,0,0
BRDA:1,896,1,0
BRDA:1,897,0,0
BRDA:1,897,1,0
BRDA:1,898,0,0
BRDA:1,898,1,0
BRDA:1,899,0,0
BRDA:1,899,1,0
BRDA:1,900,0,0
BRDA:1,900,1,0
BRDA:1,901,0,0
BRDA:1,901,1,0
BRDA:1,902,0,0
BRDA:1,902,1,0
BRDA:1,903,0,0
BRDA:1,903,1,0
BRDA:1,904,0,0
BRDA:1,904,1,0
BRDA:1,905,0,0
BRDA:1,905,1,0
BRDA:1,906,0,0
BRDA:1,906,1,0
BRDA:1,907,0,0
BRDA:1,907,1,0
BRDA:1,908,0,0
BRDA:1,908,1,0
BRDA:1,909,0,0
BRDA:1,909,1,0
BRDA:1,910,0,0
BRDA:1,910,1,0
BRDA:1,911,0,0
BRDA:1,911,1,0
BRDA:1,912,0,0
BRDA:1,912,1,0
BRDA:1,913,0,0
BRDA:1,913,1,0
BRDA:1,914,0,0
BRDA:1,914,1,0
BRDA:1,915,0,0
BRDA:1,915,1,0
BRDA:1,916,0,0
BRDA:1,916,1,0
BRDA:1,917,0,0
BRDA:1,917,1,0
BRDA:1,918,0,0
BRDA:1,918,1,0
BRDA:1,919,0,0
BRDA:1,919,1,0
BRDA:1,920,0,0
BRDA:1,920,1,0
BRDA:1,921,0,0
BRDA:1,921,1,0
BRDA:1,922,0,0
BRDA:1,922,1,0
BRDA:1,923,0,0
BRDA:1,923,1,0
BRDA:1,924,0,0
BRDA:1,924,1,0
BRDA:1,925,0,0
BRDA:1,925,1,0
BRDA:1,926,0,0
BRDA:1,926,1,0
BRDA:1,926,2,0
BRDA:1,927,0,0
BRDA:1,927,1,0
BRDA:1,928,0,0
BRDA:1,928,1,0
BRDA:1,929,0,0
BRDA:1,929,1,0
BRDA:1,930,0,0
BRDA:1,930,1,0
BRDA:1,930,2,0
BRDA:1,930,3,0
BRDA:1,931,0,0
BRDA:1,931,1,0
BRDA:1,932,0,0
BRDA:1,932,1,0
BRDA:1,933,0,0
BRDA:1,933,1,0
BRDA:1,933,2,0
BRDA:1,933,3,0
BRDA:1,934,0,0
BRDA:1,934,1,0
BRDA:1,935,0,0
BRDA:1,935,1,0
BRDA:1,936,0,0
BRDA:1,936,1,0
BRDA:1,937,0,0
BRDA:1,937,1,0
BRDA:1,938,0,0
BRDA:1,938,1,0
BRDA:1,939,0,0
BRDA:1,939,1,0
BRDA:1,940,0,0
BRDA:1,940,1,0
BRDA:1,941,0,0
BRDA:1,941,1,0
BRDA:1,942,0,0
BRDA:1,942,1,0
BRDA:1,943,0,0
BRDA:1,943,1,0
BRDA:1,944,0,0
BRDA:1,944,1,0
BRDA:1,945,0,0
BRDA:1,945,1,0
BRDA:1,946,0,0
BRDA:1,946,1,0
BRDA:1,947,0,0
BRDA:1,947,1,0
BRDA:1,948,0,0
BRDA:1,948,1,0
BRDA:1,949,0,0
BRDA:1,949,1,0
BRDA:1,950,0,0
BRDA:1,950,1,0
BRDA:1,951,0,0
BRDA:1,951,1,0
BRDA:1,952,0,0
BRDA:1,952,1,0
BRDA:1,953,0,0
BRDA:1,953,1,0
BRDA:1,954,0,0
BRDA:1,954,1,0
BRDA:1,955,0,0
BRDA:1,955,1,0
BRDA:1,956,0,0
BRDA:1,956,1,0
BRDA:1,957,0,0
BRDA:1,957,1,0
BRDA:1,958,0,0
BRDA:1,958,1,0
BRDA:1,959,0,0
BRDA:1,959,1,0
BRDA:1,960,0,0
BRDA:1,960,1,0
BRDA:1,961,0,0
BRDA:1,961,1,0
BRDA:1,962,0,0
BRDA:1,962,1,0
BRDA:1,963,0,0
BRDA:1,963,1,0
BRDA:1,963,2,0
BRDA:1,963,3,0
BRDA:1,964,0,0
BRDA:1,964,1,0
BRDA:1,965,0,0
BRDA:1,965,1,0
BRDA:1,966,0,0
BRDA:1,966,1,0
BRDA:1,967,0,0
BRDA:1,967,1,0
BRDA:1,968,0,0
BRDA:1,968,1,0
BRDA:1,969,0,0
BRDA:1,969,1,0
BRDA:1,970,0,0
BRDA:1,970,1,0
BRDA:1,970,2,0
BRDA:1,971,0,0
BRDA:1,971,1,0
BRDA:1,972,0,0
BRDA:1,972,1,0
BRDA:1,973,0,0
BRDA:1,973,1,0
BRDA:1,974,0,0
BRDA:1,974,1,0
BRDA:1,975,0,0
BRDA:1,975,1,0
BRDA:1,976,0,0
BRDA:1,976,1,0
BRDA:1,977,0,0
BRDA:1,977,1,0
BRDA:1,978,0,0
BRDA:1,978,1,0
BRDA:1,979,0,0
BRDA:1,979,1,0
BRDA:1,980,0,0
BRDA:1,980,1,0
BRDA:1,981,0,0
BRDA:1,981,1,0
BRDA:1,981,2,0
BRDA:1,982,0,0
BRDA:1,982,1,0
BRDA:1,982,2,0
BRDA:1,982,3,0
BRDA:1,982,4,0
BRDA:1,982,5,0
BRDA:1,983,0,0
BRDA:1,983,1,0
BRDA:1,984,0,0
BRDA:1,984,1,0
BRDA:1,985,0,0
BRDA:1,985,1,0
BRDA:1,985,2,0
BRDA:1,985,3,0
BRDA:1,985,4,0
BRDA:1,985,5,0
BRDA:1,986,0,0
BRDA:1,986,1,0
BRDA:1,987,0,0
BRDA:1,987,1,0
BRDA:1,988,0,0
BRDA:1,988,1,0
BRDA:1,989,0,0
BRDA:1,989,1,0
BRDA:1,990,0,0
BRDA:1,990,1,0
BRDA:1,991,0,0
BRDA:1,991,1,0
BRDA:1,992,0,0
BRDA:1,992,1,0
BRDA:1,993,0,0
BRDA:1,993,1,0
BRDA:2,994,0,0
BRDA:2,994,1,0
BRDA:2,995,0,0
BRDA:2,995,1,0
BRDA:2,996,0,0
BRDA:2,996,1,0
BRDA:2,997,0,0
BRDA:2,997,1,0
BRDA:2,998,0,0
BRDA:2,998,1,0
BRDA:2,999,0,0
BRDA:2,999,1,0
BRDA:2,1000,0,0
BRDA:2,1000,1,0
BRDA:2,1001,0,0
BRDA:2,1001,1,0
BRDA:2,1002,0,0
BRDA:2,1002,1,0
BRDA:2,1003,0,0
BRDA:2,1003,1,0
BRDA:2,1004,0,0
BRDA:2,1004,1,0
BRDA:2,1005,0,0
BRDA:2,1005,1,0
BRDA:2,1005,2,0
BRDA:2,1005,3,0
BRDA:2,1005,4,0
BRDA:2,1006,0,0
BRDA:2,1006,1,0
BRDA:2,1007,0,0
BRDA:2,1007,1,0
BRDA:2,1008,0,0
BRDA:2,1008,1,0
BRDA:2,1009,0,0
BRDA:2,1010,0,0
BRDA:2,1010,1,0
BRDA:2,1011,0,0
BRDA:2,1012,0,0
BRDA:2,1012,1,0
BRDA:2,1013,0,0
BRDA:2,1013,1,0
BRDA:3,1014,0,0
BRDA:3,1014,1,0
BRDA:3,1015,0,0
BRDA:3,1015,1,0
BRDA:3,1016,0,0
BRDA:3,1016,1,0
BRDA:3,1017,0,0
BRDA:3,1017,1,0
BRDA:3,1018,0,0
BRDA:3,1018,1,0
BRDA:3,1019,0,0
BRDA:3,1019,1,0
BRDA:3,1020,0,0
BRDA:3,1020,1,0
BRDA:3,1021,0,0
BRDA:3,1021,1,0
BRDA:3,1022,0,0
BRDA:3,1022,1,0
BRDA:3,1023,0,0
BRDA:3,1023,1,0
BRDA:3,1024,0,0
BRDA:3,1024,1,0
BRDA:3,1025,0,0
BRDA:3,1025,1,0
BRDA:3,1026,0,0
BRDA:3,1026,1,0
BRDA:3,1027,0,0
BRDA:3,1027,1,0
BRDA:3,1028,0,0
BRDA:3,1028,1,0
BRDA:3,1029,0,0
BRDA:3,1029,1,0
BRDA:3,1030,0,0
BRDA:3,1030,1,0
BRDA:3,1031,0,0
BRDA:3,1031,1,0
BRDA:3,1032,0,0
BRDA:3,1032,1,0
BRDA:3,1033,0,0
BRDA:3,1033,1,0
BRDA:3,1034,0,0
BRDA:3,1034,1,0
BRDA:3,1035,0,0
BRDA:3,1035,1,0
BRDA:3,1036,0,0
BRDA:3,1036,1,0
BRDA:3,1037,0,0
BRDA:3,1037,1,0
BRDA:3,1038,0,0
BRDA:3,1038,1,0
BRDA:3,1039,0,0
BRDA:3,1039,1,0
BRDA:3,1039,2,0
BRDA:3,1039,3,0
BRDA:3,1039,4,0
BRDA:3,1039,5,0
BRDA:3,1039,6,0
BRDA:3,1039,7,0
BRDA:3,1039,8,0
BRDA:3,1039,9,0
BRDA:3,1039,10,0
BRDA:3,1039,11,0
BRDA:3,1039,12,0
BRDA:3,1039,13,0
BRDA:3,1039,14,0
BRDA:3,1040,0,0
BRDA:3,1040,1,0
BRDA:3,1041,0,0
BRDA:3,1041,1,0
BRDA:3,1042,0,0
BRDA:3,1042,1,0
BRDA:3,1043,0,0
BRDA:3,1043,1,0
BRDA:3,1044,0,0
BRDA:3,1044,1,0
BRDA:4,1045,0,0
BRDA:4,1045,1,0
BRDA:4,1046,0,0
BRDA:4,1046,1,0
BRDA:4,1047,0,0
BRDA:4,1047,1,0
BRDA:4,1048,0,0
BRDA:4,1048,1,0
BRDA:4,1049,0,0
BRDA:4,1049,1,0
BRDA:4,1050,0,0
BRDA:4,1050,1,0
BRDA:4,1051,0,0
BRDA:4,1051,1,0
BRDA:4,1052,0,0
BRDA:4,1052,1,0
BRDA:4,1053,0,0
BRDA:4,1053,1,0
BRDA:4,1054,0,0
BRDA:4,1054,1,0
BRDA:4,1055,0,0
BRDA:4,1055,1,0
BRDA:4,1056,0,0
BRDA:4,1056,1,0
BRDA:4,1057,0,0
BRDA:4,1057,1,0
BRDA:4,1057,2,0
[...]
BRDA:6,713,0,0
BRDA:6,713,1,0
BRDA:6,714,0,0
BRDA:6,715,0,0
BRDA:6,715,1,0
BRDA:6,716,0,0
BRDA:6,717,0,0
BRDA:6,717,1,0
BRDA:6,718,0,0
BRDA:6,719,0,0
BRDA:6,719,1,0
BRDA:6,720,0,0
BRDA:6,721,0,0
BRDA:6,721,1,0
BRDA:6,722,0,0
BRDA:6,722,1,0
BRDA:6,723,0,0
BRDA:6,723,1,0
BRDA:6,724,0,0
BRDA:6,725,0,0
BRDA:6,725,1,0
BRDA:6,726,0,0
BRDA:6,726,1,0
BRDA:6,727,0,0
BRDA:6,727,1,0
BRDA:6,728,0,0
BRDA:6,728,1,0
BRDA:6,729,0,0
BRDA:6,729,1,0
BRDA:6,730,0,0
BRDA:6,730,1,0
BRDA:6,731,0,0
BRDA:6,731,1,0
BRDA:6,732,0,0
BRDA:6,732,1,0
BRDA:6,733,0,0
BRDA:6,733,1,0
BRDA:6,734,0,0
BRDA:6,734,1,0
BRDA:6,735,0,0
BRDA:6,735,1,0
BRDA:6,736,0,0
BRDA:6,736,1,0
BRDA:6,737,0,0
BRDA:6,737,1,0
BRDA:6,738,0,0
BRDA:6,738,1,0
BRDA:6,739,0,0
BRDA:6,739,1,0
BRDA:6,740,0,0
BRDA:6,740,1,0
BRDA:6,741,0,0
BRDA:6,741,1,0
BRDA:6,742,0,0
BRDA:6,742,1,0
BRDA:6,743,0,0
BRDA:6,743,1,0
BRDA:6,744,0,0
BRDA:6,744,1,0
BRDA:6,745,0,0
BRDA:6,745,1,0
BRDA:6,746,0,0
BRDA:6,746,1,0
BRDA:6,747,0,0
BRDA:6,747,1,0
BRDA:6,748,0,0
BRDA:6,748,1,0
BRDA:6,749,0,0
BRDA:6,749,1,0
BRDA:6,750,0,0
BRDA:6,750,1,0
BRDA:6,751,0,0
BRDA:6,751,1,0
BRDA:6,752,0,0
BRDA:6,752,1,0
BRDA:6,753,0,0
BRDA:6,753,1,0
BRDA:6,754,0,0
BRDA:6,754,1,0
BRDA:6,755,0,0
BRDA:6,755,1,0
BRDA:6,756,0,0
BRDA:6,756,1,0
BRDA:6,757,0,0
BRDA:6,757,1,0
BRDA:6,758,0,0
BRDA:6,758,1,0
BRDA:6,759,0,0
BRDA:6,759,1,0
BRDA:6,760,0,0
BRDA:6,760,1,0
BRDA:6,761,0,0
BRDA:6,761,1,0
BRDA:6,762,0,0
BRDA:6,762,1,0
BRDA:6,763,0,0
BRDA:6,763,1,0
BRDA:6,764,0,0
BRDA:6,764,1,0
BRDA:6,765,0,0
BRDA:6,765,1,0
BRDA:6,766,0,0
BRDA:6,766,1,0
BRDA:6,767,0,0
BRDA:6,767,1,0
BRDA:6,768,0,0
BRDA:6,768,1,0
BRDA:6,769,0,0
BRDA:6,769,1,0
BRDA:6,770,0,0
BRDA:6,770,1,0
BRDA:6,770,2,0
BRDA:6,771,0,0
BRDA:6,771,1,0
BRDA:6,772,0,0
BRDA:6,772,1,0
BRDA:6,772,2,0
BRDA:6,773,0,0
BRDA:6,773,1,0
BRDA:6,774,0,0
BRDA:6,774,1,0
BRDA:6,775,0,0
BRDA:6,775,1,0
BRDA:6,775,2,0
BRDA:6,775,3,0
BRDA:6,776,0,0
BRDA:6,776,1,0
BRDA:6,777,0,0
BRDA:6,777,1,0
BRDA:6,778,0,0
BRDA:6,778,1,0
BRDA:6,779,0,0
BRDA:6,779,1,0
BRDA:6,780,0,0
BRDA:6,780,1,0
BRDA:6,781,0,0
BRDA:6,781,1,0
BRDA:6,781,2,0
BRDA:6,781,3,0
BRDA:6,782,0,0
BRDA:6,782,1,0
BRDA:6,783,0,0
BRDA:6,783,1,0
BRDA:6,784,0,0
BRDA:6,784,1,0
BRDA:6,785,0,0
BRDA:6,785,1,0
BRDA:6,786,0,0
BRDA:6,786,1,0
BRDA:6,787,0,0
BRDA:6,787,1,0
BRDA:6,788,0,0
BRDA:6,789,0,0
BRDA:6,789,1,0
BRDA:6,789,2,0
BRDA:6,790,0,0
BRDA:6,790,1,0
BRDA:6,791,0,0
BRDA:6,791,1,0
BRDA:6,792,0,0
BRDA:6,792,1,0
BRDA:6,793,0,0
BRDA:6,793,1,0
BRDA:6,794,0,0
BRDA:6,795,0,0
BRDA:6,795,1,0
BRDA:6,796,0,0
BRDA:6,796,1,0
BRDA:6,797,0,0
BRDA:6,797,1,0
BRDA:6,798,0,0
BRDA:6,798,1,0
BRDA:6,799,0,0
BRDA:6,799,1,0
BRDA:6,800,0,0
BRDA:6,800,1,0
BRDA:6,801,0,0
BRDA:6,801,1,0
BRDA:6,802,0,0
BRDA:6,803,0,0
BRDA:6,804,0,0
BRDA:6,805,0,0
BRDA:6,805,1,0
BRDA:6,806,0,0
BRDA:6,806,1,0
BRDA:6,806,2,0
BRDA:8,807,0,0
BRDA:8,807,1,0
BRDA:8,808,0,0
BRDA:8,808,1,0
BRDA:8,809,0,0
BRDA:8,809,1,0
BRDA:8,810,0,0
BRDA:8,810,1,0
BRDA:8,811,0,0
BRDA:8,811,1,0
BRDA:8,812,0,0
BRDA:8,812,1,0
BRDA:8,813,0,0
BRDA:8,813,1,0
BRDA:8,814,0,0
BRDA:8,814,1,0
BRDA:8,815,0,0
BRDA:8,815,1,0
BRDA:8,816,0,0
BRDA:8,816,1,0
BRDA:8,817,0,0
BRDA:8,817,1,0
BRDA:8,818,0,0
BRDA:8,818,1,0
BRDA:8,819,0,0
BRDA:8,819,1,0
BRDA:8,820,0,0
BRDA:8,820,1,0
BRDA:8,821,0,0
BRDA:8,821,1,0
BRDA:8,822,0,0
BRDA:8,822,1,0
BRDA:8,823,0,0
BRDA:8,823,1,0
BRDA:8,824,0,0
BRDA:8,824,1,0
BRDA:8,825,0,0
BRDA:8,825,1,0
BRDA:11,826,0,0
BRDA:11,826,1,0
BRDA:11,827,0,0
BRDA:11,827,1,0
BRDA:11,828,0,0
BRDA:11,828,1,0
BRDA:11,829,0,0
BRDA:11,829,1,0
BRDA:11,830,0,0
BRDA:11,830,1,0
BRDA:11,831,0,0
BRDA:11,831,1,0
BRDA:11,832,0,0
BRDA:11,832,1,0
BRDA:11,833,0,0
BRDA:11,833,1,0
BRDA:11,834,0,0
BRDA:11,834,1,0
BRDA:11,835,0,0
BRDA:11,835,1,0
BRDA:11,836,0,0
BRDA:11,836,1,0
BRDA:11,837,0,0
BRDA:11,837,1,0
BRDA:11,838,0,0
BRDA:11,838,1,0
BRDA:11,839,0,0
BRDA:11,839,1,0
BRDA:11,839,2,0
BRDA:11,840,0,0
BRDA:11,840,1,0
BRDA:11,841,0,0
BRDA:11,841,1,0
BRDA:11,842,0,0
BRDA:11,842,1,0
BRDA:11,843,0,0
BRDA:11,843,1,0
BRDA:11,844,0,0
BRDA:11,844,1,0
BRDA:11,845,0,0
BRDA:11,845,1,0
BRDA:11,846,0,0
BRDA:11,846,1,0
BRDA:11,847,0,0
BRDA:11,847,1,0
BRDA:11,848,0,0
BRDA:11,848,1,0
BRDA:11,849,0,0
BRDA:11,849,1,0
BRDA:11,850,0,0
BRDA:11,850,1,0
BRDA:11,851,0,0
BRDA:11,851,1,0
BRDA:11,852,0,0
BRDA:11,852,1,0
BRDA:11,853,0,0
BRDA:11,853,1,0
BRDA:11,854,0,0
BRDA:11,854,1,0
BRDA:11,855,0,0
BRDA:11,855,1,0
BRDA:11,856,0,0
BRDA:11,856,1,0
BRDA:11,857,0,0
BRDA:11,857,1,0
BRDA:11,858,0,0
BRDA:11,858,1,0
BRDA:11,859,0,0
BRDA:11,859,1,0
BRDA:11,860,0,0
BRDA:11,860,1,0
BRDA:11,861,0,0
BRDA:11,861,1,0
BRDA:11,862,0,0
BRDA:11,862,1,0
BRDA:11,863,0,0
BRDA:11,863,1,0
BRDA:11,864,0,0
BRDA:11,864,1,0
BRDA:11,865,0,0
BRDA:11,865,1,0
BRDA:11,866,0,0
BRDA:11,866,1,0
BRDA:11,867,0,0
BRDA:11,867,1,0
BRDA:11,868,0,0
BRDA:11,868,1,0
BRDA:12,869,0,0
BRDA:12,869,1,0
BRDA:12,870,0,0
BRDA:12,870,1,0
BRDA:12,871,0,0
BRDA:12,871,1,0
BRDA:12,872,0,0
BRDA:12,872,1,0
BRDA:12,873,0,0
BRDA:12,873,1,0
BRDA:12,874,0,0
BRDA:12,874,1,0
BRDA:12,875,0,0
BRDA:12,875,1,0
BRDA:12,876,0,0
BRDA:12,876,1,0
BRDA:12,877,0,0
BRDA:12,877,1,0
BRDA:12,878,0,0
BRDA:12,878,1,0
BRDA:12,879,0,0
BRDA:12,879,1,0
BRDA:12,880,0,0
BRDA:12,880,1,0
BRDA:12,881,0,0
BRDA:12,881,1,0
BRDA:12,881,2,0
BRDA:12,882,0,0
BRDA:12,883,0,0
BRDA:12,883,1,0
BRDA:12,884,0,0
BRDA:12,884,1,0
BRDA:12,884,2,0
BRDA:12,885,0,0
BRDA:12,885,1,0
BRDA:12,886,0,0
BRDA:12,886,1,0
BRDA:12,887,0,0
BRDA:12,887,1,0
BRDA:12,887,2,0
BRDA:12,887,3,0
BRDA:12,888,0,0
BRDA:12,888,1,0
BRDA:12,889,0,0
BRDA:12,889,1,0
BRDA:13,890,0,0
BRDA:13,890,1,0
BRDA:13,891,0,0
BRDA:13,891,1,0
BRDA:14,892,0,0
BRDA:14,892,1,0
BRDA:14,893,0,0
BRDA:14,893,1,0
BRDA:14,894,0,0
BRDA:14,894,1,0
BRDA:14,895,0,0
BRDA:14,895,1,0
BRDA:14,896,0,0
BRDA:14,896,1,0
BRDA:14,897,0,0
BRDA:14,897,1,0
BRDA:14,898,0,0
BRDA:14,898,1,0
BRDA:14,899,0,0
BRDA:14,899,1,0
BRDA:14,900,0,0
BRDA:14,900,1,0
BRDA:14,901,0,0
BRDA:14,901,1,0
BRDA:14,902,0,0
BRDA:14,902,1,0
BRDA:14,903,0,0
BRDA:14,903,1,0
BRDA:14,904,0,0
BRDA:14,904,1,0
BRDA:14,905,0,0
BRDA:14,905,1,0
BRDA:14,906,0,0
BRDA:14,906,1,0
BRDA:14,907,0,0
BRDA:14,907,1,0
BRDA:14,908,0,0
BRDA:14,908,1,0
BRDA:14,909,0,0
BRDA:14,909,1,0
BRDA:14,910,0,0
BRDA:14,910,1,0
BRDA:14,911,0,0
BRDA:14,911,1,0
BRDA:14,912,0,0
BRDA:14,912,1,0
BRDA:14,913,0,0
BRDA:14,913,1,0
BRDA:14,913,2,0
BRDA:14,914,0,0
BRDA:14,914,1,0
BRDA:21,915,0,0
BRDA:21,915,1,0
BRDA:21,916,0,0
BRDA:21,916,1,0
BRDA:21,917,0,0
BRDA:21,917,1,0
BRDA:21,918,0,0
BRDA:21,918,1,0
BRDA:21,918,2,0
BRDA:21,918,3,0
BRDA:21,918,4,0
BRDA:21,918,5,0
BRDA:21,918,6,0
BRDA:21,919,0,0
BRDA:21,919,1,0
BRDA:21,920,0,0
BRDA:21,921,0,0
BRDA:21,921,1,0
BRDA:21,922,0,0
BRDA:21,922,1,0
BRDA:21,923,0,0
BRDA:21,923,1,0
BRDA:21,924,0,0
BRDA:21,924,1,0
BRDA:21,925,0,0
BRDA:21,925,1,0
BRDA:21,926,0,0
BRDA:21,926,1,0
BRDA:21,927,0,0
BRDA:21,928,0,0
BRDA:21,928,1,0
BRDA:21,929,0,0
BRDA:21,929,1,0
BRDA:21,930,0,0
BRDA:21,930,1,0
BRDA:21,931,0,0
BRDA:21,931,1,0
BRDA:21,932,0,0
BRDA:21,932,1,0
BRDA:21,933,0,0
BRDA:21,933,1,0
BRDA:21,933,2,0
BRDA:21,934,0,0
BRDA:21,934,1,0
BRDA:21,935,0,0
BRDA:21,935,1,0
BRDA:21,936,0,0
BRDA:21,936,1,0
BRDA:21,937,0,0
BRDA:21,937,1,0
BRDA:21,938,0,0
BRDA:21,938,1,0
BRDA:21,939,0,0
BRDA:21,939,1,0
BRDA:21,940,0,0
BRDA:21,940,1,0
BRDA:21,941,0,0
BRDA:21,941,1,0
BRDA:21,942,0,0
BRDA:21,942,1,0
BRDA:21,943,0,0
BRDA:21,943,1,0
BRDA:21,944,0,0
BRDA:21,944,1,0
BRDA:21,945,0,0
BRDA:21,945,1,0
BRDA:21,946,0,0
BRDA:21,946,1,0
BRDA:21,947,0,0
BRDA:21,947,1,0
BRDA:21,948,0,0
BRDA:21,948,1,0
BRDA:21,948,2,0
BRDA:21,948,3,0
BRDA:21,948,4,0
BRDA:21,948,5,0
BRDA:21,948,6,0
BRDA:21,948,7,0
BRDA:21,948,8,0
BRDA:21,948,9,0
BRDA:21,948,10,0
BRDA:21,948,11,0
BRDA:21,948,12,0
BRDA:21,949,0,0
BRDA:21,949,1,0
BRDA:21,950,0,0
BRDA:21,950,1,0
BRDA:21,951,0,0
BRDA:21,951,1,0
BRDA:21,952,0,0
BRDA:21,952,1,0
BRDA:21,953,0,0
BRDA:21,953,1,0
BRDA:21,954,0,0
BRDA:21,954,1,0
BRDA:21,955,0,0
BRDA:21,955,1,0
BRDA:21,956,0,0
BRDA:21,956,1,0
BRDA:21,957,0,0
BRDA:21,957,1,0
BRDA:21,958,0,0
BRDA:21,958,1,0
BRDA:21,959,0,0
BRDA:21,959,1,0
BRDA:21,960,0,0
BRDA:21,960,1,0
BRDA:21,961,0,0
BRDA:21,961,1,0
BRDA:21,962,0,0
BRDA:21,962,1,0
BRDA:21,963,0,0
BRDA:21,963,1,0
BRDA:21,964,0,0
BRDA:21,964,1,0
BRDA:21,965,0,0
BRDA:21,965,1,0
BRDA:21,966,0,0
BRDA:21,966,1,0
BRDA:21,967,0,0
BRDA:21,967,1,0
BRDA:21,968,0,0
BRDA:21,968,1,0
BRDA:21,969,0,0
BRDA:21,969,1,0
BRDA:21,970,0,0
BRDA:21,970,1,0
BRDA:21,971,0,0
BRDA:21,971,1,0
BRDA:21,972,0,0
BRDA:21,972,1,0
BRDA:21,973,0,0
BRDA:21,973,1,0
BRDA:21,974,0,0
BRDA:21,974,1,0
BRDA:21,975,0,0
BRDA:21,975,1,0
BRDA:21,976,0,0
BRDA:21,976,1,0
BRDA:21,977,0,0
BRDA:21,977,1,0
BRDA:21,978,0,0
BRDA:21,978,1,0
BRDA:21,978,2,0
BRDA:21,979,0,0
BRDA:21,979,1,0
BRDA:21,980,0,0
BRDA:21,980,1,0
BRDA:21,981,0,0
BRDA:21,981,1,0
BRDA:22,982,0,0
BRDA:22,982,1,0
BRDA:22,983,0,0
BRDA:22,983,1,0
BRDA:22,984,0,0
BRDA:22,984,1,0
BRDA:22,985,0,0
BRDA:22,985,1,0
BRDA:22,986,0,0
BRDA:22,986,1,0
BRDA:22,987,0,0
BRDA:22,987,1,0
BRDA:22,988,0,0
BRDA:22,988,1,0
BRDA:23,989,0,0
BRDA:23,989,1,0
BRDA:23,990,0,0
BRDA:23,990,1,0
BRDA:23,991,0,0
BRDA:23,991,1,0
BRDA:24,992,0,0
BRDA:24,992,1,0
BRDA:25,993,0,0
BRDA:25,993,1,0
BRDA:25,994,0,0
BRDA:25,994,1,0
BRDA:25,995,0,0
BRDA:25,995,1,0
BRDA:25,996,0,0
BRDA:25,996,1,0
BRDA:25,997,0,0
BRDA:25,997,1,0
BRDA:25,998,0,0
BRDA:25,998,1,0
BRDA:26,999,0,0
BRDA:26,999,1,0
BRDA:26,1000,0,0
BRDA:26,1000,1,0
BRDA:26,1001,0,0
BRDA:26,1001,1,0
BRDA:26,1002,0,0
BRDA:26,1002,1,0
BRDA:26,1003,0,0
BRDA:26,1003,1,0
BRDA:26,1004,0,0
BRDA:26,1004,1,0
BRDA:26,1005,0,0
BRDA:26,1005,1,0
BRDA:26,1006,0,0
BRDA:26,1006,1,0
BRDA:26,1007,0,0
BRDA:26,1007,1,0
BRDA:26,1008,0,0
BRDA:26,1008,1,0
BRDA:26,1009,0,0
BRDA:26,1009,1,0
BRDA:26,1010,0,0
BRDA:26,1010,1,0
BRDA:26,1011,0,0
BRDA:26,1011,1,0
BRDA:26,1012,0,0
BRDA:26,1012,1,0
BRDA:26,1013,0,0
BRDA:26,1013,1,0
BRDA:26,1014,0,0
BRDA:26,1014,1,0
BRDA:26,1015,0,0
BRDA:26,1015,1,0
BRDA:26,1016,0,0
BRDA:26,1016,1,0
BRDA:26,1017,0,0
BRDA:26,1017,1,0
BRDA:26,1018,0,0
BRDA:26,1018,1,0
BRDA:26,1019,0,0
BRDA:26,1019,1,0
BRDA:26,1020,0,0
BRDA:26,1020,1,0
BRDA:26,1021,0,0
BRDA:26,1021,1,0
BRDA:26,1022,0,0
BRDA:26,1022,1,0
BRDA:26,1023,0,0
BRDA:26,1023,1,0
BRDA:26,1024,0,0
BRDA:26,1024,1,0
BRDA:26,1025,0,0
BRDA:26,1025,1,0
BRDA:26,1026,0,0
BRDA:26,1026,1,0
BRDA:26,1027,0,0
BRDA:26,1027,1,0
BRDA:26,1028,0,0
BRDA:26,1028,1,0
BRDA:26,1029,0,0
BRDA:26,1029,1,0
BRDA:26,1030,0,0
BRDA:26,1030,1,0
BRDA:26,1031,0,0
BRDA:26,1031,1,0
BRDA:26,1032,0,0
BRDA:26,1032,1,0
BRDA:26,1033,0,0
BRDA:26,1033,1,0
BRDA:26,1034,0,0
BRDA:26,1034,1,0
BRDA:26,1035,0,0
BRDA:26,1035,1,0
BRDA:26,1036,0,0
BRDA:26,1036,1,0
BRDA:26,1036,2,0
BRDA:26,1036,3,0
BRDA:30,1037,0,0
BRDA:30,1037,1,0
BRDA:30,1038,0,0
BRDA:30,1038,1,0
BRDA:30,1039,0,0
BRDA:30,1039,1,0
BRDA:30,1040,0,0
BRDA:30,1040,1,0
BRDA:30,1041,0,0
BRDA:30,1041,1,0
BRDA:30,1042,0,0
BRDA:30,1042,1,0
BRDA:30,1043,0,0
BRDA:30,1043,1,0
BRDA:30,1044,0,0
BRDA:30,1044,1,0
BRDA:30,1045,0,0
BRDA:30,1045,1,0
BRDA:30,1046,0,0
BRDA:30,1046,1,0
BRDA:30,1047,0,0
BRDA:30,1047,1,0
BRDA:30,1048,0,0
BRDA:30,1048,1,0
BRDA:30,1049,0,0
BRDA:30,1049,1,0
BRDA:30,1050,0,0
BRDA:30,1050,1,0
BRDA:30,1051,0,0
BRDA:30,1051,1,0
BRDA:30,1052,0,0
BRDA:30,1052,1,0
BRDA:30,1053,0,0
BRDA:30,1053,1,0
BRDA:30,1054,0,0
BRDA:30,1054,1,0
BRDA:30,1055,0,0
BRDA:30,1055,1,0
BRDA:30,1056,0,0
BRDA:30,1056,1,0
BRDA:30,1057,0,0
BRDA:30,1057,1,0
BRDA:30,1058,0,0
BRDA:30,1058,1,0
BRDA:30,1059,0,0
BRDA:30,1059,1,0
BRDA:30,1060,0,0
BRDA:30,1060,1,0
BRDA:30,1061,0,0
BRDA:30,1061,1,0
BRDA:30,1062,0,0
BRDA:30,1062,1,0
BRDA:30,1063,0,0
BRDA:30,1063,1,0
BRDA:30,1064,0,0
BRDA:30,1064,1,0
BRDA:30,1065,0,0
BRDA:30,1065,1,0
BRDA:30,1066,0,0
BRDA:30,1066,1,0
BRDA:30,1067,0,0
BRDA:30,1067,1,0
BRDA:30,1068,0,0
BRDA:30,1068,1,0
BRDA:30,1069,0,0
BRDA:30,1069,1,0
BRDA:30,1070,0,0
BRDA:30,1070,1,0
BRDA:30,1071,0,0
BRDA:30,1071,1,0
BRDA:30,1072,0,0
BRDA:30,1072,1,0
BRDA:30,1073,0,0
BRDA:30,1073,1,0
BRDA:30,1074,0,0
BRDA:30,1074,1,0
BRDA:30,1075,0,0
BRDA:30,1075,1,0
BRDA:30,1076,0,0
BRDA:30,1076,1,0
BRDA:30,1077,0,0
BRDA:30,1077,1,0
BRDA:30,1078,0,0
BRDA:30,1078,1,0
BRDA:30,1079,0,0
BRDA:30,1079,1,0
BRDA:30,1080,0,0
BRDA:30,1080,1,0
BRDA:30,1081,0,0
BRDA:30,1081,1,0
BRDA:30,1082,0,0
BRDA:30,1082,1,0
BRDA:30,1083,0,0
BRDA:30,1083,1,0
BRDA:30,1084,0,0
BRDA:30,1084,1,0
BRDA:30,1085,0,0
BRDA:30,1085,1,0
BRDA:30,1086,0,0
BRDA:30,1086,1,0
BRDA:30,1087,0,0
BRDA:30,1087,1,0
BRDA:30,1088,0,0
BRDA:30,1088,1,0
BRDA:30,1089,0,0
BRDA:30,1089,1,0
BRDA:30,1090,0,0
BRDA:30,1090,1,0
BRDA:30,1091,0,0
BRDA:30,1091,1,0
BRDA:30,1092,0,0
BRDA:30,1092,1,0
BRDA:30,1093,0,0
BRDA:30,1093,1,0
BRDA:30,1094,0,0
BRDA:30,1094,1,0
BRDA:30,1095,0,0
BRDA:30,1095,1,0
BRDA:30,1096,0,0
BRDA:30,1096,1,0
BRDA:30,1097,0,0
BRDA:30,1097,1,0
BRDA:30,1098,0,0
BRDA:30,1098,1,0
BRDA:30,1099,0,0
BRDA:30,1099,1,0
BRDA:30,1100,0,0
BRDA:30,1100,1,0
BRDA:30,1100,2,0
BRDA:30,1101,0,0
BRDA:30,1101,1,0
BRDA:30,1102,0,0
BRDA:30,1102,1,0
BRDA:30,1103,0,0
BRDA:30,1103,1,0
BRDA:31,1104,0,0
BRDA:31,1104,1,0
BRDA:31,1105,0,0
BRDA:31,1105,1,0
BRDA:31,1106,0,0
BRDA:31,1106,1,0
BRDA:31,1107,0,0
BRDA:31,1107,1,0
BRDA:31,1108,0,0
BRDA:31,1108,1,0
BRDA:31,1109,0,0
BRDA:31,1109,1,0
BRDA:31,1110,0,0
BRDA:31,1110,1,0
BRF:2304
BRH:0
end_of_record
TN:
SF:src\modules\mentor-profile\mentor-profile.module.ts
FNF:0
FNH:0
DA:1,0
DA:2,0
DA:3,0
DA:4,0
DA:5,0
DA:6,0
DA:7,0
DA:21,0
LF:8
LH:0
BRDA:13,0,0,0
BRDA:13,0,1,0
BRF:2
BRH:0
end_of_record
TN:
SF:src\modules\mentor-profile\controllers\mentor-profile.controller.ts
FN:36,(anonymous_4)
FN:42,(anonymous_5)
FN:49,(anonymous_6)
FN:58,(anonymous_7)
FN:69,(anonymous_8)
FNF:5
FNH:5
FNDA:14,(anonymous_4)
FNDA:3,(anonymous_5)
FNDA:3,(anonymous_6)
FNDA:4,(anonymous_7)
FNDA:6,(anonymous_8)
DA:1,1
DA:14,1
DA:15,1
DA:16,1
DA:17,1
DA:18,1
DA:19,1
DA:20,1
DA:35,1
DA:36,14
DA:42,1
DA:43,3
DA:49,1
DA:50,3
DA:58,1
DA:62,4
DA:69,1
DA:70,6
LF:18
LH:18
BRDA:42,0,0,1
BRDA:42,1,0,1
BRF:2
BRH:2
end_of_record
TN:
SF:src\modules\mentor-profile\controllers\mentor-profile.internal.controller.ts
FN:7,(anonymous_4)
FN:11,(anonymous_5)
FNF:2
FNH:0
FNDA:0,(anonymous_4)
FNDA:0,(anonymous_5)
DA:1,0
DA:2,0
DA:6,0
DA:7,0
DA:11,0
DA:16,0
DA:17,0
DA:20,0
DA:23,0
LF:9
LH:0
BRDA:16,0,0,0
BRF:1
BRH:0
end_of_record
TN:
SF:src\modules\mentor-profile\dto\create-mentor-profile.dto.ts
FNF:0
FNH:0
DA:1,0
DA:6,0
DA:8,0
DA:11,0
DA:14,0
DA:17,0
DA:20,0
LF:7
LH:0
BRF:0
BRH:0
end_of_record
TN:
SF:src\modules\mentor-profile\dto\mentor-profile-response.dto.ts
FNF:0
FNH:0
DA:1,0
LF:1
LH:0
BRF:0
BRH:0
end_of_record
TN:
SF:src\modules\mentor-profile\dto\update-mentor-profile.dto.ts
FNF:0
FNH:0
DA:1,1
DA:7,1
DA:10,1
DA:14,1
DA:18,1
DA:22,1
DA:26,1
LF:7
LH:7
BRF:0
BRH:0
end_of_record
TN:
SF:src\modules\mentor-profile\repositories\mentor-profile.repository.ts
FN:14,(anonymous_2)
FN:16,(anonymous_3)
FN:22,(anonymous_4)
FN:35,(anonymous_5)
FN:49,(anonymous_6)
FN:71,(anonymous_7)
FN:75,(anonymous_8)
FNF:7
FNH:0
FNDA:0,(anonymous_2)
FNDA:0,(anonymous_3)
FNDA:0,(anonymous_4)
FNDA:0,(anonymous_5)
FNDA:0,(anonymous_6)
FNDA:0,(anonymous_7)
FNDA:0,(anonymous_8)
DA:1,2
DA:2,2
DA:13,2
DA:14,0
DA:17,0
DA:23,0
DA:36,0
DA:50,0
DA:72,0
DA:76,0
LF:10
LH:3
BRDA:26,0,0,0
BRDA:26,0,1,0
BRDA:27,1,0,0
BRDA:27,1,1,0
BRDA:28,2,0,0
BRDA:28,2,1,0
BRDA:29,3,0,0
BRDA:29,3,1,0
BRDA:30,4,0,0
BRDA:30,4,1,0
BRDA:39,5,0,0
BRDA:39,5,1,0
BRDA:40,6,0,0
BRDA:40,6,1,0
BRDA:41,7,0,0
BRDA:41,7,1,0
BRDA:42,8,0,0
BRDA:42,8,1,0
BRDA:43,9,0,0
BRDA:43,9,1,0
BRDA:54,10,0,0
BRDA:54,10,1,0
BRDA:55,11,0,0
BRDA:55,11,1,0
BRDA:56,12,0,0
BRDA:56,12,1,0
BRDA:57,13,0,0
BRDA:57,13,1,0
BRDA:58,14,0,0
BRDA:58,14,1,0
BRDA:61,15,0,0
BRDA:61,15,1,0
BRDA:62,16,0,0
BRDA:62,16,1,0
BRDA:63,17,0,0
BRDA:63,17,1,0
BRDA:64,18,0,0
BRDA:64,18,1,0
BRDA:65,19,0,0
BRDA:65,19,1,0
BRDA:75,20,0,0
BRDA:75,21,0,0
BRF:42
BRH:0
end_of_record
TN:
SF:src\modules\mentor-profile\services\mentor-profile.service.ts
FN:17,(anonymous_2)
FN:19,(anonymous_3)
FN:27,(anonymous_4)
FN:37,(anonymous_5)
FN:47,(anonymous_6)
FN:52,(anonymous_7)
FN:60,(anonymous_8)
FN:62,(anonymous_9)
FN:65,(anonymous_10)
FNF:9
FNH:9
FNDA:20,(anonymous_2)
FNDA:4,(anonymous_3)
FNDA:4,(anonymous_4)
FNDA:4,(anonymous_5)
FNDA:2,(anonymous_6)
FNDA:3,(anonymous_7)
FNDA:3,(anonymous_8)
FNDA:3,(anonymous_9)
FNDA:11,(anonymous_10)
DA:1,2
DA:2,2
DA:16,2
DA:17,20
DA:20,4
DA:21,4
DA:22,2
DA:24,2
DA:28,4
DA:29,4
DA:30,2
DA:33,2
DA:34,2
DA:38,4
DA:39,4
DA:40,2
DA:43,2
DA:44,2
DA:48,2
DA:49,2
DA:53,3
DA:54,3
DA:55,2
DA:57,1
DA:61,3
DA:62,3
DA:66,11
LF:27
LH:27
BRDA:21,0,0,2
BRDA:29,1,0,2
BRDA:39,2,0,2
BRDA:54,3,0,2
BRDA:60,4,0,2
BRDA:60,5,0,2
BRDA:72,6,0,11
BRDA:72,6,1,0
BRF:8
BRH:7
end_of_record
TN:
SF:src\modules\mentor-search\mentor-search.module.ts
FNF:0
FNH:0
DA:1,0
DA:2,0
DA:3,0
DA:4,0
DA:12,0
LF:5
LH:0
BRF:0
BRH:0
end_of_record
TN:
SF:src\modules\mentor-search\controllers\mentor-search.controller.ts
FN:16,(anonymous_4)
FN:24,(anonymous_5)
FN:31,(anonymous_6)
FN:47,(anonymous_7)
FNF:4
FNH:0
FNDA:0,(anonymous_4)
FNDA:0,(anonymous_5)
FNDA:0,(anonymous_6)
FNDA:0,(anonymous_7)
DA:1,0
DA:9,0
DA:10,0
DA:11,0
DA:15,0
DA:16,0
DA:24,0
DA:28,0
DA:30,0
DA:31,0
DA:47,0
DA:48,0
DA:51,0
LF:13
LH:0
BRF:0
BRH:0
end_of_record
TN:
SF:src\modules\mentor-search\dto\filter-mentors.dto.ts
FN:4,(anonymous_2)
FN:34,(anonymous_3)
FN:45,(anonymous_4)
FNF:3
FNH:0
FNDA:0,(anonymous_2)
FNDA:0,(anonymous_3)
FNDA:0,(anonymous_4)
DA:1,0
DA:2,0
DA:4,0
DA:11,0
DA:19,0
DA:27,0
DA:34,0
DA:38,0
DA:45,0
DA:48,0
DA:56,0
DA:64,0
LF:12
LH:0
BRF:0
BRH:0
end_of_record
TN:
SF:src\modules\mentor-search\dto\mentor-stats.dto.ts
FN:14,(anonymous_0)
FNF:1
FNH:0
FNDA:0,(anonymous_0)
DA:1,0
DA:15,0
DA:16,0
DA:17,0
LF:4
LH:0
BRDA:15,0,0,0
BRDA:15,0,1,0
BRDA:16,1,0,0
BRDA:16,1,1,0
BRDA:17,2,0,0
BRDA:17,2,1,0
BRF:6
BRH:0
end_of_record
TN:
SF:src\modules\mentor-search\services\mentor-search.service.ts
FN:20,(anonymous_2)
FN:25,(anonymous_3)
FN:88,(anonymous_4)
FN:158,(anonymous_5)
FN:174,(anonymous_6)
FN:228,(anonymous_7)
FN:250,(anonymous_8)
FN:252,(anonymous_9)
FN:260,(anonymous_10)
FN:262,(anonymous_11)
FN:269,(anonymous_12)
FN:289,(anonymous_13)
FN:353,(anonymous_14)
FN:369,(anonymous_15)
FN:370,(anonymous_16)
FNF:15
FNH:0
FNDA:0,(anonymous_2)
FNDA:0,(anonymous_3)
FNDA:0,(anonymous_4)
FNDA:0,(anonymous_5)
FNDA:0,(anonymous_6)
FNDA:0,(anonymous_7)
FNDA:0,(anonymous_8)
FNDA:0,(anonymous_9)
FNDA:0,(anonymous_10)
FNDA:0,(anonymous_11)
FNDA:0,(anonymous_12)
FNDA:0,(anonymous_13)
FNDA:0,(anonymous_14)
FNDA:0,(anonymous_15)
FNDA:0,(anonymous_16)
DA:1,0
DA:2,0
DA:17,0
DA:18,0
DA:20,0
DA:26,0
DA:28,0
DA:30,0
DA:32,0
DA:35,0
DA:36,0
DA:55,0
DA:58,0
DA:67,0
DA:69,0
DA:79,0
DA:80,0
DA:89,0
DA:91,0
DA:92,0
DA:95,0
DA:102,0
DA:103,0
DA:109,0
DA:110,0
DA:126,0
DA:128,0
DA:137,0
DA:139,0
DA:149,0
DA:150,0
DA:159,0
DA:161,0
DA:162,0
DA:165,0
DA:173,0
DA:174,0
DA:175,0
DA:180,0
DA:181,0
DA:197,0
DA:199,0
DA:208,0
DA:210,0
DA:220,0
DA:221,0
DA:229,0
DA:231,0
DA:233,0
DA:236,0
DA:244,0
DA:249,0
DA:250,0
DA:251,0
DA:252,0
DA:253,0
DA:259,0
DA:260,0
DA:262,0
DA:267,0
DA:269,0
DA:277,0
DA:278,0
DA:280,0
DA:281,0
DA:290,0
DA:292,0
DA:293,0
DA:295,0
DA:318,0
DA:319,0
DA:325,0
DA:327,0
DA:333,0
DA:335,0
DA:345,0
DA:346,0
DA:354,0
DA:356,0
DA:357,0
DA:360,0
DA:369,0
DA:370,0
DA:373,0
DA:374,0
DA:376,0
DA:378,0
DA:388,0
DA:389,0
LF:89
LH:0
BRDA:28,0,0,0
BRDA:28,1,0,0
BRDA:28,2,0,0
BRDA:28,3,0,0
BRDA:35,4,0,0
BRDA:92,5,0,0
BRDA:92,6,0,0
BRDA:92,7,0,0
BRDA:92,8,0,0
BRDA:102,9,0,0
BRDA:109,10,0,0
BRDA:162,11,0,0
BRDA:162,12,0,0
BRDA:162,13,0,0
BRDA:162,14,0,0
BRDA:173,15,0,0
BRDA:180,16,0,0
BRDA:251,17,0,0
BRDA:251,18,0,0
BRDA:251,18,1,0
BRDA:253,19,0,0
BRDA:253,19,1,0
BRDA:270,20,0,0
BRDA:270,20,1,0
BRDA:293,21,0,0
BRDA:293,22,0,0
BRDA:318,23,0,0
BRDA:357,24,0,0
BRDA:357,25,0,0
BRF:29
BRH:0
end_of_record
TN:
SF:src\prisma\prisma.module.ts
FNF:0
FNH:0
DA:1,0
DA:2,0
DA:8,0
LF:3
LH:0
BRF:0
BRH:0
end_of_record
TN:
SF:src\prisma\prisma.service.ts
FN:8,(anonymous_2)
FN:15,(anonymous_3)
FN:25,(anonymous_4)
FNF:3
FNH:0
FNDA:0,(anonymous_2)
FNDA:0,(anonymous_3)
FNDA:0,(anonymous_4)
DA:1,2
DA:2,2
DA:5,2
DA:6,0
DA:9,0
DA:16,0
DA:17,0
DA:18,0
DA:20,0
DA:21,0
DA:26,0
DA:27,0
LF:12
LH:3
BRF:0
BRH:0
end_of_record
