{"D:\\TanKhanh\\Lecture\\2025-2026\\Second Semester\\Software Engineering\\IUROADMAP\\IUROADMAP\\services\\api-gateway\\src\\app.module.ts": {"path":"D:\\TanKhanh\\Lecture\\2025-2026\\Second Semester\\Software Engineering\\IUROADMAP\\IUROADMAP\\services\\api-gateway\\src\\app.module.ts","statementMap":{"0":{"start":{"line":1,"column":0},"end":{"line":1,"column":95}},"1":{"start":{"line":2,"column":0},"end":{"line":2,"column":31}},"2":{"start":{"line":3,"column":0},"end":{"line":3,"column":70}},"3":{"start":{"line":4,"column":0},"end":{"line":4,"column":75}},"4":{"start":{"line":5,"column":0},"end":{"line":5,"column":56}},"5":{"start":{"line":6,"column":0},"end":{"line":6,"column":57}},"6":{"start":{"line":7,"column":0},"end":{"line":7,"column":57}},"7":{"start":{"line":44,"column":7},"end":{"line":103,"column":null}},"8":{"start":{"line":45,"column":19},"end":{"line":45,"column":53}},"9":{"start":{"line":48,"column":24},"end":{"line":48,"column":80}},"10":{"start":{"line":49,"column":23},"end":{"line":49,"column":78}},"11":{"start":{"line":50,"column":23},"end":{"line":50,"column":78}},"12":{"start":{"line":51,"column":25},"end":{"line":51,"column":82}},"13":{"start":{"line":54,"column":4},"end":{"line":64,"column":32}},"14":{"start":{"line":57,"column":10},"end":{"line":57,"column":81}},"15":{"start":{"line":58,"column":10},"end":{"line":58,"column":17}},"16":{"start":{"line":67,"column":4},"end":{"line":72,"column":35}},"17":{"start":{"line":75,"column":4},"end":{"line":79,"column":39}},"18":{"start":{"line":82,"column":4},"end":{"line":87,"column":45}},"19":{"start":{"line":89,"column":4},"end":{"line":94,"column":61}},"20":{"start":{"line":97,"column":4},"end":{"line":101,"column":43}},"21":{"start":{"line":44,"column":13},"end":{"line":44,"column":22}},"22":{"start":{"line":44,"column":13},"end":{"line":103,"column":null}},"23":{"start":{"line":16,"column":25},"end":{"line":26,"column":8}},"24":{"start":{"line":18,"column":25},"end":{"line":18,"column":80}},"25":{"start":{"line":19,"column":22},"end":{"line":23,"column":12}},"26":{"start":{"line":24,"column":10},"end":{"line":24,"column":28}},"27":{"start":{"line":30,"column":25},"end":{"line":39,"column":8}},"28":{"start":{"line":32,"column":25},"end":{"line":32,"column":81}},"29":{"start":{"line":33,"column":22},"end":{"line":36,"column":12}},"30":{"start":{"line":37,"column":10},"end":{"line":37,"column":28}}},"fnMap":{"0":{"name":"(anonymous_1)","decl":{"start":{"line":44,"column":7},"end":{"line":44,"column":13}},"loc":{"start":{"line":44,"column":7},"end":{"line":103,"column":1}}},"1":{"name":"(anonymous_2)","decl":{"start":{"line":47,"column":2},"end":{"line":47,"column":11}},"loc":{"start":{"line":47,"column":40},"end":{"line":102,"column":3}}},"2":{"name":"(anonymous_3)","decl":{"start":{"line":56,"column":8},"end":{"line":56,"column":9}},"loc":{"start":{"line":56,"column":27},"end":{"line":59,"column":9}}},"3":{"name":"(anonymous_4)","decl":{"start":{"line":16,"column":18},"end":{"line":16,"column":21}},"loc":{"start":{"line":16,"column":25},"end":{"line":26,"column":8}}},"4":{"name":"(anonymous_5)","decl":{"start":{"line":17,"column":15},"end":{"line":17,"column":20}},"loc":{"start":{"line":17,"column":38},"end":{"line":25,"column":9}}},"5":{"name":"(anonymous_6)","decl":{"start":{"line":30,"column":18},"end":{"line":30,"column":21}},"loc":{"start":{"line":30,"column":25},"end":{"line":39,"column":8}}},"6":{"name":"(anonymous_7)","decl":{"start":{"line":31,"column":17},"end":{"line":31,"column":22}},"loc":{"start":{"line":31,"column":44},"end":{"line":38,"column":9}}}},"branchMap":{"0":{"loc":{"start":{"line":48,"column":24},"end":{"line":48,"column":80}},"type":"binary-expr","locations":[{"start":{"line":48,"column":24},"end":{"line":48,"column":53}},{"start":{"line":48,"column":57},"end":{"line":48,"column":80}}]},"1":{"loc":{"start":{"line":49,"column":23},"end":{"line":49,"column":78}},"type":"binary-expr","locations":[{"start":{"line":49,"column":23},"end":{"line":49,"column":51}},{"start":{"line":49,"column":55},"end":{"line":49,"column":78}}]},"2":{"loc":{"start":{"line":50,"column":23},"end":{"line":50,"column":78}},"type":"binary-expr","locations":[{"start":{"line":50,"column":23},"end":{"line":50,"column":51}},{"start":{"line":50,"column":55},"end":{"line":50,"column":78}}]},"3":{"loc":{"start":{"line":51,"column":25},"end":{"line":51,"column":82}},"type":"binary-expr","locations":[{"start":{"line":51,"column":25},"end":{"line":51,"column":55}},{"start":{"line":51,"column":59},"end":{"line":51,"column":82}}]},"4":{"loc":{"start":{"line":18,"column":25},"end":{"line":18,"column":80}},"type":"binary-expr","locations":[{"start":{"line":18,"column":25},"end":{"line":18,"column":53}},{"start":{"line":18,"column":57},"end":{"line":18,"column":80}}]},"5":{"loc":{"start":{"line":32,"column":25},"end":{"line":32,"column":81}},"type":"binary-expr","locations":[{"start":{"line":32,"column":25},"end":{"line":32,"column":54}},{"start":{"line":32,"column":58},"end":{"line":32,"column":81}}]}},"s":{"0":0,"1":0,"2":0,"3":0,"4":0,"5":0,"6":0,"7":0,"8":0,"9":0,"10":0,"11":0,"12":0,"13":0,"14":0,"15":0,"16":0,"17":0,"18":0,"19":0,"20":0,"21":0,"22":0,"23":0,"24":0,"25":0,"26":0,"27":0,"28":0,"29":0,"30":0},"f":{"0":0,"1":0,"2":0,"3":0,"4":0,"5":0,"6":0},"b":{"0":[0,0],"1":[0,0],"2":[0,0],"3":[0,0],"4":[0,0],"5":[0,0]}}
,"D:\\TanKhanh\\Lecture\\2025-2026\\Second Semester\\Software Engineering\\IUROADMAP\\IUROADMAP\\services\\api-gateway\\src\\gateway.controller.ts": {"path":"D:\\TanKhanh\\Lecture\\2025-2026\\Second Semester\\Software Engineering\\IUROADMAP\\IUROADMAP\\services\\api-gateway\\src\\gateway.controller.ts","statementMap":{"0":{"start":{"line":1,"column":0},"end":{"line":1,"column":104}},"1":{"start":{"line":2,"column":0},"end":{"line":2,"column":57}},"2":{"start":{"line":5,"column":7},"end":{"line":31,"column":null}},"3":{"start":{"line":7,"column":44},"end":{"line":7,"column":59}},"4":{"start":{"line":8,"column":45},"end":{"line":8,"column":61}},"5":{"start":{"line":13,"column":4},"end":{"line":13,"column":52}},"6":{"start":{"line":19,"column":4},"end":{"line":19,"column":42}},"7":{"start":{"line":25,"column":4},"end":{"line":29,"column":5}},"8":{"start":{"line":26,"column":6},"end":{"line":26,"column":82}},"9":{"start":{"line":28,"column":6},"end":{"line":28,"column":58}},"10":{"start":{"line":5,"column":13},"end":{"line":5,"column":30}},"11":{"start":{"line":12,"column":2},"end":{"line":14,"column":null}},"12":{"start":{"line":17,"column":8},"end":{"line":20,"column":null}},"13":{"start":{"line":24,"column":8},"end":{"line":30,"column":null}},"14":{"start":{"line":5,"column":13},"end":{"line":31,"column":null}}},"fnMap":{"0":{"name":"(anonymous_4)","decl":{"start":{"line":6,"column":2},"end":{"line":6,"column":null}},"loc":{"start":{"line":8,"column":61},"end":{"line":9,"column":6}}},"1":{"name":"(anonymous_5)","decl":{"start":{"line":12,"column":2},"end":{"line":12,"column":11}},"loc":{"start":{"line":12,"column":11},"end":{"line":14,"column":3}}},"2":{"name":"(anonymous_6)","decl":{"start":{"line":17,"column":2},"end":{"line":17,"column":7}},"loc":{"start":{"line":17,"column":39},"end":{"line":20,"column":3}}},"3":{"name":"(anonymous_7)","decl":{"start":{"line":24,"column":2},"end":{"line":24,"column":7}},"loc":{"start":{"line":24,"column":59},"end":{"line":30,"column":3}}}},"branchMap":{},"s":{"0":0,"1":0,"2":0,"3":0,"4":0,"5":0,"6":0,"7":0,"8":0,"9":0,"10":0,"11":0,"12":0,"13":0,"14":0},"f":{"0":0,"1":0,"2":0,"3":0},"b":{}}
,"D:\\TanKhanh\\Lecture\\2025-2026\\Second Semester\\Software Engineering\\IUROADMAP\\IUROADMAP\\services\\api-gateway\\src\\main.ts": {"path":"D:\\TanKhanh\\Lecture\\2025-2026\\Second Semester\\Software Engineering\\IUROADMAP\\IUROADMAP\\services\\api-gateway\\src\\main.ts","statementMap":{"0":{"start":{"line":1,"column":0},"end":{"line":1,"column":43}},"1":{"start":{"line":2,"column":0},"end":{"line":2,"column":41}},"2":{"start":{"line":3,"column":0},"end":{"line":3,"column":40}},"3":{"start":{"line":4,"column":0},"end":{"line":4,"column":33}},"4":{"start":{"line":7,"column":0},"end":{"line":7,"column":16}},"5":{"start":{"line":10,"column":17},"end":{"line":10,"column":41}},"6":{"start":{"line":12,"column":14},"end":{"line":12,"column":72}},"7":{"start":{"line":16,"column":2},"end":{"line":20,"column":5}},"8":{"start":{"line":23,"column":15},"end":{"line":23,"column":39}},"9":{"start":{"line":24,"column":2},"end":{"line":24,"column":25}},"10":{"start":{"line":26,"column":2},"end":{"line":26,"column":68}},"11":{"start":{"line":27,"column":2},"end":{"line":27,"column":75}},"12":{"start":{"line":28,"column":2},"end":{"line":28,"column":76}},"13":{"start":{"line":29,"column":2},"end":{"line":29,"column":75}},"14":{"start":{"line":31,"column":0},"end":{"line":31,"column":12}}},"fnMap":{"0":{"name":"bootstrap","decl":{"start":{"line":9,"column":15},"end":{"line":9,"column":24}},"loc":{"start":{"line":9,"column":24},"end":{"line":30,"column":1}}}},"branchMap":{"0":{"loc":{"start":{"line":23,"column":15},"end":{"line":23,"column":39}},"type":"binary-expr","locations":[{"start":{"line":23,"column":15},"end":{"line":23,"column":31}},{"start":{"line":23,"column":35},"end":{"line":23,"column":39}}]}},"s":{"0":0,"1":0,"2":0,"3":0,"4":0,"5":0,"6":0,"7":0,"8":0,"9":0,"10":0,"11":0,"12":0,"13":0,"14":0},"f":{"0":0},"b":{"0":[0,0]}}
,"D:\\TanKhanh\\Lecture\\2025-2026\\Second Semester\\Software Engineering\\IUROADMAP\\IUROADMAP\\services\\api-gateway\\src\\common\\guards\\jwt.guard.ts": {"path":"D:\\TanKhanh\\Lecture\\2025-2026\\Second Semester\\Software Engineering\\IUROADMAP\\IUROADMAP\\services\\api-gateway\\src\\common\\guards\\jwt.guard.ts","statementMap":{"0":{"start":{"line":1,"column":0},"end":{"line":1,"column":98}},"1":{"start":{"line":4,"column":7},"end":{"line":19,"column":null}},"2":{"start":{"line":6,"column":20},"end":{"line":6,"column":55}},"3":{"start":{"line":7,"column":23},"end":{"line":7,"column":52}},"4":{"start":{"line":9,"column":4},"end":{"line":11,"column":5}},"5":{"start":{"line":10,"column":6},"end":{"line":10,"column":70}},"6":{"start":{"line":13,"column":4},"end":{"line":15,"column":5}},"7":{"start":{"line":14,"column":6},"end":{"line":14,"column":70}},"8":{"start":{"line":17,"column":4},"end":{"line":17,"column":16}},"9":{"start":{"line":4,"column":13},"end":{"line":4,"column":25}},"10":{"start":{"line":4,"column":13},"end":{"line":19,"column":null}}},"fnMap":{"0":{"name":"(anonymous_1)","decl":{"start":{"line":5,"column":2},"end":{"line":5,"column":13}},"loc":{"start":{"line":5,"column":39},"end":{"line":18,"column":3}}}},"branchMap":{"0":{"loc":{"start":{"line":9,"column":4},"end":{"line":11,"column":5}},"type":"if","locations":[{"start":{"line":9,"column":4},"end":{"line":11,"column":5}}]},"1":{"loc":{"start":{"line":13,"column":4},"end":{"line":15,"column":5}},"type":"if","locations":[{"start":{"line":13,"column":4},"end":{"line":15,"column":5}}]}},"s":{"0":1,"1":1,"2":15,"3":15,"4":13,"5":3,"6":10,"7":2,"8":7,"9":1,"10":1},"f":{"0":15},"b":{"0":[3],"1":[2]}}
,"D:\\TanKhanh\\Lecture\\2025-2026\\Second Semester\\Software Engineering\\IUROADMAP\\IUROADMAP\\services\\api-gateway\\src\\common\\middlewares\\auth.middleware.ts": {"path":"D:\\TanKhanh\\Lecture\\2025-2026\\Second Semester\\Software Engineering\\IUROADMAP\\IUROADMAP\\services\\api-gateway\\src\\common\\middlewares\\auth.middleware.ts","statementMap":{"0":{"start":{"line":1,"column":0},"end":{"line":1,"column":83}},"1":{"start":{"line":3,"column":0},"end":{"line":3,"column":36}},"2":{"start":{"line":15,"column":7},"end":{"line":71,"column":null}},"3":{"start":{"line":18,"column":25},"end":{"line":29,"column":6}},"4":{"start":{"line":31,"column":4},"end":{"line":33,"column":5}},"5":{"start":{"line":31,"column":35},"end":{"line":31,"column":68}},"6":{"start":{"line":32,"column":6},"end":{"line":32,"column":20}},"7":{"start":{"line":36,"column":22},"end":{"line":36,"column":50}},"8":{"start":{"line":37,"column":4},"end":{"line":40,"column":5}},"9":{"start":{"line":38,"column":6},"end":{"line":38,"column":53}},"10":{"start":{"line":39,"column":6},"end":{"line":39,"column":59}},"11":{"start":{"line":43,"column":23},"end":{"line":43,"column":74}},"12":{"start":{"line":44,"column":18},"end":{"line":44,"column":39}},"13":{"start":{"line":45,"column":4},"end":{"line":48,"column":5}},"14":{"start":{"line":46,"column":6},"end":{"line":46,"column":54}},"15":{"start":{"line":47,"column":6},"end":{"line":47,"column":72}},"16":{"start":{"line":50,"column":18},"end":{"line":50,"column":26}},"17":{"start":{"line":52,"column":4},"end":{"line":69,"column":5}},"18":{"start":{"line":54,"column":22},"end":{"line":54,"column":63}},"19":{"start":{"line":55,"column":22},"end":{"line":55,"column":78}},"20":{"start":{"line":56,"column":6},"end":{"line":56,"column":32}},"21":{"start":{"line":58,"column":6},"end":{"line":63,"column":8}},"22":{"start":{"line":65,"column":6},"end":{"line":65,"column":13}},"23":{"start":{"line":67,"column":6},"end":{"line":67,"column":71}},"24":{"start":{"line":68,"column":6},"end":{"line":68,"column":66}},"25":{"start":{"line":15,"column":13},"end":{"line":15,"column":27}},"26":{"start":{"line":15,"column":13},"end":{"line":71,"column":null}}},"fnMap":{"0":{"name":"(anonymous_1)","decl":{"start":{"line":16,"column":2},"end":{"line":16,"column":5}},"loc":{"start":{"line":16,"column":53},"end":{"line":70,"column":3}}},"1":{"name":"(anonymous_2)","decl":{"start":{"line":31,"column":26},"end":{"line":31,"column":31}},"loc":{"start":{"line":31,"column":35},"end":{"line":31,"column":68}}}},"branchMap":{"0":{"loc":{"start":{"line":31,"column":4},"end":{"line":33,"column":5}},"type":"if","locations":[{"start":{"line":31,"column":4},"end":{"line":33,"column":5}}]},"1":{"loc":{"start":{"line":37,"column":4},"end":{"line":40,"column":5}},"type":"if","locations":[{"start":{"line":37,"column":4},"end":{"line":40,"column":5}}]},"2":{"loc":{"start":{"line":43,"column":23},"end":{"line":43,"column":74}},"type":"cond-expr","locations":[{"start":{"line":43,"column":50},"end":{"line":43,"column":62}},{"start":{"line":43,"column":65},"end":{"line":43,"column":74}}]},"3":{"loc":{"start":{"line":45,"column":4},"end":{"line":48,"column":5}},"type":"if","locations":[{"start":{"line":45,"column":4},"end":{"line":48,"column":5}}]},"4":{"loc":{"start":{"line":55,"column":22},"end":{"line":55,"column":78}},"type":"cond-expr","locations":[{"start":{"line":55,"column":52},"end":{"line":55,"column":68}},{"start":{"line":55,"column":71},"end":{"line":55,"column":78}}]},"5":{"loc":{"start":{"line":60,"column":9},"end":{"line":60,"column":56}},"type":"binary-expr","locations":[{"start":{"line":60,"column":9},"end":{"line":60,"column":31}},{"start":{"line":60,"column":36},"end":{"line":60,"column":56}}]}},"s":{"0":1,"1":1,"2":1,"3":17,"4":17,"5":141,"6":5,"7":12,"8":12,"9":2,"10":2,"11":10,"12":10,"13":10,"14":1,"15":1,"16":9,"17":9,"18":9,"19":6,"20":6,"21":6,"22":6,"23":3,"24":3,"25":1,"26":1},"f":{"0":17,"1":141},"b":{"0":[5],"1":[2],"2":[1,9],"3":[1],"4":[0,6],"5":[6,1]}}
,"D:\\TanKhanh\\Lecture\\2025-2026\\Second Semester\\Software Engineering\\IUROADMAP\\IUROADMAP\\services\\api-gateway\\src\\common\\middlewares\\role.middleware.ts": {"path":"D:\\TanKhanh\\Lecture\\2025-2026\\Second Semester\\Software Engineering\\IUROADMAP\\IUROADMAP\\services\\api-gateway\\src\\common\\middlewares\\role.middleware.ts","statementMap":{"0":{"start":{"line":1,"column":0},"end":{"line":1,"column":80}},"1":{"start":{"line":5,"column":7},"end":{"line":30,"column":null}},"2":{"start":{"line":7,"column":4},"end":{"line":7,"column":83}},"3":{"start":{"line":9,"column":17},"end":{"line":9,"column":25}},"4":{"start":{"line":10,"column":4},"end":{"line":10,"column":68}},"5":{"start":{"line":12,"column":4},"end":{"line":17,"column":5}},"6":{"start":{"line":13,"column":6},"end":{"line":15,"column":8}},"7":{"start":{"line":16,"column":6},"end":{"line":16,"column":76}},"8":{"start":{"line":19,"column":21},"end":{"line":19,"column":52}},"9":{"start":{"line":20,"column":4},"end":{"line":25,"column":5}},"10":{"start":{"line":21,"column":6},"end":{"line":23,"column":8}},"11":{"start":{"line":24,"column":6},"end":{"line":24,"column":65}},"12":{"start":{"line":27,"column":4},"end":{"line":27,"column":75}},"13":{"start":{"line":28,"column":4},"end":{"line":28,"column":11}},"14":{"start":{"line":5,"column":13},"end":{"line":5,"column":32}},"15":{"start":{"line":5,"column":13},"end":{"line":30,"column":null}}},"fnMap":{"0":{"name":"(anonymous_1)","decl":{"start":{"line":6,"column":2},"end":{"line":6,"column":5}},"loc":{"start":{"line":6,"column":53},"end":{"line":29,"column":3}}}},"branchMap":{"0":{"loc":{"start":{"line":12,"column":4},"end":{"line":17,"column":5}},"type":"if","locations":[{"start":{"line":12,"column":4},"end":{"line":17,"column":5}}]},"1":{"loc":{"start":{"line":19,"column":22},"end":{"line":19,"column":37}},"type":"binary-expr","locations":[{"start":{"line":19,"column":22},"end":{"line":19,"column":31}},{"start":{"line":19,"column":35},"end":{"line":19,"column":37}}]},"2":{"loc":{"start":{"line":20,"column":4},"end":{"line":25,"column":5}},"type":"if","locations":[{"start":{"line":20,"column":4},"end":{"line":25,"column":5}}]}},"s":{"0":1,"1":1,"2":19,"3":19,"4":19,"5":19,"6":2,"7":2,"8":17,"9":17,"10":7,"11":7,"12":10,"13":10,"14":1,"15":1},"f":{"0":19},"b":{"0":[2],"1":[17,3],"2":[7]}}
,"D:\\TanKhanh\\Lecture\\2025-2026\\Second Semester\\Software Engineering\\IUROADMAP\\IUROADMAP\\services\\api-gateway\\src\\utils\\proxy.util.ts": {"path":"D:\\TanKhanh\\Lecture\\2025-2026\\Second Semester\\Software Engineering\\IUROADMAP\\IUROADMAP\\services\\api-gateway\\src\\utils\\proxy.util.ts","statementMap":{"0":{"start":{"line":1,"column":0},"end":{"line":1,"column":71}},"1":{"start":{"line":10,"column":34},"end":{"line":27,"column":1}},"2":{"start":{"line":14,"column":32},"end":{"line":19,"column":4}},"3":{"start":{"line":21,"column":2},"end":{"line":23,"column":3}},"4":{"start":{"line":22,"column":4},"end":{"line":22,"column":43}},"5":{"start":{"line":26,"column":2},"end":{"line":26,"column":52}},"6":{"start":{"line":10,"column":13},"end":{"line":10,"column":34}}},"fnMap":{"0":{"name":"(anonymous_0)","decl":{"start":{"line":10,"column":34},"end":{"line":10,"column":null}},"loc":{"start":{"line":13,"column":20},"end":{"line":27,"column":1}}}},"branchMap":{"0":{"loc":{"start":{"line":21,"column":2},"end":{"line":23,"column":3}},"type":"if","locations":[{"start":{"line":21,"column":2},"end":{"line":23,"column":3}}]}},"s":{"0":0,"1":0,"2":0,"3":0,"4":0,"5":0,"6":0},"f":{"0":0},"b":{"0":[0]}}
}
