TN:
SF:src\app.module.ts
FN:44,(anonymous_1)
FN:47,(anonymous_2)
FN:56,(anonymous_3)
FN:16,(anonymous_4)
FN:17,(anonymous_5)
FN:30,(anonymous_6)
FN:31,(anonymous_7)
FNF:7
FNH:0
FNDA:0,(anonymous_1)
FNDA:0,(anonymous_2)
FNDA:0,(anonymous_3)
FNDA:0,(anonymous_4)
FNDA:0,(anonymous_5)
FNDA:0,(anonymous_6)
FNDA:0,(anonymous_7)
DA:1,0
DA:2,0
DA:3,0
DA:4,0
DA:5,0
DA:6,0
DA:7,0
DA:16,0
DA:18,0
DA:19,0
DA:24,0
DA:30,0
DA:32,0
DA:33,0
DA:37,0
DA:44,0
DA:45,0
DA:48,0
DA:49,0
DA:50,0
DA:51,0
DA:54,0
DA:57,0
DA:58,0
DA:67,0
DA:75,0
DA:82,0
DA:89,0
DA:97,0
LF:29
LH:0
BRDA:48,0,0,0
BRDA:48,0,1,0
BRDA:49,1,0,0
BRDA:49,1,1,0
BRDA:50,2,0,0
BRDA:50,2,1,0
BRDA:51,3,0,0
BRDA:51,3,1,0
BRDA:18,4,0,0
BRDA:18,4,1,0
BRDA:32,5,0,0
BRDA:32,5,1,0
BRF:12
BRH:0
end_of_record
TN:
SF:src\gateway.controller.ts
FN:6,(anonymous_4)
FN:12,(anonymous_5)
FN:17,(anonymous_6)
FN:24,(anonymous_7)
FNF:4
FNH:0
FNDA:0,(anonymous_4)
FNDA:0,(anonymous_5)
FNDA:0,(anonymous_6)
FNDA:0,(anonymous_7)
DA:1,0
DA:2,0
DA:5,0
DA:7,0
DA:8,0
DA:12,0
DA:13,0
DA:17,0
DA:19,0
DA:24,0
DA:25,0
DA:26,0
DA:28,0
LF:13
LH:0
BRF:0
BRH:0
end_of_record
TN:
SF:src\main.ts
FN:9,bootstrap
FNF:1
FNH:0
FNDA:0,bootstrap
DA:1,0
DA:2,0
DA:3,0
DA:4,0
DA:7,0
DA:10,0
DA:12,0
DA:16,0
DA:23,0
DA:24,0
DA:26,0
DA:27,0
DA:28,0
DA:29,0
DA:31,0
LF:15
LH:0
BRDA:23,0,0,0
BRDA:23,0,1,0
BRF:2
BRH:0
end_of_record
TN:
SF:src\common\guards\jwt.guard.ts
FN:5,(anonymous_1)
FNF:1
FNH:1
FNDA:15,(anonymous_1)
DA:1,1
DA:4,1
DA:6,15
DA:7,15
DA:9,13
DA:10,3
DA:13,10
DA:14,2
DA:17,7
LF:9
LH:9
BRDA:9,0,0,3
BRDA:13,1,0,2
BRF:2
BRH:2
end_of_record
TN:
SF:src\common\middlewares\auth.middleware.ts
FN:16,(anonymous_1)
FN:31,(anonymous_2)
FNF:2
FNH:2
FNDA:17,(anonymous_1)
FNDA:141,(anonymous_2)
DA:1,1
DA:3,1
DA:15,1
DA:18,17
DA:31,141
DA:32,5
DA:36,12
DA:37,12
DA:38,2
DA:39,2
DA:43,10
DA:44,10
DA:45,10
DA:46,1
DA:47,1
DA:50,9
DA:52,9
DA:54,9
DA:55,6
DA:56,6
DA:58,6
DA:65,6
DA:67,3
DA:68,3
LF:24
LH:24
BRDA:31,0,0,5
BRDA:37,1,0,2
BRDA:43,2,0,1
BRDA:43,2,1,9
BRDA:45,3,0,1
BRDA:55,4,0,0
BRDA:55,4,1,6
BRDA:60,5,0,6
BRDA:60,5,1,1
BRF:9
BRH:8
end_of_record
TN:
SF:src\common\middlewares\role.middleware.ts
FN:6,(anonymous_1)
FNF:1
FNH:1
FNDA:19,(anonymous_1)
DA:1,1
DA:5,1
DA:7,19
DA:9,19
DA:10,19
DA:12,19
DA:13,2
DA:16,2
DA:19,17
DA:20,17
DA:21,7
DA:24,7
DA:27,10
DA:28,10
LF:14
LH:14
BRDA:12,0,0,2
BRDA:19,1,0,17
BRDA:19,1,1,3
BRDA:20,2,0,7
BRF:4
BRH:4
end_of_record
TN:
SF:src\utils\proxy.util.ts
FN:10,(anonymous_0)
FNF:1
FNH:0
FNDA:0,(anonymous_0)
DA:1,0
DA:10,0
DA:14,0
DA:21,0
DA:22,0
DA:26,0
LF:6
LH:0
BRDA:21,0,0,0
BRF:1
BRH:0
end_of_record
