{"D:\\TanKhanh\\Lecture\\2025-2026\\Second Semester\\Software Engineering\\IUROADMAP\\services\\auth\\src\\external\\admin-client\\admin-client.service.ts": {"path":"D:\\TanKhanh\\Lecture\\2025-2026\\Second Semester\\Software Engineering\\IUROADMAP\\services\\auth\\src\\external\\admin-client\\admin-client.service.ts","statementMap":{"0":{"start":{"line":1,"column":0},"end":{"line":1,"column":59}},"1":{"start":{"line":2,"column":0},"end":{"line":2,"column":26}},"2":{"start":{"line":5,"column":7},"end":{"line":17,"column":null}},"3":{"start":{"line":7,"column":19},"end":{"line":7,"column":90}},"4":{"start":{"line":10,"column":4},"end":{"line":15,"column":5}},"5":{"start":{"line":11,"column":23},"end":{"line":11,"column":94}},"6":{"start":{"line":12,"column":6},"end":{"line":12,"column":27}},"7":{"start":{"line":14,"column":6},"end":{"line":14,"column":91}},"8":{"start":{"line":5,"column":13},"end":{"line":5,"column":31}},"9":{"start":{"line":5,"column":13},"end":{"line":17,"column":null}}},"fnMap":{"0":{"name":"(anonymous_1)","decl":{"start":{"line":5,"column":7},"end":{"line":5,"column":13}},"loc":{"start":{"line":5,"column":7},"end":{"line":17,"column":1}}},"1":{"name":"(anonymous_2)","decl":{"start":{"line":9,"column":2},"end":{"line":9,"column":7}},"loc":{"start":{"line":9,"column":44},"end":{"line":16,"column":3}}}},"branchMap":{"0":{"loc":{"start":{"line":7,"column":29},"end":{"line":7,"column":89}},"type":"binary-expr","locations":[{"start":{"line":7,"column":29},"end":{"line":7,"column":58}},{"start":{"line":7,"column":62},"end":{"line":7,"column":89}}]},"1":{"loc":{"start":{"line":14,"column":60},"end":{"line":14,"column":89}},"type":"binary-expr","locations":[{"start":{"line":14,"column":60},"end":{"line":14,"column":82}},{"start":{"line":14,"column":86},"end":{"line":14,"column":89}}]}},"s":{"0":1,"1":1,"2":1,"3":0,"4":0,"5":0,"6":0,"7":0,"8":1,"9":1},"f":{"0":0,"1":0},"b":{"0":[0,0],"1":[0,0]}}
,"D:\\TanKhanh\\Lecture\\2025-2026\\Second Semester\\Software Engineering\\IUROADMAP\\services\\auth\\src\\external\\mentor-client\\mentor-client.service.ts": {"path":"D:\\TanKhanh\\Lecture\\2025-2026\\Second Semester\\Software Engineering\\IUROADMAP\\services\\auth\\src\\external\\mentor-client\\mentor-client.service.ts","statementMap":{"0":{"start":{"line":1,"column":0},"end":{"line":1,"column":52}},"1":{"start":{"line":2,"column":0},"end":{"line":2,"column":26}},"2":{"start":{"line":5,"column":32},"end":{"line":28,"column":null}},"3":{"start":{"line":6,"column":19},"end":{"line":6,"column":65}},"4":{"start":{"line":8,"column":19},"end":{"line":8,"column":87}},"5":{"start":{"line":11,"column":4},"end":{"line":26,"column":5}},"6":{"start":{"line":12,"column":23},"end":{"line":21,"column":8}},"7":{"start":{"line":22,"column":6},"end":{"line":22,"column":27}},"8":{"start":{"line":24,"column":6},"end":{"line":24,"column":77}},"9":{"start":{"line":25,"column":6},"end":{"line":25,"column":18}},"10":{"start":{"line":5,"column":13},"end":{"line":5,"column":32}},"11":{"start":{"line":5,"column":13},"end":{"line":28,"column":null}}},"fnMap":{"0":{"name":"(anonymous_1)","decl":{"start":{"line":5,"column":7},"end":{"line":5,"column":13}},"loc":{"start":{"line":5,"column":7},"end":{"line":28,"column":1}}},"1":{"name":"(anonymous_2)","decl":{"start":{"line":10,"column":2},"end":{"line":10,"column":7}},"loc":{"start":{"line":10,"column":62},"end":{"line":27,"column":3}}}},"branchMap":{"0":{"loc":{"start":{"line":8,"column":29},"end":{"line":8,"column":86}},"type":"binary-expr","locations":[{"start":{"line":8,"column":29},"end":{"line":8,"column":59}},{"start":{"line":8,"column":63},"end":{"line":8,"column":86}}]}},"s":{"0":1,"1":1,"2":1,"3":0,"4":0,"5":0,"6":0,"7":0,"8":0,"9":0,"10":1,"11":1},"f":{"0":0,"1":0},"b":{"0":[0,0]}}
,"D:\\TanKhanh\\Lecture\\2025-2026\\Second Semester\\Software Engineering\\IUROADMAP\\services\\auth\\src\\external\\user-client\\user-client.service.ts": {"path":"D:\\TanKhanh\\Lecture\\2025-2026\\Second Semester\\Software Engineering\\IUROADMAP\\services\\auth\\src\\external\\user-client\\user-client.service.ts","statementMap":{"0":{"start":{"line":1,"column":0},"end":{"line":1,"column":52}},"1":{"start":{"line":2,"column":0},"end":{"line":2,"column":26}},"2":{"start":{"line":5,"column":30},"end":{"line":32,"column":null}},"3":{"start":{"line":6,"column":19},"end":{"line":6,"column":63}},"4":{"start":{"line":8,"column":19},"end":{"line":8,"column":85}},"5":{"start":{"line":11,"column":16},"end":{"line":11,"column":49}},"6":{"start":{"line":13,"column":4},"end":{"line":30,"column":5}},"7":{"start":{"line":14,"column":6},"end":{"line":14,"column":60}},"8":{"start":{"line":16,"column":23},"end":{"line":21,"column":null}},"9":{"start":{"line":24,"column":6},"end":{"line":24,"column":58}},"10":{"start":{"line":25,"column":6},"end":{"line":25,"column":27}},"11":{"start":{"line":28,"column":6},"end":{"line":28,"column":79}},"12":{"start":{"line":5,"column":13},"end":{"line":5,"column":30}},"13":{"start":{"line":5,"column":13},"end":{"line":32,"column":null}}},"fnMap":{"0":{"name":"(anonymous_1)","decl":{"start":{"line":5,"column":7},"end":{"line":5,"column":13}},"loc":{"start":{"line":5,"column":7},"end":{"line":32,"column":1}}},"1":{"name":"(anonymous_2)","decl":{"start":{"line":10,"column":2},"end":{"line":10,"column":7}},"loc":{"start":{"line":10,"column":46},"end":{"line":31,"column":3}}}},"branchMap":{"0":{"loc":{"start":{"line":8,"column":29},"end":{"line":8,"column":84}},"type":"binary-expr","locations":[{"start":{"line":8,"column":29},"end":{"line":8,"column":57}},{"start":{"line":8,"column":61},"end":{"line":8,"column":84}}]}},"s":{"0":1,"1":1,"2":1,"3":0,"4":0,"5":0,"6":0,"7":0,"8":0,"9":0,"10":0,"11":0,"12":1,"13":1},"f":{"0":0,"1":0},"b":{"0":[0,0]}}
,"D:\\TanKhanh\\Lecture\\2025-2026\\Second Semester\\Software Engineering\\IUROADMAP\\services\\auth\\src\\prisma\\prisma.service.ts": {"path":"D:\\TanKhanh\\Lecture\\2025-2026\\Second Semester\\Software Engineering\\IUROADMAP\\services\\auth\\src\\prisma\\prisma.service.ts","statementMap":{"0":{"start":{"line":1,"column":0},"end":{"line":1,"column":83}},"1":{"start":{"line":2,"column":0},"end":{"line":2,"column":46}},"2":{"start":{"line":5,"column":26},"end":{"line":29,"column":null}},"3":{"start":{"line":9,"column":4},"end":{"line":12,"column":7}},"4":{"start":{"line":6,"column":19},"end":{"line":6,"column":59}},"5":{"start":{"line":16,"column":4},"end":{"line":22,"column":5}},"6":{"start":{"line":17,"column":6},"end":{"line":17,"column":28}},"7":{"start":{"line":18,"column":6},"end":{"line":18,"column":56}},"8":{"start":{"line":20,"column":6},"end":{"line":20,"column":63}},"9":{"start":{"line":21,"column":6},"end":{"line":21,"column":18}},"10":{"start":{"line":26,"column":4},"end":{"line":26,"column":29}},"11":{"start":{"line":27,"column":4},"end":{"line":27,"column":60}},"12":{"start":{"line":5,"column":13},"end":{"line":5,"column":26}},"13":{"start":{"line":5,"column":13},"end":{"line":29,"column":null}}},"fnMap":{"0":{"name":"(anonymous_2)","decl":{"start":{"line":8,"column":2},"end":{"line":8,"column":null}},"loc":{"start":{"line":8,"column":2},"end":{"line":13,"column":3}}},"1":{"name":"(anonymous_3)","decl":{"start":{"line":15,"column":2},"end":{"line":15,"column":7}},"loc":{"start":{"line":15,"column":20},"end":{"line":23,"column":3}}},"2":{"name":"(anonymous_4)","decl":{"start":{"line":25,"column":2},"end":{"line":25,"column":7}},"loc":{"start":{"line":25,"column":23},"end":{"line":28,"column":3}}}},"branchMap":{},"s":{"0":1,"1":1,"2":1,"3":0,"4":0,"5":0,"6":0,"7":0,"8":0,"9":0,"10":0,"11":0,"12":1,"13":1},"f":{"0":0,"1":0,"2":0},"b":{}}
,"D:\\TanKhanh\\Lecture\\2025-2026\\Second Semester\\Software Engineering\\IUROADMAP\\services\\auth\\src\\repositories\\user.repository.ts": {"path":"D:\\TanKhanh\\Lecture\\2025-2026\\Second Semester\\Software Engineering\\IUROADMAP\\services\\auth\\src\\repositories\\user.repository.ts","statementMap":{"0":{"start":{"line":1,"column":0},"end":{"line":1,"column":52}},"1":{"start":{"line":2,"column":0},"end":{"line":2,"column":57}},"2":{"start":{"line":6,"column":28},"end":{"line":119,"column":null}},"3":{"start":{"line":9,"column":31},"end":{"line":9,"column":39}},"4":{"start":{"line":7,"column":19},"end":{"line":7,"column":61}},"5":{"start":{"line":12,"column":4},"end":{"line":12,"column":61}},"6":{"start":{"line":16,"column":4},"end":{"line":16,"column":58}},"7":{"start":{"line":22,"column":4},"end":{"line":24,"column":null}},"8":{"start":{"line":37,"column":4},"end":{"line":50,"column":5}},"9":{"start":{"line":38,"column":6},"end":{"line":46,"column":9}},"10":{"start":{"line":48,"column":6},"end":{"line":48,"column":69}},"11":{"start":{"line":49,"column":6},"end":{"line":49,"column":16}},"12":{"start":{"line":58,"column":4},"end":{"line":65,"column":7}},"13":{"start":{"line":72,"column":4},"end":{"line":75,"column":7}},"14":{"start":{"line":82,"column":4},"end":{"line":85,"column":7}},"15":{"start":{"line":95,"column":41},"end":{"line":95,"column":43}},"16":{"start":{"line":96,"column":4},"end":{"line":96,"column":49}},"17":{"start":{"line":96,"column":23},"end":{"line":96,"column":49}},"18":{"start":{"line":97,"column":4},"end":{"line":97,"column":55}},"19":{"start":{"line":97,"column":25},"end":{"line":97,"column":55}},"20":{"start":{"line":98,"column":4},"end":{"line":103,"column":5}},"21":{"start":{"line":99,"column":6},"end":{"line":102,"column":8}},"22":{"start":{"line":106,"column":26},"end":{"line":114,"column":6}},"23":{"start":{"line":116,"column":4},"end":{"line":116,"column":27}},"24":{"start":{"line":6,"column":13},"end":{"line":6,"column":28}},"25":{"start":{"line":6,"column":13},"end":{"line":119,"column":null}}},"fnMap":{"0":{"name":"(anonymous_2)","decl":{"start":{"line":9,"column":2},"end":{"line":9,"column":31}},"loc":{"start":{"line":9,"column":52},"end":{"line":9,"column":56}}},"1":{"name":"(anonymous_3)","decl":{"start":{"line":11,"column":2},"end":{"line":11,"column":7}},"loc":{"start":{"line":11,"column":33},"end":{"line":13,"column":3}}},"2":{"name":"(anonymous_4)","decl":{"start":{"line":15,"column":2},"end":{"line":15,"column":7}},"loc":{"start":{"line":15,"column":27},"end":{"line":17,"column":3}}},"3":{"name":"(anonymous_5)","decl":{"start":{"line":19,"column":2},"end":{"line":19,"column":7}},"loc":{"start":{"line":19,"column":43},"end":{"line":25,"column":3}}},"4":{"name":"(anonymous_6)","decl":{"start":{"line":30,"column":2},"end":{"line":30,"column":7}},"loc":{"start":{"line":35,"column":15},"end":{"line":51,"column":3}}},"5":{"name":"(anonymous_7)","decl":{"start":{"line":57,"column":2},"end":{"line":57,"column":7}},"loc":{"start":{"line":57,"column":53},"end":{"line":66,"column":3}}},"6":{"name":"(anonymous_8)","decl":{"start":{"line":71,"column":2},"end":{"line":71,"column":7}},"loc":{"start":{"line":71,"column":42},"end":{"line":76,"column":3}}},"7":{"name":"(anonymous_9)","decl":{"start":{"line":81,"column":2},"end":{"line":81,"column":7}},"loc":{"start":{"line":81,"column":39},"end":{"line":86,"column":3}}},"8":{"name":"(anonymous_10)","decl":{"start":{"line":88,"column":2},"end":{"line":88,"column":7}},"loc":{"start":{"line":91,"column":16},"end":{"line":117,"column":3}}}},"branchMap":{"0":{"loc":{"start":{"line":96,"column":4},"end":{"line":96,"column":49}},"type":"if","locations":[{"start":{"line":96,"column":4},"end":{"line":96,"column":49}}]},"1":{"loc":{"start":{"line":97,"column":4},"end":{"line":97,"column":55}},"type":"if","locations":[{"start":{"line":97,"column":4},"end":{"line":97,"column":55}}]},"2":{"loc":{"start":{"line":98,"column":4},"end":{"line":103,"column":5}},"type":"if","locations":[{"start":{"line":98,"column":4},"end":{"line":103,"column":5}}]}},"s":{"0":1,"1":1,"2":1,"3":0,"4":0,"5":0,"6":0,"7":0,"8":0,"9":0,"10":0,"11":0,"12":0,"13":0,"14":0,"15":0,"16":0,"17":0,"18":0,"19":0,"20":0,"21":0,"22":0,"23":0,"24":1,"25":1},"f":{"0":0,"1":0,"2":0,"3":0,"4":0,"5":0,"6":0,"7":0,"8":0},"b":{"0":[0],"1":[0],"2":[0]}}
,"D:\\TanKhanh\\Lecture\\2025-2026\\Second Semester\\Software Engineering\\IUROADMAP\\services\\auth\\src\\services\\auth.service.ts": {"path":"D:\\TanKhanh\\Lecture\\2025-2026\\Second Semester\\Software Engineering\\IUROADMAP\\services\\auth\\src\\services\\auth.service.ts","statementMap":{"0":{"start":{"line":1,"column":0},"end":{"line":1,"column":164}},"1":{"start":{"line":2,"column":0},"end":{"line":2,"column":47}},"2":{"start":{"line":3,"column":0},"end":{"line":3,"column":41}},"3":{"start":{"line":4,"column":0},"end":{"line":4,"column":33}},"4":{"start":{"line":5,"column":0},"end":{"line":5,"column":37}},"5":{"start":{"line":6,"column":0},"end":{"line":6,"column":55}},"6":{"start":{"line":12,"column":0},"end":{"line":12,"column":57}},"7":{"start":{"line":15,"column":0},"end":{"line":15,"column":83}},"8":{"start":{"line":16,"column":0},"end":{"line":16,"column":53}},"9":{"start":{"line":19,"column":0},"end":{"line":19,"column":80}},"10":{"start":{"line":23,"column":0},"end":{"line":23,"column":86}},"11":{"start":{"line":26,"column":24},"end":{"line":287,"column":null}},"12":{"start":{"line":32,"column":12},"end":{"line":32,"column":26}},"13":{"start":{"line":33,"column":12},"end":{"line":33,"column":24}},"14":{"start":{"line":34,"column":12},"end":{"line":34,"column":27}},"15":{"start":{"line":35,"column":12},"end":{"line":35,"column":20}},"16":{"start":{"line":36,"column":12},"end":{"line":36,"column":32}},"17":{"start":{"line":37,"column":12},"end":{"line":37,"column":31}},"18":{"start":{"line":38,"column":12},"end":{"line":38,"column":33}},"19":{"start":{"line":28,"column":19},"end":{"line":28,"column":61}},"20":{"start":{"line":29,"column":19},"end":{"line":29,"column":57}},"21":{"start":{"line":43,"column":20},"end":{"line":51,"column":6}},"22":{"start":{"line":52,"column":4},"end":{"line":52,"column":63}},"23":{"start":{"line":56,"column":18},"end":{"line":56,"column":49}},"24":{"start":{"line":57,"column":17},"end":{"line":57,"column":45}},"25":{"start":{"line":58,"column":20},"end":{"line":58,"column":62}},"26":{"start":{"line":59,"column":4},"end":{"line":59,"column":85}},"27":{"start":{"line":61,"column":4},"end":{"line":61,"column":70}},"28":{"start":{"line":67,"column":21},"end":{"line":67,"column":67}},"29":{"start":{"line":68,"column":4},"end":{"line":70,"column":5}},"30":{"start":{"line":69,"column":6},"end":{"line":69,"column":57}},"31":{"start":{"line":73,"column":19},"end":{"line":73,"column":54}},"32":{"start":{"line":77,"column":20},"end":{"line":83,"column":13}},"33":{"start":{"line":86,"column":35},"end":{"line":86,"column":50}},"34":{"start":{"line":88,"column":4},"end":{"line":90,"column":6}},"35":{"start":{"line":98,"column":21},"end":{"line":98,"column":67}},"36":{"start":{"line":99,"column":4},"end":{"line":101,"column":5}},"37":{"start":{"line":100,"column":6},"end":{"line":100,"column":57}},"38":{"start":{"line":104,"column":19},"end":{"line":104,"column":54}},"39":{"start":{"line":107,"column":20},"end":{"line":113,"column":13}},"40":{"start":{"line":117,"column":4},"end":{"line":123,"column":7}},"41":{"start":{"line":127,"column":34},"end":{"line":127,"column":41}},"42":{"start":{"line":128,"column":4},"end":{"line":128,"column":16}},"43":{"start":{"line":136,"column":17},"end":{"line":136,"column":63}},"44":{"start":{"line":137,"column":4},"end":{"line":137,"column":70}},"45":{"start":{"line":137,"column":15},"end":{"line":137,"column":70}},"46":{"start":{"line":139,"column":20},"end":{"line":139,"column":69}},"47":{"start":{"line":140,"column":4},"end":{"line":140,"column":73}},"48":{"start":{"line":140,"column":18},"end":{"line":140,"column":73}},"49":{"start":{"line":142,"column":24},"end":{"line":142,"column":52}},"50":{"start":{"line":143,"column":40},"end":{"line":143,"column":101}},"51":{"start":{"line":146,"column":17},"end":{"line":151,"column":6}},"52":{"start":{"line":153,"column":4},"end":{"line":158,"column":6}},"53":{"start":{"line":162,"column":17},"end":{"line":162,"column":83}},"54":{"start":{"line":163,"column":4},"end":{"line":163,"column":82}},"55":{"start":{"line":163,"column":15},"end":{"line":163,"column":82}},"56":{"start":{"line":166,"column":18},"end":{"line":166,"column":72}},"57":{"start":{"line":169,"column":4},"end":{"line":175,"column":7}},"58":{"start":{"line":178,"column":4},"end":{"line":195,"column":7}},"59":{"start":{"line":197,"column":4},"end":{"line":197,"column":77}},"60":{"start":{"line":202,"column":17},"end":{"line":207,"column":6}},"61":{"start":{"line":209,"column":4},"end":{"line":211,"column":5}},"62":{"start":{"line":210,"column":6},"end":{"line":210,"column":88}},"63":{"start":{"line":214,"column":27},"end":{"line":214,"column":65}},"64":{"start":{"line":217,"column":4},"end":{"line":224,"column":7}},"65":{"start":{"line":226,"column":4},"end":{"line":226,"column":81}},"66":{"start":{"line":230,"column":4},"end":{"line":230,"column":78}},"67":{"start":{"line":230,"column":21},"end":{"line":230,"column":78}},"68":{"start":{"line":233,"column":35},"end":{"line":233,"column":56}},"69":{"start":{"line":234,"column":4},"end":{"line":236,"column":5}},"70":{"start":{"line":235,"column":6},"end":{"line":235,"column":70}},"71":{"start":{"line":238,"column":19},"end":{"line":238,"column":42}},"72":{"start":{"line":239,"column":4},"end":{"line":241,"column":5}},"73":{"start":{"line":240,"column":6},"end":{"line":240,"column":70}},"74":{"start":{"line":243,"column":19},"end":{"line":243,"column":80}},"75":{"start":{"line":245,"column":16},"end":{"line":245,"column":20}},"76":{"start":{"line":246,"column":4},"end":{"line":249,"column":5}},"77":{"start":{"line":247,"column":17},"end":{"line":247,"column":61}},"78":{"start":{"line":248,"column":6},"end":{"line":248,"column":35}},"79":{"start":{"line":248,"column":16},"end":{"line":248,"column":26}},"80":{"start":{"line":248,"column":27},"end":{"line":248,"column":33}},"81":{"start":{"line":250,"column":4},"end":{"line":250,"column":73}},"82":{"start":{"line":250,"column":16},"end":{"line":250,"column":73}},"83":{"start":{"line":252,"column":17},"end":{"line":252,"column":57}},"84":{"start":{"line":253,"column":4},"end":{"line":253,"column":69}},"85":{"start":{"line":253,"column":15},"end":{"line":253,"column":69}},"86":{"start":{"line":256,"column":4},"end":{"line":256,"column":57}},"87":{"start":{"line":259,"column":50},"end":{"line":259,"column":111}},"88":{"start":{"line":260,"column":24},"end":{"line":260,"column":52}},"89":{"start":{"line":263,"column":17},"end":{"line":268,"column":6}},"90":{"start":{"line":270,"column":4},"end":{"line":275,"column":6}},"91":{"start":{"line":279,"column":4},"end":{"line":279,"column":53}},"92":{"start":{"line":280,"column":4},"end":{"line":280,"column":24}},"93":{"start":{"line":284,"column":4},"end":{"line":284,"column":42}},"94":{"start":{"line":26,"column":13},"end":{"line":26,"column":24}},"95":{"start":{"line":26,"column":13},"end":{"line":287,"column":null}}},"fnMap":{"0":{"name":"(anonymous_2)","decl":{"start":{"line":31,"column":2},"end":{"line":31,"column":null}},"loc":{"start":{"line":38,"column":52},"end":{"line":39,"column":6}}},"1":{"name":"(anonymous_3)","decl":{"start":{"line":42,"column":10},"end":{"line":42,"column":27}},"loc":{"start":{"line":42,"column":37},"end":{"line":53,"column":3}}},"2":{"name":"(anonymous_4)","decl":{"start":{"line":55,"column":10},"end":{"line":55,"column":15}},"loc":{"start":{"line":55,"column":90},"end":{"line":62,"column":3}}},"3":{"name":"(anonymous_5)","decl":{"start":{"line":65,"column":2},"end":{"line":65,"column":7}},"loc":{"start":{"line":65,"column":47},"end":{"line":91,"column":3}}},"4":{"name":"(anonymous_6)","decl":{"start":{"line":96,"column":2},"end":{"line":96,"column":7}},"loc":{"start":{"line":96,"column":45},"end":{"line":130,"column":3}}},"5":{"name":"(anonymous_7)","decl":{"start":{"line":135,"column":2},"end":{"line":135,"column":7}},"loc":{"start":{"line":135,"column":60},"end":{"line":159,"column":3}}},"6":{"name":"(anonymous_8)","decl":{"start":{"line":161,"column":2},"end":{"line":161,"column":7}},"loc":{"start":{"line":161,"column":45},"end":{"line":198,"column":3}}},"7":{"name":"(anonymous_9)","decl":{"start":{"line":200,"column":0},"end":{"line":200,"column":5}},"loc":{"start":{"line":200,"column":41},"end":{"line":227,"column":3}}},"8":{"name":"(anonymous_10)","decl":{"start":{"line":229,"column":2},"end":{"line":229,"column":7}},"loc":{"start":{"line":229,"column":72},"end":{"line":276,"column":3}}},"9":{"name":"(anonymous_11)","decl":{"start":{"line":278,"column":2},"end":{"line":278,"column":7}},"loc":{"start":{"line":278,"column":29},"end":{"line":281,"column":3}}},"10":{"name":"(anonymous_12)","decl":{"start":{"line":283,"column":2},"end":{"line":283,"column":7}},"loc":{"start":{"line":283,"column":31},"end":{"line":285,"column":3}}}},"branchMap":{"0":{"loc":{"start":{"line":48,"column":14},"end":{"line":48,"column":39}},"type":"binary-expr","locations":[{"start":{"line":48,"column":14},"end":{"line":48,"column":31}},{"start":{"line":48,"column":35},"end":{"line":48,"column":39}}]},"1":{"loc":{"start":{"line":50,"column":11},"end":{"line":50,"column":65}},"type":"binary-expr","locations":[{"start":{"line":50,"column":11},"end":{"line":50,"column":27}},{"start":{"line":50,"column":32},"end":{"line":50,"column":65}}]},"2":{"loc":{"start":{"line":68,"column":4},"end":{"line":70,"column":5}},"type":"if","locations":[{"start":{"line":68,"column":4},"end":{"line":70,"column":5}}]},"3":{"loc":{"start":{"line":99,"column":4},"end":{"line":101,"column":5}},"type":"if","locations":[{"start":{"line":99,"column":4},"end":{"line":101,"column":5}}]},"4":{"loc":{"start":{"line":137,"column":4},"end":{"line":137,"column":70}},"type":"if","locations":[{"start":{"line":137,"column":4},"end":{"line":137,"column":70}}]},"5":{"loc":{"start":{"line":140,"column":4},"end":{"line":140,"column":73}},"type":"if","locations":[{"start":{"line":140,"column":4},"end":{"line":140,"column":73}}]},"6":{"loc":{"start":{"line":163,"column":4},"end":{"line":163,"column":82}},"type":"if","locations":[{"start":{"line":163,"column":4},"end":{"line":163,"column":82}}]},"7":{"loc":{"start":{"line":209,"column":4},"end":{"line":211,"column":5}},"type":"if","locations":[{"start":{"line":209,"column":4},"end":{"line":211,"column":5}}]},"8":{"loc":{"start":{"line":230,"column":4},"end":{"line":230,"column":78}},"type":"if","locations":[{"start":{"line":230,"column":4},"end":{"line":230,"column":78}}]},"9":{"loc":{"start":{"line":234,"column":4},"end":{"line":236,"column":5}},"type":"if","locations":[{"start":{"line":234,"column":4},"end":{"line":236,"column":5}}]},"10":{"loc":{"start":{"line":234,"column":8},"end":{"line":234,"column":32}},"type":"binary-expr","locations":[{"start":{"line":234,"column":8},"end":{"line":234,"column":18}},{"start":{"line":234,"column":22},"end":{"line":234,"column":32}}]},"11":{"loc":{"start":{"line":239,"column":4},"end":{"line":241,"column":5}},"type":"if","locations":[{"start":{"line":239,"column":4},"end":{"line":241,"column":5}}]},"12":{"loc":{"start":{"line":248,"column":6},"end":{"line":248,"column":35}},"type":"if","locations":[{"start":{"line":248,"column":6},"end":{"line":248,"column":35}}]},"13":{"loc":{"start":{"line":250,"column":4},"end":{"line":250,"column":73}},"type":"if","locations":[{"start":{"line":250,"column":4},"end":{"line":250,"column":73}}]},"14":{"loc":{"start":{"line":253,"column":4},"end":{"line":253,"column":69}},"type":"if","locations":[{"start":{"line":253,"column":4},"end":{"line":253,"column":69}}]}},"s":{"0":1,"1":1,"2":1,"3":1,"4":1,"5":1,"6":1,"7":1,"8":1,"9":1,"10":1,"11":1,"12":5,"13":5,"14":5,"15":5,"16":5,"17":5,"18":5,"19":5,"20":5,"21":2,"22":2,"23":2,"24":2,"25":2,"26":2,"27":2,"28":0,"29":0,"30":0,"31":0,"32":0,"33":0,"34":0,"35":0,"36":0,"37":0,"38":0,"39":0,"40":0,"41":0,"42":0,"43":2,"44":2,"45":0,"46":2,"47":2,"48":1,"49":1,"50":1,"51":1,"52":1,"53":0,"54":0,"55":0,"56":0,"57":0,"58":0,"59":0,"60":0,"61":0,"62":0,"63":0,"64":0,"65":0,"66":2,"67":0,"68":2,"69":2,"70":1,"71":1,"72":1,"73":0,"74":1,"75":1,"76":1,"77":1,"78":1,"79":1,"80":1,"81":1,"82":0,"83":1,"84":1,"85":0,"86":1,"87":1,"88":1,"89":1,"90":1,"91":1,"92":1,"93":0,"94":1,"95":1},"f":{"0":5,"1":2,"2":2,"3":0,"4":0,"5":2,"6":0,"7":0,"8":2,"9":1,"10":0},"b":{"0":[2,2],"1":[2,2],"2":[0],"3":[0],"4":[0],"5":[1],"6":[0],"7":[0],"8":[0],"9":[1],"10":[2,2],"11":[0],"12":[1],"13":[0],"14":[0]}}
,"D:\\TanKhanh\\Lecture\\2025-2026\\Second Semester\\Software Engineering\\IUROADMAP\\services\\auth\\src\\services\\users.service.ts": {"path":"D:\\TanKhanh\\Lecture\\2025-2026\\Second Semester\\Software Engineering\\IUROADMAP\\services\\auth\\src\\services\\users.service.ts","statementMap":{"0":{"start":{"line":1,"column":0},"end":{"line":1,"column":44}},"1":{"start":{"line":2,"column":0},"end":{"line":2,"column":66}},"2":{"start":{"line":12,"column":7},"end":{"line":85,"column":null}},"3":{"start":{"line":13,"column":31},"end":{"line":13,"column":42}},"4":{"start":{"line":16,"column":4},"end":{"line":16,"column":45}},"5":{"start":{"line":20,"column":4},"end":{"line":20,"column":39}},"6":{"start":{"line":24,"column":4},"end":{"line":24,"column":42}},"7":{"start":{"line":34,"column":4},"end":{"line":34,"column":87}},"8":{"start":{"line":38,"column":4},"end":{"line":38,"column":64}},"9":{"start":{"line":43,"column":4},"end":{"line":43,"column":54}},"10":{"start":{"line":48,"column":4},"end":{"line":48,"column":51}},"11":{"start":{"line":55,"column":17},"end":{"line":55,"column":34}},"12":{"start":{"line":56,"column":18},"end":{"line":56,"column":37}},"13":{"start":{"line":57,"column":19},"end":{"line":57,"column":37}},"14":{"start":{"line":61,"column":17},"end":{"line":64,"column":null}},"15":{"start":{"line":68,"column":26},"end":{"line":71,"column":6}},"16":{"start":{"line":69,"column":40},"end":{"line":69,"column":44}},"17":{"start":{"line":70,"column":6},"end":{"line":70,"column":22}},"18":{"start":{"line":74,"column":4},"end":{"line":82,"column":6}},"19":{"start":{"line":12,"column":13},"end":{"line":12,"column":25}},"20":{"start":{"line":12,"column":13},"end":{"line":85,"column":null}}},"fnMap":{"0":{"name":"(anonymous_2)","decl":{"start":{"line":13,"column":2},"end":{"line":13,"column":31}},"loc":{"start":{"line":13,"column":57},"end":{"line":13,"column":61}}},"1":{"name":"(anonymous_3)","decl":{"start":{"line":15,"column":2},"end":{"line":15,"column":13}},"loc":{"start":{"line":15,"column":27},"end":{"line":17,"column":3}}},"2":{"name":"(anonymous_4)","decl":{"start":{"line":19,"column":2},"end":{"line":19,"column":10}},"loc":{"start":{"line":19,"column":21},"end":{"line":21,"column":3}}},"3":{"name":"(anonymous_5)","decl":{"start":{"line":23,"column":2},"end":{"line":23,"column":12}},"loc":{"start":{"line":23,"column":44},"end":{"line":25,"column":3}}},"4":{"name":"(anonymous_6)","decl":{"start":{"line":27,"column":2},"end":{"line":27,"column":7}},"loc":{"start":{"line":32,"column":15},"end":{"line":35,"column":3}}},"5":{"name":"(anonymous_7)","decl":{"start":{"line":37,"column":2},"end":{"line":37,"column":7}},"loc":{"start":{"line":37,"column":52},"end":{"line":39,"column":3}}},"6":{"name":"(anonymous_8)","decl":{"start":{"line":42,"column":2},"end":{"line":42,"column":7}},"loc":{"start":{"line":42,"column":42},"end":{"line":44,"column":3}}},"7":{"name":"(anonymous_9)","decl":{"start":{"line":47,"column":2},"end":{"line":47,"column":7}},"loc":{"start":{"line":47,"column":39},"end":{"line":49,"column":3}}},"8":{"name":"(anonymous_10)","decl":{"start":{"line":52,"column":2},"end":{"line":52,"column":7}},"loc":{"start":{"line":52,"column":39},"end":{"line":83,"column":3}}},"9":{"name":"(anonymous_11)","decl":{"start":{"line":68,"column":40},"end":{"line":68,"column":41}},"loc":{"start":{"line":68,"column":49},"end":{"line":71,"column":5}}}},"branchMap":{"0":{"loc":{"start":{"line":55,"column":17},"end":{"line":55,"column":34}},"type":"binary-expr","locations":[{"start":{"line":55,"column":17},"end":{"line":55,"column":29}},{"start":{"line":55,"column":33},"end":{"line":55,"column":34}}]},"1":{"loc":{"start":{"line":56,"column":18},"end":{"line":56,"column":37}},"type":"binary-expr","locations":[{"start":{"line":56,"column":18},"end":{"line":56,"column":31}},{"start":{"line":56,"column":35},"end":{"line":56,"column":37}}]}},"s":{"0":1,"1":1,"2":1,"3":0,"4":0,"5":0,"6":0,"7":0,"8":0,"9":0,"10":0,"11":0,"12":0,"13":0,"14":0,"15":0,"16":0,"17":0,"18":0,"19":1,"20":1},"f":{"0":0,"1":0,"2":0,"3":0,"4":0,"5":0,"6":0,"7":0,"8":0,"9":0},"b":{"0":[0,0],"1":[0,0]}}
}
